[2025-02-23T15:52:40.823+0000] {local_task_job_runner.py:123} INFO - ::group::Pre task execution logs
[2025-02-23T15:52:40.857+0000] {taskinstance.py:2614} INFO - Dependencies all met for dep_context=non-requeueable deps ti=<TaskInstance: my_first_dag.third_task scheduled__2025-02-15T00:00:00+00:00 [queued]>
[2025-02-23T15:52:40.873+0000] {taskinstance.py:2614} INFO - Dependencies all met for dep_context=requeueable deps ti=<TaskInstance: my_first_dag.third_task scheduled__2025-02-15T00:00:00+00:00 [queued]>
[2025-02-23T15:52:40.874+0000] {taskinstance.py:2867} INFO - Starting attempt 1 of 6
[2025-02-23T15:52:40.894+0000] {taskinstance.py:2890} INFO - Executing <Task(BashOperator): third_task> on 2025-02-15 00:00:00+00:00
[2025-02-23T15:52:40.905+0000] {logging_mixin.py:190} WARNING - /home/***/.local/lib/python3.12/site-packages/***/task/task_runner/standard_task_runner.py:70 DeprecationWarning: This process (pid=1526) is multi-threaded, use of fork() may lead to deadlocks in the child.
[2025-02-23T15:52:40.906+0000] {standard_task_runner.py:72} INFO - Started process 1529 to run task
[2025-02-23T15:52:40.905+0000] {standard_task_runner.py:104} INFO - Running: ['***', 'tasks', 'run', 'my_first_dag', 'third_task', 'scheduled__2025-02-15T00:00:00+00:00', '--job-id', '49', '--raw', '--subdir', 'DAGS_FOLDER/my_first_dags.py', '--cfg-path', '/tmp/tmpxv9zsi4k']
[2025-02-23T15:52:40.913+0000] {standard_task_runner.py:105} INFO - Job 49: Subtask third_task
[2025-02-23T15:52:40.961+0000] {task_command.py:467} INFO - Running <TaskInstance: my_first_dag.third_task scheduled__2025-02-15T00:00:00+00:00 [running]> on host 2cebbf768e94
[2025-02-23T15:52:41.040+0000] {taskinstance.py:3134} INFO - Exporting env vars: AIRFLOW_CTX_DAG_OWNER='gzang' AIRFLOW_CTX_DAG_ID='my_first_dag' AIRFLOW_CTX_TASK_ID='third_task' AIRFLOW_CTX_EXECUTION_DATE='2025-02-15T00:00:00+00:00' AIRFLOW_CTX_TRY_NUMBER='1' AIRFLOW_CTX_DAG_RUN_ID='scheduled__2025-02-15T00:00:00+00:00'
[2025-02-23T15:52:41.041+0000] {taskinstance.py:732} INFO - ::endgroup::
[2025-02-23T15:52:41.054+0000] {subprocess.py:78} INFO - Tmp dir root location: /tmp
[2025-02-23T15:52:41.056+0000] {subprocess.py:88} INFO - Running command: ['/usr/bin/bash', '-c', 'echo finally, it will be done!!!']
[2025-02-23T15:52:41.064+0000] {subprocess.py:99} INFO - Output:
[2025-02-23T15:52:41.065+0000] {subprocess.py:106} INFO - finally, it will be done!!!
[2025-02-23T15:52:41.065+0000] {subprocess.py:110} INFO - Command exited with return code 0
[2025-02-23T15:52:41.087+0000] {taskinstance.py:341} INFO - ::group::Post task execution logs
[2025-02-23T15:52:41.088+0000] {taskinstance.py:353} INFO - Marking task as SUCCESS. dag_id=my_first_dag, task_id=third_task, run_id=scheduled__2025-02-15T00:00:00+00:00, execution_date=20250215T000000, start_date=20250223T155240, end_date=20250223T155241
[2025-02-23T15:52:41.124+0000] {local_task_job_runner.py:266} INFO - Task exited with return code 0
[2025-02-23T15:52:41.140+0000] {taskinstance.py:3901} INFO - 0 downstream tasks scheduled from follow-on schedule check
[2025-02-23T15:52:41.142+0000] {local_task_job_runner.py:245} INFO - ::endgroup::
[2025-02-24T04:47:16.570+0000] {local_task_job_runner.py:123} INFO - ::group::Pre task execution logs
[2025-02-24T04:47:16.601+0000] {taskinstance.py:2614} INFO - Dependencies all met for dep_context=non-requeueable deps ti=<TaskInstance: my_first_dag.third_task scheduled__2025-02-15T00:00:00+00:00 [queued]>
[2025-02-24T04:47:16.614+0000] {taskinstance.py:2614} INFO - Dependencies all met for dep_context=requeueable deps ti=<TaskInstance: my_first_dag.third_task scheduled__2025-02-15T00:00:00+00:00 [queued]>
[2025-02-24T04:47:16.614+0000] {taskinstance.py:2867} INFO - Starting attempt 1 of 6
[2025-02-24T04:47:16.647+0000] {taskinstance.py:2890} INFO - Executing <Task(BashOperator): third_task> on 2025-02-15 00:00:00+00:00
[2025-02-24T04:47:16.663+0000] {logging_mixin.py:190} WARNING - /home/***/.local/lib/python3.12/site-packages/***/task/task_runner/standard_task_runner.py:70 DeprecationWarning: This process (pid=997) is multi-threaded, use of fork() may lead to deadlocks in the child.
[2025-02-24T04:47:16.665+0000] {standard_task_runner.py:72} INFO - Started process 1014 to run task
[2025-02-24T04:47:16.663+0000] {standard_task_runner.py:104} INFO - Running: ['***', 'tasks', 'run', 'my_first_dag', 'third_task', 'scheduled__2025-02-15T00:00:00+00:00', '--job-id', '58', '--raw', '--subdir', 'DAGS_FOLDER/my_first_dags.py', '--cfg-path', '/tmp/tmpgyka8z31']
[2025-02-24T04:47:16.668+0000] {standard_task_runner.py:105} INFO - Job 58: Subtask third_task
[2025-02-24T04:47:16.782+0000] {task_command.py:467} INFO - Running <TaskInstance: my_first_dag.third_task scheduled__2025-02-15T00:00:00+00:00 [running]> on host 79e0cb3ed452
[2025-02-24T04:47:16.912+0000] {taskinstance.py:3134} INFO - Exporting env vars: AIRFLOW_CTX_DAG_OWNER='gzang' AIRFLOW_CTX_DAG_ID='my_first_dag' AIRFLOW_CTX_TASK_ID='third_task' AIRFLOW_CTX_EXECUTION_DATE='2025-02-15T00:00:00+00:00' AIRFLOW_CTX_TRY_NUMBER='1' AIRFLOW_CTX_DAG_RUN_ID='scheduled__2025-02-15T00:00:00+00:00'
[2025-02-24T04:47:16.914+0000] {taskinstance.py:732} INFO - ::endgroup::
[2025-02-24T04:47:16.932+0000] {subprocess.py:78} INFO - Tmp dir root location: /tmp
[2025-02-24T04:47:16.937+0000] {subprocess.py:88} INFO - Running command: ['/usr/bin/bash', '-c', 'echo finally, it will be done!!!']
[2025-02-24T04:47:16.958+0000] {subprocess.py:99} INFO - Output:
[2025-02-24T04:47:16.960+0000] {subprocess.py:106} INFO - finally, it will be done!!!
[2025-02-24T04:47:16.961+0000] {subprocess.py:110} INFO - Command exited with return code 0
[2025-02-24T04:47:17.001+0000] {taskinstance.py:341} INFO - ::group::Post task execution logs
[2025-02-24T04:47:17.007+0000] {taskinstance.py:353} INFO - Marking task as SUCCESS. dag_id=my_first_dag, task_id=third_task, run_id=scheduled__2025-02-15T00:00:00+00:00, execution_date=20250215T000000, start_date=20250224T044716, end_date=20250224T044717
[2025-02-24T04:47:17.104+0000] {local_task_job_runner.py:266} INFO - Task exited with return code 0
[2025-02-24T04:47:17.117+0000] {local_task_job_runner.py:245} INFO - ::endgroup::
