[2025-02-23T15:52:45.951+0000] {local_task_job_runner.py:123} INFO - ::group::Pre task execution logs
[2025-02-23T15:52:45.972+0000] {taskinstance.py:2614} INFO - Dependencies all met for dep_context=non-requeueable deps ti=<TaskInstance: my_first_dag.third_task scheduled__2025-02-22T00:00:00+00:00 [queued]>
[2025-02-23T15:52:45.983+0000] {taskinstance.py:2614} INFO - Dependencies all met for dep_context=requeueable deps ti=<TaskInstance: my_first_dag.third_task scheduled__2025-02-22T00:00:00+00:00 [queued]>
[2025-02-23T15:52:45.984+0000] {taskinstance.py:2867} INFO - Starting attempt 1 of 6
[2025-02-23T15:52:46.003+0000] {taskinstance.py:2890} INFO - Executing <Task(BashOperator): third_task> on 2025-02-22 00:00:00+00:00
[2025-02-23T15:52:46.012+0000] {logging_mixin.py:190} WARNING - /home/***/.local/lib/python3.12/site-packages/***/task/task_runner/standard_task_runner.py:70 DeprecationWarning: This process (pid=1596) is multi-threaded, use of fork() may lead to deadlocks in the child.
[2025-02-23T15:52:46.013+0000] {standard_task_runner.py:72} INFO - Started process 1606 to run task
[2025-02-23T15:52:46.013+0000] {standard_task_runner.py:104} INFO - Running: ['***', 'tasks', 'run', 'my_first_dag', 'third_task', 'scheduled__2025-02-22T00:00:00+00:00', '--job-id', '68', '--raw', '--subdir', 'DAGS_FOLDER/my_first_dags.py', '--cfg-path', '/tmp/tmpiqlqdg3c']
[2025-02-23T15:52:46.015+0000] {standard_task_runner.py:105} INFO - Job 68: Subtask third_task
[2025-02-23T15:52:46.070+0000] {task_command.py:467} INFO - Running <TaskInstance: my_first_dag.third_task scheduled__2025-02-22T00:00:00+00:00 [running]> on host 2cebbf768e94
[2025-02-23T15:52:46.162+0000] {taskinstance.py:3134} INFO - Exporting env vars: AIRFLOW_CTX_DAG_OWNER='gzang' AIRFLOW_CTX_DAG_ID='my_first_dag' AIRFLOW_CTX_TASK_ID='third_task' AIRFLOW_CTX_EXECUTION_DATE='2025-02-22T00:00:00+00:00' AIRFLOW_CTX_TRY_NUMBER='1' AIRFLOW_CTX_DAG_RUN_ID='scheduled__2025-02-22T00:00:00+00:00'
[2025-02-23T15:52:46.163+0000] {taskinstance.py:732} INFO - ::endgroup::
[2025-02-23T15:52:46.179+0000] {subprocess.py:78} INFO - Tmp dir root location: /tmp
[2025-02-23T15:52:46.180+0000] {subprocess.py:88} INFO - Running command: ['/usr/bin/bash', '-c', 'echo finally, it will be done!!!']
[2025-02-23T15:52:46.188+0000] {subprocess.py:99} INFO - Output:
[2025-02-23T15:52:46.190+0000] {subprocess.py:106} INFO - finally, it will be done!!!
[2025-02-23T15:52:46.190+0000] {subprocess.py:110} INFO - Command exited with return code 0
[2025-02-23T15:52:46.214+0000] {taskinstance.py:341} INFO - ::group::Post task execution logs
[2025-02-23T15:52:46.216+0000] {taskinstance.py:353} INFO - Marking task as SUCCESS. dag_id=my_first_dag, task_id=third_task, run_id=scheduled__2025-02-22T00:00:00+00:00, execution_date=20250222T000000, start_date=20250223T155245, end_date=20250223T155246
[2025-02-23T15:52:46.274+0000] {local_task_job_runner.py:266} INFO - Task exited with return code 0
[2025-02-23T15:52:46.291+0000] {taskinstance.py:3901} INFO - 0 downstream tasks scheduled from follow-on schedule check
[2025-02-23T15:52:46.292+0000] {local_task_job_runner.py:245} INFO - ::endgroup::
[2025-02-24T04:47:22.964+0000] {local_task_job_runner.py:123} INFO - ::group::Pre task execution logs
[2025-02-24T04:47:22.993+0000] {taskinstance.py:2614} INFO - Dependencies all met for dep_context=non-requeueable deps ti=<TaskInstance: my_first_dag.third_task scheduled__2025-02-22T00:00:00+00:00 [queued]>
[2025-02-24T04:47:23.008+0000] {taskinstance.py:2614} INFO - Dependencies all met for dep_context=requeueable deps ti=<TaskInstance: my_first_dag.third_task scheduled__2025-02-22T00:00:00+00:00 [queued]>
[2025-02-24T04:47:23.009+0000] {taskinstance.py:2867} INFO - Starting attempt 1 of 6
[2025-02-24T04:47:23.029+0000] {taskinstance.py:2890} INFO - Executing <Task(BashOperator): third_task> on 2025-02-22 00:00:00+00:00
[2025-02-24T04:47:23.037+0000] {logging_mixin.py:190} WARNING - /home/***/.local/lib/python3.12/site-packages/***/task/task_runner/standard_task_runner.py:70 DeprecationWarning: This process (pid=1140) is multi-threaded, use of fork() may lead to deadlocks in the child.
[2025-02-24T04:47:23.039+0000] {standard_task_runner.py:72} INFO - Started process 1155 to run task
[2025-02-24T04:47:23.037+0000] {standard_task_runner.py:104} INFO - Running: ['***', 'tasks', 'run', 'my_first_dag', 'third_task', 'scheduled__2025-02-22T00:00:00+00:00', '--job-id', '101', '--raw', '--subdir', 'DAGS_FOLDER/my_first_dags.py', '--cfg-path', '/tmp/tmp7u87xfh9']
[2025-02-24T04:47:23.040+0000] {standard_task_runner.py:105} INFO - Job 101: Subtask third_task
[2025-02-24T04:47:23.094+0000] {task_command.py:467} INFO - Running <TaskInstance: my_first_dag.third_task scheduled__2025-02-22T00:00:00+00:00 [running]> on host 79e0cb3ed452
[2025-02-24T04:47:23.187+0000] {taskinstance.py:3134} INFO - Exporting env vars: AIRFLOW_CTX_DAG_OWNER='gzang' AIRFLOW_CTX_DAG_ID='my_first_dag' AIRFLOW_CTX_TASK_ID='third_task' AIRFLOW_CTX_EXECUTION_DATE='2025-02-22T00:00:00+00:00' AIRFLOW_CTX_TRY_NUMBER='1' AIRFLOW_CTX_DAG_RUN_ID='scheduled__2025-02-22T00:00:00+00:00'
[2025-02-24T04:47:23.205+0000] {taskinstance.py:732} INFO - ::endgroup::
[2025-02-24T04:47:23.222+0000] {subprocess.py:78} INFO - Tmp dir root location: /tmp
[2025-02-24T04:47:23.224+0000] {subprocess.py:88} INFO - Running command: ['/usr/bin/bash', '-c', 'echo finally, it will be done!!!']
[2025-02-24T04:47:23.235+0000] {subprocess.py:99} INFO - Output:
[2025-02-24T04:47:23.259+0000] {subprocess.py:106} INFO - finally, it will be done!!!
[2025-02-24T04:47:23.263+0000] {subprocess.py:110} INFO - Command exited with return code 0
[2025-02-24T04:47:23.289+0000] {taskinstance.py:341} INFO - ::group::Post task execution logs
[2025-02-24T04:47:23.334+0000] {taskinstance.py:353} INFO - Marking task as SUCCESS. dag_id=my_first_dag, task_id=third_task, run_id=scheduled__2025-02-22T00:00:00+00:00, execution_date=20250222T000000, start_date=20250224T044722, end_date=20250224T044723
[2025-02-24T04:47:23.421+0000] {local_task_job_runner.py:266} INFO - Task exited with return code 0
[2025-02-24T04:47:23.470+0000] {local_task_job_runner.py:245} INFO - ::endgroup::
