[2025-02-23T15:52:35.812+0000] {local_task_job_runner.py:123} INFO - ::group::Pre task execution logs
[2025-02-23T15:52:35.831+0000] {taskinstance.py:2614} INFO - Dependencies all met for dep_context=non-requeueable deps ti=<TaskInstance: my_first_dag.first_task scheduled__2025-02-02T00:00:00+00:00 [queued]>
[2025-02-23T15:52:35.850+0000] {taskinstance.py:2614} INFO - Dependencies all met for dep_context=requeueable deps ti=<TaskInstance: my_first_dag.first_task scheduled__2025-02-02T00:00:00+00:00 [queued]>
[2025-02-23T15:52:35.905+0000] {taskinstance.py:2867} INFO - Starting attempt 1 of 6
[2025-02-23T15:52:35.958+0000] {taskinstance.py:2890} INFO - Executing <Task(BashOperator): first_task> on 2025-02-02 00:00:00+00:00
[2025-02-23T15:52:35.975+0000] {standard_task_runner.py:104} INFO - Running: ['***', 'tasks', 'run', 'my_first_dag', 'first_task', 'scheduled__2025-02-02T00:00:00+00:00', '--job-id', '4', '--raw', '--subdir', 'DAGS_FOLDER/my_first_dags.py', '--cfg-path', '/tmp/tmp88ildhxc']
[2025-02-23T15:52:35.976+0000] {logging_mixin.py:190} WARNING - /home/***/.local/lib/python3.12/site-packages/***/task/task_runner/standard_task_runner.py:70 DeprecationWarning: This process (pid=1341) is multi-threaded, use of fork() may lead to deadlocks in the child.
[2025-02-23T15:52:36.037+0000] {standard_task_runner.py:105} INFO - Job 4: Subtask first_task
[2025-02-23T15:52:36.049+0000] {standard_task_runner.py:72} INFO - Started process 1344 to run task
[2025-02-23T15:52:36.185+0000] {task_command.py:467} INFO - Running <TaskInstance: my_first_dag.first_task scheduled__2025-02-02T00:00:00+00:00 [running]> on host 2cebbf768e94
[2025-02-23T15:52:36.303+0000] {taskinstance.py:3134} INFO - Exporting env vars: AIRFLOW_CTX_DAG_OWNER='gzang' AIRFLOW_CTX_DAG_ID='my_first_dag' AIRFLOW_CTX_TASK_ID='first_task' AIRFLOW_CTX_EXECUTION_DATE='2025-02-02T00:00:00+00:00' AIRFLOW_CTX_TRY_NUMBER='1' AIRFLOW_CTX_DAG_RUN_ID='scheduled__2025-02-02T00:00:00+00:00'
[2025-02-23T15:52:36.305+0000] {taskinstance.py:732} INFO - ::endgroup::
[2025-02-23T15:52:36.320+0000] {subprocess.py:78} INFO - Tmp dir root location: /tmp
[2025-02-23T15:52:36.321+0000] {subprocess.py:88} INFO - Running command: ['/usr/bin/bash', '-c', 'echo hello world! the first task is defined!!!']
[2025-02-23T15:52:36.331+0000] {subprocess.py:99} INFO - Output:
[2025-02-23T15:52:36.332+0000] {subprocess.py:106} INFO - hello world! the first task is defined!!!
[2025-02-23T15:52:36.333+0000] {subprocess.py:110} INFO - Command exited with return code 0
[2025-02-23T15:52:36.366+0000] {taskinstance.py:341} INFO - ::group::Post task execution logs
[2025-02-23T15:52:36.367+0000] {taskinstance.py:353} INFO - Marking task as SUCCESS. dag_id=my_first_dag, task_id=first_task, run_id=scheduled__2025-02-02T00:00:00+00:00, execution_date=20250202T000000, start_date=20250223T155235, end_date=20250223T155236
[2025-02-23T15:52:36.482+0000] {local_task_job_runner.py:266} INFO - Task exited with return code 0
[2025-02-23T15:52:36.524+0000] {taskinstance.py:3901} INFO - 1 downstream tasks scheduled from follow-on schedule check
[2025-02-23T15:52:36.526+0000] {local_task_job_runner.py:245} INFO - ::endgroup::
[2025-02-24T04:47:12.608+0000] {local_task_job_runner.py:123} INFO - ::group::Pre task execution logs
[2025-02-24T04:47:12.626+0000] {taskinstance.py:2614} INFO - Dependencies all met for dep_context=non-requeueable deps ti=<TaskInstance: my_first_dag.first_task scheduled__2025-02-02T00:00:00+00:00 [queued]>
[2025-02-24T04:47:12.636+0000] {taskinstance.py:2614} INFO - Dependencies all met for dep_context=requeueable deps ti=<TaskInstance: my_first_dag.first_task scheduled__2025-02-02T00:00:00+00:00 [queued]>
[2025-02-24T04:47:12.636+0000] {taskinstance.py:2867} INFO - Starting attempt 1 of 6
[2025-02-24T04:47:12.671+0000] {taskinstance.py:2890} INFO - Executing <Task(BashOperator): first_task> on 2025-02-02 00:00:00+00:00
[2025-02-24T04:47:12.679+0000] {standard_task_runner.py:104} INFO - Running: ['***', 'tasks', 'run', 'my_first_dag', 'first_task', 'scheduled__2025-02-02T00:00:00+00:00', '--job-id', '4', '--raw', '--subdir', 'DAGS_FOLDER/my_first_dags.py', '--cfg-path', '/tmp/tmp2j596j9b']
[2025-02-24T04:47:12.682+0000] {standard_task_runner.py:105} INFO - Job 4: Subtask first_task
[2025-02-24T04:47:12.684+0000] {logging_mixin.py:190} WARNING - /home/***/.local/lib/python3.12/site-packages/***/task/task_runner/standard_task_runner.py:70 DeprecationWarning: This process (pid=799) is multi-threaded, use of fork() may lead to deadlocks in the child.
[2025-02-24T04:47:12.686+0000] {standard_task_runner.py:72} INFO - Started process 803 to run task
[2025-02-24T04:47:12.758+0000] {task_command.py:467} INFO - Running <TaskInstance: my_first_dag.first_task scheduled__2025-02-02T00:00:00+00:00 [running]> on host 79e0cb3ed452
[2025-02-24T04:47:12.859+0000] {taskinstance.py:3134} INFO - Exporting env vars: AIRFLOW_CTX_DAG_OWNER='gzang' AIRFLOW_CTX_DAG_ID='my_first_dag' AIRFLOW_CTX_TASK_ID='first_task' AIRFLOW_CTX_EXECUTION_DATE='2025-02-02T00:00:00+00:00' AIRFLOW_CTX_TRY_NUMBER='1' AIRFLOW_CTX_DAG_RUN_ID='scheduled__2025-02-02T00:00:00+00:00'
[2025-02-24T04:47:12.861+0000] {taskinstance.py:732} INFO - ::endgroup::
[2025-02-24T04:47:12.893+0000] {subprocess.py:78} INFO - Tmp dir root location: /tmp
[2025-02-24T04:47:12.895+0000] {subprocess.py:88} INFO - Running command: ['/usr/bin/bash', '-c', 'echo hello world! the first task is defined!!!']
[2025-02-24T04:47:12.904+0000] {subprocess.py:99} INFO - Output:
[2025-02-24T04:47:12.906+0000] {subprocess.py:106} INFO - hello world! the first task is defined!!!
[2025-02-24T04:47:12.907+0000] {subprocess.py:110} INFO - Command exited with return code 0
[2025-02-24T04:47:12.931+0000] {taskinstance.py:341} INFO - ::group::Post task execution logs
[2025-02-24T04:47:12.932+0000] {taskinstance.py:353} INFO - Marking task as SUCCESS. dag_id=my_first_dag, task_id=first_task, run_id=scheduled__2025-02-02T00:00:00+00:00, execution_date=20250202T000000, start_date=20250224T044712, end_date=20250224T044712
[2025-02-24T04:47:12.983+0000] {local_task_job_runner.py:266} INFO - Task exited with return code 0
[2025-02-24T04:47:13.015+0000] {taskinstance.py:3901} INFO - 2 downstream tasks scheduled from follow-on schedule check
[2025-02-24T04:47:13.018+0000] {local_task_job_runner.py:245} INFO - ::endgroup::
