[2025-02-23T15:52:44.427+0000] {local_task_job_runner.py:123} INFO - ::group::Pre task execution logs
[2025-02-23T15:52:44.447+0000] {taskinstance.py:2614} INFO - Dependencies all met for dep_context=non-requeueable deps ti=<TaskInstance: my_first_dag.second_task scheduled__2025-02-18T00:00:00+00:00 [queued]>
[2025-02-23T15:52:44.457+0000] {taskinstance.py:2614} INFO - Dependencies all met for dep_context=requeueable deps ti=<TaskInstance: my_first_dag.second_task scheduled__2025-02-18T00:00:00+00:00 [queued]>
[2025-02-23T15:52:44.458+0000] {taskinstance.py:2867} INFO - Starting attempt 1 of 6
[2025-02-23T15:52:44.473+0000] {taskinstance.py:2890} INFO - Executing <Task(BashOperator): second_task> on 2025-02-18 00:00:00+00:00
[2025-02-23T15:52:44.481+0000] {logging_mixin.py:190} WARNING - /home/***/.local/lib/python3.12/site-packages/***/task/task_runner/standard_task_runner.py:70 DeprecationWarning: This process (pid=1563) is multi-threaded, use of fork() may lead to deadlocks in the child.
[2025-02-23T15:52:44.483+0000] {standard_task_runner.py:72} INFO - Started process 1576 to run task
[2025-02-23T15:52:44.484+0000] {standard_task_runner.py:104} INFO - Running: ['***', 'tasks', 'run', 'my_first_dag', 'second_task', 'scheduled__2025-02-18T00:00:00+00:00', '--job-id', '60', '--raw', '--subdir', 'DAGS_FOLDER/my_first_dags.py', '--cfg-path', '/tmp/tmpj3k6zgaq']
[2025-02-23T15:52:44.487+0000] {standard_task_runner.py:105} INFO - Job 60: Subtask second_task
[2025-02-23T15:52:44.538+0000] {task_command.py:467} INFO - Running <TaskInstance: my_first_dag.second_task scheduled__2025-02-18T00:00:00+00:00 [running]> on host 2cebbf768e94
[2025-02-23T15:52:44.635+0000] {taskinstance.py:3134} INFO - Exporting env vars: AIRFLOW_CTX_DAG_OWNER='gzang' AIRFLOW_CTX_DAG_ID='my_first_dag' AIRFLOW_CTX_TASK_ID='second_task' AIRFLOW_CTX_EXECUTION_DATE='2025-02-18T00:00:00+00:00' AIRFLOW_CTX_TRY_NUMBER='1' AIRFLOW_CTX_DAG_RUN_ID='scheduled__2025-02-18T00:00:00+00:00'
[2025-02-23T15:52:44.636+0000] {taskinstance.py:732} INFO - ::endgroup::
[2025-02-23T15:52:44.652+0000] {subprocess.py:78} INFO - Tmp dir root location: /tmp
[2025-02-23T15:52:44.653+0000] {subprocess.py:88} INFO - Running command: ['/usr/bin/bash', '-c', 'echo hey, this is task 2, and will be run after task 1.']
[2025-02-23T15:52:44.661+0000] {subprocess.py:99} INFO - Output:
[2025-02-23T15:52:44.662+0000] {subprocess.py:106} INFO - hey, this is task 2, and will be run after task 1.
[2025-02-23T15:52:44.663+0000] {subprocess.py:110} INFO - Command exited with return code 0
[2025-02-23T15:52:44.689+0000] {taskinstance.py:341} INFO - ::group::Post task execution logs
[2025-02-23T15:52:44.690+0000] {taskinstance.py:353} INFO - Marking task as SUCCESS. dag_id=my_first_dag, task_id=second_task, run_id=scheduled__2025-02-18T00:00:00+00:00, execution_date=20250218T000000, start_date=20250223T155244, end_date=20250223T155244
[2025-02-23T15:52:44.741+0000] {local_task_job_runner.py:266} INFO - Task exited with return code 0
[2025-02-23T15:52:44.773+0000] {taskinstance.py:3901} INFO - 1 downstream tasks scheduled from follow-on schedule check
[2025-02-23T15:52:44.776+0000] {local_task_job_runner.py:245} INFO - ::endgroup::
[2025-02-24T04:47:22.377+0000] {local_task_job_runner.py:123} INFO - ::group::Pre task execution logs
[2025-02-24T04:47:22.415+0000] {taskinstance.py:2614} INFO - Dependencies all met for dep_context=non-requeueable deps ti=<TaskInstance: my_first_dag.second_task scheduled__2025-02-18T00:00:00+00:00 [queued]>
[2025-02-24T04:47:22.435+0000] {taskinstance.py:2614} INFO - Dependencies all met for dep_context=requeueable deps ti=<TaskInstance: my_first_dag.second_task scheduled__2025-02-18T00:00:00+00:00 [queued]>
[2025-02-24T04:47:22.435+0000] {taskinstance.py:2867} INFO - Starting attempt 1 of 6
[2025-02-24T04:47:22.455+0000] {taskinstance.py:2890} INFO - Executing <Task(BashOperator): second_task> on 2025-02-18 00:00:00+00:00
[2025-02-24T04:47:22.467+0000] {logging_mixin.py:190} WARNING - /home/***/.local/lib/python3.12/site-packages/***/task/task_runner/standard_task_runner.py:70 DeprecationWarning: This process (pid=1115) is multi-threaded, use of fork() may lead to deadlocks in the child.
[2025-02-24T04:47:22.469+0000] {standard_task_runner.py:72} INFO - Started process 1132 to run task
[2025-02-24T04:47:22.480+0000] {standard_task_runner.py:104} INFO - Running: ['***', 'tasks', 'run', 'my_first_dag', 'second_task', 'scheduled__2025-02-18T00:00:00+00:00', '--job-id', '93', '--raw', '--subdir', 'DAGS_FOLDER/my_first_dags.py', '--cfg-path', '/tmp/tmpmpwovtth']
[2025-02-24T04:47:22.483+0000] {standard_task_runner.py:105} INFO - Job 93: Subtask second_task
[2025-02-24T04:47:22.567+0000] {task_command.py:467} INFO - Running <TaskInstance: my_first_dag.second_task scheduled__2025-02-18T00:00:00+00:00 [running]> on host 79e0cb3ed452
[2025-02-24T04:47:22.716+0000] {taskinstance.py:3134} INFO - Exporting env vars: AIRFLOW_CTX_DAG_OWNER='gzang' AIRFLOW_CTX_DAG_ID='my_first_dag' AIRFLOW_CTX_TASK_ID='second_task' AIRFLOW_CTX_EXECUTION_DATE='2025-02-18T00:00:00+00:00' AIRFLOW_CTX_TRY_NUMBER='1' AIRFLOW_CTX_DAG_RUN_ID='scheduled__2025-02-18T00:00:00+00:00'
[2025-02-24T04:47:22.719+0000] {taskinstance.py:732} INFO - ::endgroup::
[2025-02-24T04:47:22.748+0000] {subprocess.py:78} INFO - Tmp dir root location: /tmp
[2025-02-24T04:47:22.750+0000] {subprocess.py:88} INFO - Running command: ['/usr/bin/bash', '-c', 'echo hey, this is task 2, and will be run after task 1.']
[2025-02-24T04:47:22.770+0000] {subprocess.py:99} INFO - Output:
[2025-02-24T04:47:22.775+0000] {subprocess.py:106} INFO - hey, this is task 2, and will be run after task 1.
[2025-02-24T04:47:22.779+0000] {subprocess.py:110} INFO - Command exited with return code 0
[2025-02-24T04:47:22.824+0000] {taskinstance.py:341} INFO - ::group::Post task execution logs
[2025-02-24T04:47:22.824+0000] {taskinstance.py:353} INFO - Marking task as SUCCESS. dag_id=my_first_dag, task_id=second_task, run_id=scheduled__2025-02-18T00:00:00+00:00, execution_date=20250218T000000, start_date=20250224T044722, end_date=20250224T044722
[2025-02-24T04:47:22.897+0000] {local_task_job_runner.py:266} INFO - Task exited with return code 0
[2025-02-24T04:47:22.909+0000] {local_task_job_runner.py:245} INFO - ::endgroup::
