[2025-02-23T15:52:37.306+0000] {local_task_job_runner.py:123} INFO - ::group::Pre task execution logs
[2025-02-23T15:52:37.344+0000] {taskinstance.py:2614} INFO - Dependencies all met for dep_context=non-requeueable deps ti=<TaskInstance: my_first_dag.second_task scheduled__2025-02-05T00:00:00+00:00 [queued]>
[2025-02-23T15:52:37.357+0000] {taskinstance.py:2614} INFO - Dependencies all met for dep_context=requeueable deps ti=<TaskInstance: my_first_dag.second_task scheduled__2025-02-05T00:00:00+00:00 [queued]>
[2025-02-23T15:52:37.358+0000] {taskinstance.py:2867} INFO - Starting attempt 1 of 6
[2025-02-23T15:52:37.450+0000] {taskinstance.py:2890} INFO - Executing <Task(BashOperator): second_task> on 2025-02-05 00:00:00+00:00
[2025-02-23T15:52:37.462+0000] {standard_task_runner.py:104} INFO - Running: ['***', 'tasks', 'run', 'my_first_dag', 'second_task', 'scheduled__2025-02-05T00:00:00+00:00', '--job-id', '18', '--raw', '--subdir', 'DAGS_FOLDER/my_first_dags.py', '--cfg-path', '/tmp/tmpcyrijtjn']
[2025-02-23T15:52:37.465+0000] {standard_task_runner.py:105} INFO - Job 18: Subtask second_task
[2025-02-23T15:52:37.465+0000] {logging_mixin.py:190} WARNING - /home/***/.local/lib/python3.12/site-packages/***/task/task_runner/standard_task_runner.py:70 DeprecationWarning: This process (pid=1388) is multi-threaded, use of fork() may lead to deadlocks in the child.
[2025-02-23T15:52:37.468+0000] {standard_task_runner.py:72} INFO - Started process 1400 to run task
[2025-02-23T15:52:37.555+0000] {task_command.py:467} INFO - Running <TaskInstance: my_first_dag.second_task scheduled__2025-02-05T00:00:00+00:00 [running]> on host 2cebbf768e94
[2025-02-23T15:52:37.640+0000] {taskinstance.py:3134} INFO - Exporting env vars: AIRFLOW_CTX_DAG_OWNER='gzang' AIRFLOW_CTX_DAG_ID='my_first_dag' AIRFLOW_CTX_TASK_ID='second_task' AIRFLOW_CTX_EXECUTION_DATE='2025-02-05T00:00:00+00:00' AIRFLOW_CTX_TRY_NUMBER='1' AIRFLOW_CTX_DAG_RUN_ID='scheduled__2025-02-05T00:00:00+00:00'
[2025-02-23T15:52:37.641+0000] {taskinstance.py:732} INFO - ::endgroup::
[2025-02-23T15:52:37.661+0000] {subprocess.py:78} INFO - Tmp dir root location: /tmp
[2025-02-23T15:52:37.663+0000] {subprocess.py:88} INFO - Running command: ['/usr/bin/bash', '-c', 'echo hey, this is task 2, and will be run after task 1.']
[2025-02-23T15:52:37.676+0000] {subprocess.py:99} INFO - Output:
[2025-02-23T15:52:37.677+0000] {subprocess.py:106} INFO - hey, this is task 2, and will be run after task 1.
[2025-02-23T15:52:37.678+0000] {subprocess.py:110} INFO - Command exited with return code 0
[2025-02-23T15:52:37.719+0000] {taskinstance.py:341} INFO - ::group::Post task execution logs
[2025-02-23T15:52:37.720+0000] {taskinstance.py:353} INFO - Marking task as SUCCESS. dag_id=my_first_dag, task_id=second_task, run_id=scheduled__2025-02-05T00:00:00+00:00, execution_date=20250205T000000, start_date=20250223T155237, end_date=20250223T155237
[2025-02-23T15:52:37.777+0000] {local_task_job_runner.py:266} INFO - Task exited with return code 0
[2025-02-23T15:52:37.793+0000] {local_task_job_runner.py:245} INFO - ::endgroup::
[2025-02-24T04:47:13.865+0000] {local_task_job_runner.py:123} INFO - ::group::Pre task execution logs
[2025-02-24T04:47:13.904+0000] {taskinstance.py:2614} INFO - Dependencies all met for dep_context=non-requeueable deps ti=<TaskInstance: my_first_dag.second_task scheduled__2025-02-05T00:00:00+00:00 [queued]>
[2025-02-24T04:47:13.929+0000] {taskinstance.py:2614} INFO - Dependencies all met for dep_context=requeueable deps ti=<TaskInstance: my_first_dag.second_task scheduled__2025-02-05T00:00:00+00:00 [queued]>
[2025-02-24T04:47:13.930+0000] {taskinstance.py:2867} INFO - Starting attempt 1 of 6
[2025-02-24T04:47:14.036+0000] {taskinstance.py:2890} INFO - Executing <Task(BashOperator): second_task> on 2025-02-05 00:00:00+00:00
[2025-02-24T04:47:14.053+0000] {logging_mixin.py:190} WARNING - /home/***/.local/lib/python3.12/site-packages/***/task/task_runner/standard_task_runner.py:70 DeprecationWarning: This process (pid=848) is multi-threaded, use of fork() may lead to deadlocks in the child.
[2025-02-24T04:47:14.050+0000] {standard_task_runner.py:104} INFO - Running: ['***', 'tasks', 'run', 'my_first_dag', 'second_task', 'scheduled__2025-02-05T00:00:00+00:00', '--job-id', '20', '--raw', '--subdir', 'DAGS_FOLDER/my_first_dags.py', '--cfg-path', '/tmp/tmpzs_8a408']
[2025-02-24T04:47:14.058+0000] {standard_task_runner.py:105} INFO - Job 20: Subtask second_task
[2025-02-24T04:47:14.054+0000] {standard_task_runner.py:72} INFO - Started process 871 to run task
[2025-02-24T04:47:14.143+0000] {task_command.py:467} INFO - Running <TaskInstance: my_first_dag.second_task scheduled__2025-02-05T00:00:00+00:00 [running]> on host 79e0cb3ed452
[2025-02-24T04:47:14.241+0000] {taskinstance.py:3134} INFO - Exporting env vars: AIRFLOW_CTX_DAG_OWNER='gzang' AIRFLOW_CTX_DAG_ID='my_first_dag' AIRFLOW_CTX_TASK_ID='second_task' AIRFLOW_CTX_EXECUTION_DATE='2025-02-05T00:00:00+00:00' AIRFLOW_CTX_TRY_NUMBER='1' AIRFLOW_CTX_DAG_RUN_ID='scheduled__2025-02-05T00:00:00+00:00'
[2025-02-24T04:47:14.242+0000] {taskinstance.py:732} INFO - ::endgroup::
[2025-02-24T04:47:14.258+0000] {subprocess.py:78} INFO - Tmp dir root location: /tmp
[2025-02-24T04:47:14.260+0000] {subprocess.py:88} INFO - Running command: ['/usr/bin/bash', '-c', 'echo hey, this is task 2, and will be run after task 1.']
[2025-02-24T04:47:14.267+0000] {subprocess.py:99} INFO - Output:
[2025-02-24T04:47:14.268+0000] {subprocess.py:106} INFO - hey, this is task 2, and will be run after task 1.
[2025-02-24T04:47:14.269+0000] {subprocess.py:110} INFO - Command exited with return code 0
[2025-02-24T04:47:14.292+0000] {taskinstance.py:341} INFO - ::group::Post task execution logs
[2025-02-24T04:47:14.293+0000] {taskinstance.py:353} INFO - Marking task as SUCCESS. dag_id=my_first_dag, task_id=second_task, run_id=scheduled__2025-02-05T00:00:00+00:00, execution_date=20250205T000000, start_date=20250224T044713, end_date=20250224T044714
[2025-02-24T04:47:14.371+0000] {local_task_job_runner.py:266} INFO - Task exited with return code 0
[2025-02-24T04:47:14.388+0000] {local_task_job_runner.py:245} INFO - ::endgroup::
