[2025-02-23T15:52:45.947+0000] {local_task_job_runner.py:123} INFO - ::group::Pre task execution logs
[2025-02-23T15:52:45.969+0000] {taskinstance.py:2614} INFO - Dependencies all met for dep_context=non-requeueable deps ti=<TaskInstance: my_first_dag.third_task scheduled__2025-02-20T00:00:00+00:00 [queued]>
[2025-02-23T15:52:45.981+0000] {taskinstance.py:2614} INFO - Dependencies all met for dep_context=requeueable deps ti=<TaskInstance: my_first_dag.third_task scheduled__2025-02-20T00:00:00+00:00 [queued]>
[2025-02-23T15:52:45.982+0000] {taskinstance.py:2867} INFO - Starting attempt 1 of 6
[2025-02-23T15:52:45.998+0000] {taskinstance.py:2890} INFO - Executing <Task(BashOperator): third_task> on 2025-02-20 00:00:00+00:00
[2025-02-23T15:52:46.008+0000] {logging_mixin.py:190} WARNING - /home/***/.local/lib/python3.12/site-packages/***/task/task_runner/standard_task_runner.py:70 DeprecationWarning: This process (pid=1595) is multi-threaded, use of fork() may lead to deadlocks in the child.
[2025-02-23T15:52:46.010+0000] {standard_task_runner.py:72} INFO - Started process 1603 to run task
[2025-02-23T15:52:46.008+0000] {standard_task_runner.py:104} INFO - Running: ['***', 'tasks', 'run', 'my_first_dag', 'third_task', 'scheduled__2025-02-20T00:00:00+00:00', '--job-id', '67', '--raw', '--subdir', 'DAGS_FOLDER/my_first_dags.py', '--cfg-path', '/tmp/tmp8k_zg1fm']
[2025-02-23T15:52:46.011+0000] {standard_task_runner.py:105} INFO - Job 67: Subtask third_task
[2025-02-23T15:52:46.061+0000] {task_command.py:467} INFO - Running <TaskInstance: my_first_dag.third_task scheduled__2025-02-20T00:00:00+00:00 [running]> on host 2cebbf768e94
[2025-02-23T15:52:46.152+0000] {taskinstance.py:3134} INFO - Exporting env vars: AIRFLOW_CTX_DAG_OWNER='gzang' AIRFLOW_CTX_DAG_ID='my_first_dag' AIRFLOW_CTX_TASK_ID='third_task' AIRFLOW_CTX_EXECUTION_DATE='2025-02-20T00:00:00+00:00' AIRFLOW_CTX_TRY_NUMBER='1' AIRFLOW_CTX_DAG_RUN_ID='scheduled__2025-02-20T00:00:00+00:00'
[2025-02-23T15:52:46.153+0000] {taskinstance.py:732} INFO - ::endgroup::
[2025-02-23T15:52:46.168+0000] {subprocess.py:78} INFO - Tmp dir root location: /tmp
[2025-02-23T15:52:46.169+0000] {subprocess.py:88} INFO - Running command: ['/usr/bin/bash', '-c', 'echo finally, it will be done!!!']
[2025-02-23T15:52:46.178+0000] {subprocess.py:99} INFO - Output:
[2025-02-23T15:52:46.179+0000] {subprocess.py:106} INFO - finally, it will be done!!!
[2025-02-23T15:52:46.180+0000] {subprocess.py:110} INFO - Command exited with return code 0
[2025-02-23T15:52:46.202+0000] {taskinstance.py:341} INFO - ::group::Post task execution logs
[2025-02-23T15:52:46.203+0000] {taskinstance.py:353} INFO - Marking task as SUCCESS. dag_id=my_first_dag, task_id=third_task, run_id=scheduled__2025-02-20T00:00:00+00:00, execution_date=20250220T000000, start_date=20250223T155245, end_date=20250223T155246
[2025-02-23T15:52:46.266+0000] {local_task_job_runner.py:266} INFO - Task exited with return code 0
[2025-02-23T15:52:46.281+0000] {taskinstance.py:3901} INFO - 0 downstream tasks scheduled from follow-on schedule check
[2025-02-23T15:52:46.283+0000] {local_task_job_runner.py:245} INFO - ::endgroup::
[2025-02-24T04:47:22.742+0000] {local_task_job_runner.py:123} INFO - ::group::Pre task execution logs
[2025-02-24T04:47:22.779+0000] {taskinstance.py:2614} INFO - Dependencies all met for dep_context=non-requeueable deps ti=<TaskInstance: my_first_dag.third_task scheduled__2025-02-20T00:00:00+00:00 [queued]>
[2025-02-24T04:47:22.800+0000] {taskinstance.py:2614} INFO - Dependencies all met for dep_context=requeueable deps ti=<TaskInstance: my_first_dag.third_task scheduled__2025-02-20T00:00:00+00:00 [queued]>
[2025-02-24T04:47:22.801+0000] {taskinstance.py:2867} INFO - Starting attempt 1 of 6
[2025-02-24T04:47:22.862+0000] {taskinstance.py:2890} INFO - Executing <Task(BashOperator): third_task> on 2025-02-20 00:00:00+00:00
[2025-02-24T04:47:22.877+0000] {logging_mixin.py:190} WARNING - /home/***/.local/lib/python3.12/site-packages/***/task/task_runner/standard_task_runner.py:70 DeprecationWarning: This process (pid=1129) is multi-threaded, use of fork() may lead to deadlocks in the child.
[2025-02-24T04:47:22.878+0000] {standard_task_runner.py:72} INFO - Started process 1146 to run task
[2025-02-24T04:47:22.879+0000] {standard_task_runner.py:104} INFO - Running: ['***', 'tasks', 'run', 'my_first_dag', 'third_task', 'scheduled__2025-02-20T00:00:00+00:00', '--job-id', '98', '--raw', '--subdir', 'DAGS_FOLDER/my_first_dags.py', '--cfg-path', '/tmp/tmp5hgjar9t']
[2025-02-24T04:47:22.882+0000] {standard_task_runner.py:105} INFO - Job 98: Subtask third_task
[2025-02-24T04:47:22.950+0000] {task_command.py:467} INFO - Running <TaskInstance: my_first_dag.third_task scheduled__2025-02-20T00:00:00+00:00 [running]> on host 79e0cb3ed452
[2025-02-24T04:47:23.068+0000] {taskinstance.py:3134} INFO - Exporting env vars: AIRFLOW_CTX_DAG_OWNER='gzang' AIRFLOW_CTX_DAG_ID='my_first_dag' AIRFLOW_CTX_TASK_ID='third_task' AIRFLOW_CTX_EXECUTION_DATE='2025-02-20T00:00:00+00:00' AIRFLOW_CTX_TRY_NUMBER='1' AIRFLOW_CTX_DAG_RUN_ID='scheduled__2025-02-20T00:00:00+00:00'
[2025-02-24T04:47:23.069+0000] {taskinstance.py:732} INFO - ::endgroup::
[2025-02-24T04:47:23.089+0000] {subprocess.py:78} INFO - Tmp dir root location: /tmp
[2025-02-24T04:47:23.091+0000] {subprocess.py:88} INFO - Running command: ['/usr/bin/bash', '-c', 'echo finally, it will be done!!!']
[2025-02-24T04:47:23.100+0000] {subprocess.py:99} INFO - Output:
[2025-02-24T04:47:23.101+0000] {subprocess.py:106} INFO - finally, it will be done!!!
[2025-02-24T04:47:23.102+0000] {subprocess.py:110} INFO - Command exited with return code 0
[2025-02-24T04:47:23.125+0000] {taskinstance.py:341} INFO - ::group::Post task execution logs
[2025-02-24T04:47:23.126+0000] {taskinstance.py:353} INFO - Marking task as SUCCESS. dag_id=my_first_dag, task_id=third_task, run_id=scheduled__2025-02-20T00:00:00+00:00, execution_date=20250220T000000, start_date=20250224T044722, end_date=20250224T044723
[2025-02-24T04:47:23.181+0000] {local_task_job_runner.py:266} INFO - Task exited with return code 0
[2025-02-24T04:47:23.235+0000] {taskinstance.py:3901} INFO - 1 downstream tasks scheduled from follow-on schedule check
[2025-02-24T04:47:23.261+0000] {local_task_job_runner.py:245} INFO - ::endgroup::
