[2025-02-23T15:52:36.824+0000] {local_task_job_runner.py:123} INFO - ::group::Pre task execution logs
[2025-02-23T15:52:36.859+0000] {taskinstance.py:2614} INFO - Dependencies all met for dep_context=non-requeueable deps ti=<TaskInstance: my_first_dag.first_task scheduled__2025-02-09T00:00:00+00:00 [queued]>
[2025-02-23T15:52:36.871+0000] {taskinstance.py:2614} INFO - Dependencies all met for dep_context=requeueable deps ti=<TaskInstance: my_first_dag.first_task scheduled__2025-02-09T00:00:00+00:00 [queued]>
[2025-02-23T15:52:36.872+0000] {taskinstance.py:2867} INFO - Starting attempt 1 of 6
[2025-02-23T15:52:36.961+0000] {taskinstance.py:2890} INFO - Executing <Task(BashOperator): first_task> on 2025-02-09 00:00:00+00:00
[2025-02-23T15:52:36.970+0000] {standard_task_runner.py:104} INFO - Running: ['***', 'tasks', 'run', 'my_first_dag', 'first_task', 'scheduled__2025-02-09T00:00:00+00:00', '--job-id', '11', '--raw', '--subdir', 'DAGS_FOLDER/my_first_dags.py', '--cfg-path', '/tmp/tmpiiyfz5el']
[2025-02-23T15:52:36.978+0000] {standard_task_runner.py:105} INFO - Job 11: Subtask first_task
[2025-02-23T15:52:36.974+0000] {logging_mixin.py:190} WARNING - /home/***/.local/lib/python3.12/site-packages/***/task/task_runner/standard_task_runner.py:70 DeprecationWarning: This process (pid=1365) is multi-threaded, use of fork() may lead to deadlocks in the child.
[2025-02-23T15:52:36.983+0000] {standard_task_runner.py:72} INFO - Started process 1377 to run task
[2025-02-23T15:52:37.062+0000] {task_command.py:467} INFO - Running <TaskInstance: my_first_dag.first_task scheduled__2025-02-09T00:00:00+00:00 [running]> on host 2cebbf768e94
[2025-02-23T15:52:37.180+0000] {taskinstance.py:3134} INFO - Exporting env vars: AIRFLOW_CTX_DAG_OWNER='gzang' AIRFLOW_CTX_DAG_ID='my_first_dag' AIRFLOW_CTX_TASK_ID='first_task' AIRFLOW_CTX_EXECUTION_DATE='2025-02-09T00:00:00+00:00' AIRFLOW_CTX_TRY_NUMBER='1' AIRFLOW_CTX_DAG_RUN_ID='scheduled__2025-02-09T00:00:00+00:00'
[2025-02-23T15:52:37.181+0000] {taskinstance.py:732} INFO - ::endgroup::
[2025-02-23T15:52:37.208+0000] {subprocess.py:78} INFO - Tmp dir root location: /tmp
[2025-02-23T15:52:37.211+0000] {subprocess.py:88} INFO - Running command: ['/usr/bin/bash', '-c', 'echo hello world! the first task is defined!!!']
[2025-02-23T15:52:37.226+0000] {subprocess.py:99} INFO - Output:
[2025-02-23T15:52:37.228+0000] {subprocess.py:106} INFO - hello world! the first task is defined!!!
[2025-02-23T15:52:37.229+0000] {subprocess.py:110} INFO - Command exited with return code 0
[2025-02-23T15:52:37.273+0000] {taskinstance.py:341} INFO - ::group::Post task execution logs
[2025-02-23T15:52:37.274+0000] {taskinstance.py:353} INFO - Marking task as SUCCESS. dag_id=my_first_dag, task_id=first_task, run_id=scheduled__2025-02-09T00:00:00+00:00, execution_date=20250209T000000, start_date=20250223T155236, end_date=20250223T155237
[2025-02-23T15:52:37.485+0000] {local_task_job_runner.py:266} INFO - Task exited with return code 0
[2025-02-23T15:52:37.527+0000] {taskinstance.py:3901} INFO - 1 downstream tasks scheduled from follow-on schedule check
[2025-02-23T15:52:37.530+0000] {local_task_job_runner.py:245} INFO - ::endgroup::
[2025-02-24T04:47:13.555+0000] {local_task_job_runner.py:123} INFO - ::group::Pre task execution logs
[2025-02-24T04:47:13.594+0000] {taskinstance.py:2614} INFO - Dependencies all met for dep_context=non-requeueable deps ti=<TaskInstance: my_first_dag.first_task scheduled__2025-02-09T00:00:00+00:00 [queued]>
[2025-02-24T04:47:13.613+0000] {taskinstance.py:2614} INFO - Dependencies all met for dep_context=requeueable deps ti=<TaskInstance: my_first_dag.first_task scheduled__2025-02-09T00:00:00+00:00 [queued]>
[2025-02-24T04:47:13.617+0000] {taskinstance.py:2867} INFO - Starting attempt 1 of 6
[2025-02-24T04:47:13.748+0000] {taskinstance.py:2890} INFO - Executing <Task(BashOperator): first_task> on 2025-02-09 00:00:00+00:00
[2025-02-24T04:47:13.768+0000] {logging_mixin.py:190} WARNING - /home/***/.local/lib/python3.12/site-packages/***/task/task_runner/standard_task_runner.py:70 DeprecationWarning: This process (pid=834) is multi-threaded, use of fork() may lead to deadlocks in the child.
[2025-02-24T04:47:13.770+0000] {standard_task_runner.py:72} INFO - Started process 853 to run task
[2025-02-24T04:47:13.772+0000] {standard_task_runner.py:104} INFO - Running: ['***', 'tasks', 'run', 'my_first_dag', 'first_task', 'scheduled__2025-02-09T00:00:00+00:00', '--job-id', '18', '--raw', '--subdir', 'DAGS_FOLDER/my_first_dags.py', '--cfg-path', '/tmp/tmpv_4o7_pa']
[2025-02-24T04:47:13.774+0000] {standard_task_runner.py:105} INFO - Job 18: Subtask first_task
[2025-02-24T04:47:13.903+0000] {task_command.py:467} INFO - Running <TaskInstance: my_first_dag.first_task scheduled__2025-02-09T00:00:00+00:00 [running]> on host 79e0cb3ed452
[2025-02-24T04:47:14.034+0000] {taskinstance.py:3134} INFO - Exporting env vars: AIRFLOW_CTX_DAG_OWNER='gzang' AIRFLOW_CTX_DAG_ID='my_first_dag' AIRFLOW_CTX_TASK_ID='first_task' AIRFLOW_CTX_EXECUTION_DATE='2025-02-09T00:00:00+00:00' AIRFLOW_CTX_TRY_NUMBER='1' AIRFLOW_CTX_DAG_RUN_ID='scheduled__2025-02-09T00:00:00+00:00'
[2025-02-24T04:47:14.038+0000] {taskinstance.py:732} INFO - ::endgroup::
[2025-02-24T04:47:14.056+0000] {subprocess.py:78} INFO - Tmp dir root location: /tmp
[2025-02-24T04:47:14.063+0000] {subprocess.py:88} INFO - Running command: ['/usr/bin/bash', '-c', 'echo hello world! the first task is defined!!!']
[2025-02-24T04:47:14.077+0000] {subprocess.py:99} INFO - Output:
[2025-02-24T04:47:14.083+0000] {subprocess.py:106} INFO - hello world! the first task is defined!!!
[2025-02-24T04:47:14.085+0000] {subprocess.py:110} INFO - Command exited with return code 0
[2025-02-24T04:47:14.165+0000] {taskinstance.py:341} INFO - ::group::Post task execution logs
[2025-02-24T04:47:14.168+0000] {taskinstance.py:353} INFO - Marking task as SUCCESS. dag_id=my_first_dag, task_id=first_task, run_id=scheduled__2025-02-09T00:00:00+00:00, execution_date=20250209T000000, start_date=20250224T044713, end_date=20250224T044714
[2025-02-24T04:47:14.318+0000] {local_task_job_runner.py:266} INFO - Task exited with return code 0
[2025-02-24T04:47:14.382+0000] {taskinstance.py:3901} INFO - 2 downstream tasks scheduled from follow-on schedule check
[2025-02-24T04:47:14.404+0000] {local_task_job_runner.py:245} INFO - ::endgroup::
