[2025-02-23T15:52:39.577+0000] {local_task_job_runner.py:123} INFO - ::group::Pre task execution logs
[2025-02-23T15:52:39.599+0000] {taskinstance.py:2614} INFO - Dependencies all met for dep_context=non-requeueable deps ti=<TaskInstance: my_first_dag.second_task scheduled__2025-02-16T00:00:00+00:00 [queued]>
[2025-02-23T15:52:39.609+0000] {taskinstance.py:2614} INFO - Dependencies all met for dep_context=requeueable deps ti=<TaskInstance: my_first_dag.second_task scheduled__2025-02-16T00:00:00+00:00 [queued]>
[2025-02-23T15:52:39.610+0000] {taskinstance.py:2867} INFO - Starting attempt 1 of 6
[2025-02-23T15:52:39.625+0000] {taskinstance.py:2890} INFO - Executing <Task(BashOperator): second_task> on 2025-02-16 00:00:00+00:00
[2025-02-23T15:52:39.634+0000] {standard_task_runner.py:104} INFO - Running: ['***', 'tasks', 'run', 'my_first_dag', 'second_task', 'scheduled__2025-02-16T00:00:00+00:00', '--job-id', '46', '--raw', '--subdir', 'DAGS_FOLDER/my_first_dags.py', '--cfg-path', '/tmp/tmp2138v5be']
[2025-02-23T15:52:39.634+0000] {logging_mixin.py:190} WARNING - /home/***/.local/lib/python3.12/site-packages/***/task/task_runner/standard_task_runner.py:70 DeprecationWarning: This process (pid=1502) is multi-threaded, use of fork() may lead to deadlocks in the child.
[2025-02-23T15:52:39.636+0000] {standard_task_runner.py:105} INFO - Job 46: Subtask second_task
[2025-02-23T15:52:39.636+0000] {standard_task_runner.py:72} INFO - Started process 1512 to run task
[2025-02-23T15:52:39.682+0000] {task_command.py:467} INFO - Running <TaskInstance: my_first_dag.second_task scheduled__2025-02-16T00:00:00+00:00 [running]> on host 2cebbf768e94
[2025-02-23T15:52:39.762+0000] {taskinstance.py:3134} INFO - Exporting env vars: AIRFLOW_CTX_DAG_OWNER='gzang' AIRFLOW_CTX_DAG_ID='my_first_dag' AIRFLOW_CTX_TASK_ID='second_task' AIRFLOW_CTX_EXECUTION_DATE='2025-02-16T00:00:00+00:00' AIRFLOW_CTX_TRY_NUMBER='1' AIRFLOW_CTX_DAG_RUN_ID='scheduled__2025-02-16T00:00:00+00:00'
[2025-02-23T15:52:39.763+0000] {taskinstance.py:732} INFO - ::endgroup::
[2025-02-23T15:52:39.776+0000] {subprocess.py:78} INFO - Tmp dir root location: /tmp
[2025-02-23T15:52:39.777+0000] {subprocess.py:88} INFO - Running command: ['/usr/bin/bash', '-c', 'echo hey, this is task 2, and will be run after task 1.']
[2025-02-23T15:52:39.784+0000] {subprocess.py:99} INFO - Output:
[2025-02-23T15:52:39.785+0000] {subprocess.py:106} INFO - hey, this is task 2, and will be run after task 1.
[2025-02-23T15:52:39.786+0000] {subprocess.py:110} INFO - Command exited with return code 0
[2025-02-23T15:52:39.809+0000] {taskinstance.py:341} INFO - ::group::Post task execution logs
[2025-02-23T15:52:39.810+0000] {taskinstance.py:353} INFO - Marking task as SUCCESS. dag_id=my_first_dag, task_id=second_task, run_id=scheduled__2025-02-16T00:00:00+00:00, execution_date=20250216T000000, start_date=20250223T155239, end_date=20250223T155239
[2025-02-23T15:52:39.852+0000] {local_task_job_runner.py:266} INFO - Task exited with return code 0
[2025-02-23T15:52:39.871+0000] {taskinstance.py:3901} INFO - 1 downstream tasks scheduled from follow-on schedule check
[2025-02-23T15:52:39.873+0000] {local_task_job_runner.py:245} INFO - ::endgroup::
[2025-02-24T04:47:17.280+0000] {local_task_job_runner.py:123} INFO - ::group::Pre task execution logs
[2025-02-24T04:47:17.334+0000] {taskinstance.py:2614} INFO - Dependencies all met for dep_context=non-requeueable deps ti=<TaskInstance: my_first_dag.second_task scheduled__2025-02-16T00:00:00+00:00 [queued]>
[2025-02-24T04:47:17.365+0000] {taskinstance.py:2614} INFO - Dependencies all met for dep_context=requeueable deps ti=<TaskInstance: my_first_dag.second_task scheduled__2025-02-16T00:00:00+00:00 [queued]>
[2025-02-24T04:47:17.366+0000] {taskinstance.py:2867} INFO - Starting attempt 1 of 6
[2025-02-24T04:47:17.518+0000] {taskinstance.py:2890} INFO - Executing <Task(BashOperator): second_task> on 2025-02-16 00:00:00+00:00
[2025-02-24T04:47:17.527+0000] {logging_mixin.py:190} WARNING - /home/***/.local/lib/python3.12/site-packages/***/task/task_runner/standard_task_runner.py:70 DeprecationWarning: This process (pid=1029) is multi-threaded, use of fork() may lead to deadlocks in the child.
[2025-02-24T04:47:17.529+0000] {standard_task_runner.py:72} INFO - Started process 1054 to run task
[2025-02-24T04:47:17.528+0000] {standard_task_runner.py:104} INFO - Running: ['***', 'tasks', 'run', 'my_first_dag', 'second_task', 'scheduled__2025-02-16T00:00:00+00:00', '--job-id', '69', '--raw', '--subdir', 'DAGS_FOLDER/my_first_dags.py', '--cfg-path', '/tmp/tmpk0pqkw4f']
[2025-02-24T04:47:17.531+0000] {standard_task_runner.py:105} INFO - Job 69: Subtask second_task
[2025-02-24T04:47:17.592+0000] {task_command.py:467} INFO - Running <TaskInstance: my_first_dag.second_task scheduled__2025-02-16T00:00:00+00:00 [running]> on host 79e0cb3ed452
[2025-02-24T04:47:17.705+0000] {taskinstance.py:3134} INFO - Exporting env vars: AIRFLOW_CTX_DAG_OWNER='gzang' AIRFLOW_CTX_DAG_ID='my_first_dag' AIRFLOW_CTX_TASK_ID='second_task' AIRFLOW_CTX_EXECUTION_DATE='2025-02-16T00:00:00+00:00' AIRFLOW_CTX_TRY_NUMBER='1' AIRFLOW_CTX_DAG_RUN_ID='scheduled__2025-02-16T00:00:00+00:00'
[2025-02-24T04:47:17.706+0000] {taskinstance.py:732} INFO - ::endgroup::
[2025-02-24T04:47:17.725+0000] {subprocess.py:78} INFO - Tmp dir root location: /tmp
[2025-02-24T04:47:17.726+0000] {subprocess.py:88} INFO - Running command: ['/usr/bin/bash', '-c', 'echo hey, this is task 2, and will be run after task 1.']
[2025-02-24T04:47:17.736+0000] {subprocess.py:99} INFO - Output:
[2025-02-24T04:47:17.737+0000] {subprocess.py:106} INFO - hey, this is task 2, and will be run after task 1.
[2025-02-24T04:47:17.738+0000] {subprocess.py:110} INFO - Command exited with return code 0
[2025-02-24T04:47:17.766+0000] {taskinstance.py:341} INFO - ::group::Post task execution logs
[2025-02-24T04:47:17.767+0000] {taskinstance.py:353} INFO - Marking task as SUCCESS. dag_id=my_first_dag, task_id=second_task, run_id=scheduled__2025-02-16T00:00:00+00:00, execution_date=20250216T000000, start_date=20250224T044717, end_date=20250224T044717
[2025-02-24T04:47:17.833+0000] {local_task_job_runner.py:266} INFO - Task exited with return code 0
[2025-02-24T04:47:17.868+0000] {taskinstance.py:3901} INFO - 1 downstream tasks scheduled from follow-on schedule check
[2025-02-24T04:47:17.870+0000] {local_task_job_runner.py:245} INFO - ::endgroup::
