[2025-02-23T15:52:37.485+0000] {local_task_job_runner.py:123} INFO - ::group::Pre task execution logs
[2025-02-23T15:52:37.514+0000] {taskinstance.py:2614} INFO - Dependencies all met for dep_context=non-requeueable deps ti=<TaskInstance: my_first_dag.second_task scheduled__2025-02-07T00:00:00+00:00 [queued]>
[2025-02-23T15:52:37.538+0000] {taskinstance.py:2614} INFO - Dependencies all met for dep_context=requeueable deps ti=<TaskInstance: my_first_dag.second_task scheduled__2025-02-07T00:00:00+00:00 [queued]>
[2025-02-23T15:52:37.539+0000] {taskinstance.py:2867} INFO - Starting attempt 1 of 6
[2025-02-23T15:52:37.658+0000] {taskinstance.py:2890} INFO - Executing <Task(BashOperator): second_task> on 2025-02-07 00:00:00+00:00
[2025-02-23T15:52:37.668+0000] {standard_task_runner.py:104} INFO - Running: ['***', 'tasks', 'run', 'my_first_dag', 'second_task', 'scheduled__2025-02-07T00:00:00+00:00', '--job-id', '21', '--raw', '--subdir', 'DAGS_FOLDER/my_first_dags.py', '--cfg-path', '/tmp/tmpcjave148']
[2025-02-23T15:52:37.671+0000] {logging_mixin.py:190} WARNING - /home/***/.local/lib/python3.12/site-packages/***/task/task_runner/standard_task_runner.py:70 DeprecationWarning: This process (pid=1398) is multi-threaded, use of fork() may lead to deadlocks in the child.
[2025-02-23T15:52:37.672+0000] {standard_task_runner.py:105} INFO - Job 21: Subtask second_task
[2025-02-23T15:52:37.673+0000] {standard_task_runner.py:72} INFO - Started process 1411 to run task
[2025-02-23T15:52:37.770+0000] {task_command.py:467} INFO - Running <TaskInstance: my_first_dag.second_task scheduled__2025-02-07T00:00:00+00:00 [running]> on host 2cebbf768e94
[2025-02-23T15:52:37.878+0000] {taskinstance.py:3134} INFO - Exporting env vars: AIRFLOW_CTX_DAG_OWNER='gzang' AIRFLOW_CTX_DAG_ID='my_first_dag' AIRFLOW_CTX_TASK_ID='second_task' AIRFLOW_CTX_EXECUTION_DATE='2025-02-07T00:00:00+00:00' AIRFLOW_CTX_TRY_NUMBER='1' AIRFLOW_CTX_DAG_RUN_ID='scheduled__2025-02-07T00:00:00+00:00'
[2025-02-23T15:52:37.879+0000] {taskinstance.py:732} INFO - ::endgroup::
[2025-02-23T15:52:37.900+0000] {subprocess.py:78} INFO - Tmp dir root location: /tmp
[2025-02-23T15:52:37.902+0000] {subprocess.py:88} INFO - Running command: ['/usr/bin/bash', '-c', 'echo hey, this is task 2, and will be run after task 1.']
[2025-02-23T15:52:37.913+0000] {subprocess.py:99} INFO - Output:
[2025-02-23T15:52:37.915+0000] {subprocess.py:106} INFO - hey, this is task 2, and will be run after task 1.
[2025-02-23T15:52:37.916+0000] {subprocess.py:110} INFO - Command exited with return code 0
[2025-02-23T15:52:37.953+0000] {taskinstance.py:341} INFO - ::group::Post task execution logs
[2025-02-23T15:52:37.955+0000] {taskinstance.py:353} INFO - Marking task as SUCCESS. dag_id=my_first_dag, task_id=second_task, run_id=scheduled__2025-02-07T00:00:00+00:00, execution_date=20250207T000000, start_date=20250223T155237, end_date=20250223T155237
[2025-02-23T15:52:38.051+0000] {local_task_job_runner.py:266} INFO - Task exited with return code 0
[2025-02-23T15:52:38.075+0000] {local_task_job_runner.py:245} INFO - ::endgroup::
[2025-02-24T04:47:14.306+0000] {local_task_job_runner.py:123} INFO - ::group::Pre task execution logs
[2025-02-24T04:47:14.350+0000] {taskinstance.py:2614} INFO - Dependencies all met for dep_context=non-requeueable deps ti=<TaskInstance: my_first_dag.second_task scheduled__2025-02-07T00:00:00+00:00 [queued]>
[2025-02-24T04:47:14.379+0000] {taskinstance.py:2614} INFO - Dependencies all met for dep_context=requeueable deps ti=<TaskInstance: my_first_dag.second_task scheduled__2025-02-07T00:00:00+00:00 [queued]>
[2025-02-24T04:47:14.380+0000] {taskinstance.py:2867} INFO - Starting attempt 1 of 6
[2025-02-24T04:47:14.434+0000] {taskinstance.py:2890} INFO - Executing <Task(BashOperator): second_task> on 2025-02-07 00:00:00+00:00
[2025-02-24T04:47:14.448+0000] {logging_mixin.py:190} WARNING - /home/***/.local/lib/python3.12/site-packages/***/task/task_runner/standard_task_runner.py:70 DeprecationWarning: This process (pid=878) is multi-threaded, use of fork() may lead to deadlocks in the child.
[2025-02-24T04:47:14.444+0000] {standard_task_runner.py:104} INFO - Running: ['***', 'tasks', 'run', 'my_first_dag', 'second_task', 'scheduled__2025-02-07T00:00:00+00:00', '--job-id', '26', '--raw', '--subdir', 'DAGS_FOLDER/my_first_dags.py', '--cfg-path', '/tmp/tmp65gnqsa6']
[2025-02-24T04:47:14.449+0000] {standard_task_runner.py:72} INFO - Started process 896 to run task
[2025-02-24T04:47:14.452+0000] {standard_task_runner.py:105} INFO - Job 26: Subtask second_task
[2025-02-24T04:47:14.526+0000] {task_command.py:467} INFO - Running <TaskInstance: my_first_dag.second_task scheduled__2025-02-07T00:00:00+00:00 [running]> on host 79e0cb3ed452
[2025-02-24T04:47:14.641+0000] {taskinstance.py:3134} INFO - Exporting env vars: AIRFLOW_CTX_DAG_OWNER='gzang' AIRFLOW_CTX_DAG_ID='my_first_dag' AIRFLOW_CTX_TASK_ID='second_task' AIRFLOW_CTX_EXECUTION_DATE='2025-02-07T00:00:00+00:00' AIRFLOW_CTX_TRY_NUMBER='1' AIRFLOW_CTX_DAG_RUN_ID='scheduled__2025-02-07T00:00:00+00:00'
[2025-02-24T04:47:14.644+0000] {taskinstance.py:732} INFO - ::endgroup::
[2025-02-24T04:47:14.662+0000] {subprocess.py:78} INFO - Tmp dir root location: /tmp
[2025-02-24T04:47:14.664+0000] {subprocess.py:88} INFO - Running command: ['/usr/bin/bash', '-c', 'echo hey, this is task 2, and will be run after task 1.']
[2025-02-24T04:47:14.675+0000] {subprocess.py:99} INFO - Output:
[2025-02-24T04:47:14.677+0000] {subprocess.py:106} INFO - hey, this is task 2, and will be run after task 1.
[2025-02-24T04:47:14.679+0000] {subprocess.py:110} INFO - Command exited with return code 0
[2025-02-24T04:47:14.715+0000] {taskinstance.py:341} INFO - ::group::Post task execution logs
[2025-02-24T04:47:14.724+0000] {taskinstance.py:353} INFO - Marking task as SUCCESS. dag_id=my_first_dag, task_id=second_task, run_id=scheduled__2025-02-07T00:00:00+00:00, execution_date=20250207T000000, start_date=20250224T044714, end_date=20250224T044714
[2025-02-24T04:47:14.851+0000] {local_task_job_runner.py:266} INFO - Task exited with return code 0
[2025-02-24T04:47:14.888+0000] {taskinstance.py:3901} INFO - 0 downstream tasks scheduled from follow-on schedule check
[2025-02-24T04:47:14.899+0000] {local_task_job_runner.py:245} INFO - ::endgroup::
