[2025-02-23T15:52:38.615+0000] {local_task_job_runner.py:123} INFO - ::group::Pre task execution logs
[2025-02-23T15:52:38.658+0000] {taskinstance.py:2614} INFO - Dependencies all met for dep_context=non-requeueable deps ti=<TaskInstance: my_first_dag.third_task scheduled__2025-02-07T00:00:00+00:00 [queued]>
[2025-02-23T15:52:38.684+0000] {taskinstance.py:2614} INFO - Dependencies all met for dep_context=requeueable deps ti=<TaskInstance: my_first_dag.third_task scheduled__2025-02-07T00:00:00+00:00 [queued]>
[2025-02-23T15:52:38.689+0000] {taskinstance.py:2867} INFO - Starting attempt 1 of 6
[2025-02-23T15:52:38.799+0000] {taskinstance.py:2890} INFO - Executing <Task(BashOperator): third_task> on 2025-02-07 00:00:00+00:00
[2025-02-23T15:52:38.808+0000] {logging_mixin.py:190} WARNING - /home/***/.local/lib/python3.12/site-packages/***/task/task_runner/standard_task_runner.py:70 DeprecationWarning: This process (pid=1448) is multi-threaded, use of fork() may lead to deadlocks in the child.
[2025-02-23T15:52:38.813+0000] {standard_task_runner.py:72} INFO - Started process 1467 to run task
[2025-02-23T15:52:38.817+0000] {standard_task_runner.py:104} INFO - Running: ['***', 'tasks', 'run', 'my_first_dag', 'third_task', 'scheduled__2025-02-07T00:00:00+00:00', '--job-id', '33', '--raw', '--subdir', 'DAGS_FOLDER/my_first_dags.py', '--cfg-path', '/tmp/tmpq8wuc84k']
[2025-02-23T15:52:38.820+0000] {standard_task_runner.py:105} INFO - Job 33: Subtask third_task
[2025-02-23T15:52:38.902+0000] {task_command.py:467} INFO - Running <TaskInstance: my_first_dag.third_task scheduled__2025-02-07T00:00:00+00:00 [running]> on host 2cebbf768e94
[2025-02-23T15:52:39.013+0000] {taskinstance.py:3134} INFO - Exporting env vars: AIRFLOW_CTX_DAG_OWNER='gzang' AIRFLOW_CTX_DAG_ID='my_first_dag' AIRFLOW_CTX_TASK_ID='third_task' AIRFLOW_CTX_EXECUTION_DATE='2025-02-07T00:00:00+00:00' AIRFLOW_CTX_TRY_NUMBER='1' AIRFLOW_CTX_DAG_RUN_ID='scheduled__2025-02-07T00:00:00+00:00'
[2025-02-23T15:52:39.014+0000] {taskinstance.py:732} INFO - ::endgroup::
[2025-02-23T15:52:39.035+0000] {subprocess.py:78} INFO - Tmp dir root location: /tmp
[2025-02-23T15:52:39.037+0000] {subprocess.py:88} INFO - Running command: ['/usr/bin/bash', '-c', 'echo finally, it will be done!!!']
[2025-02-23T15:52:39.051+0000] {subprocess.py:99} INFO - Output:
[2025-02-23T15:52:39.053+0000] {subprocess.py:106} INFO - finally, it will be done!!!
[2025-02-23T15:52:39.054+0000] {subprocess.py:110} INFO - Command exited with return code 0
[2025-02-23T15:52:39.106+0000] {taskinstance.py:341} INFO - ::group::Post task execution logs
[2025-02-23T15:52:39.107+0000] {taskinstance.py:353} INFO - Marking task as SUCCESS. dag_id=my_first_dag, task_id=third_task, run_id=scheduled__2025-02-07T00:00:00+00:00, execution_date=20250207T000000, start_date=20250223T155238, end_date=20250223T155239
[2025-02-23T15:52:39.239+0000] {local_task_job_runner.py:266} INFO - Task exited with return code 0
[2025-02-23T15:52:39.253+0000] {local_task_job_runner.py:245} INFO - ::endgroup::
[2025-02-24T04:47:14.672+0000] {local_task_job_runner.py:123} INFO - ::group::Pre task execution logs
[2025-02-24T04:47:14.709+0000] {taskinstance.py:2614} INFO - Dependencies all met for dep_context=non-requeueable deps ti=<TaskInstance: my_first_dag.third_task scheduled__2025-02-07T00:00:00+00:00 [queued]>
[2025-02-24T04:47:14.725+0000] {taskinstance.py:2614} INFO - Dependencies all met for dep_context=requeueable deps ti=<TaskInstance: my_first_dag.third_task scheduled__2025-02-07T00:00:00+00:00 [queued]>
[2025-02-24T04:47:14.725+0000] {taskinstance.py:2867} INFO - Starting attempt 1 of 6
[2025-02-24T04:47:14.792+0000] {taskinstance.py:2890} INFO - Executing <Task(BashOperator): third_task> on 2025-02-07 00:00:00+00:00
[2025-02-24T04:47:14.822+0000] {logging_mixin.py:190} WARNING - /home/***/.local/lib/python3.12/site-packages/***/task/task_runner/standard_task_runner.py:70 DeprecationWarning: This process (pid=890) is multi-threaded, use of fork() may lead to deadlocks in the child.
[2025-02-24T04:47:14.824+0000] {standard_task_runner.py:72} INFO - Started process 922 to run task
[2025-02-24T04:47:14.823+0000] {standard_task_runner.py:104} INFO - Running: ['***', 'tasks', 'run', 'my_first_dag', 'third_task', 'scheduled__2025-02-07T00:00:00+00:00', '--job-id', '34', '--raw', '--subdir', 'DAGS_FOLDER/my_first_dags.py', '--cfg-path', '/tmp/tmpcnowycsv']
[2025-02-24T04:47:14.826+0000] {standard_task_runner.py:105} INFO - Job 34: Subtask third_task
[2025-02-24T04:47:14.908+0000] {task_command.py:467} INFO - Running <TaskInstance: my_first_dag.third_task scheduled__2025-02-07T00:00:00+00:00 [running]> on host 79e0cb3ed452
[2025-02-24T04:47:15.052+0000] {taskinstance.py:3134} INFO - Exporting env vars: AIRFLOW_CTX_DAG_OWNER='gzang' AIRFLOW_CTX_DAG_ID='my_first_dag' AIRFLOW_CTX_TASK_ID='third_task' AIRFLOW_CTX_EXECUTION_DATE='2025-02-07T00:00:00+00:00' AIRFLOW_CTX_TRY_NUMBER='1' AIRFLOW_CTX_DAG_RUN_ID='scheduled__2025-02-07T00:00:00+00:00'
[2025-02-24T04:47:15.055+0000] {taskinstance.py:732} INFO - ::endgroup::
[2025-02-24T04:47:15.080+0000] {subprocess.py:78} INFO - Tmp dir root location: /tmp
[2025-02-24T04:47:15.083+0000] {subprocess.py:88} INFO - Running command: ['/usr/bin/bash', '-c', 'echo finally, it will be done!!!']
[2025-02-24T04:47:15.099+0000] {subprocess.py:99} INFO - Output:
[2025-02-24T04:47:15.101+0000] {subprocess.py:106} INFO - finally, it will be done!!!
[2025-02-24T04:47:15.102+0000] {subprocess.py:110} INFO - Command exited with return code 0
[2025-02-24T04:47:15.145+0000] {taskinstance.py:341} INFO - ::group::Post task execution logs
[2025-02-24T04:47:15.146+0000] {taskinstance.py:353} INFO - Marking task as SUCCESS. dag_id=my_first_dag, task_id=third_task, run_id=scheduled__2025-02-07T00:00:00+00:00, execution_date=20250207T000000, start_date=20250224T044714, end_date=20250224T044715
[2025-02-24T04:47:15.256+0000] {local_task_job_runner.py:266} INFO - Task exited with return code 0
[2025-02-24T04:47:15.308+0000] {taskinstance.py:3901} INFO - 1 downstream tasks scheduled from follow-on schedule check
[2025-02-24T04:47:15.313+0000] {local_task_job_runner.py:245} INFO - ::endgroup::
