[2025-02-23T15:52:36.125+0000] {local_task_job_runner.py:123} INFO - ::group::Pre task execution logs
[2025-02-23T15:52:36.166+0000] {taskinstance.py:2614} INFO - Dependencies all met for dep_context=non-requeueable deps ti=<TaskInstance: my_first_dag.first_task scheduled__2025-02-03T00:00:00+00:00 [queued]>
[2025-02-23T15:52:36.177+0000] {taskinstance.py:2614} INFO - Dependencies all met for dep_context=requeueable deps ti=<TaskInstance: my_first_dag.first_task scheduled__2025-02-03T00:00:00+00:00 [queued]>
[2025-02-23T15:52:36.179+0000] {taskinstance.py:2867} INFO - Starting attempt 1 of 6
[2025-02-23T15:52:36.201+0000] {taskinstance.py:2890} INFO - Executing <Task(BashOperator): first_task> on 2025-02-03 00:00:00+00:00
[2025-02-23T15:52:36.217+0000] {standard_task_runner.py:104} INFO - Running: ['***', 'tasks', 'run', 'my_first_dag', 'first_task', 'scheduled__2025-02-03T00:00:00+00:00', '--job-id', '5', '--raw', '--subdir', 'DAGS_FOLDER/my_first_dags.py', '--cfg-path', '/tmp/tmpo_qr1es_']
[2025-02-23T15:52:36.226+0000] {standard_task_runner.py:105} INFO - Job 5: Subtask first_task
[2025-02-23T15:52:36.228+0000] {logging_mixin.py:190} WARNING - /home/***/.local/lib/python3.12/site-packages/***/task/task_runner/standard_task_runner.py:70 DeprecationWarning: This process (pid=1342) is multi-threaded, use of fork() may lead to deadlocks in the child.
[2025-02-23T15:52:36.230+0000] {standard_task_runner.py:72} INFO - Started process 1350 to run task
[2025-02-23T15:52:36.292+0000] {task_command.py:467} INFO - Running <TaskInstance: my_first_dag.first_task scheduled__2025-02-03T00:00:00+00:00 [running]> on host 2cebbf768e94
[2025-02-23T15:52:36.389+0000] {taskinstance.py:3134} INFO - Exporting env vars: AIRFLOW_CTX_DAG_OWNER='gzang' AIRFLOW_CTX_DAG_ID='my_first_dag' AIRFLOW_CTX_TASK_ID='first_task' AIRFLOW_CTX_EXECUTION_DATE='2025-02-03T00:00:00+00:00' AIRFLOW_CTX_TRY_NUMBER='1' AIRFLOW_CTX_DAG_RUN_ID='scheduled__2025-02-03T00:00:00+00:00'
[2025-02-23T15:52:36.390+0000] {taskinstance.py:732} INFO - ::endgroup::
[2025-02-23T15:52:36.410+0000] {subprocess.py:78} INFO - Tmp dir root location: /tmp
[2025-02-23T15:52:36.412+0000] {subprocess.py:88} INFO - Running command: ['/usr/bin/bash', '-c', 'echo hello world! the first task is defined!!!']
[2025-02-23T15:52:36.420+0000] {subprocess.py:99} INFO - Output:
[2025-02-23T15:52:36.421+0000] {subprocess.py:106} INFO - hello world! the first task is defined!!!
[2025-02-23T15:52:36.422+0000] {subprocess.py:110} INFO - Command exited with return code 0
[2025-02-23T15:52:36.447+0000] {taskinstance.py:341} INFO - ::group::Post task execution logs
[2025-02-23T15:52:36.449+0000] {taskinstance.py:353} INFO - Marking task as SUCCESS. dag_id=my_first_dag, task_id=first_task, run_id=scheduled__2025-02-03T00:00:00+00:00, execution_date=20250203T000000, start_date=20250223T155236, end_date=20250223T155236
[2025-02-23T15:52:36.491+0000] {local_task_job_runner.py:266} INFO - Task exited with return code 0
[2025-02-23T15:52:36.530+0000] {taskinstance.py:3901} INFO - 1 downstream tasks scheduled from follow-on schedule check
[2025-02-23T15:52:36.532+0000] {local_task_job_runner.py:245} INFO - ::endgroup::
[2025-02-24T04:47:12.687+0000] {local_task_job_runner.py:123} INFO - ::group::Pre task execution logs
[2025-02-24T04:47:12.718+0000] {taskinstance.py:2614} INFO - Dependencies all met for dep_context=non-requeueable deps ti=<TaskInstance: my_first_dag.first_task scheduled__2025-02-03T00:00:00+00:00 [queued]>
[2025-02-24T04:47:12.733+0000] {taskinstance.py:2614} INFO - Dependencies all met for dep_context=requeueable deps ti=<TaskInstance: my_first_dag.first_task scheduled__2025-02-03T00:00:00+00:00 [queued]>
[2025-02-24T04:47:12.734+0000] {taskinstance.py:2867} INFO - Starting attempt 1 of 6
[2025-02-24T04:47:12.809+0000] {taskinstance.py:2890} INFO - Executing <Task(BashOperator): first_task> on 2025-02-03 00:00:00+00:00
[2025-02-24T04:47:12.820+0000] {standard_task_runner.py:104} INFO - Running: ['***', 'tasks', 'run', 'my_first_dag', 'first_task', 'scheduled__2025-02-03T00:00:00+00:00', '--job-id', '5', '--raw', '--subdir', 'DAGS_FOLDER/my_first_dags.py', '--cfg-path', '/tmp/tmp5e84jsd3']
[2025-02-24T04:47:12.824+0000] {standard_task_runner.py:105} INFO - Job 5: Subtask first_task
[2025-02-24T04:47:12.824+0000] {logging_mixin.py:190} WARNING - /home/***/.local/lib/python3.12/site-packages/***/task/task_runner/standard_task_runner.py:70 DeprecationWarning: This process (pid=800) is multi-threaded, use of fork() may lead to deadlocks in the child.
[2025-02-24T04:47:12.826+0000] {standard_task_runner.py:72} INFO - Started process 807 to run task
[2025-02-24T04:47:12.881+0000] {task_command.py:467} INFO - Running <TaskInstance: my_first_dag.first_task scheduled__2025-02-03T00:00:00+00:00 [running]> on host 79e0cb3ed452
[2025-02-24T04:47:12.972+0000] {taskinstance.py:3134} INFO - Exporting env vars: AIRFLOW_CTX_DAG_OWNER='gzang' AIRFLOW_CTX_DAG_ID='my_first_dag' AIRFLOW_CTX_TASK_ID='first_task' AIRFLOW_CTX_EXECUTION_DATE='2025-02-03T00:00:00+00:00' AIRFLOW_CTX_TRY_NUMBER='1' AIRFLOW_CTX_DAG_RUN_ID='scheduled__2025-02-03T00:00:00+00:00'
[2025-02-24T04:47:12.974+0000] {taskinstance.py:732} INFO - ::endgroup::
[2025-02-24T04:47:12.988+0000] {subprocess.py:78} INFO - Tmp dir root location: /tmp
[2025-02-24T04:47:12.989+0000] {subprocess.py:88} INFO - Running command: ['/usr/bin/bash', '-c', 'echo hello world! the first task is defined!!!']
[2025-02-24T04:47:13.003+0000] {subprocess.py:99} INFO - Output:
[2025-02-24T04:47:13.004+0000] {subprocess.py:106} INFO - hello world! the first task is defined!!!
[2025-02-24T04:47:13.005+0000] {subprocess.py:110} INFO - Command exited with return code 0
[2025-02-24T04:47:13.030+0000] {taskinstance.py:341} INFO - ::group::Post task execution logs
[2025-02-24T04:47:13.031+0000] {taskinstance.py:353} INFO - Marking task as SUCCESS. dag_id=my_first_dag, task_id=first_task, run_id=scheduled__2025-02-03T00:00:00+00:00, execution_date=20250203T000000, start_date=20250224T044712, end_date=20250224T044713
[2025-02-24T04:47:13.083+0000] {local_task_job_runner.py:266} INFO - Task exited with return code 0
[2025-02-24T04:47:13.128+0000] {taskinstance.py:3901} INFO - 2 downstream tasks scheduled from follow-on schedule check
[2025-02-24T04:47:13.129+0000] {local_task_job_runner.py:245} INFO - ::endgroup::
