[2025-02-24T15:45:08.262+0000] {processor.py:186} INFO - Started process (PID=692) to work on /opt/airflow/dags/dag_with_taskflow_api.py
[2025-02-24T15:45:08.263+0000] {processor.py:914} INFO - Processing file /opt/airflow/dags/dag_with_taskflow_api.py for tasks to queue
[2025-02-24T15:45:08.266+0000] {logging_mixin.py:190} INFO - [2025-02-24T15:45:08.266+0000] {dagbag.py:588} INFO - Filling up the DagBag from /opt/airflow/dags/dag_with_taskflow_api.py
[2025-02-24T15:45:08.333+0000] {processor.py:925} INFO - DAG(s) 'dag_with_taskflow_api' retrieved from /opt/airflow/dags/dag_with_taskflow_api.py
[2025-02-24T15:45:08.429+0000] {logging_mixin.py:190} INFO - [2025-02-24T15:45:08.429+0000] {override.py:1912} INFO - Created Permission View: can edit on DAG:dag_with_taskflow_api
[2025-02-24T15:45:08.443+0000] {logging_mixin.py:190} INFO - [2025-02-24T15:45:08.442+0000] {override.py:1912} INFO - Created Permission View: can delete on DAG:dag_with_taskflow_api
[2025-02-24T15:45:08.451+0000] {logging_mixin.py:190} INFO - [2025-02-24T15:45:08.451+0000] {override.py:1912} INFO - Created Permission View: can read on DAG:dag_with_taskflow_api
[2025-02-24T15:45:08.461+0000] {logging_mixin.py:190} INFO - [2025-02-24T15:45:08.460+0000] {override.py:1912} INFO - Created Permission View: can delete on DAG Run:dag_with_taskflow_api
[2025-02-24T15:45:08.470+0000] {logging_mixin.py:190} INFO - [2025-02-24T15:45:08.470+0000] {override.py:1912} INFO - Created Permission View: can create on DAG Run:dag_with_taskflow_api
[2025-02-24T15:45:08.479+0000] {logging_mixin.py:190} INFO - [2025-02-24T15:45:08.479+0000] {override.py:1912} INFO - Created Permission View: menu access on DAG Run:dag_with_taskflow_api
[2025-02-24T15:45:08.487+0000] {logging_mixin.py:190} INFO - [2025-02-24T15:45:08.486+0000] {override.py:1912} INFO - Created Permission View: can read on DAG Run:dag_with_taskflow_api
[2025-02-24T15:45:08.488+0000] {logging_mixin.py:190} INFO - [2025-02-24T15:45:08.488+0000] {dag.py:3239} INFO - Sync 1 DAGs
[2025-02-24T15:45:08.501+0000] {logging_mixin.py:190} INFO - [2025-02-24T15:45:08.500+0000] {dag.py:3262} INFO - Creating ORM DAG for dag_with_taskflow_api
[2025-02-24T15:45:08.630+0000] {logging_mixin.py:190} INFO - [2025-02-24T15:45:08.630+0000] {dag.py:4180} INFO - Setting next_dagrun for dag_with_taskflow_api to 2025-02-01 00:00:00+00:00, run_after=2025-02-02 00:00:00+00:00
[2025-02-24T15:45:08.663+0000] {processor.py:208} INFO - Processing /opt/airflow/dags/dag_with_taskflow_api.py took 0.408 seconds
[2025-02-24T15:45:39.128+0000] {processor.py:186} INFO - Started process (PID=714) to work on /opt/airflow/dags/dag_with_taskflow_api.py
[2025-02-24T15:45:39.128+0000] {processor.py:914} INFO - Processing file /opt/airflow/dags/dag_with_taskflow_api.py for tasks to queue
[2025-02-24T15:45:39.131+0000] {logging_mixin.py:190} INFO - [2025-02-24T15:45:39.131+0000] {dagbag.py:588} INFO - Filling up the DagBag from /opt/airflow/dags/dag_with_taskflow_api.py
[2025-02-24T15:45:39.151+0000] {processor.py:925} INFO - DAG(s) 'dag_with_taskflow_api' retrieved from /opt/airflow/dags/dag_with_taskflow_api.py
[2025-02-24T15:45:39.175+0000] {logging_mixin.py:190} INFO - [2025-02-24T15:45:39.175+0000] {dag.py:3239} INFO - Sync 1 DAGs
[2025-02-24T15:45:39.195+0000] {logging_mixin.py:190} INFO - [2025-02-24T15:45:39.195+0000] {dag.py:4180} INFO - Setting next_dagrun for dag_with_taskflow_api to 2025-02-01 00:00:00+00:00, run_after=2025-02-02 00:00:00+00:00
[2025-02-24T15:45:39.220+0000] {processor.py:208} INFO - Processing /opt/airflow/dags/dag_with_taskflow_api.py took 0.097 seconds
[2025-02-24T15:46:09.398+0000] {processor.py:186} INFO - Started process (PID=943) to work on /opt/airflow/dags/dag_with_taskflow_api.py
[2025-02-24T15:46:09.399+0000] {processor.py:914} INFO - Processing file /opt/airflow/dags/dag_with_taskflow_api.py for tasks to queue
[2025-02-24T15:46:09.401+0000] {logging_mixin.py:190} INFO - [2025-02-24T15:46:09.401+0000] {dagbag.py:588} INFO - Filling up the DagBag from /opt/airflow/dags/dag_with_taskflow_api.py
[2025-02-24T15:46:09.421+0000] {processor.py:925} INFO - DAG(s) 'dag_with_taskflow_api' retrieved from /opt/airflow/dags/dag_with_taskflow_api.py
[2025-02-24T15:46:09.446+0000] {logging_mixin.py:190} INFO - [2025-02-24T15:46:09.445+0000] {dag.py:3239} INFO - Sync 1 DAGs
[2025-02-24T15:46:09.468+0000] {logging_mixin.py:190} INFO - [2025-02-24T15:46:09.467+0000] {dag.py:4180} INFO - Setting next_dagrun for dag_with_taskflow_api to 2025-02-24 00:00:00+00:00, run_after=2025-02-25 00:00:00+00:00
[2025-02-24T15:46:09.497+0000] {processor.py:208} INFO - Processing /opt/airflow/dags/dag_with_taskflow_api.py took 0.105 seconds
[2025-02-24T15:46:39.579+0000] {processor.py:186} INFO - Started process (PID=965) to work on /opt/airflow/dags/dag_with_taskflow_api.py
[2025-02-24T15:46:39.580+0000] {processor.py:914} INFO - Processing file /opt/airflow/dags/dag_with_taskflow_api.py for tasks to queue
[2025-02-24T15:46:39.583+0000] {logging_mixin.py:190} INFO - [2025-02-24T15:46:39.583+0000] {dagbag.py:588} INFO - Filling up the DagBag from /opt/airflow/dags/dag_with_taskflow_api.py
[2025-02-24T15:46:39.613+0000] {processor.py:925} INFO - DAG(s) 'dag_with_taskflow_api' retrieved from /opt/airflow/dags/dag_with_taskflow_api.py
[2025-02-24T15:46:39.645+0000] {logging_mixin.py:190} INFO - [2025-02-24T15:46:39.645+0000] {dag.py:3239} INFO - Sync 1 DAGs
[2025-02-24T15:46:39.670+0000] {logging_mixin.py:190} INFO - [2025-02-24T15:46:39.670+0000] {dag.py:4180} INFO - Setting next_dagrun for dag_with_taskflow_api to 2025-02-24 00:00:00+00:00, run_after=2025-02-25 00:00:00+00:00
[2025-02-24T15:46:39.706+0000] {processor.py:208} INFO - Processing /opt/airflow/dags/dag_with_taskflow_api.py took 0.134 seconds
[2025-02-24T15:47:10.412+0000] {processor.py:186} INFO - Started process (PID=993) to work on /opt/airflow/dags/dag_with_taskflow_api.py
[2025-02-24T15:47:10.413+0000] {processor.py:914} INFO - Processing file /opt/airflow/dags/dag_with_taskflow_api.py for tasks to queue
[2025-02-24T15:47:10.415+0000] {logging_mixin.py:190} INFO - [2025-02-24T15:47:10.415+0000] {dagbag.py:588} INFO - Filling up the DagBag from /opt/airflow/dags/dag_with_taskflow_api.py
[2025-02-24T15:47:10.434+0000] {processor.py:925} INFO - DAG(s) 'dag_with_taskflow_api' retrieved from /opt/airflow/dags/dag_with_taskflow_api.py
[2025-02-24T15:47:10.458+0000] {logging_mixin.py:190} INFO - [2025-02-24T15:47:10.458+0000] {dag.py:3239} INFO - Sync 1 DAGs
[2025-02-24T15:47:10.479+0000] {logging_mixin.py:190} INFO - [2025-02-24T15:47:10.479+0000] {dag.py:4180} INFO - Setting next_dagrun for dag_with_taskflow_api to 2025-02-24 00:00:00+00:00, run_after=2025-02-25 00:00:00+00:00
[2025-02-24T15:47:10.514+0000] {processor.py:208} INFO - Processing /opt/airflow/dags/dag_with_taskflow_api.py took 0.107 seconds
[2025-02-24T15:47:40.971+0000] {processor.py:186} INFO - Started process (PID=1015) to work on /opt/airflow/dags/dag_with_taskflow_api.py
[2025-02-24T15:47:40.973+0000] {processor.py:914} INFO - Processing file /opt/airflow/dags/dag_with_taskflow_api.py for tasks to queue
[2025-02-24T15:47:40.976+0000] {logging_mixin.py:190} INFO - [2025-02-24T15:47:40.975+0000] {dagbag.py:588} INFO - Filling up the DagBag from /opt/airflow/dags/dag_with_taskflow_api.py
[2025-02-24T15:47:41.002+0000] {processor.py:925} INFO - DAG(s) 'dag_with_taskflow_api' retrieved from /opt/airflow/dags/dag_with_taskflow_api.py
[2025-02-24T15:47:41.034+0000] {logging_mixin.py:190} INFO - [2025-02-24T15:47:41.033+0000] {dag.py:3239} INFO - Sync 1 DAGs
[2025-02-24T15:47:41.060+0000] {logging_mixin.py:190} INFO - [2025-02-24T15:47:41.060+0000] {dag.py:4180} INFO - Setting next_dagrun for dag_with_taskflow_api to 2025-02-24 00:00:00+00:00, run_after=2025-02-25 00:00:00+00:00
[2025-02-24T15:47:41.092+0000] {processor.py:208} INFO - Processing /opt/airflow/dags/dag_with_taskflow_api.py took 0.128 seconds
[2025-02-24T15:48:11.645+0000] {processor.py:186} INFO - Started process (PID=1037) to work on /opt/airflow/dags/dag_with_taskflow_api.py
[2025-02-24T15:48:11.646+0000] {processor.py:914} INFO - Processing file /opt/airflow/dags/dag_with_taskflow_api.py for tasks to queue
[2025-02-24T15:48:11.648+0000] {logging_mixin.py:190} INFO - [2025-02-24T15:48:11.648+0000] {dagbag.py:588} INFO - Filling up the DagBag from /opt/airflow/dags/dag_with_taskflow_api.py
[2025-02-24T15:48:11.678+0000] {processor.py:925} INFO - DAG(s) 'dag_with_taskflow_api' retrieved from /opt/airflow/dags/dag_with_taskflow_api.py
[2025-02-24T15:48:11.704+0000] {logging_mixin.py:190} INFO - [2025-02-24T15:48:11.703+0000] {dag.py:3239} INFO - Sync 1 DAGs
[2025-02-24T15:48:11.727+0000] {logging_mixin.py:190} INFO - [2025-02-24T15:48:11.727+0000] {dag.py:4180} INFO - Setting next_dagrun for dag_with_taskflow_api to 2025-02-24 00:00:00+00:00, run_after=2025-02-25 00:00:00+00:00
[2025-02-24T15:48:11.758+0000] {processor.py:208} INFO - Processing /opt/airflow/dags/dag_with_taskflow_api.py took 0.118 seconds
[2025-02-24T15:48:42.301+0000] {processor.py:186} INFO - Started process (PID=1059) to work on /opt/airflow/dags/dag_with_taskflow_api.py
[2025-02-24T15:48:42.355+0000] {processor.py:914} INFO - Processing file /opt/airflow/dags/dag_with_taskflow_api.py for tasks to queue
[2025-02-24T15:48:42.358+0000] {logging_mixin.py:190} INFO - [2025-02-24T15:48:42.358+0000] {dagbag.py:588} INFO - Filling up the DagBag from /opt/airflow/dags/dag_with_taskflow_api.py
[2025-02-24T15:48:42.454+0000] {processor.py:925} INFO - DAG(s) 'dag_with_taskflow_api' retrieved from /opt/airflow/dags/dag_with_taskflow_api.py
[2025-02-24T15:48:42.483+0000] {logging_mixin.py:190} INFO - [2025-02-24T15:48:42.483+0000] {dag.py:3239} INFO - Sync 1 DAGs
[2025-02-24T15:48:42.512+0000] {logging_mixin.py:190} INFO - [2025-02-24T15:48:42.511+0000] {dag.py:4180} INFO - Setting next_dagrun for dag_with_taskflow_api to 2025-02-24 00:00:00+00:00, run_after=2025-02-25 00:00:00+00:00
[2025-02-24T15:48:42.540+0000] {processor.py:208} INFO - Processing /opt/airflow/dags/dag_with_taskflow_api.py took 0.258 seconds
[2025-02-24T15:49:13.197+0000] {processor.py:186} INFO - Started process (PID=1081) to work on /opt/airflow/dags/dag_with_taskflow_api.py
[2025-02-24T15:49:13.198+0000] {processor.py:914} INFO - Processing file /opt/airflow/dags/dag_with_taskflow_api.py for tasks to queue
[2025-02-24T15:49:13.201+0000] {logging_mixin.py:190} INFO - [2025-02-24T15:49:13.200+0000] {dagbag.py:588} INFO - Filling up the DagBag from /opt/airflow/dags/dag_with_taskflow_api.py
[2025-02-24T15:49:13.241+0000] {processor.py:925} INFO - DAG(s) 'dag_with_taskflow_api' retrieved from /opt/airflow/dags/dag_with_taskflow_api.py
[2025-02-24T15:49:13.276+0000] {logging_mixin.py:190} INFO - [2025-02-24T15:49:13.276+0000] {dag.py:3239} INFO - Sync 1 DAGs
[2025-02-24T15:49:13.362+0000] {logging_mixin.py:190} INFO - [2025-02-24T15:49:13.361+0000] {dag.py:4180} INFO - Setting next_dagrun for dag_with_taskflow_api to 2025-02-24 00:00:00+00:00, run_after=2025-02-25 00:00:00+00:00
[2025-02-24T15:49:13.426+0000] {processor.py:208} INFO - Processing /opt/airflow/dags/dag_with_taskflow_api.py took 0.235 seconds
[2025-02-24T15:49:43.944+0000] {processor.py:186} INFO - Started process (PID=1103) to work on /opt/airflow/dags/dag_with_taskflow_api.py
[2025-02-24T15:49:43.946+0000] {processor.py:914} INFO - Processing file /opt/airflow/dags/dag_with_taskflow_api.py for tasks to queue
[2025-02-24T15:49:43.948+0000] {logging_mixin.py:190} INFO - [2025-02-24T15:49:43.948+0000] {dagbag.py:588} INFO - Filling up the DagBag from /opt/airflow/dags/dag_with_taskflow_api.py
[2025-02-24T15:49:43.979+0000] {processor.py:925} INFO - DAG(s) 'dag_with_taskflow_api' retrieved from /opt/airflow/dags/dag_with_taskflow_api.py
[2025-02-24T15:49:44.004+0000] {logging_mixin.py:190} INFO - [2025-02-24T15:49:44.004+0000] {dag.py:3239} INFO - Sync 1 DAGs
[2025-02-24T15:49:44.025+0000] {logging_mixin.py:190} INFO - [2025-02-24T15:49:44.025+0000] {dag.py:4180} INFO - Setting next_dagrun for dag_with_taskflow_api to 2025-02-24 00:00:00+00:00, run_after=2025-02-25 00:00:00+00:00
[2025-02-24T15:49:44.058+0000] {processor.py:208} INFO - Processing /opt/airflow/dags/dag_with_taskflow_api.py took 0.118 seconds
[2025-02-24T15:50:14.677+0000] {processor.py:186} INFO - Started process (PID=1125) to work on /opt/airflow/dags/dag_with_taskflow_api.py
[2025-02-24T15:50:14.678+0000] {processor.py:914} INFO - Processing file /opt/airflow/dags/dag_with_taskflow_api.py for tasks to queue
[2025-02-24T15:50:14.681+0000] {logging_mixin.py:190} INFO - [2025-02-24T15:50:14.681+0000] {dagbag.py:588} INFO - Filling up the DagBag from /opt/airflow/dags/dag_with_taskflow_api.py
[2025-02-24T15:50:14.720+0000] {processor.py:925} INFO - DAG(s) 'dag_with_taskflow_api' retrieved from /opt/airflow/dags/dag_with_taskflow_api.py
[2025-02-24T15:50:14.746+0000] {logging_mixin.py:190} INFO - [2025-02-24T15:50:14.745+0000] {dag.py:3239} INFO - Sync 1 DAGs
[2025-02-24T15:50:14.767+0000] {logging_mixin.py:190} INFO - [2025-02-24T15:50:14.767+0000] {dag.py:4180} INFO - Setting next_dagrun for dag_with_taskflow_api to 2025-02-24 00:00:00+00:00, run_after=2025-02-25 00:00:00+00:00
[2025-02-24T15:50:14.798+0000] {processor.py:208} INFO - Processing /opt/airflow/dags/dag_with_taskflow_api.py took 0.126 seconds
[2025-02-24T15:50:44.745+0000] {processor.py:186} INFO - Started process (PID=1147) to work on /opt/airflow/dags/dag_with_taskflow_api.py
[2025-02-24T15:50:44.746+0000] {processor.py:914} INFO - Processing file /opt/airflow/dags/dag_with_taskflow_api.py for tasks to queue
[2025-02-24T15:50:44.748+0000] {logging_mixin.py:190} INFO - [2025-02-24T15:50:44.748+0000] {dagbag.py:588} INFO - Filling up the DagBag from /opt/airflow/dags/dag_with_taskflow_api.py
[2025-02-24T15:50:44.788+0000] {processor.py:925} INFO - DAG(s) 'dag_with_taskflow_api' retrieved from /opt/airflow/dags/dag_with_taskflow_api.py
[2025-02-24T15:50:44.902+0000] {logging_mixin.py:190} INFO - [2025-02-24T15:50:44.901+0000] {dag.py:3239} INFO - Sync 1 DAGs
[2025-02-24T15:50:44.921+0000] {logging_mixin.py:190} INFO - [2025-02-24T15:50:44.920+0000] {dag.py:4180} INFO - Setting next_dagrun for dag_with_taskflow_api to 2025-02-24 00:00:00+00:00, run_after=2025-02-25 00:00:00+00:00
[2025-02-24T15:50:44.956+0000] {processor.py:208} INFO - Processing /opt/airflow/dags/dag_with_taskflow_api.py took 0.216 seconds
[2025-02-24T15:51:15.256+0000] {processor.py:186} INFO - Started process (PID=1169) to work on /opt/airflow/dags/dag_with_taskflow_api.py
[2025-02-24T15:51:15.258+0000] {processor.py:914} INFO - Processing file /opt/airflow/dags/dag_with_taskflow_api.py for tasks to queue
[2025-02-24T15:51:15.261+0000] {logging_mixin.py:190} INFO - [2025-02-24T15:51:15.260+0000] {dagbag.py:588} INFO - Filling up the DagBag from /opt/airflow/dags/dag_with_taskflow_api.py
[2025-02-24T15:51:15.289+0000] {processor.py:925} INFO - DAG(s) 'dag_with_taskflow_api' retrieved from /opt/airflow/dags/dag_with_taskflow_api.py
[2025-02-24T15:51:15.318+0000] {logging_mixin.py:190} INFO - [2025-02-24T15:51:15.317+0000] {dag.py:3239} INFO - Sync 1 DAGs
[2025-02-24T15:51:15.341+0000] {logging_mixin.py:190} INFO - [2025-02-24T15:51:15.341+0000] {dag.py:4180} INFO - Setting next_dagrun for dag_with_taskflow_api to 2025-02-24 00:00:00+00:00, run_after=2025-02-25 00:00:00+00:00
[2025-02-24T15:51:15.371+0000] {processor.py:208} INFO - Processing /opt/airflow/dags/dag_with_taskflow_api.py took 0.120 seconds
[2025-02-24T15:51:46.042+0000] {processor.py:186} INFO - Started process (PID=1191) to work on /opt/airflow/dags/dag_with_taskflow_api.py
[2025-02-24T15:51:46.044+0000] {processor.py:914} INFO - Processing file /opt/airflow/dags/dag_with_taskflow_api.py for tasks to queue
[2025-02-24T15:51:46.047+0000] {logging_mixin.py:190} INFO - [2025-02-24T15:51:46.047+0000] {dagbag.py:588} INFO - Filling up the DagBag from /opt/airflow/dags/dag_with_taskflow_api.py
[2025-02-24T15:51:46.087+0000] {processor.py:925} INFO - DAG(s) 'dag_with_taskflow_api' retrieved from /opt/airflow/dags/dag_with_taskflow_api.py
[2025-02-24T15:51:46.111+0000] {logging_mixin.py:190} INFO - [2025-02-24T15:51:46.111+0000] {dag.py:3239} INFO - Sync 1 DAGs
[2025-02-24T15:51:46.132+0000] {logging_mixin.py:190} INFO - [2025-02-24T15:51:46.131+0000] {dag.py:4180} INFO - Setting next_dagrun for dag_with_taskflow_api to 2025-02-24 00:00:00+00:00, run_after=2025-02-25 00:00:00+00:00
[2025-02-24T15:51:46.163+0000] {processor.py:208} INFO - Processing /opt/airflow/dags/dag_with_taskflow_api.py took 0.130 seconds
[2025-02-24T15:52:16.644+0000] {processor.py:186} INFO - Started process (PID=1213) to work on /opt/airflow/dags/dag_with_taskflow_api.py
[2025-02-24T15:52:16.646+0000] {processor.py:914} INFO - Processing file /opt/airflow/dags/dag_with_taskflow_api.py for tasks to queue
[2025-02-24T15:52:16.649+0000] {logging_mixin.py:190} INFO - [2025-02-24T15:52:16.648+0000] {dagbag.py:588} INFO - Filling up the DagBag from /opt/airflow/dags/dag_with_taskflow_api.py
[2025-02-24T15:52:16.683+0000] {processor.py:925} INFO - DAG(s) 'dag_with_taskflow_api' retrieved from /opt/airflow/dags/dag_with_taskflow_api.py
[2025-02-24T15:52:16.708+0000] {logging_mixin.py:190} INFO - [2025-02-24T15:52:16.708+0000] {dag.py:3239} INFO - Sync 1 DAGs
[2025-02-24T15:52:16.729+0000] {logging_mixin.py:190} INFO - [2025-02-24T15:52:16.728+0000] {dag.py:4180} INFO - Setting next_dagrun for dag_with_taskflow_api to 2025-02-24 00:00:00+00:00, run_after=2025-02-25 00:00:00+00:00
[2025-02-24T15:52:16.762+0000] {processor.py:208} INFO - Processing /opt/airflow/dags/dag_with_taskflow_api.py took 0.124 seconds
[2025-02-24T15:52:46.963+0000] {processor.py:186} INFO - Started process (PID=1244) to work on /opt/airflow/dags/dag_with_taskflow_api.py
[2025-02-24T15:52:46.965+0000] {processor.py:914} INFO - Processing file /opt/airflow/dags/dag_with_taskflow_api.py for tasks to queue
[2025-02-24T15:52:46.967+0000] {logging_mixin.py:190} INFO - [2025-02-24T15:52:46.967+0000] {dagbag.py:588} INFO - Filling up the DagBag from /opt/airflow/dags/dag_with_taskflow_api.py
[2025-02-24T15:52:47.012+0000] {processor.py:925} INFO - DAG(s) 'dag_with_taskflow_api' retrieved from /opt/airflow/dags/dag_with_taskflow_api.py
[2025-02-24T15:52:47.041+0000] {logging_mixin.py:190} INFO - [2025-02-24T15:52:47.040+0000] {dag.py:3239} INFO - Sync 1 DAGs
[2025-02-24T15:52:47.067+0000] {logging_mixin.py:190} INFO - [2025-02-24T15:52:47.067+0000] {dag.py:4180} INFO - Setting next_dagrun for dag_with_taskflow_api to 2025-02-24 00:00:00+00:00, run_after=2025-02-25 00:00:00+00:00
[2025-02-24T15:52:47.088+0000] {processor.py:208} INFO - Processing /opt/airflow/dags/dag_with_taskflow_api.py took 0.131 seconds
[2025-02-24T15:53:17.690+0000] {processor.py:186} INFO - Started process (PID=1266) to work on /opt/airflow/dags/dag_with_taskflow_api.py
[2025-02-24T15:53:17.691+0000] {processor.py:914} INFO - Processing file /opt/airflow/dags/dag_with_taskflow_api.py for tasks to queue
[2025-02-24T15:53:17.693+0000] {logging_mixin.py:190} INFO - [2025-02-24T15:53:17.693+0000] {dagbag.py:588} INFO - Filling up the DagBag from /opt/airflow/dags/dag_with_taskflow_api.py
[2025-02-24T15:53:17.731+0000] {processor.py:925} INFO - DAG(s) 'dag_with_taskflow_api' retrieved from /opt/airflow/dags/dag_with_taskflow_api.py
[2025-02-24T15:53:17.754+0000] {logging_mixin.py:190} INFO - [2025-02-24T15:53:17.754+0000] {dag.py:3239} INFO - Sync 1 DAGs
[2025-02-24T15:53:17.776+0000] {logging_mixin.py:190} INFO - [2025-02-24T15:53:17.775+0000] {dag.py:4180} INFO - Setting next_dagrun for dag_with_taskflow_api to 2025-02-24 00:00:00+00:00, run_after=2025-02-25 00:00:00+00:00
[2025-02-24T15:53:17.808+0000] {processor.py:208} INFO - Processing /opt/airflow/dags/dag_with_taskflow_api.py took 0.124 seconds
[2025-02-24T15:53:47.916+0000] {processor.py:186} INFO - Started process (PID=1288) to work on /opt/airflow/dags/dag_with_taskflow_api.py
[2025-02-24T15:53:47.917+0000] {processor.py:914} INFO - Processing file /opt/airflow/dags/dag_with_taskflow_api.py for tasks to queue
[2025-02-24T15:53:47.920+0000] {logging_mixin.py:190} INFO - [2025-02-24T15:53:47.919+0000] {dagbag.py:588} INFO - Filling up the DagBag from /opt/airflow/dags/dag_with_taskflow_api.py
[2025-02-24T15:53:47.958+0000] {processor.py:925} INFO - DAG(s) 'dag_with_taskflow_api' retrieved from /opt/airflow/dags/dag_with_taskflow_api.py
[2025-02-24T15:53:47.982+0000] {logging_mixin.py:190} INFO - [2025-02-24T15:53:47.982+0000] {dag.py:3239} INFO - Sync 1 DAGs
[2025-02-24T15:53:48.003+0000] {logging_mixin.py:190} INFO - [2025-02-24T15:53:48.003+0000] {dag.py:4180} INFO - Setting next_dagrun for dag_with_taskflow_api to 2025-02-24 00:00:00+00:00, run_after=2025-02-25 00:00:00+00:00
[2025-02-24T15:53:48.035+0000] {processor.py:208} INFO - Processing /opt/airflow/dags/dag_with_taskflow_api.py took 0.124 seconds
[2025-02-24T15:54:18.648+0000] {processor.py:186} INFO - Started process (PID=1310) to work on /opt/airflow/dags/dag_with_taskflow_api.py
[2025-02-24T15:54:18.649+0000] {processor.py:914} INFO - Processing file /opt/airflow/dags/dag_with_taskflow_api.py for tasks to queue
[2025-02-24T15:54:18.651+0000] {logging_mixin.py:190} INFO - [2025-02-24T15:54:18.650+0000] {dagbag.py:588} INFO - Filling up the DagBag from /opt/airflow/dags/dag_with_taskflow_api.py
[2025-02-24T15:54:18.666+0000] {processor.py:925} INFO - DAG(s) 'dag_with_taskflow_api' retrieved from /opt/airflow/dags/dag_with_taskflow_api.py
[2025-02-24T15:54:18.690+0000] {logging_mixin.py:190} INFO - [2025-02-24T15:54:18.690+0000] {dag.py:3239} INFO - Sync 1 DAGs
[2025-02-24T15:54:18.711+0000] {logging_mixin.py:190} INFO - [2025-02-24T15:54:18.710+0000] {dag.py:4180} INFO - Setting next_dagrun for dag_with_taskflow_api to 2025-02-24 00:00:00+00:00, run_after=2025-02-25 00:00:00+00:00
[2025-02-24T15:54:18.731+0000] {processor.py:208} INFO - Processing /opt/airflow/dags/dag_with_taskflow_api.py took 0.089 seconds
[2025-02-24T15:54:49.273+0000] {processor.py:186} INFO - Started process (PID=1332) to work on /opt/airflow/dags/dag_with_taskflow_api.py
[2025-02-24T15:54:49.274+0000] {processor.py:914} INFO - Processing file /opt/airflow/dags/dag_with_taskflow_api.py for tasks to queue
[2025-02-24T15:54:49.276+0000] {logging_mixin.py:190} INFO - [2025-02-24T15:54:49.276+0000] {dagbag.py:588} INFO - Filling up the DagBag from /opt/airflow/dags/dag_with_taskflow_api.py
[2025-02-24T15:54:49.295+0000] {processor.py:925} INFO - DAG(s) 'dag_with_taskflow_api' retrieved from /opt/airflow/dags/dag_with_taskflow_api.py
[2025-02-24T15:54:49.318+0000] {logging_mixin.py:190} INFO - [2025-02-24T15:54:49.318+0000] {dag.py:3239} INFO - Sync 1 DAGs
[2025-02-24T15:54:49.338+0000] {logging_mixin.py:190} INFO - [2025-02-24T15:54:49.338+0000] {dag.py:4180} INFO - Setting next_dagrun for dag_with_taskflow_api to 2025-02-24 00:00:00+00:00, run_after=2025-02-25 00:00:00+00:00
[2025-02-24T15:54:49.367+0000] {processor.py:208} INFO - Processing /opt/airflow/dags/dag_with_taskflow_api.py took 0.100 seconds
[2025-02-24T15:55:19.458+0000] {processor.py:186} INFO - Started process (PID=1354) to work on /opt/airflow/dags/dag_with_taskflow_api.py
[2025-02-24T15:55:19.459+0000] {processor.py:914} INFO - Processing file /opt/airflow/dags/dag_with_taskflow_api.py for tasks to queue
[2025-02-24T15:55:19.462+0000] {logging_mixin.py:190} INFO - [2025-02-24T15:55:19.461+0000] {dagbag.py:588} INFO - Filling up the DagBag from /opt/airflow/dags/dag_with_taskflow_api.py
[2025-02-24T15:55:19.494+0000] {processor.py:925} INFO - DAG(s) 'dag_with_taskflow_api' retrieved from /opt/airflow/dags/dag_with_taskflow_api.py
[2025-02-24T15:55:19.520+0000] {logging_mixin.py:190} INFO - [2025-02-24T15:55:19.519+0000] {dag.py:3239} INFO - Sync 1 DAGs
[2025-02-24T15:55:19.542+0000] {logging_mixin.py:190} INFO - [2025-02-24T15:55:19.541+0000] {dag.py:4180} INFO - Setting next_dagrun for dag_with_taskflow_api to 2025-02-24 00:00:00+00:00, run_after=2025-02-25 00:00:00+00:00
[2025-02-24T15:55:19.560+0000] {processor.py:208} INFO - Processing /opt/airflow/dags/dag_with_taskflow_api.py took 0.108 seconds
[2025-02-24T15:55:49.993+0000] {processor.py:186} INFO - Started process (PID=1370) to work on /opt/airflow/dags/dag_with_taskflow_api.py
[2025-02-24T15:55:49.994+0000] {processor.py:914} INFO - Processing file /opt/airflow/dags/dag_with_taskflow_api.py for tasks to queue
[2025-02-24T15:55:49.996+0000] {logging_mixin.py:190} INFO - [2025-02-24T15:55:49.995+0000] {dagbag.py:588} INFO - Filling up the DagBag from /opt/airflow/dags/dag_with_taskflow_api.py
[2025-02-24T15:55:50.016+0000] {processor.py:925} INFO - DAG(s) 'dag_with_taskflow_api' retrieved from /opt/airflow/dags/dag_with_taskflow_api.py
[2025-02-24T15:55:50.040+0000] {logging_mixin.py:190} INFO - [2025-02-24T15:55:50.040+0000] {dag.py:3239} INFO - Sync 1 DAGs
[2025-02-24T15:55:50.063+0000] {logging_mixin.py:190} INFO - [2025-02-24T15:55:50.062+0000] {dag.py:4180} INFO - Setting next_dagrun for dag_with_taskflow_api to 2025-02-24 00:00:00+00:00, run_after=2025-02-25 00:00:00+00:00
[2025-02-24T15:55:50.091+0000] {processor.py:208} INFO - Processing /opt/airflow/dags/dag_with_taskflow_api.py took 0.103 seconds
[2025-02-24T15:56:20.597+0000] {processor.py:186} INFO - Started process (PID=1393) to work on /opt/airflow/dags/dag_with_taskflow_api.py
[2025-02-24T15:56:20.598+0000] {processor.py:914} INFO - Processing file /opt/airflow/dags/dag_with_taskflow_api.py for tasks to queue
[2025-02-24T15:56:20.601+0000] {logging_mixin.py:190} INFO - [2025-02-24T15:56:20.601+0000] {dagbag.py:588} INFO - Filling up the DagBag from /opt/airflow/dags/dag_with_taskflow_api.py
[2025-02-24T15:56:20.622+0000] {processor.py:925} INFO - DAG(s) 'dag_with_taskflow_api' retrieved from /opt/airflow/dags/dag_with_taskflow_api.py
[2025-02-24T15:56:20.647+0000] {logging_mixin.py:190} INFO - [2025-02-24T15:56:20.646+0000] {dag.py:3239} INFO - Sync 1 DAGs
[2025-02-24T15:56:20.670+0000] {logging_mixin.py:190} INFO - [2025-02-24T15:56:20.670+0000] {dag.py:4180} INFO - Setting next_dagrun for dag_with_taskflow_api to 2025-02-24 00:00:00+00:00, run_after=2025-02-25 00:00:00+00:00
[2025-02-24T15:56:20.701+0000] {processor.py:208} INFO - Processing /opt/airflow/dags/dag_with_taskflow_api.py took 0.114 seconds
[2025-02-24T15:56:51.251+0000] {processor.py:186} INFO - Started process (PID=1415) to work on /opt/airflow/dags/dag_with_taskflow_api.py
[2025-02-24T15:56:51.253+0000] {processor.py:914} INFO - Processing file /opt/airflow/dags/dag_with_taskflow_api.py for tasks to queue
[2025-02-24T15:56:51.256+0000] {logging_mixin.py:190} INFO - [2025-02-24T15:56:51.255+0000] {dagbag.py:588} INFO - Filling up the DagBag from /opt/airflow/dags/dag_with_taskflow_api.py
[2025-02-24T15:56:51.286+0000] {processor.py:925} INFO - DAG(s) 'dag_with_taskflow_api' retrieved from /opt/airflow/dags/dag_with_taskflow_api.py
[2025-02-24T15:56:51.317+0000] {logging_mixin.py:190} INFO - [2025-02-24T15:56:51.317+0000] {dag.py:3239} INFO - Sync 1 DAGs
[2025-02-24T15:56:51.344+0000] {logging_mixin.py:190} INFO - [2025-02-24T15:56:51.344+0000] {dag.py:4180} INFO - Setting next_dagrun for dag_with_taskflow_api to 2025-02-24 00:00:00+00:00, run_after=2025-02-25 00:00:00+00:00
[2025-02-24T15:56:51.378+0000] {processor.py:208} INFO - Processing /opt/airflow/dags/dag_with_taskflow_api.py took 0.134 seconds
[2025-02-24T15:57:21.891+0000] {processor.py:186} INFO - Started process (PID=1437) to work on /opt/airflow/dags/dag_with_taskflow_api.py
[2025-02-24T15:57:21.893+0000] {processor.py:914} INFO - Processing file /opt/airflow/dags/dag_with_taskflow_api.py for tasks to queue
[2025-02-24T15:57:21.896+0000] {logging_mixin.py:190} INFO - [2025-02-24T15:57:21.896+0000] {dagbag.py:588} INFO - Filling up the DagBag from /opt/airflow/dags/dag_with_taskflow_api.py
[2025-02-24T15:57:21.927+0000] {processor.py:925} INFO - DAG(s) 'dag_with_taskflow_api' retrieved from /opt/airflow/dags/dag_with_taskflow_api.py
[2025-02-24T15:57:21.965+0000] {logging_mixin.py:190} INFO - [2025-02-24T15:57:21.965+0000] {dag.py:3239} INFO - Sync 1 DAGs
[2025-02-24T15:57:21.989+0000] {logging_mixin.py:190} INFO - [2025-02-24T15:57:21.989+0000] {dag.py:4180} INFO - Setting next_dagrun for dag_with_taskflow_api to 2025-02-24 00:00:00+00:00, run_after=2025-02-25 00:00:00+00:00
[2025-02-24T15:57:22.018+0000] {processor.py:208} INFO - Processing /opt/airflow/dags/dag_with_taskflow_api.py took 0.133 seconds
[2025-02-24T15:57:52.542+0000] {processor.py:186} INFO - Started process (PID=1459) to work on /opt/airflow/dags/dag_with_taskflow_api.py
[2025-02-24T15:57:52.598+0000] {processor.py:914} INFO - Processing file /opt/airflow/dags/dag_with_taskflow_api.py for tasks to queue
[2025-02-24T15:57:52.600+0000] {logging_mixin.py:190} INFO - [2025-02-24T15:57:52.600+0000] {dagbag.py:588} INFO - Filling up the DagBag from /opt/airflow/dags/dag_with_taskflow_api.py
[2025-02-24T15:57:52.625+0000] {processor.py:925} INFO - DAG(s) 'dag_with_taskflow_api' retrieved from /opt/airflow/dags/dag_with_taskflow_api.py
[2025-02-24T15:57:52.662+0000] {logging_mixin.py:190} INFO - [2025-02-24T15:57:52.662+0000] {dag.py:3239} INFO - Sync 1 DAGs
[2025-02-24T15:57:52.696+0000] {logging_mixin.py:190} INFO - [2025-02-24T15:57:52.695+0000] {dag.py:4180} INFO - Setting next_dagrun for dag_with_taskflow_api to 2025-02-24 00:00:00+00:00, run_after=2025-02-25 00:00:00+00:00
[2025-02-24T15:57:52.721+0000] {processor.py:208} INFO - Processing /opt/airflow/dags/dag_with_taskflow_api.py took 0.185 seconds
[2025-02-24T15:58:23.223+0000] {processor.py:186} INFO - Started process (PID=1481) to work on /opt/airflow/dags/dag_with_taskflow_api.py
[2025-02-24T15:58:23.224+0000] {processor.py:914} INFO - Processing file /opt/airflow/dags/dag_with_taskflow_api.py for tasks to queue
[2025-02-24T15:58:23.226+0000] {logging_mixin.py:190} INFO - [2025-02-24T15:58:23.226+0000] {dagbag.py:588} INFO - Filling up the DagBag from /opt/airflow/dags/dag_with_taskflow_api.py
[2025-02-24T15:58:23.252+0000] {processor.py:925} INFO - DAG(s) 'dag_with_taskflow_api' retrieved from /opt/airflow/dags/dag_with_taskflow_api.py
[2025-02-24T15:58:23.276+0000] {logging_mixin.py:190} INFO - [2025-02-24T15:58:23.276+0000] {dag.py:3239} INFO - Sync 1 DAGs
[2025-02-24T15:58:23.297+0000] {logging_mixin.py:190} INFO - [2025-02-24T15:58:23.297+0000] {dag.py:4180} INFO - Setting next_dagrun for dag_with_taskflow_api to 2025-02-24 00:00:00+00:00, run_after=2025-02-25 00:00:00+00:00
[2025-02-24T15:58:23.324+0000] {processor.py:208} INFO - Processing /opt/airflow/dags/dag_with_taskflow_api.py took 0.106 seconds
[2025-02-24T15:58:53.933+0000] {processor.py:186} INFO - Started process (PID=1503) to work on /opt/airflow/dags/dag_with_taskflow_api.py
[2025-02-24T15:58:53.934+0000] {processor.py:914} INFO - Processing file /opt/airflow/dags/dag_with_taskflow_api.py for tasks to queue
[2025-02-24T15:58:53.937+0000] {logging_mixin.py:190} INFO - [2025-02-24T15:58:53.937+0000] {dagbag.py:588} INFO - Filling up the DagBag from /opt/airflow/dags/dag_with_taskflow_api.py
[2025-02-24T15:58:53.955+0000] {processor.py:925} INFO - DAG(s) 'dag_with_taskflow_api' retrieved from /opt/airflow/dags/dag_with_taskflow_api.py
[2025-02-24T15:58:53.978+0000] {logging_mixin.py:190} INFO - [2025-02-24T15:58:53.978+0000] {dag.py:3239} INFO - Sync 1 DAGs
[2025-02-24T15:58:53.999+0000] {logging_mixin.py:190} INFO - [2025-02-24T15:58:53.999+0000] {dag.py:4180} INFO - Setting next_dagrun for dag_with_taskflow_api to 2025-02-24 00:00:00+00:00, run_after=2025-02-25 00:00:00+00:00
[2025-02-24T15:58:54.026+0000] {processor.py:208} INFO - Processing /opt/airflow/dags/dag_with_taskflow_api.py took 0.099 seconds
[2025-02-24T15:59:24.514+0000] {processor.py:186} INFO - Started process (PID=1525) to work on /opt/airflow/dags/dag_with_taskflow_api.py
[2025-02-24T15:59:24.515+0000] {processor.py:914} INFO - Processing file /opt/airflow/dags/dag_with_taskflow_api.py for tasks to queue
[2025-02-24T15:59:24.518+0000] {logging_mixin.py:190} INFO - [2025-02-24T15:59:24.517+0000] {dagbag.py:588} INFO - Filling up the DagBag from /opt/airflow/dags/dag_with_taskflow_api.py
[2025-02-24T15:59:24.548+0000] {processor.py:925} INFO - DAG(s) 'dag_with_taskflow_api' retrieved from /opt/airflow/dags/dag_with_taskflow_api.py
[2025-02-24T15:59:24.578+0000] {logging_mixin.py:190} INFO - [2025-02-24T15:59:24.578+0000] {dag.py:3239} INFO - Sync 1 DAGs
[2025-02-24T15:59:24.600+0000] {logging_mixin.py:190} INFO - [2025-02-24T15:59:24.600+0000] {dag.py:4180} INFO - Setting next_dagrun for dag_with_taskflow_api to 2025-02-24 00:00:00+00:00, run_after=2025-02-25 00:00:00+00:00
[2025-02-24T15:59:24.634+0000] {processor.py:208} INFO - Processing /opt/airflow/dags/dag_with_taskflow_api.py took 0.126 seconds
[2025-02-24T15:59:55.377+0000] {processor.py:186} INFO - Started process (PID=1547) to work on /opt/airflow/dags/dag_with_taskflow_api.py
[2025-02-24T15:59:55.378+0000] {processor.py:914} INFO - Processing file /opt/airflow/dags/dag_with_taskflow_api.py for tasks to queue
[2025-02-24T15:59:55.381+0000] {logging_mixin.py:190} INFO - [2025-02-24T15:59:55.380+0000] {dagbag.py:588} INFO - Filling up the DagBag from /opt/airflow/dags/dag_with_taskflow_api.py
[2025-02-24T15:59:55.400+0000] {processor.py:925} INFO - DAG(s) 'dag_with_taskflow_api' retrieved from /opt/airflow/dags/dag_with_taskflow_api.py
[2025-02-24T15:59:55.437+0000] {logging_mixin.py:190} INFO - [2025-02-24T15:59:55.437+0000] {dag.py:3239} INFO - Sync 1 DAGs
[2025-02-24T15:59:55.472+0000] {logging_mixin.py:190} INFO - [2025-02-24T15:59:55.471+0000] {dag.py:4180} INFO - Setting next_dagrun for dag_with_taskflow_api to 2025-02-24 00:00:00+00:00, run_after=2025-02-25 00:00:00+00:00
[2025-02-24T15:59:55.505+0000] {processor.py:208} INFO - Processing /opt/airflow/dags/dag_with_taskflow_api.py took 0.137 seconds
[2025-02-24T16:00:25.049+0000] {processor.py:186} INFO - Started process (PID=1569) to work on /opt/airflow/dags/dag_with_taskflow_api.py
[2025-02-24T16:00:25.050+0000] {processor.py:914} INFO - Processing file /opt/airflow/dags/dag_with_taskflow_api.py for tasks to queue
[2025-02-24T16:00:25.052+0000] {logging_mixin.py:190} INFO - [2025-02-24T16:00:25.052+0000] {dagbag.py:588} INFO - Filling up the DagBag from /opt/airflow/dags/dag_with_taskflow_api.py
[2025-02-24T16:00:25.085+0000] {processor.py:925} INFO - DAG(s) 'dag_with_taskflow_api' retrieved from /opt/airflow/dags/dag_with_taskflow_api.py
[2025-02-24T16:00:25.115+0000] {logging_mixin.py:190} INFO - [2025-02-24T16:00:25.115+0000] {dag.py:3239} INFO - Sync 1 DAGs
[2025-02-24T16:00:25.143+0000] {logging_mixin.py:190} INFO - [2025-02-24T16:00:25.142+0000] {dag.py:4180} INFO - Setting next_dagrun for dag_with_taskflow_api to 2025-02-24 00:00:00+00:00, run_after=2025-02-25 00:00:00+00:00
[2025-02-24T16:00:25.177+0000] {processor.py:208} INFO - Processing /opt/airflow/dags/dag_with_taskflow_api.py took 0.133 seconds
[2025-02-24T16:00:55.664+0000] {processor.py:186} INFO - Started process (PID=1591) to work on /opt/airflow/dags/dag_with_taskflow_api.py
[2025-02-24T16:00:55.667+0000] {processor.py:914} INFO - Processing file /opt/airflow/dags/dag_with_taskflow_api.py for tasks to queue
[2025-02-24T16:00:55.669+0000] {logging_mixin.py:190} INFO - [2025-02-24T16:00:55.669+0000] {dagbag.py:588} INFO - Filling up the DagBag from /opt/airflow/dags/dag_with_taskflow_api.py
[2025-02-24T16:00:55.689+0000] {processor.py:925} INFO - DAG(s) 'dag_with_taskflow_api' retrieved from /opt/airflow/dags/dag_with_taskflow_api.py
[2025-02-24T16:00:55.728+0000] {logging_mixin.py:190} INFO - [2025-02-24T16:00:55.728+0000] {dag.py:3239} INFO - Sync 1 DAGs
[2025-02-24T16:00:55.755+0000] {logging_mixin.py:190} INFO - [2025-02-24T16:00:55.754+0000] {dag.py:4180} INFO - Setting next_dagrun for dag_with_taskflow_api to 2025-02-24 00:00:00+00:00, run_after=2025-02-25 00:00:00+00:00
[2025-02-24T16:00:55.784+0000] {processor.py:208} INFO - Processing /opt/airflow/dags/dag_with_taskflow_api.py took 0.127 seconds
[2025-02-24T16:01:26.376+0000] {processor.py:186} INFO - Started process (PID=1613) to work on /opt/airflow/dags/dag_with_taskflow_api.py
[2025-02-24T16:01:26.378+0000] {processor.py:914} INFO - Processing file /opt/airflow/dags/dag_with_taskflow_api.py for tasks to queue
[2025-02-24T16:01:26.381+0000] {logging_mixin.py:190} INFO - [2025-02-24T16:01:26.381+0000] {dagbag.py:588} INFO - Filling up the DagBag from /opt/airflow/dags/dag_with_taskflow_api.py
[2025-02-24T16:01:26.429+0000] {processor.py:925} INFO - DAG(s) 'dag_with_taskflow_api' retrieved from /opt/airflow/dags/dag_with_taskflow_api.py
[2025-02-24T16:01:26.451+0000] {logging_mixin.py:190} INFO - [2025-02-24T16:01:26.451+0000] {dag.py:3239} INFO - Sync 1 DAGs
[2025-02-24T16:01:26.473+0000] {logging_mixin.py:190} INFO - [2025-02-24T16:01:26.473+0000] {dag.py:4180} INFO - Setting next_dagrun for dag_with_taskflow_api to 2025-02-24 00:00:00+00:00, run_after=2025-02-25 00:00:00+00:00
[2025-02-24T16:01:26.508+0000] {processor.py:208} INFO - Processing /opt/airflow/dags/dag_with_taskflow_api.py took 0.139 seconds
[2025-02-24T16:01:57.042+0000] {processor.py:186} INFO - Started process (PID=1635) to work on /opt/airflow/dags/dag_with_taskflow_api.py
[2025-02-24T16:01:57.043+0000] {processor.py:914} INFO - Processing file /opt/airflow/dags/dag_with_taskflow_api.py for tasks to queue
[2025-02-24T16:01:57.046+0000] {logging_mixin.py:190} INFO - [2025-02-24T16:01:57.046+0000] {dagbag.py:588} INFO - Filling up the DagBag from /opt/airflow/dags/dag_with_taskflow_api.py
[2025-02-24T16:01:57.098+0000] {processor.py:925} INFO - DAG(s) 'dag_with_taskflow_api' retrieved from /opt/airflow/dags/dag_with_taskflow_api.py
[2025-02-24T16:01:57.125+0000] {logging_mixin.py:190} INFO - [2025-02-24T16:01:57.125+0000] {dag.py:3239} INFO - Sync 1 DAGs
[2025-02-24T16:01:57.148+0000] {logging_mixin.py:190} INFO - [2025-02-24T16:01:57.147+0000] {dag.py:4180} INFO - Setting next_dagrun for dag_with_taskflow_api to 2025-02-24 00:00:00+00:00, run_after=2025-02-25 00:00:00+00:00
[2025-02-24T16:01:57.181+0000] {processor.py:208} INFO - Processing /opt/airflow/dags/dag_with_taskflow_api.py took 0.146 seconds
[2025-02-24T16:02:27.381+0000] {processor.py:186} INFO - Started process (PID=1657) to work on /opt/airflow/dags/dag_with_taskflow_api.py
[2025-02-24T16:02:27.382+0000] {processor.py:914} INFO - Processing file /opt/airflow/dags/dag_with_taskflow_api.py for tasks to queue
[2025-02-24T16:02:27.386+0000] {logging_mixin.py:190} INFO - [2025-02-24T16:02:27.385+0000] {dagbag.py:588} INFO - Filling up the DagBag from /opt/airflow/dags/dag_with_taskflow_api.py
[2025-02-24T16:02:27.423+0000] {processor.py:925} INFO - DAG(s) 'dag_with_taskflow_api' retrieved from /opt/airflow/dags/dag_with_taskflow_api.py
[2025-02-24T16:02:27.455+0000] {logging_mixin.py:190} INFO - [2025-02-24T16:02:27.455+0000] {dag.py:3239} INFO - Sync 1 DAGs
[2025-02-24T16:02:27.479+0000] {logging_mixin.py:190} INFO - [2025-02-24T16:02:27.479+0000] {dag.py:4180} INFO - Setting next_dagrun for dag_with_taskflow_api to 2025-02-24 00:00:00+00:00, run_after=2025-02-25 00:00:00+00:00
[2025-02-24T16:02:27.510+0000] {processor.py:208} INFO - Processing /opt/airflow/dags/dag_with_taskflow_api.py took 0.136 seconds
[2025-02-24T16:02:58.294+0000] {processor.py:186} INFO - Started process (PID=1679) to work on /opt/airflow/dags/dag_with_taskflow_api.py
[2025-02-24T16:02:58.295+0000] {processor.py:914} INFO - Processing file /opt/airflow/dags/dag_with_taskflow_api.py for tasks to queue
[2025-02-24T16:02:58.298+0000] {logging_mixin.py:190} INFO - [2025-02-24T16:02:58.298+0000] {dagbag.py:588} INFO - Filling up the DagBag from /opt/airflow/dags/dag_with_taskflow_api.py
[2025-02-24T16:02:58.332+0000] {processor.py:925} INFO - DAG(s) 'dag_with_taskflow_api' retrieved from /opt/airflow/dags/dag_with_taskflow_api.py
[2025-02-24T16:02:58.362+0000] {logging_mixin.py:190} INFO - [2025-02-24T16:02:58.362+0000] {dag.py:3239} INFO - Sync 1 DAGs
[2025-02-24T16:02:58.386+0000] {logging_mixin.py:190} INFO - [2025-02-24T16:02:58.386+0000] {dag.py:4180} INFO - Setting next_dagrun for dag_with_taskflow_api to 2025-02-24 00:00:00+00:00, run_after=2025-02-25 00:00:00+00:00
[2025-02-24T16:02:58.418+0000] {processor.py:208} INFO - Processing /opt/airflow/dags/dag_with_taskflow_api.py took 0.130 seconds
[2025-02-24T16:03:29.320+0000] {processor.py:186} INFO - Started process (PID=1701) to work on /opt/airflow/dags/dag_with_taskflow_api.py
[2025-02-24T16:03:29.322+0000] {processor.py:914} INFO - Processing file /opt/airflow/dags/dag_with_taskflow_api.py for tasks to queue
[2025-02-24T16:03:29.325+0000] {logging_mixin.py:190} INFO - [2025-02-24T16:03:29.324+0000] {dagbag.py:588} INFO - Filling up the DagBag from /opt/airflow/dags/dag_with_taskflow_api.py
[2025-02-24T16:03:29.353+0000] {processor.py:925} INFO - DAG(s) 'dag_with_taskflow_api' retrieved from /opt/airflow/dags/dag_with_taskflow_api.py
[2025-02-24T16:03:29.382+0000] {logging_mixin.py:190} INFO - [2025-02-24T16:03:29.382+0000] {dag.py:3239} INFO - Sync 1 DAGs
[2025-02-24T16:03:29.407+0000] {logging_mixin.py:190} INFO - [2025-02-24T16:03:29.407+0000] {dag.py:4180} INFO - Setting next_dagrun for dag_with_taskflow_api to 2025-02-24 00:00:00+00:00, run_after=2025-02-25 00:00:00+00:00
[2025-02-24T16:03:29.441+0000] {processor.py:208} INFO - Processing /opt/airflow/dags/dag_with_taskflow_api.py took 0.127 seconds
[2025-02-24T16:04:00.020+0000] {processor.py:186} INFO - Started process (PID=1723) to work on /opt/airflow/dags/dag_with_taskflow_api.py
[2025-02-24T16:04:00.022+0000] {processor.py:914} INFO - Processing file /opt/airflow/dags/dag_with_taskflow_api.py for tasks to queue
[2025-02-24T16:04:00.025+0000] {logging_mixin.py:190} INFO - [2025-02-24T16:04:00.025+0000] {dagbag.py:588} INFO - Filling up the DagBag from /opt/airflow/dags/dag_with_taskflow_api.py
[2025-02-24T16:04:00.062+0000] {processor.py:925} INFO - DAG(s) 'dag_with_taskflow_api' retrieved from /opt/airflow/dags/dag_with_taskflow_api.py
[2025-02-24T16:04:00.090+0000] {logging_mixin.py:190} INFO - [2025-02-24T16:04:00.089+0000] {dag.py:3239} INFO - Sync 1 DAGs
[2025-02-24T16:04:00.116+0000] {logging_mixin.py:190} INFO - [2025-02-24T16:04:00.115+0000] {dag.py:4180} INFO - Setting next_dagrun for dag_with_taskflow_api to 2025-02-24 00:00:00+00:00, run_after=2025-02-25 00:00:00+00:00
[2025-02-24T16:04:00.152+0000] {processor.py:208} INFO - Processing /opt/airflow/dags/dag_with_taskflow_api.py took 0.139 seconds
[2025-02-24T16:04:30.638+0000] {processor.py:186} INFO - Started process (PID=1745) to work on /opt/airflow/dags/dag_with_taskflow_api.py
[2025-02-24T16:04:30.640+0000] {processor.py:914} INFO - Processing file /opt/airflow/dags/dag_with_taskflow_api.py for tasks to queue
[2025-02-24T16:04:30.643+0000] {logging_mixin.py:190} INFO - [2025-02-24T16:04:30.642+0000] {dagbag.py:588} INFO - Filling up the DagBag from /opt/airflow/dags/dag_with_taskflow_api.py
[2025-02-24T16:04:30.669+0000] {processor.py:925} INFO - DAG(s) 'dag_with_taskflow_api' retrieved from /opt/airflow/dags/dag_with_taskflow_api.py
[2025-02-24T16:04:30.693+0000] {logging_mixin.py:190} INFO - [2025-02-24T16:04:30.692+0000] {dag.py:3239} INFO - Sync 1 DAGs
[2025-02-24T16:04:30.713+0000] {logging_mixin.py:190} INFO - [2025-02-24T16:04:30.713+0000] {dag.py:4180} INFO - Setting next_dagrun for dag_with_taskflow_api to 2025-02-24 00:00:00+00:00, run_after=2025-02-25 00:00:00+00:00
[2025-02-24T16:04:30.731+0000] {processor.py:208} INFO - Processing /opt/airflow/dags/dag_with_taskflow_api.py took 0.099 seconds
[2025-02-24T16:05:01.261+0000] {processor.py:186} INFO - Started process (PID=1767) to work on /opt/airflow/dags/dag_with_taskflow_api.py
[2025-02-24T16:05:01.263+0000] {processor.py:914} INFO - Processing file /opt/airflow/dags/dag_with_taskflow_api.py for tasks to queue
[2025-02-24T16:05:01.266+0000] {logging_mixin.py:190} INFO - [2025-02-24T16:05:01.265+0000] {dagbag.py:588} INFO - Filling up the DagBag from /opt/airflow/dags/dag_with_taskflow_api.py
[2025-02-24T16:05:01.294+0000] {processor.py:925} INFO - DAG(s) 'dag_with_taskflow_api' retrieved from /opt/airflow/dags/dag_with_taskflow_api.py
[2025-02-24T16:05:01.318+0000] {logging_mixin.py:190} INFO - [2025-02-24T16:05:01.318+0000] {dag.py:3239} INFO - Sync 1 DAGs
[2025-02-24T16:05:01.342+0000] {logging_mixin.py:190} INFO - [2025-02-24T16:05:01.342+0000] {dag.py:4180} INFO - Setting next_dagrun for dag_with_taskflow_api to 2025-02-24 00:00:00+00:00, run_after=2025-02-25 00:00:00+00:00
[2025-02-24T16:05:01.379+0000] {processor.py:208} INFO - Processing /opt/airflow/dags/dag_with_taskflow_api.py took 0.123 seconds
[2025-02-24T16:05:31.835+0000] {processor.py:186} INFO - Started process (PID=1794) to work on /opt/airflow/dags/dag_with_taskflow_api.py
[2025-02-24T16:05:31.836+0000] {processor.py:914} INFO - Processing file /opt/airflow/dags/dag_with_taskflow_api.py for tasks to queue
[2025-02-24T16:05:31.839+0000] {logging_mixin.py:190} INFO - [2025-02-24T16:05:31.839+0000] {dagbag.py:588} INFO - Filling up the DagBag from /opt/airflow/dags/dag_with_taskflow_api.py
[2025-02-24T16:05:31.892+0000] {processor.py:925} INFO - DAG(s) 'dag_with_taskflow_api' retrieved from /opt/airflow/dags/dag_with_taskflow_api.py
[2025-02-24T16:05:31.917+0000] {logging_mixin.py:190} INFO - [2025-02-24T16:05:31.917+0000] {dag.py:3239} INFO - Sync 1 DAGs
[2025-02-24T16:05:31.937+0000] {logging_mixin.py:190} INFO - [2025-02-24T16:05:31.937+0000] {dag.py:4180} INFO - Setting next_dagrun for dag_with_taskflow_api to 2025-02-24 00:00:00+00:00, run_after=2025-02-25 00:00:00+00:00
[2025-02-24T16:05:31.969+0000] {processor.py:208} INFO - Processing /opt/airflow/dags/dag_with_taskflow_api.py took 0.143 seconds
[2025-02-24T16:06:02.086+0000] {processor.py:186} INFO - Started process (PID=1821) to work on /opt/airflow/dags/dag_with_taskflow_api.py
[2025-02-24T16:06:02.087+0000] {processor.py:914} INFO - Processing file /opt/airflow/dags/dag_with_taskflow_api.py for tasks to queue
[2025-02-24T16:06:02.089+0000] {logging_mixin.py:190} INFO - [2025-02-24T16:06:02.089+0000] {dagbag.py:588} INFO - Filling up the DagBag from /opt/airflow/dags/dag_with_taskflow_api.py
[2025-02-24T16:06:02.121+0000] {processor.py:925} INFO - DAG(s) 'dag_with_taskflow_api' retrieved from /opt/airflow/dags/dag_with_taskflow_api.py
[2025-02-24T16:06:02.144+0000] {logging_mixin.py:190} INFO - [2025-02-24T16:06:02.143+0000] {dag.py:3239} INFO - Sync 1 DAGs
[2025-02-24T16:06:02.164+0000] {logging_mixin.py:190} INFO - [2025-02-24T16:06:02.164+0000] {dag.py:4180} INFO - Setting next_dagrun for dag_with_taskflow_api to 2025-02-24 00:00:00+00:00, run_after=2025-02-25 00:00:00+00:00
[2025-02-24T16:06:02.194+0000] {processor.py:208} INFO - Processing /opt/airflow/dags/dag_with_taskflow_api.py took 0.114 seconds
[2025-02-24T16:06:32.336+0000] {processor.py:186} INFO - Started process (PID=1853) to work on /opt/airflow/dags/dag_with_taskflow_api.py
[2025-02-24T16:06:32.337+0000] {processor.py:914} INFO - Processing file /opt/airflow/dags/dag_with_taskflow_api.py for tasks to queue
[2025-02-24T16:06:32.340+0000] {logging_mixin.py:190} INFO - [2025-02-24T16:06:32.340+0000] {dagbag.py:588} INFO - Filling up the DagBag from /opt/airflow/dags/dag_with_taskflow_api.py
[2025-02-24T16:06:32.373+0000] {processor.py:925} INFO - DAG(s) 'dag_with_taskflow_api' retrieved from /opt/airflow/dags/dag_with_taskflow_api.py
[2025-02-24T16:06:32.400+0000] {logging_mixin.py:190} INFO - [2025-02-24T16:06:32.400+0000] {dag.py:3239} INFO - Sync 1 DAGs
[2025-02-24T16:06:32.423+0000] {logging_mixin.py:190} INFO - [2025-02-24T16:06:32.423+0000] {dag.py:4180} INFO - Setting next_dagrun for dag_with_taskflow_api to 2025-02-24 00:00:00+00:00, run_after=2025-02-25 00:00:00+00:00
[2025-02-24T16:06:32.459+0000] {processor.py:208} INFO - Processing /opt/airflow/dags/dag_with_taskflow_api.py took 0.129 seconds
[2025-02-24T16:07:02.512+0000] {processor.py:186} INFO - Started process (PID=1886) to work on /opt/airflow/dags/dag_with_taskflow_api.py
[2025-02-24T16:07:02.513+0000] {processor.py:914} INFO - Processing file /opt/airflow/dags/dag_with_taskflow_api.py for tasks to queue
[2025-02-24T16:07:02.515+0000] {logging_mixin.py:190} INFO - [2025-02-24T16:07:02.515+0000] {dagbag.py:588} INFO - Filling up the DagBag from /opt/airflow/dags/dag_with_taskflow_api.py
[2025-02-24T16:07:02.530+0000] {processor.py:925} INFO - DAG(s) 'dag_with_taskflow_api' retrieved from /opt/airflow/dags/dag_with_taskflow_api.py
[2025-02-24T16:07:02.553+0000] {logging_mixin.py:190} INFO - [2025-02-24T16:07:02.553+0000] {dag.py:3239} INFO - Sync 1 DAGs
[2025-02-24T16:07:02.574+0000] {logging_mixin.py:190} INFO - [2025-02-24T16:07:02.574+0000] {dag.py:4180} INFO - Setting next_dagrun for dag_with_taskflow_api to 2025-02-24 00:00:00+00:00, run_after=2025-02-25 00:00:00+00:00
[2025-02-24T16:07:02.604+0000] {processor.py:208} INFO - Processing /opt/airflow/dags/dag_with_taskflow_api.py took 0.097 seconds
[2025-02-24T16:07:32.725+0000] {processor.py:186} INFO - Started process (PID=1913) to work on /opt/airflow/dags/dag_with_taskflow_api.py
[2025-02-24T16:07:32.727+0000] {processor.py:914} INFO - Processing file /opt/airflow/dags/dag_with_taskflow_api.py for tasks to queue
[2025-02-24T16:07:32.730+0000] {logging_mixin.py:190} INFO - [2025-02-24T16:07:32.730+0000] {dagbag.py:588} INFO - Filling up the DagBag from /opt/airflow/dags/dag_with_taskflow_api.py
[2025-02-24T16:07:32.762+0000] {processor.py:925} INFO - DAG(s) 'dag_with_taskflow_api' retrieved from /opt/airflow/dags/dag_with_taskflow_api.py
[2025-02-24T16:07:32.794+0000] {logging_mixin.py:190} INFO - [2025-02-24T16:07:32.794+0000] {dag.py:3239} INFO - Sync 1 DAGs
[2025-02-24T16:07:32.819+0000] {logging_mixin.py:190} INFO - [2025-02-24T16:07:32.819+0000] {dag.py:4180} INFO - Setting next_dagrun for dag_with_taskflow_api to 2025-02-24 00:00:00+00:00, run_after=2025-02-25 00:00:00+00:00
[2025-02-24T16:07:32.851+0000] {processor.py:208} INFO - Processing /opt/airflow/dags/dag_with_taskflow_api.py took 0.132 seconds
[2025-02-24T16:08:03.532+0000] {processor.py:186} INFO - Started process (PID=1940) to work on /opt/airflow/dags/dag_with_taskflow_api.py
[2025-02-24T16:08:03.533+0000] {processor.py:914} INFO - Processing file /opt/airflow/dags/dag_with_taskflow_api.py for tasks to queue
[2025-02-24T16:08:03.537+0000] {logging_mixin.py:190} INFO - [2025-02-24T16:08:03.536+0000] {dagbag.py:588} INFO - Filling up the DagBag from /opt/airflow/dags/dag_with_taskflow_api.py
[2025-02-24T16:08:03.578+0000] {processor.py:925} INFO - DAG(s) 'dag_with_taskflow_api' retrieved from /opt/airflow/dags/dag_with_taskflow_api.py
[2025-02-24T16:08:03.615+0000] {logging_mixin.py:190} INFO - [2025-02-24T16:08:03.615+0000] {dag.py:3239} INFO - Sync 1 DAGs
[2025-02-24T16:08:03.649+0000] {logging_mixin.py:190} INFO - [2025-02-24T16:08:03.649+0000] {dag.py:4180} INFO - Setting next_dagrun for dag_with_taskflow_api to 2025-02-24 00:00:00+00:00, run_after=2025-02-25 00:00:00+00:00
[2025-02-24T16:08:03.681+0000] {processor.py:208} INFO - Processing /opt/airflow/dags/dag_with_taskflow_api.py took 0.157 seconds
[2025-02-24T16:08:34.373+0000] {processor.py:186} INFO - Started process (PID=1967) to work on /opt/airflow/dags/dag_with_taskflow_api.py
[2025-02-24T16:08:34.374+0000] {processor.py:914} INFO - Processing file /opt/airflow/dags/dag_with_taskflow_api.py for tasks to queue
[2025-02-24T16:08:34.378+0000] {logging_mixin.py:190} INFO - [2025-02-24T16:08:34.377+0000] {dagbag.py:588} INFO - Filling up the DagBag from /opt/airflow/dags/dag_with_taskflow_api.py
[2025-02-24T16:08:34.405+0000] {processor.py:925} INFO - DAG(s) 'dag_with_taskflow_api' retrieved from /opt/airflow/dags/dag_with_taskflow_api.py
[2025-02-24T16:08:34.436+0000] {logging_mixin.py:190} INFO - [2025-02-24T16:08:34.436+0000] {dag.py:3239} INFO - Sync 1 DAGs
[2025-02-24T16:08:34.462+0000] {logging_mixin.py:190} INFO - [2025-02-24T16:08:34.462+0000] {dag.py:4180} INFO - Setting next_dagrun for dag_with_taskflow_api to 2025-02-24 00:00:00+00:00, run_after=2025-02-25 00:00:00+00:00
[2025-02-24T16:08:34.483+0000] {processor.py:208} INFO - Processing /opt/airflow/dags/dag_with_taskflow_api.py took 0.117 seconds
[2025-02-24T16:09:04.646+0000] {processor.py:186} INFO - Started process (PID=1994) to work on /opt/airflow/dags/dag_with_taskflow_api.py
[2025-02-24T16:09:04.648+0000] {processor.py:914} INFO - Processing file /opt/airflow/dags/dag_with_taskflow_api.py for tasks to queue
[2025-02-24T16:09:04.651+0000] {logging_mixin.py:190} INFO - [2025-02-24T16:09:04.650+0000] {dagbag.py:588} INFO - Filling up the DagBag from /opt/airflow/dags/dag_with_taskflow_api.py
[2025-02-24T16:09:04.678+0000] {processor.py:925} INFO - DAG(s) 'dag_with_taskflow_api' retrieved from /opt/airflow/dags/dag_with_taskflow_api.py
[2025-02-24T16:09:04.709+0000] {logging_mixin.py:190} INFO - [2025-02-24T16:09:04.709+0000] {dag.py:3239} INFO - Sync 1 DAGs
[2025-02-24T16:09:04.734+0000] {logging_mixin.py:190} INFO - [2025-02-24T16:09:04.734+0000] {dag.py:4180} INFO - Setting next_dagrun for dag_with_taskflow_api to 2025-02-24 00:00:00+00:00, run_after=2025-02-25 00:00:00+00:00
[2025-02-24T16:09:04.755+0000] {processor.py:208} INFO - Processing /opt/airflow/dags/dag_with_taskflow_api.py took 0.115 seconds
[2025-02-24T16:09:34.841+0000] {processor.py:186} INFO - Started process (PID=2021) to work on /opt/airflow/dags/dag_with_taskflow_api.py
[2025-02-24T16:09:34.842+0000] {processor.py:914} INFO - Processing file /opt/airflow/dags/dag_with_taskflow_api.py for tasks to queue
[2025-02-24T16:09:34.845+0000] {logging_mixin.py:190} INFO - [2025-02-24T16:09:34.845+0000] {dagbag.py:588} INFO - Filling up the DagBag from /opt/airflow/dags/dag_with_taskflow_api.py
[2025-02-24T16:09:34.898+0000] {processor.py:925} INFO - DAG(s) 'dag_with_taskflow_api' retrieved from /opt/airflow/dags/dag_with_taskflow_api.py
[2025-02-24T16:09:34.924+0000] {logging_mixin.py:190} INFO - [2025-02-24T16:09:34.923+0000] {dag.py:3239} INFO - Sync 1 DAGs
[2025-02-24T16:09:34.947+0000] {logging_mixin.py:190} INFO - [2025-02-24T16:09:34.946+0000] {dag.py:4180} INFO - Setting next_dagrun for dag_with_taskflow_api to 2025-02-24 00:00:00+00:00, run_after=2025-02-25 00:00:00+00:00
[2025-02-24T16:09:34.990+0000] {processor.py:208} INFO - Processing /opt/airflow/dags/dag_with_taskflow_api.py took 0.154 seconds
[2025-02-24T16:10:05.280+0000] {processor.py:186} INFO - Started process (PID=2048) to work on /opt/airflow/dags/dag_with_taskflow_api.py
[2025-02-24T16:10:05.281+0000] {processor.py:914} INFO - Processing file /opt/airflow/dags/dag_with_taskflow_api.py for tasks to queue
[2025-02-24T16:10:05.285+0000] {logging_mixin.py:190} INFO - [2025-02-24T16:10:05.284+0000] {dagbag.py:588} INFO - Filling up the DagBag from /opt/airflow/dags/dag_with_taskflow_api.py
[2025-02-24T16:10:05.319+0000] {processor.py:925} INFO - DAG(s) 'dag_with_taskflow_api' retrieved from /opt/airflow/dags/dag_with_taskflow_api.py
[2025-02-24T16:10:05.349+0000] {logging_mixin.py:190} INFO - [2025-02-24T16:10:05.348+0000] {dag.py:3239} INFO - Sync 1 DAGs
[2025-02-24T16:10:05.373+0000] {logging_mixin.py:190} INFO - [2025-02-24T16:10:05.373+0000] {dag.py:4180} INFO - Setting next_dagrun for dag_with_taskflow_api to 2025-02-24 00:00:00+00:00, run_after=2025-02-25 00:00:00+00:00
[2025-02-24T16:10:05.402+0000] {processor.py:208} INFO - Processing /opt/airflow/dags/dag_with_taskflow_api.py took 0.130 seconds
[2025-02-24T16:10:35.618+0000] {processor.py:186} INFO - Started process (PID=2075) to work on /opt/airflow/dags/dag_with_taskflow_api.py
[2025-02-24T16:10:35.620+0000] {processor.py:914} INFO - Processing file /opt/airflow/dags/dag_with_taskflow_api.py for tasks to queue
[2025-02-24T16:10:35.622+0000] {logging_mixin.py:190} INFO - [2025-02-24T16:10:35.622+0000] {dagbag.py:588} INFO - Filling up the DagBag from /opt/airflow/dags/dag_with_taskflow_api.py
[2025-02-24T16:10:35.654+0000] {processor.py:925} INFO - DAG(s) 'dag_with_taskflow_api' retrieved from /opt/airflow/dags/dag_with_taskflow_api.py
[2025-02-24T16:10:35.683+0000] {logging_mixin.py:190} INFO - [2025-02-24T16:10:35.683+0000] {dag.py:3239} INFO - Sync 1 DAGs
[2025-02-24T16:10:35.703+0000] {logging_mixin.py:190} INFO - [2025-02-24T16:10:35.703+0000] {dag.py:4180} INFO - Setting next_dagrun for dag_with_taskflow_api to 2025-02-24 00:00:00+00:00, run_after=2025-02-25 00:00:00+00:00
[2025-02-24T16:10:35.734+0000] {processor.py:208} INFO - Processing /opt/airflow/dags/dag_with_taskflow_api.py took 0.122 seconds
[2025-02-24T16:11:06.379+0000] {processor.py:186} INFO - Started process (PID=2102) to work on /opt/airflow/dags/dag_with_taskflow_api.py
[2025-02-24T16:11:06.380+0000] {processor.py:914} INFO - Processing file /opt/airflow/dags/dag_with_taskflow_api.py for tasks to queue
[2025-02-24T16:11:06.382+0000] {logging_mixin.py:190} INFO - [2025-02-24T16:11:06.382+0000] {dagbag.py:588} INFO - Filling up the DagBag from /opt/airflow/dags/dag_with_taskflow_api.py
[2025-02-24T16:11:06.401+0000] {processor.py:925} INFO - DAG(s) 'dag_with_taskflow_api' retrieved from /opt/airflow/dags/dag_with_taskflow_api.py
[2025-02-24T16:11:06.425+0000] {logging_mixin.py:190} INFO - [2025-02-24T16:11:06.425+0000] {dag.py:3239} INFO - Sync 1 DAGs
[2025-02-24T16:11:06.449+0000] {logging_mixin.py:190} INFO - [2025-02-24T16:11:06.449+0000] {dag.py:4180} INFO - Setting next_dagrun for dag_with_taskflow_api to 2025-02-24 00:00:00+00:00, run_after=2025-02-25 00:00:00+00:00
[2025-02-24T16:11:06.480+0000] {processor.py:208} INFO - Processing /opt/airflow/dags/dag_with_taskflow_api.py took 0.105 seconds
[2025-02-24T16:11:36.676+0000] {processor.py:186} INFO - Started process (PID=2129) to work on /opt/airflow/dags/dag_with_taskflow_api.py
[2025-02-24T16:11:36.678+0000] {processor.py:914} INFO - Processing file /opt/airflow/dags/dag_with_taskflow_api.py for tasks to queue
[2025-02-24T16:11:36.681+0000] {logging_mixin.py:190} INFO - [2025-02-24T16:11:36.681+0000] {dagbag.py:588} INFO - Filling up the DagBag from /opt/airflow/dags/dag_with_taskflow_api.py
[2025-02-24T16:11:36.714+0000] {processor.py:925} INFO - DAG(s) 'dag_with_taskflow_api' retrieved from /opt/airflow/dags/dag_with_taskflow_api.py
[2025-02-24T16:11:36.744+0000] {logging_mixin.py:190} INFO - [2025-02-24T16:11:36.744+0000] {dag.py:3239} INFO - Sync 1 DAGs
[2025-02-24T16:11:36.770+0000] {logging_mixin.py:190} INFO - [2025-02-24T16:11:36.770+0000] {dag.py:4180} INFO - Setting next_dagrun for dag_with_taskflow_api to 2025-02-24 00:00:00+00:00, run_after=2025-02-25 00:00:00+00:00
[2025-02-24T16:11:36.808+0000] {processor.py:208} INFO - Processing /opt/airflow/dags/dag_with_taskflow_api.py took 0.138 seconds
[2025-02-24T16:12:06.905+0000] {processor.py:186} INFO - Started process (PID=2156) to work on /opt/airflow/dags/dag_with_taskflow_api.py
[2025-02-24T16:12:06.906+0000] {processor.py:914} INFO - Processing file /opt/airflow/dags/dag_with_taskflow_api.py for tasks to queue
[2025-02-24T16:12:06.908+0000] {logging_mixin.py:190} INFO - [2025-02-24T16:12:06.908+0000] {dagbag.py:588} INFO - Filling up the DagBag from /opt/airflow/dags/dag_with_taskflow_api.py
[2025-02-24T16:12:06.949+0000] {processor.py:925} INFO - DAG(s) 'dag_with_taskflow_api' retrieved from /opt/airflow/dags/dag_with_taskflow_api.py
[2025-02-24T16:12:06.971+0000] {logging_mixin.py:190} INFO - [2025-02-24T16:12:06.971+0000] {dag.py:3239} INFO - Sync 1 DAGs
[2025-02-24T16:12:06.996+0000] {logging_mixin.py:190} INFO - [2025-02-24T16:12:06.996+0000] {dag.py:4180} INFO - Setting next_dagrun for dag_with_taskflow_api to 2025-02-24 00:00:00+00:00, run_after=2025-02-25 00:00:00+00:00
[2025-02-24T16:12:07.024+0000] {processor.py:208} INFO - Processing /opt/airflow/dags/dag_with_taskflow_api.py took 0.125 seconds
[2025-02-24T16:12:37.100+0000] {processor.py:186} INFO - Started process (PID=2183) to work on /opt/airflow/dags/dag_with_taskflow_api.py
[2025-02-24T16:12:37.102+0000] {processor.py:914} INFO - Processing file /opt/airflow/dags/dag_with_taskflow_api.py for tasks to queue
[2025-02-24T16:12:37.105+0000] {logging_mixin.py:190} INFO - [2025-02-24T16:12:37.104+0000] {dagbag.py:588} INFO - Filling up the DagBag from /opt/airflow/dags/dag_with_taskflow_api.py
[2025-02-24T16:12:37.140+0000] {processor.py:925} INFO - DAG(s) 'dag_with_taskflow_api' retrieved from /opt/airflow/dags/dag_with_taskflow_api.py
[2025-02-24T16:12:37.173+0000] {logging_mixin.py:190} INFO - [2025-02-24T16:12:37.172+0000] {dag.py:3239} INFO - Sync 1 DAGs
[2025-02-24T16:12:37.199+0000] {logging_mixin.py:190} INFO - [2025-02-24T16:12:37.199+0000] {dag.py:4180} INFO - Setting next_dagrun for dag_with_taskflow_api to 2025-02-24 00:00:00+00:00, run_after=2025-02-25 00:00:00+00:00
[2025-02-24T16:12:37.227+0000] {processor.py:208} INFO - Processing /opt/airflow/dags/dag_with_taskflow_api.py took 0.133 seconds
[2025-02-24T16:13:07.390+0000] {processor.py:186} INFO - Started process (PID=2210) to work on /opt/airflow/dags/dag_with_taskflow_api.py
[2025-02-24T16:13:07.392+0000] {processor.py:914} INFO - Processing file /opt/airflow/dags/dag_with_taskflow_api.py for tasks to queue
[2025-02-24T16:13:07.395+0000] {logging_mixin.py:190} INFO - [2025-02-24T16:13:07.394+0000] {dagbag.py:588} INFO - Filling up the DagBag from /opt/airflow/dags/dag_with_taskflow_api.py
[2025-02-24T16:13:07.431+0000] {processor.py:925} INFO - DAG(s) 'dag_with_taskflow_api' retrieved from /opt/airflow/dags/dag_with_taskflow_api.py
[2025-02-24T16:13:07.462+0000] {logging_mixin.py:190} INFO - [2025-02-24T16:13:07.462+0000] {dag.py:3239} INFO - Sync 1 DAGs
[2025-02-24T16:13:07.489+0000] {logging_mixin.py:190} INFO - [2025-02-24T16:13:07.489+0000] {dag.py:4180} INFO - Setting next_dagrun for dag_with_taskflow_api to 2025-02-24 00:00:00+00:00, run_after=2025-02-25 00:00:00+00:00
[2025-02-24T16:13:07.513+0000] {processor.py:208} INFO - Processing /opt/airflow/dags/dag_with_taskflow_api.py took 0.130 seconds
[2025-02-24T16:13:37.654+0000] {processor.py:186} INFO - Started process (PID=2237) to work on /opt/airflow/dags/dag_with_taskflow_api.py
[2025-02-24T16:13:37.655+0000] {processor.py:914} INFO - Processing file /opt/airflow/dags/dag_with_taskflow_api.py for tasks to queue
[2025-02-24T16:13:37.659+0000] {logging_mixin.py:190} INFO - [2025-02-24T16:13:37.659+0000] {dagbag.py:588} INFO - Filling up the DagBag from /opt/airflow/dags/dag_with_taskflow_api.py
[2025-02-24T16:13:37.687+0000] {processor.py:925} INFO - DAG(s) 'dag_with_taskflow_api' retrieved from /opt/airflow/dags/dag_with_taskflow_api.py
[2025-02-24T16:13:37.718+0000] {logging_mixin.py:190} INFO - [2025-02-24T16:13:37.718+0000] {dag.py:3239} INFO - Sync 1 DAGs
[2025-02-24T16:13:37.744+0000] {logging_mixin.py:190} INFO - [2025-02-24T16:13:37.744+0000] {dag.py:4180} INFO - Setting next_dagrun for dag_with_taskflow_api to 2025-02-24 00:00:00+00:00, run_after=2025-02-25 00:00:00+00:00
[2025-02-24T16:13:37.779+0000] {processor.py:208} INFO - Processing /opt/airflow/dags/dag_with_taskflow_api.py took 0.134 seconds
[2025-02-24T16:14:08.458+0000] {processor.py:186} INFO - Started process (PID=2264) to work on /opt/airflow/dags/dag_with_taskflow_api.py
[2025-02-24T16:14:08.459+0000] {processor.py:914} INFO - Processing file /opt/airflow/dags/dag_with_taskflow_api.py for tasks to queue
[2025-02-24T16:14:08.462+0000] {logging_mixin.py:190} INFO - [2025-02-24T16:14:08.461+0000] {dagbag.py:588} INFO - Filling up the DagBag from /opt/airflow/dags/dag_with_taskflow_api.py
[2025-02-24T16:14:08.483+0000] {processor.py:925} INFO - DAG(s) 'dag_with_taskflow_api' retrieved from /opt/airflow/dags/dag_with_taskflow_api.py
[2025-02-24T16:14:08.507+0000] {logging_mixin.py:190} INFO - [2025-02-24T16:14:08.507+0000] {dag.py:3239} INFO - Sync 1 DAGs
[2025-02-24T16:14:08.528+0000] {logging_mixin.py:190} INFO - [2025-02-24T16:14:08.528+0000] {dag.py:4180} INFO - Setting next_dagrun for dag_with_taskflow_api to 2025-02-24 00:00:00+00:00, run_after=2025-02-25 00:00:00+00:00
[2025-02-24T16:14:08.560+0000] {processor.py:208} INFO - Processing /opt/airflow/dags/dag_with_taskflow_api.py took 0.108 seconds
[2025-02-24T16:14:39.160+0000] {processor.py:186} INFO - Started process (PID=2291) to work on /opt/airflow/dags/dag_with_taskflow_api.py
[2025-02-24T16:14:39.161+0000] {processor.py:914} INFO - Processing file /opt/airflow/dags/dag_with_taskflow_api.py for tasks to queue
[2025-02-24T16:14:39.163+0000] {logging_mixin.py:190} INFO - [2025-02-24T16:14:39.163+0000] {dagbag.py:588} INFO - Filling up the DagBag from /opt/airflow/dags/dag_with_taskflow_api.py
[2025-02-24T16:14:39.194+0000] {processor.py:925} INFO - DAG(s) 'dag_with_taskflow_api' retrieved from /opt/airflow/dags/dag_with_taskflow_api.py
[2025-02-24T16:14:39.218+0000] {logging_mixin.py:190} INFO - [2025-02-24T16:14:39.218+0000] {dag.py:3239} INFO - Sync 1 DAGs
[2025-02-24T16:14:39.239+0000] {logging_mixin.py:190} INFO - [2025-02-24T16:14:39.239+0000] {dag.py:4180} INFO - Setting next_dagrun for dag_with_taskflow_api to 2025-02-24 00:00:00+00:00, run_after=2025-02-25 00:00:00+00:00
[2025-02-24T16:14:39.265+0000] {processor.py:208} INFO - Processing /opt/airflow/dags/dag_with_taskflow_api.py took 0.110 seconds
[2025-02-24T16:15:10.002+0000] {processor.py:186} INFO - Started process (PID=2318) to work on /opt/airflow/dags/dag_with_taskflow_api.py
[2025-02-24T16:15:10.003+0000] {processor.py:914} INFO - Processing file /opt/airflow/dags/dag_with_taskflow_api.py for tasks to queue
[2025-02-24T16:15:10.006+0000] {logging_mixin.py:190} INFO - [2025-02-24T16:15:10.006+0000] {dagbag.py:588} INFO - Filling up the DagBag from /opt/airflow/dags/dag_with_taskflow_api.py
[2025-02-24T16:15:10.023+0000] {processor.py:925} INFO - DAG(s) 'dag_with_taskflow_api' retrieved from /opt/airflow/dags/dag_with_taskflow_api.py
[2025-02-24T16:15:10.049+0000] {logging_mixin.py:190} INFO - [2025-02-24T16:15:10.049+0000] {dag.py:3239} INFO - Sync 1 DAGs
[2025-02-24T16:15:10.072+0000] {logging_mixin.py:190} INFO - [2025-02-24T16:15:10.071+0000] {dag.py:4180} INFO - Setting next_dagrun for dag_with_taskflow_api to 2025-02-24 00:00:00+00:00, run_after=2025-02-25 00:00:00+00:00
[2025-02-24T16:15:10.090+0000] {processor.py:208} INFO - Processing /opt/airflow/dags/dag_with_taskflow_api.py took 0.093 seconds
[2025-02-24T16:15:40.846+0000] {processor.py:186} INFO - Started process (PID=2345) to work on /opt/airflow/dags/dag_with_taskflow_api.py
[2025-02-24T16:15:40.847+0000] {processor.py:914} INFO - Processing file /opt/airflow/dags/dag_with_taskflow_api.py for tasks to queue
[2025-02-24T16:15:40.849+0000] {logging_mixin.py:190} INFO - [2025-02-24T16:15:40.849+0000] {dagbag.py:588} INFO - Filling up the DagBag from /opt/airflow/dags/dag_with_taskflow_api.py
[2025-02-24T16:15:40.872+0000] {processor.py:925} INFO - DAG(s) 'dag_with_taskflow_api' retrieved from /opt/airflow/dags/dag_with_taskflow_api.py
[2025-02-24T16:15:40.902+0000] {logging_mixin.py:190} INFO - [2025-02-24T16:15:40.902+0000] {dag.py:3239} INFO - Sync 1 DAGs
[2025-02-24T16:15:40.923+0000] {logging_mixin.py:190} INFO - [2025-02-24T16:15:40.923+0000] {dag.py:4180} INFO - Setting next_dagrun for dag_with_taskflow_api to 2025-02-24 00:00:00+00:00, run_after=2025-02-25 00:00:00+00:00
[2025-02-24T16:15:40.951+0000] {processor.py:208} INFO - Processing /opt/airflow/dags/dag_with_taskflow_api.py took 0.110 seconds
[2025-02-24T16:16:11.672+0000] {processor.py:186} INFO - Started process (PID=2373) to work on /opt/airflow/dags/dag_with_taskflow_api.py
[2025-02-24T16:16:11.674+0000] {processor.py:914} INFO - Processing file /opt/airflow/dags/dag_with_taskflow_api.py for tasks to queue
[2025-02-24T16:16:11.677+0000] {logging_mixin.py:190} INFO - [2025-02-24T16:16:11.676+0000] {dagbag.py:588} INFO - Filling up the DagBag from /opt/airflow/dags/dag_with_taskflow_api.py
[2025-02-24T16:16:11.705+0000] {processor.py:925} INFO - DAG(s) 'dag_with_taskflow_api' retrieved from /opt/airflow/dags/dag_with_taskflow_api.py
[2025-02-24T16:16:11.738+0000] {logging_mixin.py:190} INFO - [2025-02-24T16:16:11.737+0000] {dag.py:3239} INFO - Sync 1 DAGs
[2025-02-24T16:16:11.765+0000] {logging_mixin.py:190} INFO - [2025-02-24T16:16:11.765+0000] {dag.py:4180} INFO - Setting next_dagrun for dag_with_taskflow_api to 2025-02-24 00:00:00+00:00, run_after=2025-02-25 00:00:00+00:00
[2025-02-24T16:16:11.796+0000] {processor.py:208} INFO - Processing /opt/airflow/dags/dag_with_taskflow_api.py took 0.130 seconds
[2025-02-24T16:16:41.910+0000] {processor.py:186} INFO - Started process (PID=2400) to work on /opt/airflow/dags/dag_with_taskflow_api.py
[2025-02-24T16:16:41.911+0000] {processor.py:914} INFO - Processing file /opt/airflow/dags/dag_with_taskflow_api.py for tasks to queue
[2025-02-24T16:16:41.914+0000] {logging_mixin.py:190} INFO - [2025-02-24T16:16:41.914+0000] {dagbag.py:588} INFO - Filling up the DagBag from /opt/airflow/dags/dag_with_taskflow_api.py
[2025-02-24T16:16:41.947+0000] {processor.py:925} INFO - DAG(s) 'dag_with_taskflow_api' retrieved from /opt/airflow/dags/dag_with_taskflow_api.py
[2025-02-24T16:16:41.978+0000] {logging_mixin.py:190} INFO - [2025-02-24T16:16:41.978+0000] {dag.py:3239} INFO - Sync 1 DAGs
[2025-02-24T16:16:42.004+0000] {logging_mixin.py:190} INFO - [2025-02-24T16:16:42.004+0000] {dag.py:4180} INFO - Setting next_dagrun for dag_with_taskflow_api to 2025-02-24 00:00:00+00:00, run_after=2025-02-25 00:00:00+00:00
[2025-02-24T16:16:42.038+0000] {processor.py:208} INFO - Processing /opt/airflow/dags/dag_with_taskflow_api.py took 0.136 seconds
[2025-02-24T16:17:12.226+0000] {processor.py:186} INFO - Started process (PID=2427) to work on /opt/airflow/dags/dag_with_taskflow_api.py
[2025-02-24T16:17:12.228+0000] {processor.py:914} INFO - Processing file /opt/airflow/dags/dag_with_taskflow_api.py for tasks to queue
[2025-02-24T16:17:12.230+0000] {logging_mixin.py:190} INFO - [2025-02-24T16:17:12.230+0000] {dagbag.py:588} INFO - Filling up the DagBag from /opt/airflow/dags/dag_with_taskflow_api.py
[2025-02-24T16:17:12.250+0000] {processor.py:925} INFO - DAG(s) 'dag_with_taskflow_api' retrieved from /opt/airflow/dags/dag_with_taskflow_api.py
[2025-02-24T16:17:12.286+0000] {logging_mixin.py:190} INFO - [2025-02-24T16:17:12.286+0000] {dag.py:3239} INFO - Sync 1 DAGs
[2025-02-24T16:17:12.312+0000] {logging_mixin.py:190} INFO - [2025-02-24T16:17:12.311+0000] {dag.py:4180} INFO - Setting next_dagrun for dag_with_taskflow_api to 2025-02-24 00:00:00+00:00, run_after=2025-02-25 00:00:00+00:00
[2025-02-24T16:17:12.337+0000] {processor.py:208} INFO - Processing /opt/airflow/dags/dag_with_taskflow_api.py took 0.118 seconds
[2025-02-24T16:17:43.175+0000] {processor.py:186} INFO - Started process (PID=2464) to work on /opt/airflow/dags/dag_with_taskflow_api.py
[2025-02-24T16:17:43.177+0000] {processor.py:914} INFO - Processing file /opt/airflow/dags/dag_with_taskflow_api.py for tasks to queue
[2025-02-24T16:17:43.179+0000] {logging_mixin.py:190} INFO - [2025-02-24T16:17:43.179+0000] {dagbag.py:588} INFO - Filling up the DagBag from /opt/airflow/dags/dag_with_taskflow_api.py
[2025-02-24T16:17:43.220+0000] {processor.py:925} INFO - DAG(s) 'dag_with_taskflow_api' retrieved from /opt/airflow/dags/dag_with_taskflow_api.py
[2025-02-24T16:17:43.247+0000] {logging_mixin.py:190} INFO - [2025-02-24T16:17:43.246+0000] {dag.py:3239} INFO - Sync 1 DAGs
[2025-02-24T16:17:43.270+0000] {logging_mixin.py:190} INFO - [2025-02-24T16:17:43.269+0000] {dag.py:4180} INFO - Setting next_dagrun for dag_with_taskflow_api to 2025-02-24 00:00:00+00:00, run_after=2025-02-25 00:00:00+00:00
[2025-02-24T16:17:43.299+0000] {processor.py:208} INFO - Processing /opt/airflow/dags/dag_with_taskflow_api.py took 0.130 seconds
[2025-02-24T16:18:13.538+0000] {processor.py:186} INFO - Started process (PID=2490) to work on /opt/airflow/dags/dag_with_taskflow_api.py
[2025-02-24T16:18:13.539+0000] {processor.py:914} INFO - Processing file /opt/airflow/dags/dag_with_taskflow_api.py for tasks to queue
[2025-02-24T16:18:13.543+0000] {logging_mixin.py:190} INFO - [2025-02-24T16:18:13.542+0000] {dagbag.py:588} INFO - Filling up the DagBag from /opt/airflow/dags/dag_with_taskflow_api.py
[2025-02-24T16:18:13.579+0000] {processor.py:925} INFO - DAG(s) 'dag_with_taskflow_api' retrieved from /opt/airflow/dags/dag_with_taskflow_api.py
[2025-02-24T16:18:13.609+0000] {logging_mixin.py:190} INFO - [2025-02-24T16:18:13.609+0000] {dag.py:3239} INFO - Sync 1 DAGs
[2025-02-24T16:18:13.635+0000] {logging_mixin.py:190} INFO - [2025-02-24T16:18:13.634+0000] {dag.py:4180} INFO - Setting next_dagrun for dag_with_taskflow_api to 2025-02-24 00:00:00+00:00, run_after=2025-02-25 00:00:00+00:00
[2025-02-24T16:18:13.673+0000] {processor.py:208} INFO - Processing /opt/airflow/dags/dag_with_taskflow_api.py took 0.142 seconds
[2025-02-24T16:18:43.835+0000] {processor.py:186} INFO - Started process (PID=2517) to work on /opt/airflow/dags/dag_with_taskflow_api.py
[2025-02-24T16:18:43.837+0000] {processor.py:914} INFO - Processing file /opt/airflow/dags/dag_with_taskflow_api.py for tasks to queue
[2025-02-24T16:18:43.839+0000] {logging_mixin.py:190} INFO - [2025-02-24T16:18:43.839+0000] {dagbag.py:588} INFO - Filling up the DagBag from /opt/airflow/dags/dag_with_taskflow_api.py
[2025-02-24T16:18:43.875+0000] {processor.py:925} INFO - DAG(s) 'dag_with_taskflow_api' retrieved from /opt/airflow/dags/dag_with_taskflow_api.py
[2025-02-24T16:18:43.908+0000] {logging_mixin.py:190} INFO - [2025-02-24T16:18:43.907+0000] {dag.py:3239} INFO - Sync 1 DAGs
[2025-02-24T16:18:43.954+0000] {logging_mixin.py:190} INFO - [2025-02-24T16:18:43.953+0000] {dag.py:4180} INFO - Setting next_dagrun for dag_with_taskflow_api to 2025-02-24 00:00:00+00:00, run_after=2025-02-25 00:00:00+00:00
[2025-02-24T16:18:44.031+0000] {processor.py:208} INFO - Processing /opt/airflow/dags/dag_with_taskflow_api.py took 0.202 seconds
[2025-02-24T16:19:14.186+0000] {processor.py:186} INFO - Started process (PID=2544) to work on /opt/airflow/dags/dag_with_taskflow_api.py
[2025-02-24T16:19:14.187+0000] {processor.py:914} INFO - Processing file /opt/airflow/dags/dag_with_taskflow_api.py for tasks to queue
[2025-02-24T16:19:14.190+0000] {logging_mixin.py:190} INFO - [2025-02-24T16:19:14.189+0000] {dagbag.py:588} INFO - Filling up the DagBag from /opt/airflow/dags/dag_with_taskflow_api.py
[2025-02-24T16:19:14.215+0000] {processor.py:925} INFO - DAG(s) 'dag_with_taskflow_api' retrieved from /opt/airflow/dags/dag_with_taskflow_api.py
[2025-02-24T16:19:14.242+0000] {logging_mixin.py:190} INFO - [2025-02-24T16:19:14.242+0000] {dag.py:3239} INFO - Sync 1 DAGs
[2025-02-24T16:19:14.264+0000] {logging_mixin.py:190} INFO - [2025-02-24T16:19:14.263+0000] {dag.py:4180} INFO - Setting next_dagrun for dag_with_taskflow_api to 2025-02-24 00:00:00+00:00, run_after=2025-02-25 00:00:00+00:00
[2025-02-24T16:19:14.283+0000] {processor.py:208} INFO - Processing /opt/airflow/dags/dag_with_taskflow_api.py took 0.103 seconds
[2025-02-24T16:19:44.833+0000] {processor.py:186} INFO - Started process (PID=2571) to work on /opt/airflow/dags/dag_with_taskflow_api.py
[2025-02-24T16:19:44.835+0000] {processor.py:914} INFO - Processing file /opt/airflow/dags/dag_with_taskflow_api.py for tasks to queue
[2025-02-24T16:19:44.839+0000] {logging_mixin.py:190} INFO - [2025-02-24T16:19:44.838+0000] {dagbag.py:588} INFO - Filling up the DagBag from /opt/airflow/dags/dag_with_taskflow_api.py
[2025-02-24T16:19:44.864+0000] {processor.py:925} INFO - DAG(s) 'dag_with_taskflow_api' retrieved from /opt/airflow/dags/dag_with_taskflow_api.py
[2025-02-24T16:19:44.901+0000] {logging_mixin.py:190} INFO - [2025-02-24T16:19:44.901+0000] {dag.py:3239} INFO - Sync 1 DAGs
[2025-02-24T16:19:44.928+0000] {logging_mixin.py:190} INFO - [2025-02-24T16:19:44.927+0000] {dag.py:4180} INFO - Setting next_dagrun for dag_with_taskflow_api to 2025-02-24 00:00:00+00:00, run_after=2025-02-25 00:00:00+00:00
[2025-02-24T16:19:44.959+0000] {processor.py:208} INFO - Processing /opt/airflow/dags/dag_with_taskflow_api.py took 0.134 seconds
[2025-02-24T16:20:15.756+0000] {processor.py:186} INFO - Started process (PID=2598) to work on /opt/airflow/dags/dag_with_taskflow_api.py
[2025-02-24T16:20:15.758+0000] {processor.py:914} INFO - Processing file /opt/airflow/dags/dag_with_taskflow_api.py for tasks to queue
[2025-02-24T16:20:15.761+0000] {logging_mixin.py:190} INFO - [2025-02-24T16:20:15.761+0000] {dagbag.py:588} INFO - Filling up the DagBag from /opt/airflow/dags/dag_with_taskflow_api.py
[2025-02-24T16:20:15.795+0000] {processor.py:925} INFO - DAG(s) 'dag_with_taskflow_api' retrieved from /opt/airflow/dags/dag_with_taskflow_api.py
[2025-02-24T16:20:15.826+0000] {logging_mixin.py:190} INFO - [2025-02-24T16:20:15.826+0000] {dag.py:3239} INFO - Sync 1 DAGs
[2025-02-24T16:20:15.852+0000] {logging_mixin.py:190} INFO - [2025-02-24T16:20:15.851+0000] {dag.py:4180} INFO - Setting next_dagrun for dag_with_taskflow_api to 2025-02-24 00:00:00+00:00, run_after=2025-02-25 00:00:00+00:00
[2025-02-24T16:20:15.880+0000] {processor.py:208} INFO - Processing /opt/airflow/dags/dag_with_taskflow_api.py took 0.130 seconds
[2025-02-24T16:20:46.100+0000] {processor.py:186} INFO - Started process (PID=2625) to work on /opt/airflow/dags/dag_with_taskflow_api.py
[2025-02-24T16:20:46.102+0000] {processor.py:914} INFO - Processing file /opt/airflow/dags/dag_with_taskflow_api.py for tasks to queue
[2025-02-24T16:20:46.105+0000] {logging_mixin.py:190} INFO - [2025-02-24T16:20:46.105+0000] {dagbag.py:588} INFO - Filling up the DagBag from /opt/airflow/dags/dag_with_taskflow_api.py
[2025-02-24T16:20:46.146+0000] {processor.py:925} INFO - DAG(s) 'dag_with_taskflow_api' retrieved from /opt/airflow/dags/dag_with_taskflow_api.py
[2025-02-24T16:20:46.174+0000] {logging_mixin.py:190} INFO - [2025-02-24T16:20:46.174+0000] {dag.py:3239} INFO - Sync 1 DAGs
[2025-02-24T16:20:46.200+0000] {logging_mixin.py:190} INFO - [2025-02-24T16:20:46.200+0000] {dag.py:4180} INFO - Setting next_dagrun for dag_with_taskflow_api to 2025-02-24 00:00:00+00:00, run_after=2025-02-25 00:00:00+00:00
[2025-02-24T16:20:46.231+0000] {processor.py:208} INFO - Processing /opt/airflow/dags/dag_with_taskflow_api.py took 0.138 seconds
[2025-02-24T16:21:16.445+0000] {processor.py:186} INFO - Started process (PID=2652) to work on /opt/airflow/dags/dag_with_taskflow_api.py
[2025-02-24T16:21:16.446+0000] {processor.py:914} INFO - Processing file /opt/airflow/dags/dag_with_taskflow_api.py for tasks to queue
[2025-02-24T16:21:16.448+0000] {logging_mixin.py:190} INFO - [2025-02-24T16:21:16.448+0000] {dagbag.py:588} INFO - Filling up the DagBag from /opt/airflow/dags/dag_with_taskflow_api.py
[2025-02-24T16:21:16.480+0000] {processor.py:925} INFO - DAG(s) 'dag_with_taskflow_api' retrieved from /opt/airflow/dags/dag_with_taskflow_api.py
[2025-02-24T16:21:16.504+0000] {logging_mixin.py:190} INFO - [2025-02-24T16:21:16.504+0000] {dag.py:3239} INFO - Sync 1 DAGs
[2025-02-24T16:21:16.527+0000] {logging_mixin.py:190} INFO - [2025-02-24T16:21:16.527+0000] {dag.py:4180} INFO - Setting next_dagrun for dag_with_taskflow_api to 2025-02-24 00:00:00+00:00, run_after=2025-02-25 00:00:00+00:00
[2025-02-24T16:21:16.558+0000] {processor.py:208} INFO - Processing /opt/airflow/dags/dag_with_taskflow_api.py took 0.119 seconds
[2025-02-24T16:21:46.632+0000] {processor.py:186} INFO - Started process (PID=2679) to work on /opt/airflow/dags/dag_with_taskflow_api.py
[2025-02-24T16:21:46.634+0000] {processor.py:914} INFO - Processing file /opt/airflow/dags/dag_with_taskflow_api.py for tasks to queue
[2025-02-24T16:21:46.637+0000] {logging_mixin.py:190} INFO - [2025-02-24T16:21:46.636+0000] {dagbag.py:588} INFO - Filling up the DagBag from /opt/airflow/dags/dag_with_taskflow_api.py
[2025-02-24T16:21:46.669+0000] {processor.py:925} INFO - DAG(s) 'dag_with_taskflow_api' retrieved from /opt/airflow/dags/dag_with_taskflow_api.py
[2025-02-24T16:21:46.700+0000] {logging_mixin.py:190} INFO - [2025-02-24T16:21:46.699+0000] {dag.py:3239} INFO - Sync 1 DAGs
[2025-02-24T16:21:46.725+0000] {logging_mixin.py:190} INFO - [2025-02-24T16:21:46.725+0000] {dag.py:4180} INFO - Setting next_dagrun for dag_with_taskflow_api to 2025-02-24 00:00:00+00:00, run_after=2025-02-25 00:00:00+00:00
[2025-02-24T16:21:46.759+0000] {processor.py:208} INFO - Processing /opt/airflow/dags/dag_with_taskflow_api.py took 0.133 seconds
[2025-02-24T16:22:17.440+0000] {processor.py:186} INFO - Started process (PID=2706) to work on /opt/airflow/dags/dag_with_taskflow_api.py
[2025-02-24T16:22:17.441+0000] {processor.py:914} INFO - Processing file /opt/airflow/dags/dag_with_taskflow_api.py for tasks to queue
[2025-02-24T16:22:17.444+0000] {logging_mixin.py:190} INFO - [2025-02-24T16:22:17.443+0000] {dagbag.py:588} INFO - Filling up the DagBag from /opt/airflow/dags/dag_with_taskflow_api.py
[2025-02-24T16:22:17.473+0000] {processor.py:925} INFO - DAG(s) 'dag_with_taskflow_api' retrieved from /opt/airflow/dags/dag_with_taskflow_api.py
[2025-02-24T16:22:17.500+0000] {logging_mixin.py:190} INFO - [2025-02-24T16:22:17.500+0000] {dag.py:3239} INFO - Sync 1 DAGs
[2025-02-24T16:22:17.524+0000] {logging_mixin.py:190} INFO - [2025-02-24T16:22:17.524+0000] {dag.py:4180} INFO - Setting next_dagrun for dag_with_taskflow_api to 2025-02-24 00:00:00+00:00, run_after=2025-02-25 00:00:00+00:00
[2025-02-24T16:22:17.543+0000] {processor.py:208} INFO - Processing /opt/airflow/dags/dag_with_taskflow_api.py took 0.109 seconds
