[2025-02-24T16:05:09.079+0000] {processor.py:186} INFO - Started process (PID=1778) to work on /opt/airflow/dags/dag_with_catchup_and_backfill.py
[2025-02-24T16:05:09.080+0000] {processor.py:914} INFO - Processing file /opt/airflow/dags/dag_with_catchup_and_backfill.py for tasks to queue
[2025-02-24T16:05:09.083+0000] {logging_mixin.py:190} INFO - [2025-02-24T16:05:09.082+0000] {dagbag.py:588} INFO - Filling up the DagBag from /opt/airflow/dags/dag_with_catchup_and_backfill.py
[2025-02-24T16:05:09.145+0000] {logging_mixin.py:190} INFO - [2025-02-24T16:05:09.134+0000] {dagbag.py:387} ERROR - Failed to import: /opt/airflow/dags/dag_with_catchup_and_backfill.py
Traceback (most recent call last):
  File "/home/airflow/.local/lib/python3.12/site-packages/airflow/models/dagbag.py", line 383, in parse
    loader.exec_module(new_module)
  File "<frozen importlib._bootstrap_external>", line 999, in exec_module
  File "<frozen importlib._bootstrap>", line 488, in _call_with_frames_removed
  File "/opt/airflow/dags/dag_with_catchup_and_backfill.py", line 5, in <module>
    from airflow_UB.airflow.dags.data_mart.simple import dag_id
ModuleNotFoundError: No module named 'airflow_UB'
[2025-02-24T16:05:09.149+0000] {processor.py:927} WARNING - No viable dags retrieved from /opt/airflow/dags/dag_with_catchup_and_backfill.py
[2025-02-24T16:05:09.170+0000] {processor.py:208} INFO - Processing /opt/airflow/dags/dag_with_catchup_and_backfill.py took 0.098 seconds
[2025-02-24T16:05:39.592+0000] {processor.py:186} INFO - Started process (PID=1805) to work on /opt/airflow/dags/dag_with_catchup_and_backfill.py
[2025-02-24T16:05:39.593+0000] {processor.py:914} INFO - Processing file /opt/airflow/dags/dag_with_catchup_and_backfill.py for tasks to queue
[2025-02-24T16:05:39.596+0000] {logging_mixin.py:190} INFO - [2025-02-24T16:05:39.595+0000] {dagbag.py:588} INFO - Filling up the DagBag from /opt/airflow/dags/dag_with_catchup_and_backfill.py
[2025-02-24T16:05:39.608+0000] {logging_mixin.py:190} INFO - [2025-02-24T16:05:39.605+0000] {dagbag.py:387} ERROR - Failed to import: /opt/airflow/dags/dag_with_catchup_and_backfill.py
Traceback (most recent call last):
  File "/home/airflow/.local/lib/python3.12/site-packages/airflow/models/dagbag.py", line 383, in parse
    loader.exec_module(new_module)
  File "<frozen importlib._bootstrap_external>", line 999, in exec_module
  File "<frozen importlib._bootstrap>", line 488, in _call_with_frames_removed
  File "/opt/airflow/dags/dag_with_catchup_and_backfill.py", line 5, in <module>
    from airflow_UB.airflow.dags.data_mart.simple import dag_id
ModuleNotFoundError: No module named 'airflow_UB'
[2025-02-24T16:05:39.610+0000] {processor.py:927} WARNING - No viable dags retrieved from /opt/airflow/dags/dag_with_catchup_and_backfill.py
[2025-02-24T16:05:39.636+0000] {processor.py:208} INFO - Processing /opt/airflow/dags/dag_with_catchup_and_backfill.py took 0.048 seconds
[2025-02-24T16:06:09.796+0000] {processor.py:186} INFO - Started process (PID=1832) to work on /opt/airflow/dags/dag_with_catchup_and_backfill.py
[2025-02-24T16:06:09.797+0000] {processor.py:914} INFO - Processing file /opt/airflow/dags/dag_with_catchup_and_backfill.py for tasks to queue
[2025-02-24T16:06:09.800+0000] {logging_mixin.py:190} INFO - [2025-02-24T16:06:09.799+0000] {dagbag.py:588} INFO - Filling up the DagBag from /opt/airflow/dags/dag_with_catchup_and_backfill.py
[2025-02-24T16:06:09.844+0000] {logging_mixin.py:190} INFO - [2025-02-24T16:06:09.835+0000] {dagbag.py:387} ERROR - Failed to import: /opt/airflow/dags/dag_with_catchup_and_backfill.py
Traceback (most recent call last):
  File "/home/airflow/.local/lib/python3.12/site-packages/airflow/models/dagbag.py", line 383, in parse
    loader.exec_module(new_module)
  File "<frozen importlib._bootstrap_external>", line 999, in exec_module
  File "<frozen importlib._bootstrap>", line 488, in _call_with_frames_removed
  File "/opt/airflow/dags/dag_with_catchup_and_backfill.py", line 5, in <module>
    from airflow_UB.airflow.dags.data_mart.simple import dag_id
ModuleNotFoundError: No module named 'airflow_UB'
[2025-02-24T16:06:09.848+0000] {processor.py:927} WARNING - No viable dags retrieved from /opt/airflow/dags/dag_with_catchup_and_backfill.py
[2025-02-24T16:06:09.879+0000] {processor.py:208} INFO - Processing /opt/airflow/dags/dag_with_catchup_and_backfill.py took 0.088 seconds
[2025-02-24T16:06:16.948+0000] {processor.py:186} INFO - Started process (PID=1843) to work on /opt/airflow/dags/dag_with_catchup_and_backfill.py
[2025-02-24T16:06:16.950+0000] {processor.py:914} INFO - Processing file /opt/airflow/dags/dag_with_catchup_and_backfill.py for tasks to queue
[2025-02-24T16:06:16.952+0000] {logging_mixin.py:190} INFO - [2025-02-24T16:06:16.952+0000] {dagbag.py:588} INFO - Filling up the DagBag from /opt/airflow/dags/dag_with_catchup_and_backfill.py
[2025-02-24T16:06:16.989+0000] {logging_mixin.py:190} INFO - [2025-02-24T16:06:16.986+0000] {dagbag.py:387} ERROR - Failed to import: /opt/airflow/dags/dag_with_catchup_and_backfill.py
Traceback (most recent call last):
  File "/home/airflow/.local/lib/python3.12/site-packages/airflow/models/dagbag.py", line 383, in parse
    loader.exec_module(new_module)
  File "<frozen importlib._bootstrap_external>", line 999, in exec_module
  File "<frozen importlib._bootstrap>", line 488, in _call_with_frames_removed
  File "/opt/airflow/dags/dag_with_catchup_and_backfill.py", line 5, in <module>
    from airflow_UB.airflow.dags.data_mart.simple import dag_id
ModuleNotFoundError: No module named 'airflow_UB'
[2025-02-24T16:06:16.990+0000] {processor.py:927} WARNING - No viable dags retrieved from /opt/airflow/dags/dag_with_catchup_and_backfill.py
[2025-02-24T16:06:17.006+0000] {processor.py:208} INFO - Processing /opt/airflow/dags/dag_with_catchup_and_backfill.py took 0.063 seconds
[2025-02-24T16:06:47.134+0000] {processor.py:186} INFO - Started process (PID=1871) to work on /opt/airflow/dags/dag_with_catchup_and_backfill.py
[2025-02-24T16:06:47.136+0000] {processor.py:914} INFO - Processing file /opt/airflow/dags/dag_with_catchup_and_backfill.py for tasks to queue
[2025-02-24T16:06:47.138+0000] {logging_mixin.py:190} INFO - [2025-02-24T16:06:47.138+0000] {dagbag.py:588} INFO - Filling up the DagBag from /opt/airflow/dags/dag_with_catchup_and_backfill.py
[2025-02-24T16:06:47.168+0000] {logging_mixin.py:190} INFO - [2025-02-24T16:06:47.163+0000] {dagbag.py:387} ERROR - Failed to import: /opt/airflow/dags/dag_with_catchup_and_backfill.py
Traceback (most recent call last):
  File "/home/airflow/.local/lib/python3.12/site-packages/airflow/models/dagbag.py", line 383, in parse
    loader.exec_module(new_module)
  File "<frozen importlib._bootstrap_external>", line 999, in exec_module
  File "<frozen importlib._bootstrap>", line 488, in _call_with_frames_removed
  File "/opt/airflow/dags/dag_with_catchup_and_backfill.py", line 5, in <module>
    from airflow_UB.airflow.dags.data_mart.simple import dag_id
ModuleNotFoundError: No module named 'airflow_UB'
[2025-02-24T16:06:47.170+0000] {processor.py:927} WARNING - No viable dags retrieved from /opt/airflow/dags/dag_with_catchup_and_backfill.py
[2025-02-24T16:06:47.188+0000] {processor.py:208} INFO - Processing /opt/airflow/dags/dag_with_catchup_and_backfill.py took 0.059 seconds
[2025-02-24T16:06:53.329+0000] {processor.py:186} INFO - Started process (PID=1881) to work on /opt/airflow/dags/dag_with_catchup_and_backfill.py
[2025-02-24T16:06:53.330+0000] {processor.py:914} INFO - Processing file /opt/airflow/dags/dag_with_catchup_and_backfill.py for tasks to queue
[2025-02-24T16:06:53.332+0000] {logging_mixin.py:190} INFO - [2025-02-24T16:06:53.331+0000] {dagbag.py:588} INFO - Filling up the DagBag from /opt/airflow/dags/dag_with_catchup_and_backfill.py
[2025-02-24T16:06:53.364+0000] {processor.py:925} INFO - DAG(s) 'dag_with_catchup_and_backfill' retrieved from /opt/airflow/dags/dag_with_catchup_and_backfill.py
[2025-02-24T16:06:53.461+0000] {logging_mixin.py:190} INFO - [2025-02-24T16:06:53.460+0000] {override.py:1912} INFO - Created Permission View: can edit on DAG:dag_with_catchup_and_backfill
[2025-02-24T16:06:53.472+0000] {logging_mixin.py:190} INFO - [2025-02-24T16:06:53.472+0000] {override.py:1912} INFO - Created Permission View: can delete on DAG:dag_with_catchup_and_backfill
[2025-02-24T16:06:53.483+0000] {logging_mixin.py:190} INFO - [2025-02-24T16:06:53.482+0000] {override.py:1912} INFO - Created Permission View: can read on DAG:dag_with_catchup_and_backfill
[2025-02-24T16:06:53.493+0000] {logging_mixin.py:190} INFO - [2025-02-24T16:06:53.492+0000] {override.py:1912} INFO - Created Permission View: can delete on DAG Run:dag_with_catchup_and_backfill
[2025-02-24T16:06:53.501+0000] {logging_mixin.py:190} INFO - [2025-02-24T16:06:53.501+0000] {override.py:1912} INFO - Created Permission View: can create on DAG Run:dag_with_catchup_and_backfill
[2025-02-24T16:06:53.510+0000] {logging_mixin.py:190} INFO - [2025-02-24T16:06:53.510+0000] {override.py:1912} INFO - Created Permission View: menu access on DAG Run:dag_with_catchup_and_backfill
[2025-02-24T16:06:53.519+0000] {logging_mixin.py:190} INFO - [2025-02-24T16:06:53.518+0000] {override.py:1912} INFO - Created Permission View: can read on DAG Run:dag_with_catchup_and_backfill
[2025-02-24T16:06:53.520+0000] {logging_mixin.py:190} INFO - [2025-02-24T16:06:53.520+0000] {dag.py:3239} INFO - Sync 1 DAGs
[2025-02-24T16:06:53.533+0000] {logging_mixin.py:190} INFO - [2025-02-24T16:06:53.533+0000] {dag.py:3262} INFO - Creating ORM DAG for dag_with_catchup_and_backfill
[2025-02-24T16:06:53.544+0000] {logging_mixin.py:190} INFO - [2025-02-24T16:06:53.544+0000] {dag.py:4180} INFO - Setting next_dagrun for dag_with_catchup_and_backfill to 2025-02-23 00:00:00+00:00, run_after=2025-02-24 00:00:00+00:00
[2025-02-24T16:06:53.569+0000] {processor.py:208} INFO - Processing /opt/airflow/dags/dag_with_catchup_and_backfill.py took 0.245 seconds
[2025-02-24T16:07:24.420+0000] {processor.py:186} INFO - Started process (PID=1908) to work on /opt/airflow/dags/dag_with_catchup_and_backfill.py
[2025-02-24T16:07:24.421+0000] {processor.py:914} INFO - Processing file /opt/airflow/dags/dag_with_catchup_and_backfill.py for tasks to queue
[2025-02-24T16:07:24.423+0000] {logging_mixin.py:190} INFO - [2025-02-24T16:07:24.423+0000] {dagbag.py:588} INFO - Filling up the DagBag from /opt/airflow/dags/dag_with_catchup_and_backfill.py
[2025-02-24T16:07:24.442+0000] {processor.py:925} INFO - DAG(s) 'dag_with_catchup_and_backfill' retrieved from /opt/airflow/dags/dag_with_catchup_and_backfill.py
[2025-02-24T16:07:24.466+0000] {logging_mixin.py:190} INFO - [2025-02-24T16:07:24.465+0000] {dag.py:3239} INFO - Sync 1 DAGs
[2025-02-24T16:07:24.490+0000] {logging_mixin.py:190} INFO - [2025-02-24T16:07:24.490+0000] {dag.py:4180} INFO - Setting next_dagrun for dag_with_catchup_and_backfill to 2025-02-23 00:00:00+00:00, run_after=2025-02-24 00:00:00+00:00
[2025-02-24T16:07:24.515+0000] {processor.py:208} INFO - Processing /opt/airflow/dags/dag_with_catchup_and_backfill.py took 0.101 seconds
[2025-02-24T16:07:55.259+0000] {processor.py:186} INFO - Started process (PID=1935) to work on /opt/airflow/dags/dag_with_catchup_and_backfill.py
[2025-02-24T16:07:55.260+0000] {processor.py:914} INFO - Processing file /opt/airflow/dags/dag_with_catchup_and_backfill.py for tasks to queue
[2025-02-24T16:07:55.263+0000] {logging_mixin.py:190} INFO - [2025-02-24T16:07:55.263+0000] {dagbag.py:588} INFO - Filling up the DagBag from /opt/airflow/dags/dag_with_catchup_and_backfill.py
[2025-02-24T16:07:55.297+0000] {processor.py:925} INFO - DAG(s) 'dag_with_catchup_and_backfill' retrieved from /opt/airflow/dags/dag_with_catchup_and_backfill.py
[2025-02-24T16:07:55.327+0000] {logging_mixin.py:190} INFO - [2025-02-24T16:07:55.327+0000] {dag.py:3239} INFO - Sync 1 DAGs
[2025-02-24T16:07:55.355+0000] {logging_mixin.py:190} INFO - [2025-02-24T16:07:55.355+0000] {dag.py:4180} INFO - Setting next_dagrun for dag_with_catchup_and_backfill to 2025-02-23 00:00:00+00:00, run_after=2025-02-24 00:00:00+00:00
[2025-02-24T16:07:55.389+0000] {processor.py:208} INFO - Processing /opt/airflow/dags/dag_with_catchup_and_backfill.py took 0.138 seconds
[2025-02-24T16:08:26.101+0000] {processor.py:186} INFO - Started process (PID=1962) to work on /opt/airflow/dags/dag_with_catchup_and_backfill.py
[2025-02-24T16:08:26.103+0000] {processor.py:914} INFO - Processing file /opt/airflow/dags/dag_with_catchup_and_backfill.py for tasks to queue
[2025-02-24T16:08:26.106+0000] {logging_mixin.py:190} INFO - [2025-02-24T16:08:26.105+0000] {dagbag.py:588} INFO - Filling up the DagBag from /opt/airflow/dags/dag_with_catchup_and_backfill.py
[2025-02-24T16:08:26.131+0000] {processor.py:925} INFO - DAG(s) 'dag_with_catchup_and_backfill' retrieved from /opt/airflow/dags/dag_with_catchup_and_backfill.py
[2025-02-24T16:08:26.163+0000] {logging_mixin.py:190} INFO - [2025-02-24T16:08:26.162+0000] {dag.py:3239} INFO - Sync 1 DAGs
[2025-02-24T16:08:26.188+0000] {logging_mixin.py:190} INFO - [2025-02-24T16:08:26.188+0000] {dag.py:4180} INFO - Setting next_dagrun for dag_with_catchup_and_backfill to 2025-02-23 00:00:00+00:00, run_after=2025-02-24 00:00:00+00:00
[2025-02-24T16:08:26.220+0000] {processor.py:208} INFO - Processing /opt/airflow/dags/dag_with_catchup_and_backfill.py took 0.125 seconds
[2025-02-24T16:08:56.333+0000] {processor.py:186} INFO - Started process (PID=1989) to work on /opt/airflow/dags/dag_with_catchup_and_backfill.py
[2025-02-24T16:08:56.335+0000] {processor.py:914} INFO - Processing file /opt/airflow/dags/dag_with_catchup_and_backfill.py for tasks to queue
[2025-02-24T16:08:56.338+0000] {logging_mixin.py:190} INFO - [2025-02-24T16:08:56.338+0000] {dagbag.py:588} INFO - Filling up the DagBag from /opt/airflow/dags/dag_with_catchup_and_backfill.py
[2025-02-24T16:08:56.364+0000] {processor.py:925} INFO - DAG(s) 'dag_with_catchup_and_backfill' retrieved from /opt/airflow/dags/dag_with_catchup_and_backfill.py
[2025-02-24T16:08:56.395+0000] {logging_mixin.py:190} INFO - [2025-02-24T16:08:56.395+0000] {dag.py:3239} INFO - Sync 1 DAGs
[2025-02-24T16:08:56.420+0000] {logging_mixin.py:190} INFO - [2025-02-24T16:08:56.420+0000] {dag.py:4180} INFO - Setting next_dagrun for dag_with_catchup_and_backfill to 2025-02-23 00:00:00+00:00, run_after=2025-02-24 00:00:00+00:00
[2025-02-24T16:08:56.454+0000] {processor.py:208} INFO - Processing /opt/airflow/dags/dag_with_catchup_and_backfill.py took 0.128 seconds
[2025-02-24T16:09:26.548+0000] {processor.py:186} INFO - Started process (PID=2016) to work on /opt/airflow/dags/dag_with_catchup_and_backfill.py
[2025-02-24T16:09:26.549+0000] {processor.py:914} INFO - Processing file /opt/airflow/dags/dag_with_catchup_and_backfill.py for tasks to queue
[2025-02-24T16:09:26.552+0000] {logging_mixin.py:190} INFO - [2025-02-24T16:09:26.552+0000] {dagbag.py:588} INFO - Filling up the DagBag from /opt/airflow/dags/dag_with_catchup_and_backfill.py
[2025-02-24T16:09:26.569+0000] {processor.py:925} INFO - DAG(s) 'dag_with_catchup_and_backfill' retrieved from /opt/airflow/dags/dag_with_catchup_and_backfill.py
[2025-02-24T16:09:26.605+0000] {logging_mixin.py:190} INFO - [2025-02-24T16:09:26.605+0000] {dag.py:3239} INFO - Sync 1 DAGs
[2025-02-24T16:09:26.640+0000] {logging_mixin.py:190} INFO - [2025-02-24T16:09:26.640+0000] {dag.py:4180} INFO - Setting next_dagrun for dag_with_catchup_and_backfill to 2025-02-23 00:00:00+00:00, run_after=2025-02-24 00:00:00+00:00
[2025-02-24T16:09:26.665+0000] {processor.py:208} INFO - Processing /opt/airflow/dags/dag_with_catchup_and_backfill.py took 0.124 seconds
[2025-02-24T16:09:57.089+0000] {processor.py:186} INFO - Started process (PID=2043) to work on /opt/airflow/dags/dag_with_catchup_and_backfill.py
[2025-02-24T16:09:57.090+0000] {processor.py:914} INFO - Processing file /opt/airflow/dags/dag_with_catchup_and_backfill.py for tasks to queue
[2025-02-24T16:09:57.092+0000] {logging_mixin.py:190} INFO - [2025-02-24T16:09:57.092+0000] {dagbag.py:588} INFO - Filling up the DagBag from /opt/airflow/dags/dag_with_catchup_and_backfill.py
[2025-02-24T16:09:57.112+0000] {processor.py:925} INFO - DAG(s) 'dag_with_catchup_and_backfill' retrieved from /opt/airflow/dags/dag_with_catchup_and_backfill.py
[2025-02-24T16:09:57.137+0000] {logging_mixin.py:190} INFO - [2025-02-24T16:09:57.136+0000] {dag.py:3239} INFO - Sync 1 DAGs
[2025-02-24T16:09:57.158+0000] {logging_mixin.py:190} INFO - [2025-02-24T16:09:57.158+0000] {dag.py:4180} INFO - Setting next_dagrun for dag_with_catchup_and_backfill to 2025-02-23 00:00:00+00:00, run_after=2025-02-24 00:00:00+00:00
[2025-02-24T16:09:57.190+0000] {processor.py:208} INFO - Processing /opt/airflow/dags/dag_with_catchup_and_backfill.py took 0.107 seconds
[2025-02-24T16:10:27.330+0000] {processor.py:186} INFO - Started process (PID=2070) to work on /opt/airflow/dags/dag_with_catchup_and_backfill.py
[2025-02-24T16:10:27.332+0000] {processor.py:914} INFO - Processing file /opt/airflow/dags/dag_with_catchup_and_backfill.py for tasks to queue
[2025-02-24T16:10:27.335+0000] {logging_mixin.py:190} INFO - [2025-02-24T16:10:27.334+0000] {dagbag.py:588} INFO - Filling up the DagBag from /opt/airflow/dags/dag_with_catchup_and_backfill.py
[2025-02-24T16:10:27.357+0000] {processor.py:925} INFO - DAG(s) 'dag_with_catchup_and_backfill' retrieved from /opt/airflow/dags/dag_with_catchup_and_backfill.py
[2025-02-24T16:10:27.387+0000] {logging_mixin.py:190} INFO - [2025-02-24T16:10:27.387+0000] {dag.py:3239} INFO - Sync 1 DAGs
[2025-02-24T16:10:27.412+0000] {logging_mixin.py:190} INFO - [2025-02-24T16:10:27.412+0000] {dag.py:4180} INFO - Setting next_dagrun for dag_with_catchup_and_backfill to 2025-02-23 00:00:00+00:00, run_after=2025-02-24 00:00:00+00:00
[2025-02-24T16:10:27.435+0000] {processor.py:208} INFO - Processing /opt/airflow/dags/dag_with_catchup_and_backfill.py took 0.112 seconds
[2025-02-24T16:10:58.113+0000] {processor.py:186} INFO - Started process (PID=2097) to work on /opt/airflow/dags/dag_with_catchup_and_backfill.py
[2025-02-24T16:10:58.115+0000] {processor.py:914} INFO - Processing file /opt/airflow/dags/dag_with_catchup_and_backfill.py for tasks to queue
[2025-02-24T16:10:58.118+0000] {logging_mixin.py:190} INFO - [2025-02-24T16:10:58.117+0000] {dagbag.py:588} INFO - Filling up the DagBag from /opt/airflow/dags/dag_with_catchup_and_backfill.py
[2025-02-24T16:10:58.159+0000] {processor.py:925} INFO - DAG(s) 'dag_with_catchup_and_backfill' retrieved from /opt/airflow/dags/dag_with_catchup_and_backfill.py
[2025-02-24T16:10:58.184+0000] {logging_mixin.py:190} INFO - [2025-02-24T16:10:58.184+0000] {dag.py:3239} INFO - Sync 1 DAGs
[2025-02-24T16:10:58.206+0000] {logging_mixin.py:190} INFO - [2025-02-24T16:10:58.206+0000] {dag.py:4180} INFO - Setting next_dagrun for dag_with_catchup_and_backfill to 2025-02-23 00:00:00+00:00, run_after=2025-02-24 00:00:00+00:00
[2025-02-24T16:10:58.225+0000] {processor.py:208} INFO - Processing /opt/airflow/dags/dag_with_catchup_and_backfill.py took 0.117 seconds
[2025-02-24T16:11:28.417+0000] {processor.py:186} INFO - Started process (PID=2124) to work on /opt/airflow/dags/dag_with_catchup_and_backfill.py
[2025-02-24T16:11:28.418+0000] {processor.py:914} INFO - Processing file /opt/airflow/dags/dag_with_catchup_and_backfill.py for tasks to queue
[2025-02-24T16:11:28.421+0000] {logging_mixin.py:190} INFO - [2025-02-24T16:11:28.421+0000] {dagbag.py:588} INFO - Filling up the DagBag from /opt/airflow/dags/dag_with_catchup_and_backfill.py
[2025-02-24T16:11:28.461+0000] {processor.py:925} INFO - DAG(s) 'dag_with_catchup_and_backfill' retrieved from /opt/airflow/dags/dag_with_catchup_and_backfill.py
[2025-02-24T16:11:28.486+0000] {logging_mixin.py:190} INFO - [2025-02-24T16:11:28.486+0000] {dag.py:3239} INFO - Sync 1 DAGs
[2025-02-24T16:11:28.507+0000] {logging_mixin.py:190} INFO - [2025-02-24T16:11:28.507+0000] {dag.py:4180} INFO - Setting next_dagrun for dag_with_catchup_and_backfill to 2025-02-23 00:00:00+00:00, run_after=2025-02-24 00:00:00+00:00
[2025-02-24T16:11:28.528+0000] {processor.py:208} INFO - Processing /opt/airflow/dags/dag_with_catchup_and_backfill.py took 0.116 seconds
[2025-02-24T16:11:58.650+0000] {processor.py:186} INFO - Started process (PID=2151) to work on /opt/airflow/dags/dag_with_catchup_and_backfill.py
[2025-02-24T16:11:58.651+0000] {processor.py:914} INFO - Processing file /opt/airflow/dags/dag_with_catchup_and_backfill.py for tasks to queue
[2025-02-24T16:11:58.654+0000] {logging_mixin.py:190} INFO - [2025-02-24T16:11:58.653+0000] {dagbag.py:588} INFO - Filling up the DagBag from /opt/airflow/dags/dag_with_catchup_and_backfill.py
[2025-02-24T16:11:58.681+0000] {processor.py:925} INFO - DAG(s) 'dag_with_catchup_and_backfill' retrieved from /opt/airflow/dags/dag_with_catchup_and_backfill.py
[2025-02-24T16:11:58.703+0000] {logging_mixin.py:190} INFO - [2025-02-24T16:11:58.702+0000] {dag.py:3239} INFO - Sync 1 DAGs
[2025-02-24T16:11:58.725+0000] {logging_mixin.py:190} INFO - [2025-02-24T16:11:58.724+0000] {dag.py:4180} INFO - Setting next_dagrun for dag_with_catchup_and_backfill to 2025-02-23 00:00:00+00:00, run_after=2025-02-24 00:00:00+00:00
[2025-02-24T16:11:58.753+0000] {processor.py:208} INFO - Processing /opt/airflow/dags/dag_with_catchup_and_backfill.py took 0.108 seconds
[2025-02-24T16:12:28.934+0000] {processor.py:186} INFO - Started process (PID=2178) to work on /opt/airflow/dags/dag_with_catchup_and_backfill.py
[2025-02-24T16:12:28.935+0000] {processor.py:914} INFO - Processing file /opt/airflow/dags/dag_with_catchup_and_backfill.py for tasks to queue
[2025-02-24T16:12:28.938+0000] {logging_mixin.py:190} INFO - [2025-02-24T16:12:28.938+0000] {dagbag.py:588} INFO - Filling up the DagBag from /opt/airflow/dags/dag_with_catchup_and_backfill.py
[2025-02-24T16:12:28.962+0000] {processor.py:925} INFO - DAG(s) 'dag_with_catchup_and_backfill' retrieved from /opt/airflow/dags/dag_with_catchup_and_backfill.py
[2025-02-24T16:12:28.985+0000] {logging_mixin.py:190} INFO - [2025-02-24T16:12:28.984+0000] {dag.py:3239} INFO - Sync 1 DAGs
[2025-02-24T16:12:29.008+0000] {logging_mixin.py:190} INFO - [2025-02-24T16:12:29.008+0000] {dag.py:4180} INFO - Setting next_dagrun for dag_with_catchup_and_backfill to 2025-02-23 00:00:00+00:00, run_after=2025-02-24 00:00:00+00:00
[2025-02-24T16:12:29.038+0000] {processor.py:208} INFO - Processing /opt/airflow/dags/dag_with_catchup_and_backfill.py took 0.109 seconds
[2025-02-24T16:12:59.102+0000] {processor.py:186} INFO - Started process (PID=2205) to work on /opt/airflow/dags/dag_with_catchup_and_backfill.py
[2025-02-24T16:12:59.103+0000] {processor.py:914} INFO - Processing file /opt/airflow/dags/dag_with_catchup_and_backfill.py for tasks to queue
[2025-02-24T16:12:59.106+0000] {logging_mixin.py:190} INFO - [2025-02-24T16:12:59.105+0000] {dagbag.py:588} INFO - Filling up the DagBag from /opt/airflow/dags/dag_with_catchup_and_backfill.py
[2025-02-24T16:12:59.133+0000] {processor.py:925} INFO - DAG(s) 'dag_with_catchup_and_backfill' retrieved from /opt/airflow/dags/dag_with_catchup_and_backfill.py
[2025-02-24T16:12:59.156+0000] {logging_mixin.py:190} INFO - [2025-02-24T16:12:59.156+0000] {dag.py:3239} INFO - Sync 1 DAGs
[2025-02-24T16:12:59.176+0000] {logging_mixin.py:190} INFO - [2025-02-24T16:12:59.176+0000] {dag.py:4180} INFO - Setting next_dagrun for dag_with_catchup_and_backfill to 2025-02-23 00:00:00+00:00, run_after=2025-02-24 00:00:00+00:00
[2025-02-24T16:12:59.193+0000] {processor.py:208} INFO - Processing /opt/airflow/dags/dag_with_catchup_and_backfill.py took 0.096 seconds
[2025-02-24T16:13:29.422+0000] {processor.py:186} INFO - Started process (PID=2232) to work on /opt/airflow/dags/dag_with_catchup_and_backfill.py
[2025-02-24T16:13:29.423+0000] {processor.py:914} INFO - Processing file /opt/airflow/dags/dag_with_catchup_and_backfill.py for tasks to queue
[2025-02-24T16:13:29.425+0000] {logging_mixin.py:190} INFO - [2025-02-24T16:13:29.424+0000] {dagbag.py:588} INFO - Filling up the DagBag from /opt/airflow/dags/dag_with_catchup_and_backfill.py
[2025-02-24T16:13:29.464+0000] {processor.py:925} INFO - DAG(s) 'dag_with_catchup_and_backfill' retrieved from /opt/airflow/dags/dag_with_catchup_and_backfill.py
[2025-02-24T16:13:29.489+0000] {logging_mixin.py:190} INFO - [2025-02-24T16:13:29.489+0000] {dag.py:3239} INFO - Sync 1 DAGs
[2025-02-24T16:13:29.511+0000] {logging_mixin.py:190} INFO - [2025-02-24T16:13:29.511+0000] {dag.py:4180} INFO - Setting next_dagrun for dag_with_catchup_and_backfill to 2025-02-23 00:00:00+00:00, run_after=2025-02-24 00:00:00+00:00
[2025-02-24T16:13:29.548+0000] {processor.py:208} INFO - Processing /opt/airflow/dags/dag_with_catchup_and_backfill.py took 0.132 seconds
[2025-02-24T16:14:00.350+0000] {processor.py:186} INFO - Started process (PID=2259) to work on /opt/airflow/dags/dag_with_catchup_and_backfill.py
[2025-02-24T16:14:00.352+0000] {processor.py:914} INFO - Processing file /opt/airflow/dags/dag_with_catchup_and_backfill.py for tasks to queue
[2025-02-24T16:14:00.354+0000] {logging_mixin.py:190} INFO - [2025-02-24T16:14:00.354+0000] {dagbag.py:588} INFO - Filling up the DagBag from /opt/airflow/dags/dag_with_catchup_and_backfill.py
[2025-02-24T16:14:00.385+0000] {processor.py:925} INFO - DAG(s) 'dag_with_catchup_and_backfill' retrieved from /opt/airflow/dags/dag_with_catchup_and_backfill.py
[2025-02-24T16:14:00.409+0000] {logging_mixin.py:190} INFO - [2025-02-24T16:14:00.408+0000] {dag.py:3239} INFO - Sync 1 DAGs
[2025-02-24T16:14:00.436+0000] {logging_mixin.py:190} INFO - [2025-02-24T16:14:00.436+0000] {dag.py:4180} INFO - Setting next_dagrun for dag_with_catchup_and_backfill to 2025-02-23 00:00:00+00:00, run_after=2025-02-24 00:00:00+00:00
[2025-02-24T16:14:00.458+0000] {processor.py:208} INFO - Processing /opt/airflow/dags/dag_with_catchup_and_backfill.py took 0.116 seconds
[2025-02-24T16:14:31.039+0000] {processor.py:186} INFO - Started process (PID=2286) to work on /opt/airflow/dags/dag_with_catchup_and_backfill.py
[2025-02-24T16:14:31.040+0000] {processor.py:914} INFO - Processing file /opt/airflow/dags/dag_with_catchup_and_backfill.py for tasks to queue
[2025-02-24T16:14:31.042+0000] {logging_mixin.py:190} INFO - [2025-02-24T16:14:31.042+0000] {dagbag.py:588} INFO - Filling up the DagBag from /opt/airflow/dags/dag_with_catchup_and_backfill.py
[2025-02-24T16:14:31.076+0000] {processor.py:925} INFO - DAG(s) 'dag_with_catchup_and_backfill' retrieved from /opt/airflow/dags/dag_with_catchup_and_backfill.py
[2025-02-24T16:14:31.100+0000] {logging_mixin.py:190} INFO - [2025-02-24T16:14:31.099+0000] {dag.py:3239} INFO - Sync 1 DAGs
[2025-02-24T16:14:31.121+0000] {logging_mixin.py:190} INFO - [2025-02-24T16:14:31.121+0000] {dag.py:4180} INFO - Setting next_dagrun for dag_with_catchup_and_backfill to 2025-02-23 00:00:00+00:00, run_after=2025-02-24 00:00:00+00:00
[2025-02-24T16:14:31.152+0000] {processor.py:208} INFO - Processing /opt/airflow/dags/dag_with_catchup_and_backfill.py took 0.119 seconds
[2025-02-24T16:14:56.768+0000] {processor.py:186} INFO - Started process (PID=2313) to work on /opt/airflow/dags/dag_with_catchup_and_backfill.py
[2025-02-24T16:14:56.769+0000] {processor.py:914} INFO - Processing file /opt/airflow/dags/dag_with_catchup_and_backfill.py for tasks to queue
[2025-02-24T16:14:56.772+0000] {logging_mixin.py:190} INFO - [2025-02-24T16:14:56.772+0000] {dagbag.py:588} INFO - Filling up the DagBag from /opt/airflow/dags/dag_with_catchup_and_backfill.py
[2025-02-24T16:14:56.805+0000] {processor.py:925} INFO - DAG(s) 'dag_with_catchup_and_backfill' retrieved from /opt/airflow/dags/dag_with_catchup_and_backfill.py
[2025-02-24T16:14:56.834+0000] {logging_mixin.py:190} INFO - [2025-02-24T16:14:56.834+0000] {dag.py:3239} INFO - Sync 1 DAGs
[2025-02-24T16:14:56.863+0000] {logging_mixin.py:190} INFO - [2025-02-24T16:14:56.863+0000] {dag.py:4180} INFO - Setting next_dagrun for dag_with_catchup_and_backfill to 2025-02-23 00:00:00+00:00, run_after=2025-02-24 00:00:00+00:00
[2025-02-24T16:14:56.885+0000] {processor.py:208} INFO - Processing /opt/airflow/dags/dag_with_catchup_and_backfill.py took 0.123 seconds
[2025-02-24T16:15:27.635+0000] {processor.py:186} INFO - Started process (PID=2340) to work on /opt/airflow/dags/dag_with_catchup_and_backfill.py
[2025-02-24T16:15:27.637+0000] {processor.py:914} INFO - Processing file /opt/airflow/dags/dag_with_catchup_and_backfill.py for tasks to queue
[2025-02-24T16:15:27.639+0000] {logging_mixin.py:190} INFO - [2025-02-24T16:15:27.639+0000] {dagbag.py:588} INFO - Filling up the DagBag from /opt/airflow/dags/dag_with_catchup_and_backfill.py
[2025-02-24T16:15:27.668+0000] {processor.py:925} INFO - DAG(s) 'dag_with_catchup_and_backfill' retrieved from /opt/airflow/dags/dag_with_catchup_and_backfill.py
[2025-02-24T16:15:27.690+0000] {logging_mixin.py:190} INFO - [2025-02-24T16:15:27.690+0000] {dag.py:3239} INFO - Sync 1 DAGs
[2025-02-24T16:15:27.712+0000] {logging_mixin.py:190} INFO - [2025-02-24T16:15:27.712+0000] {dag.py:4180} INFO - Setting next_dagrun for dag_with_catchup_and_backfill to 2025-02-23 00:00:00+00:00, run_after=2025-02-24 00:00:00+00:00
[2025-02-24T16:15:27.744+0000] {processor.py:208} INFO - Processing /opt/airflow/dags/dag_with_catchup_and_backfill.py took 0.114 seconds
[2025-02-24T16:15:58.424+0000] {processor.py:186} INFO - Started process (PID=2368) to work on /opt/airflow/dags/dag_with_catchup_and_backfill.py
[2025-02-24T16:15:58.425+0000] {processor.py:914} INFO - Processing file /opt/airflow/dags/dag_with_catchup_and_backfill.py for tasks to queue
[2025-02-24T16:15:58.427+0000] {logging_mixin.py:190} INFO - [2025-02-24T16:15:58.427+0000] {dagbag.py:588} INFO - Filling up the DagBag from /opt/airflow/dags/dag_with_catchup_and_backfill.py
[2025-02-24T16:15:58.448+0000] {processor.py:925} INFO - DAG(s) 'dag_with_catchup_and_backfill' retrieved from /opt/airflow/dags/dag_with_catchup_and_backfill.py
[2025-02-24T16:15:58.478+0000] {logging_mixin.py:190} INFO - [2025-02-24T16:15:58.478+0000] {dag.py:3239} INFO - Sync 1 DAGs
[2025-02-24T16:15:58.499+0000] {logging_mixin.py:190} INFO - [2025-02-24T16:15:58.499+0000] {dag.py:4180} INFO - Setting next_dagrun for dag_with_catchup_and_backfill to 2025-02-23 00:00:00+00:00, run_after=2025-02-24 00:00:00+00:00
[2025-02-24T16:15:58.518+0000] {processor.py:208} INFO - Processing /opt/airflow/dags/dag_with_catchup_and_backfill.py took 0.100 seconds
[2025-02-24T16:16:28.678+0000] {processor.py:186} INFO - Started process (PID=2395) to work on /opt/airflow/dags/dag_with_catchup_and_backfill.py
[2025-02-24T16:16:28.679+0000] {processor.py:914} INFO - Processing file /opt/airflow/dags/dag_with_catchup_and_backfill.py for tasks to queue
[2025-02-24T16:16:28.682+0000] {logging_mixin.py:190} INFO - [2025-02-24T16:16:28.681+0000] {dagbag.py:588} INFO - Filling up the DagBag from /opt/airflow/dags/dag_with_catchup_and_backfill.py
[2025-02-24T16:16:28.698+0000] {processor.py:925} INFO - DAG(s) 'dag_with_catchup_and_backfill' retrieved from /opt/airflow/dags/dag_with_catchup_and_backfill.py
[2025-02-24T16:16:28.729+0000] {logging_mixin.py:190} INFO - [2025-02-24T16:16:28.729+0000] {dag.py:3239} INFO - Sync 1 DAGs
[2025-02-24T16:16:28.764+0000] {logging_mixin.py:190} INFO - [2025-02-24T16:16:28.764+0000] {dag.py:4180} INFO - Setting next_dagrun for dag_with_catchup_and_backfill to 2025-02-23 00:00:00+00:00, run_after=2025-02-24 00:00:00+00:00
[2025-02-24T16:16:28.791+0000] {processor.py:208} INFO - Processing /opt/airflow/dags/dag_with_catchup_and_backfill.py took 0.120 seconds
[2025-02-24T16:16:58.911+0000] {processor.py:186} INFO - Started process (PID=2422) to work on /opt/airflow/dags/dag_with_catchup_and_backfill.py
[2025-02-24T16:16:58.913+0000] {processor.py:914} INFO - Processing file /opt/airflow/dags/dag_with_catchup_and_backfill.py for tasks to queue
[2025-02-24T16:16:58.915+0000] {logging_mixin.py:190} INFO - [2025-02-24T16:16:58.915+0000] {dagbag.py:588} INFO - Filling up the DagBag from /opt/airflow/dags/dag_with_catchup_and_backfill.py
[2025-02-24T16:16:58.944+0000] {processor.py:925} INFO - DAG(s) 'dag_with_catchup_and_backfill' retrieved from /opt/airflow/dags/dag_with_catchup_and_backfill.py
[2025-02-24T16:16:58.970+0000] {logging_mixin.py:190} INFO - [2025-02-24T16:16:58.969+0000] {dag.py:3239} INFO - Sync 1 DAGs
[2025-02-24T16:16:58.991+0000] {logging_mixin.py:190} INFO - [2025-02-24T16:16:58.991+0000] {dag.py:4180} INFO - Setting next_dagrun for dag_with_catchup_and_backfill to 2025-02-23 00:00:00+00:00, run_after=2025-02-24 00:00:00+00:00
[2025-02-24T16:16:59.013+0000] {processor.py:208} INFO - Processing /opt/airflow/dags/dag_with_catchup_and_backfill.py took 0.107 seconds
[2025-02-24T16:17:29.693+0000] {processor.py:186} INFO - Started process (PID=2443) to work on /opt/airflow/dags/dag_with_catchup_and_backfill.py
[2025-02-24T16:17:29.694+0000] {processor.py:914} INFO - Processing file /opt/airflow/dags/dag_with_catchup_and_backfill.py for tasks to queue
[2025-02-24T16:17:29.696+0000] {logging_mixin.py:190} INFO - [2025-02-24T16:17:29.696+0000] {dagbag.py:588} INFO - Filling up the DagBag from /opt/airflow/dags/dag_with_catchup_and_backfill.py
[2025-02-24T16:17:29.727+0000] {processor.py:925} INFO - DAG(s) 'dag_with_catchup_and_backfill' retrieved from /opt/airflow/dags/dag_with_catchup_and_backfill.py
[2025-02-24T16:17:29.749+0000] {logging_mixin.py:190} INFO - [2025-02-24T16:17:29.749+0000] {dag.py:3239} INFO - Sync 1 DAGs
[2025-02-24T16:17:29.771+0000] {logging_mixin.py:190} INFO - [2025-02-24T16:17:29.771+0000] {dag.py:4180} INFO - Setting next_dagrun for dag_with_catchup_and_backfill to 2025-02-23 00:00:00+00:00, run_after=2025-02-24 00:00:00+00:00
[2025-02-24T16:17:29.801+0000] {processor.py:208} INFO - Processing /opt/airflow/dags/dag_with_catchup_and_backfill.py took 0.113 seconds
[2025-02-24T16:17:40.100+0000] {processor.py:186} INFO - Started process (PID=2454) to work on /opt/airflow/dags/dag_with_catchup_and_backfill.py
[2025-02-24T16:17:40.102+0000] {processor.py:914} INFO - Processing file /opt/airflow/dags/dag_with_catchup_and_backfill.py for tasks to queue
[2025-02-24T16:17:40.105+0000] {logging_mixin.py:190} INFO - [2025-02-24T16:17:40.105+0000] {dagbag.py:588} INFO - Filling up the DagBag from /opt/airflow/dags/dag_with_catchup_and_backfill.py
[2025-02-24T16:17:40.141+0000] {processor.py:925} INFO - DAG(s) 'dag_with_catchup_and_backfill' retrieved from /opt/airflow/dags/dag_with_catchup_and_backfill.py
[2025-02-24T16:17:40.168+0000] {logging_mixin.py:190} INFO - [2025-02-24T16:17:40.168+0000] {dag.py:3239} INFO - Sync 1 DAGs
[2025-02-24T16:17:40.193+0000] {logging_mixin.py:190} INFO - [2025-02-24T16:17:40.193+0000] {dag.py:4180} INFO - Setting next_dagrun for dag_with_catchup_and_backfill to 2025-02-23 00:00:00+00:00, run_after=2025-02-24 00:00:00+00:00
[2025-02-24T16:17:40.229+0000] {processor.py:208} INFO - Processing /opt/airflow/dags/dag_with_catchup_and_backfill.py took 0.137 seconds
[2025-02-24T16:18:10.498+0000] {processor.py:186} INFO - Started process (PID=2480) to work on /opt/airflow/dags/dag_with_catchup_and_backfill.py
[2025-02-24T16:18:10.500+0000] {processor.py:914} INFO - Processing file /opt/airflow/dags/dag_with_catchup_and_backfill.py for tasks to queue
[2025-02-24T16:18:10.508+0000] {logging_mixin.py:190} INFO - [2025-02-24T16:18:10.503+0000] {dagbag.py:588} INFO - Filling up the DagBag from /opt/airflow/dags/dag_with_catchup_and_backfill.py
[2025-02-24T16:18:10.531+0000] {processor.py:925} INFO - DAG(s) 'dag_with_catchup_and_backfill' retrieved from /opt/airflow/dags/dag_with_catchup_and_backfill.py
[2025-02-24T16:18:10.563+0000] {logging_mixin.py:190} INFO - [2025-02-24T16:18:10.563+0000] {dag.py:3239} INFO - Sync 1 DAGs
[2025-02-24T16:18:10.588+0000] {logging_mixin.py:190} INFO - [2025-02-24T16:18:10.588+0000] {dag.py:4180} INFO - Setting next_dagrun for dag_with_catchup_and_backfill to 2025-02-23 00:00:00+00:00, run_after=2025-02-24 00:00:00+00:00
[2025-02-24T16:18:10.620+0000] {processor.py:208} INFO - Processing /opt/airflow/dags/dag_with_catchup_and_backfill.py took 0.142 seconds
[2025-02-24T16:18:40.759+0000] {processor.py:186} INFO - Started process (PID=2506) to work on /opt/airflow/dags/dag_with_catchup_and_backfill.py
[2025-02-24T16:18:40.760+0000] {processor.py:914} INFO - Processing file /opt/airflow/dags/dag_with_catchup_and_backfill.py for tasks to queue
[2025-02-24T16:18:40.762+0000] {logging_mixin.py:190} INFO - [2025-02-24T16:18:40.762+0000] {dagbag.py:588} INFO - Filling up the DagBag from /opt/airflow/dags/dag_with_catchup_and_backfill.py
[2025-02-24T16:18:40.801+0000] {processor.py:925} INFO - DAG(s) 'dag_with_catchup_and_backfill' retrieved from /opt/airflow/dags/dag_with_catchup_and_backfill.py
[2025-02-24T16:18:40.826+0000] {logging_mixin.py:190} INFO - [2025-02-24T16:18:40.826+0000] {dag.py:3239} INFO - Sync 1 DAGs
[2025-02-24T16:18:40.850+0000] {logging_mixin.py:190} INFO - [2025-02-24T16:18:40.850+0000] {dag.py:4180} INFO - Setting next_dagrun for dag_with_catchup_and_backfill to 2025-02-23 00:00:00+00:00, run_after=2025-02-24 00:00:00+00:00
[2025-02-24T16:18:40.882+0000] {processor.py:208} INFO - Processing /opt/airflow/dags/dag_with_catchup_and_backfill.py took 0.130 seconds
[2025-02-24T16:19:11.141+0000] {processor.py:186} INFO - Started process (PID=2533) to work on /opt/airflow/dags/dag_with_catchup_and_backfill.py
[2025-02-24T16:19:11.143+0000] {processor.py:914} INFO - Processing file /opt/airflow/dags/dag_with_catchup_and_backfill.py for tasks to queue
[2025-02-24T16:19:11.146+0000] {logging_mixin.py:190} INFO - [2025-02-24T16:19:11.145+0000] {dagbag.py:588} INFO - Filling up the DagBag from /opt/airflow/dags/dag_with_catchup_and_backfill.py
[2025-02-24T16:19:11.168+0000] {processor.py:925} INFO - DAG(s) 'dag_with_catchup_and_backfill' retrieved from /opt/airflow/dags/dag_with_catchup_and_backfill.py
[2025-02-24T16:19:11.200+0000] {logging_mixin.py:190} INFO - [2025-02-24T16:19:11.199+0000] {dag.py:3239} INFO - Sync 1 DAGs
[2025-02-24T16:19:11.226+0000] {logging_mixin.py:190} INFO - [2025-02-24T16:19:11.225+0000] {dag.py:4180} INFO - Setting next_dagrun for dag_with_catchup_and_backfill to 2025-02-23 00:00:00+00:00, run_after=2025-02-24 00:00:00+00:00
[2025-02-24T16:19:11.256+0000] {processor.py:208} INFO - Processing /opt/airflow/dags/dag_with_catchup_and_backfill.py took 0.122 seconds
[2025-02-24T16:19:41.763+0000] {processor.py:186} INFO - Started process (PID=2560) to work on /opt/airflow/dags/dag_with_catchup_and_backfill.py
[2025-02-24T16:19:41.764+0000] {processor.py:914} INFO - Processing file /opt/airflow/dags/dag_with_catchup_and_backfill.py for tasks to queue
[2025-02-24T16:19:41.767+0000] {logging_mixin.py:190} INFO - [2025-02-24T16:19:41.766+0000] {dagbag.py:588} INFO - Filling up the DagBag from /opt/airflow/dags/dag_with_catchup_and_backfill.py
[2025-02-24T16:19:41.800+0000] {processor.py:925} INFO - DAG(s) 'dag_with_catchup_and_backfill' retrieved from /opt/airflow/dags/dag_with_catchup_and_backfill.py
[2025-02-24T16:19:41.824+0000] {logging_mixin.py:190} INFO - [2025-02-24T16:19:41.824+0000] {dag.py:3239} INFO - Sync 1 DAGs
[2025-02-24T16:19:41.845+0000] {logging_mixin.py:190} INFO - [2025-02-24T16:19:41.845+0000] {dag.py:4180} INFO - Setting next_dagrun for dag_with_catchup_and_backfill to 2025-02-23 00:00:00+00:00, run_after=2025-02-24 00:00:00+00:00
[2025-02-24T16:19:41.878+0000] {processor.py:208} INFO - Processing /opt/airflow/dags/dag_with_catchup_and_backfill.py took 0.121 seconds
[2025-02-24T16:20:12.697+0000] {processor.py:186} INFO - Started process (PID=2593) to work on /opt/airflow/dags/dag_with_catchup_and_backfill.py
[2025-02-24T16:20:12.699+0000] {processor.py:914} INFO - Processing file /opt/airflow/dags/dag_with_catchup_and_backfill.py for tasks to queue
[2025-02-24T16:20:12.702+0000] {logging_mixin.py:190} INFO - [2025-02-24T16:20:12.702+0000] {dagbag.py:588} INFO - Filling up the DagBag from /opt/airflow/dags/dag_with_catchup_and_backfill.py
[2025-02-24T16:20:12.725+0000] {processor.py:925} INFO - DAG(s) 'dag_with_catchup_and_backfill' retrieved from /opt/airflow/dags/dag_with_catchup_and_backfill.py
[2025-02-24T16:20:12.756+0000] {logging_mixin.py:190} INFO - [2025-02-24T16:20:12.755+0000] {dag.py:3239} INFO - Sync 1 DAGs
[2025-02-24T16:20:12.782+0000] {logging_mixin.py:190} INFO - [2025-02-24T16:20:12.782+0000] {dag.py:4180} INFO - Setting next_dagrun for dag_with_catchup_and_backfill to 2025-02-23 00:00:00+00:00, run_after=2025-02-24 00:00:00+00:00
[2025-02-24T16:20:12.801+0000] {processor.py:208} INFO - Processing /opt/airflow/dags/dag_with_catchup_and_backfill.py took 0.111 seconds
[2025-02-24T16:20:42.865+0000] {processor.py:186} INFO - Started process (PID=2620) to work on /opt/airflow/dags/dag_with_catchup_and_backfill.py
[2025-02-24T16:20:42.866+0000] {processor.py:914} INFO - Processing file /opt/airflow/dags/dag_with_catchup_and_backfill.py for tasks to queue
[2025-02-24T16:20:42.868+0000] {logging_mixin.py:190} INFO - [2025-02-24T16:20:42.868+0000] {dagbag.py:588} INFO - Filling up the DagBag from /opt/airflow/dags/dag_with_catchup_and_backfill.py
[2025-02-24T16:20:42.888+0000] {processor.py:925} INFO - DAG(s) 'dag_with_catchup_and_backfill' retrieved from /opt/airflow/dags/dag_with_catchup_and_backfill.py
[2025-02-24T16:20:42.913+0000] {logging_mixin.py:190} INFO - [2025-02-24T16:20:42.913+0000] {dag.py:3239} INFO - Sync 1 DAGs
[2025-02-24T16:20:42.940+0000] {logging_mixin.py:190} INFO - [2025-02-24T16:20:42.940+0000] {dag.py:4180} INFO - Setting next_dagrun for dag_with_catchup_and_backfill to 2025-02-23 00:00:00+00:00, run_after=2025-02-24 00:00:00+00:00
[2025-02-24T16:20:42.971+0000] {processor.py:208} INFO - Processing /opt/airflow/dags/dag_with_catchup_and_backfill.py took 0.112 seconds
[2025-02-24T16:21:13.375+0000] {processor.py:186} INFO - Started process (PID=2647) to work on /opt/airflow/dags/dag_with_catchup_and_backfill.py
[2025-02-24T16:21:13.387+0000] {processor.py:914} INFO - Processing file /opt/airflow/dags/dag_with_catchup_and_backfill.py for tasks to queue
[2025-02-24T16:21:13.396+0000] {logging_mixin.py:190} INFO - [2025-02-24T16:21:13.395+0000] {dagbag.py:588} INFO - Filling up the DagBag from /opt/airflow/dags/dag_with_catchup_and_backfill.py
[2025-02-24T16:21:13.428+0000] {processor.py:925} INFO - DAG(s) 'dag_with_catchup_and_backfill' retrieved from /opt/airflow/dags/dag_with_catchup_and_backfill.py
[2025-02-24T16:21:13.452+0000] {logging_mixin.py:190} INFO - [2025-02-24T16:21:13.452+0000] {dag.py:3239} INFO - Sync 1 DAGs
[2025-02-24T16:21:13.474+0000] {logging_mixin.py:190} INFO - [2025-02-24T16:21:13.474+0000] {dag.py:4180} INFO - Setting next_dagrun for dag_with_catchup_and_backfill to 2025-02-23 00:00:00+00:00, run_after=2025-02-24 00:00:00+00:00
[2025-02-24T16:21:13.498+0000] {processor.py:208} INFO - Processing /opt/airflow/dags/dag_with_catchup_and_backfill.py took 0.129 seconds
[2025-02-24T16:21:43.555+0000] {processor.py:186} INFO - Started process (PID=2674) to work on /opt/airflow/dags/dag_with_catchup_and_backfill.py
[2025-02-24T16:21:43.556+0000] {processor.py:914} INFO - Processing file /opt/airflow/dags/dag_with_catchup_and_backfill.py for tasks to queue
[2025-02-24T16:21:43.559+0000] {logging_mixin.py:190} INFO - [2025-02-24T16:21:43.559+0000] {dagbag.py:588} INFO - Filling up the DagBag from /opt/airflow/dags/dag_with_catchup_and_backfill.py
[2025-02-24T16:21:43.593+0000] {processor.py:925} INFO - DAG(s) 'dag_with_catchup_and_backfill' retrieved from /opt/airflow/dags/dag_with_catchup_and_backfill.py
[2025-02-24T16:21:43.624+0000] {logging_mixin.py:190} INFO - [2025-02-24T16:21:43.623+0000] {dag.py:3239} INFO - Sync 1 DAGs
[2025-02-24T16:21:43.650+0000] {logging_mixin.py:190} INFO - [2025-02-24T16:21:43.649+0000] {dag.py:4180} INFO - Setting next_dagrun for dag_with_catchup_and_backfill to 2025-02-23 00:00:00+00:00, run_after=2025-02-24 00:00:00+00:00
[2025-02-24T16:21:43.684+0000] {processor.py:208} INFO - Processing /opt/airflow/dags/dag_with_catchup_and_backfill.py took 0.136 seconds
[2025-02-24T16:22:14.388+0000] {processor.py:186} INFO - Started process (PID=2701) to work on /opt/airflow/dags/dag_with_catchup_and_backfill.py
[2025-02-24T16:22:14.389+0000] {processor.py:914} INFO - Processing file /opt/airflow/dags/dag_with_catchup_and_backfill.py for tasks to queue
[2025-02-24T16:22:14.392+0000] {logging_mixin.py:190} INFO - [2025-02-24T16:22:14.392+0000] {dagbag.py:588} INFO - Filling up the DagBag from /opt/airflow/dags/dag_with_catchup_and_backfill.py
[2025-02-24T16:22:14.424+0000] {processor.py:925} INFO - DAG(s) 'dag_with_catchup_and_backfill' retrieved from /opt/airflow/dags/dag_with_catchup_and_backfill.py
[2025-02-24T16:22:14.447+0000] {logging_mixin.py:190} INFO - [2025-02-24T16:22:14.447+0000] {dag.py:3239} INFO - Sync 1 DAGs
[2025-02-24T16:22:14.471+0000] {logging_mixin.py:190} INFO - [2025-02-24T16:22:14.471+0000] {dag.py:4180} INFO - Setting next_dagrun for dag_with_catchup_and_backfill to 2025-02-23 00:00:00+00:00, run_after=2025-02-24 00:00:00+00:00
[2025-02-24T16:22:14.501+0000] {processor.py:208} INFO - Processing /opt/airflow/dags/dag_with_catchup_and_backfill.py took 0.119 seconds
[2025-02-24T16:22:17.621+0000] {processor.py:186} INFO - Started process (PID=2711) to work on /opt/airflow/dags/dag_with_catchup_and_backfill.py
[2025-02-24T16:22:17.623+0000] {processor.py:914} INFO - Processing file /opt/airflow/dags/dag_with_catchup_and_backfill.py for tasks to queue
[2025-02-24T16:22:17.626+0000] {logging_mixin.py:190} INFO - [2025-02-24T16:22:17.625+0000] {dagbag.py:588} INFO - Filling up the DagBag from /opt/airflow/dags/dag_with_catchup_and_backfill.py
[2025-02-24T16:22:17.689+0000] {processor.py:925} INFO - DAG(s) 'dag_with_catchup_and_backfill' retrieved from /opt/airflow/dags/dag_with_catchup_and_backfill.py
[2025-02-24T16:22:17.713+0000] {logging_mixin.py:190} INFO - [2025-02-24T16:22:17.713+0000] {dag.py:3239} INFO - Sync 1 DAGs
[2025-02-24T16:22:17.735+0000] {logging_mixin.py:190} INFO - [2025-02-24T16:22:17.735+0000] {dag.py:4180} INFO - Setting next_dagrun for dag_with_catchup_and_backfill to 2025-02-23 00:00:00+00:00, run_after=2025-02-24 00:00:00+00:00
[2025-02-24T16:22:17.761+0000] {processor.py:208} INFO - Processing /opt/airflow/dags/dag_with_catchup_and_backfill.py took 0.146 seconds
