[2025-02-23T15:52:38.679+0000] {local_task_job_runner.py:123} INFO - ::group::Pre task execution logs
[2025-02-23T15:52:38.721+0000] {taskinstance.py:2614} INFO - Dependencies all met for dep_context=non-requeueable deps ti=<TaskInstance: my_first_dag.second_task scheduled__2025-02-11T00:00:00+00:00 [queued]>
[2025-02-23T15:52:38.736+0000] {taskinstance.py:2614} INFO - Dependencies all met for dep_context=requeueable deps ti=<TaskInstance: my_first_dag.second_task scheduled__2025-02-11T00:00:00+00:00 [queued]>
[2025-02-23T15:52:38.737+0000] {taskinstance.py:2867} INFO - Starting attempt 1 of 6
[2025-02-23T15:52:38.800+0000] {taskinstance.py:2890} INFO - Executing <Task(BashOperator): second_task> on 2025-02-11 00:00:00+00:00
[2025-02-23T15:52:38.812+0000] {logging_mixin.py:190} WARNING - /home/***/.local/lib/python3.12/site-packages/***/task/task_runner/standard_task_runner.py:70 DeprecationWarning: This process (pid=1446) is multi-threaded, use of fork() may lead to deadlocks in the child.
[2025-02-23T15:52:38.814+0000] {standard_task_runner.py:72} INFO - Started process 1468 to run task
[2025-02-23T15:52:38.812+0000] {standard_task_runner.py:104} INFO - Running: ['***', 'tasks', 'run', 'my_first_dag', 'second_task', 'scheduled__2025-02-11T00:00:00+00:00', '--job-id', '36', '--raw', '--subdir', 'DAGS_FOLDER/my_first_dags.py', '--cfg-path', '/tmp/tmpfk6gu2kq']
[2025-02-23T15:52:38.818+0000] {standard_task_runner.py:105} INFO - Job 36: Subtask second_task
[2025-02-23T15:52:38.892+0000] {task_command.py:467} INFO - Running <TaskInstance: my_first_dag.second_task scheduled__2025-02-11T00:00:00+00:00 [running]> on host 2cebbf768e94
[2025-02-23T15:52:39.002+0000] {taskinstance.py:3134} INFO - Exporting env vars: AIRFLOW_CTX_DAG_OWNER='gzang' AIRFLOW_CTX_DAG_ID='my_first_dag' AIRFLOW_CTX_TASK_ID='second_task' AIRFLOW_CTX_EXECUTION_DATE='2025-02-11T00:00:00+00:00' AIRFLOW_CTX_TRY_NUMBER='1' AIRFLOW_CTX_DAG_RUN_ID='scheduled__2025-02-11T00:00:00+00:00'
[2025-02-23T15:52:39.005+0000] {taskinstance.py:732} INFO - ::endgroup::
[2025-02-23T15:52:39.023+0000] {subprocess.py:78} INFO - Tmp dir root location: /tmp
[2025-02-23T15:52:39.024+0000] {subprocess.py:88} INFO - Running command: ['/usr/bin/bash', '-c', 'echo hey, this is task 2, and will be run after task 1.']
[2025-02-23T15:52:39.034+0000] {subprocess.py:99} INFO - Output:
[2025-02-23T15:52:39.036+0000] {subprocess.py:106} INFO - hey, this is task 2, and will be run after task 1.
[2025-02-23T15:52:39.036+0000] {subprocess.py:110} INFO - Command exited with return code 0
[2025-02-23T15:52:39.073+0000] {taskinstance.py:341} INFO - ::group::Post task execution logs
[2025-02-23T15:52:39.074+0000] {taskinstance.py:353} INFO - Marking task as SUCCESS. dag_id=my_first_dag, task_id=second_task, run_id=scheduled__2025-02-11T00:00:00+00:00, execution_date=20250211T000000, start_date=20250223T155238, end_date=20250223T155239
[2025-02-23T15:52:39.121+0000] {local_task_job_runner.py:266} INFO - Task exited with return code 0
[2025-02-23T15:52:39.130+0000] {local_task_job_runner.py:245} INFO - ::endgroup::
[2025-02-24T04:47:15.569+0000] {local_task_job_runner.py:123} INFO - ::group::Pre task execution logs
[2025-02-24T04:47:15.607+0000] {taskinstance.py:2614} INFO - Dependencies all met for dep_context=non-requeueable deps ti=<TaskInstance: my_first_dag.second_task scheduled__2025-02-11T00:00:00+00:00 [queued]>
[2025-02-24T04:47:15.629+0000] {taskinstance.py:2614} INFO - Dependencies all met for dep_context=requeueable deps ti=<TaskInstance: my_first_dag.second_task scheduled__2025-02-11T00:00:00+00:00 [queued]>
[2025-02-24T04:47:15.631+0000] {taskinstance.py:2867} INFO - Starting attempt 1 of 6
[2025-02-24T04:47:15.659+0000] {taskinstance.py:2890} INFO - Executing <Task(BashOperator): second_task> on 2025-02-11 00:00:00+00:00
[2025-02-24T04:47:15.673+0000] {logging_mixin.py:190} WARNING - /home/***/.local/lib/python3.12/site-packages/***/task/task_runner/standard_task_runner.py:70 DeprecationWarning: This process (pid=941) is multi-threaded, use of fork() may lead to deadlocks in the child.
[2025-02-24T04:47:15.676+0000] {standard_task_runner.py:72} INFO - Started process 957 to run task
[2025-02-24T04:47:15.675+0000] {standard_task_runner.py:104} INFO - Running: ['***', 'tasks', 'run', 'my_first_dag', 'second_task', 'scheduled__2025-02-11T00:00:00+00:00', '--job-id', '45', '--raw', '--subdir', 'DAGS_FOLDER/my_first_dags.py', '--cfg-path', '/tmp/tmpt1aupdup']
[2025-02-24T04:47:15.680+0000] {standard_task_runner.py:105} INFO - Job 45: Subtask second_task
[2025-02-24T04:47:15.776+0000] {task_command.py:467} INFO - Running <TaskInstance: my_first_dag.second_task scheduled__2025-02-11T00:00:00+00:00 [running]> on host 79e0cb3ed452
[2025-02-24T04:47:15.906+0000] {taskinstance.py:3134} INFO - Exporting env vars: AIRFLOW_CTX_DAG_OWNER='gzang' AIRFLOW_CTX_DAG_ID='my_first_dag' AIRFLOW_CTX_TASK_ID='second_task' AIRFLOW_CTX_EXECUTION_DATE='2025-02-11T00:00:00+00:00' AIRFLOW_CTX_TRY_NUMBER='1' AIRFLOW_CTX_DAG_RUN_ID='scheduled__2025-02-11T00:00:00+00:00'
[2025-02-24T04:47:15.907+0000] {taskinstance.py:732} INFO - ::endgroup::
[2025-02-24T04:47:15.928+0000] {subprocess.py:78} INFO - Tmp dir root location: /tmp
[2025-02-24T04:47:15.930+0000] {subprocess.py:88} INFO - Running command: ['/usr/bin/bash', '-c', 'echo hey, this is task 2, and will be run after task 1.']
[2025-02-24T04:47:15.943+0000] {subprocess.py:99} INFO - Output:
[2025-02-24T04:47:15.944+0000] {subprocess.py:106} INFO - hey, this is task 2, and will be run after task 1.
[2025-02-24T04:47:15.945+0000] {subprocess.py:110} INFO - Command exited with return code 0
[2025-02-24T04:47:15.987+0000] {taskinstance.py:341} INFO - ::group::Post task execution logs
[2025-02-24T04:47:15.988+0000] {taskinstance.py:353} INFO - Marking task as SUCCESS. dag_id=my_first_dag, task_id=second_task, run_id=scheduled__2025-02-11T00:00:00+00:00, execution_date=20250211T000000, start_date=20250224T044715, end_date=20250224T044715
[2025-02-24T04:47:16.098+0000] {local_task_job_runner.py:266} INFO - Task exited with return code 0
[2025-02-24T04:47:16.116+0000] {local_task_job_runner.py:245} INFO - ::endgroup::
