[2025-02-23T15:52:37.032+0000] {local_task_job_runner.py:123} INFO - ::group::Pre task execution logs
[2025-02-23T15:52:37.060+0000] {taskinstance.py:2614} INFO - Dependencies all met for dep_context=non-requeueable deps ti=<TaskInstance: my_first_dag.first_task scheduled__2025-02-10T00:00:00+00:00 [queued]>
[2025-02-23T15:52:37.074+0000] {taskinstance.py:2614} INFO - Dependencies all met for dep_context=requeueable deps ti=<TaskInstance: my_first_dag.first_task scheduled__2025-02-10T00:00:00+00:00 [queued]>
[2025-02-23T15:52:37.075+0000] {taskinstance.py:2867} INFO - Starting attempt 1 of 6
[2025-02-23T15:52:37.212+0000] {taskinstance.py:2890} INFO - Executing <Task(BashOperator): first_task> on 2025-02-10 00:00:00+00:00
[2025-02-23T15:52:37.229+0000] {logging_mixin.py:190} WARNING - /home/***/.local/lib/python3.12/site-packages/***/task/task_runner/standard_task_runner.py:70 DeprecationWarning: This process (pid=1375) is multi-threaded, use of fork() may lead to deadlocks in the child.
[2025-02-23T15:52:37.231+0000] {standard_task_runner.py:72} INFO - Started process 1390 to run task
[2025-02-23T15:52:37.222+0000] {standard_task_runner.py:104} INFO - Running: ['***', 'tasks', 'run', 'my_first_dag', 'first_task', 'scheduled__2025-02-10T00:00:00+00:00', '--job-id', '15', '--raw', '--subdir', 'DAGS_FOLDER/my_first_dags.py', '--cfg-path', '/tmp/tmp_bgqhxqx']
[2025-02-23T15:52:37.236+0000] {standard_task_runner.py:105} INFO - Job 15: Subtask first_task
[2025-02-23T15:52:37.333+0000] {task_command.py:467} INFO - Running <TaskInstance: my_first_dag.first_task scheduled__2025-02-10T00:00:00+00:00 [running]> on host 2cebbf768e94
[2025-02-23T15:52:37.422+0000] {taskinstance.py:3134} INFO - Exporting env vars: AIRFLOW_CTX_DAG_OWNER='gzang' AIRFLOW_CTX_DAG_ID='my_first_dag' AIRFLOW_CTX_TASK_ID='first_task' AIRFLOW_CTX_EXECUTION_DATE='2025-02-10T00:00:00+00:00' AIRFLOW_CTX_TRY_NUMBER='1' AIRFLOW_CTX_DAG_RUN_ID='scheduled__2025-02-10T00:00:00+00:00'
[2025-02-23T15:52:37.423+0000] {taskinstance.py:732} INFO - ::endgroup::
[2025-02-23T15:52:37.443+0000] {subprocess.py:78} INFO - Tmp dir root location: /tmp
[2025-02-23T15:52:37.451+0000] {subprocess.py:88} INFO - Running command: ['/usr/bin/bash', '-c', 'echo hello world! the first task is defined!!!']
[2025-02-23T15:52:37.467+0000] {subprocess.py:99} INFO - Output:
[2025-02-23T15:52:37.468+0000] {subprocess.py:106} INFO - hello world! the first task is defined!!!
[2025-02-23T15:52:37.469+0000] {subprocess.py:110} INFO - Command exited with return code 0
[2025-02-23T15:52:37.514+0000] {taskinstance.py:341} INFO - ::group::Post task execution logs
[2025-02-23T15:52:37.515+0000] {taskinstance.py:353} INFO - Marking task as SUCCESS. dag_id=my_first_dag, task_id=first_task, run_id=scheduled__2025-02-10T00:00:00+00:00, execution_date=20250210T000000, start_date=20250223T155237, end_date=20250223T155237
[2025-02-23T15:52:37.699+0000] {local_task_job_runner.py:266} INFO - Task exited with return code 0
[2025-02-23T15:52:37.747+0000] {taskinstance.py:3901} INFO - 1 downstream tasks scheduled from follow-on schedule check
[2025-02-23T15:52:37.752+0000] {local_task_job_runner.py:245} INFO - ::endgroup::
[2025-02-24T04:47:13.887+0000] {local_task_job_runner.py:123} INFO - ::group::Pre task execution logs
[2025-02-24T04:47:13.912+0000] {taskinstance.py:2614} INFO - Dependencies all met for dep_context=non-requeueable deps ti=<TaskInstance: my_first_dag.first_task scheduled__2025-02-10T00:00:00+00:00 [queued]>
[2025-02-24T04:47:13.922+0000] {taskinstance.py:2614} INFO - Dependencies all met for dep_context=requeueable deps ti=<TaskInstance: my_first_dag.first_task scheduled__2025-02-10T00:00:00+00:00 [queued]>
[2025-02-24T04:47:13.923+0000] {taskinstance.py:2867} INFO - Starting attempt 1 of 6
[2025-02-24T04:47:14.019+0000] {taskinstance.py:2890} INFO - Executing <Task(BashOperator): first_task> on 2025-02-10 00:00:00+00:00
[2025-02-24T04:47:14.033+0000] {standard_task_runner.py:104} INFO - Running: ['***', 'tasks', 'run', 'my_first_dag', 'first_task', 'scheduled__2025-02-10T00:00:00+00:00', '--job-id', '22', '--raw', '--subdir', 'DAGS_FOLDER/my_first_dags.py', '--cfg-path', '/tmp/tmpk4be5rz6']
[2025-02-24T04:47:14.038+0000] {standard_task_runner.py:105} INFO - Job 22: Subtask first_task
[2025-02-24T04:47:14.040+0000] {logging_mixin.py:190} WARNING - /home/***/.local/lib/python3.12/site-packages/***/task/task_runner/standard_task_runner.py:70 DeprecationWarning: This process (pid=847) is multi-threaded, use of fork() may lead to deadlocks in the child.
[2025-02-24T04:47:14.044+0000] {standard_task_runner.py:72} INFO - Started process 869 to run task
[2025-02-24T04:47:14.112+0000] {task_command.py:467} INFO - Running <TaskInstance: my_first_dag.first_task scheduled__2025-02-10T00:00:00+00:00 [running]> on host 79e0cb3ed452
[2025-02-24T04:47:14.223+0000] {taskinstance.py:3134} INFO - Exporting env vars: AIRFLOW_CTX_DAG_OWNER='gzang' AIRFLOW_CTX_DAG_ID='my_first_dag' AIRFLOW_CTX_TASK_ID='first_task' AIRFLOW_CTX_EXECUTION_DATE='2025-02-10T00:00:00+00:00' AIRFLOW_CTX_TRY_NUMBER='1' AIRFLOW_CTX_DAG_RUN_ID='scheduled__2025-02-10T00:00:00+00:00'
[2025-02-24T04:47:14.224+0000] {taskinstance.py:732} INFO - ::endgroup::
[2025-02-24T04:47:14.236+0000] {subprocess.py:78} INFO - Tmp dir root location: /tmp
[2025-02-24T04:47:14.238+0000] {subprocess.py:88} INFO - Running command: ['/usr/bin/bash', '-c', 'echo hello world! the first task is defined!!!']
[2025-02-24T04:47:14.247+0000] {subprocess.py:99} INFO - Output:
[2025-02-24T04:47:14.248+0000] {subprocess.py:106} INFO - hello world! the first task is defined!!!
[2025-02-24T04:47:14.249+0000] {subprocess.py:110} INFO - Command exited with return code 0
[2025-02-24T04:47:14.272+0000] {taskinstance.py:341} INFO - ::group::Post task execution logs
[2025-02-24T04:47:14.273+0000] {taskinstance.py:353} INFO - Marking task as SUCCESS. dag_id=my_first_dag, task_id=first_task, run_id=scheduled__2025-02-10T00:00:00+00:00, execution_date=20250210T000000, start_date=20250224T044713, end_date=20250224T044714
[2025-02-24T04:47:14.305+0000] {local_task_job_runner.py:266} INFO - Task exited with return code 0
[2025-02-24T04:47:14.363+0000] {taskinstance.py:3901} INFO - 2 downstream tasks scheduled from follow-on schedule check
[2025-02-24T04:47:14.371+0000] {local_task_job_runner.py:245} INFO - ::endgroup::
