[2025-02-23T15:52:36.432+0000] {local_task_job_runner.py:123} INFO - ::group::Pre task execution logs
[2025-02-23T15:52:36.453+0000] {taskinstance.py:2614} INFO - Dependencies all met for dep_context=non-requeueable deps ti=<TaskInstance: my_first_dag.first_task scheduled__2025-02-06T00:00:00+00:00 [queued]>
[2025-02-23T15:52:36.468+0000] {taskinstance.py:2614} INFO - Dependencies all met for dep_context=requeueable deps ti=<TaskInstance: my_first_dag.first_task scheduled__2025-02-06T00:00:00+00:00 [queued]>
[2025-02-23T15:52:36.469+0000] {taskinstance.py:2867} INFO - Starting attempt 1 of 6
[2025-02-23T15:52:36.489+0000] {taskinstance.py:2890} INFO - Executing <Task(BashOperator): first_task> on 2025-02-06 00:00:00+00:00
[2025-02-23T15:52:36.499+0000] {standard_task_runner.py:104} INFO - Running: ['***', 'tasks', 'run', 'my_first_dag', 'first_task', 'scheduled__2025-02-06T00:00:00+00:00', '--job-id', '8', '--raw', '--subdir', 'DAGS_FOLDER/my_first_dags.py', '--cfg-path', '/tmp/tmpvpbwk0rw']
[2025-02-23T15:52:36.502+0000] {standard_task_runner.py:105} INFO - Job 8: Subtask first_task
[2025-02-23T15:52:36.503+0000] {logging_mixin.py:190} WARNING - /home/***/.local/lib/python3.12/site-packages/***/task/task_runner/standard_task_runner.py:70 DeprecationWarning: This process (pid=1349) is multi-threaded, use of fork() may lead to deadlocks in the child.
[2025-02-23T15:52:36.504+0000] {standard_task_runner.py:72} INFO - Started process 1361 to run task
[2025-02-23T15:52:36.564+0000] {task_command.py:467} INFO - Running <TaskInstance: my_first_dag.first_task scheduled__2025-02-06T00:00:00+00:00 [running]> on host 2cebbf768e94
[2025-02-23T15:52:36.668+0000] {taskinstance.py:3134} INFO - Exporting env vars: AIRFLOW_CTX_DAG_OWNER='gzang' AIRFLOW_CTX_DAG_ID='my_first_dag' AIRFLOW_CTX_TASK_ID='first_task' AIRFLOW_CTX_EXECUTION_DATE='2025-02-06T00:00:00+00:00' AIRFLOW_CTX_TRY_NUMBER='1' AIRFLOW_CTX_DAG_RUN_ID='scheduled__2025-02-06T00:00:00+00:00'
[2025-02-23T15:52:36.669+0000] {taskinstance.py:732} INFO - ::endgroup::
[2025-02-23T15:52:36.687+0000] {subprocess.py:78} INFO - Tmp dir root location: /tmp
[2025-02-23T15:52:36.688+0000] {subprocess.py:88} INFO - Running command: ['/usr/bin/bash', '-c', 'echo hello world! the first task is defined!!!']
[2025-02-23T15:52:36.700+0000] {subprocess.py:99} INFO - Output:
[2025-02-23T15:52:36.701+0000] {subprocess.py:106} INFO - hello world! the first task is defined!!!
[2025-02-23T15:52:36.702+0000] {subprocess.py:110} INFO - Command exited with return code 0
[2025-02-23T15:52:36.733+0000] {taskinstance.py:341} INFO - ::group::Post task execution logs
[2025-02-23T15:52:36.734+0000] {taskinstance.py:353} INFO - Marking task as SUCCESS. dag_id=my_first_dag, task_id=first_task, run_id=scheduled__2025-02-06T00:00:00+00:00, execution_date=20250206T000000, start_date=20250223T155236, end_date=20250223T155236
[2025-02-23T15:52:36.802+0000] {local_task_job_runner.py:266} INFO - Task exited with return code 0
[2025-02-23T15:52:36.840+0000] {taskinstance.py:3901} INFO - 1 downstream tasks scheduled from follow-on schedule check
[2025-02-23T15:52:36.842+0000] {local_task_job_runner.py:245} INFO - ::endgroup::
[2025-02-24T04:47:13.030+0000] {local_task_job_runner.py:123} INFO - ::group::Pre task execution logs
[2025-02-24T04:47:13.052+0000] {taskinstance.py:2614} INFO - Dependencies all met for dep_context=non-requeueable deps ti=<TaskInstance: my_first_dag.first_task scheduled__2025-02-06T00:00:00+00:00 [queued]>
[2025-02-24T04:47:13.062+0000] {taskinstance.py:2614} INFO - Dependencies all met for dep_context=requeueable deps ti=<TaskInstance: my_first_dag.first_task scheduled__2025-02-06T00:00:00+00:00 [queued]>
[2025-02-24T04:47:13.062+0000] {taskinstance.py:2867} INFO - Starting attempt 1 of 6
[2025-02-24T04:47:13.078+0000] {taskinstance.py:2890} INFO - Executing <Task(BashOperator): first_task> on 2025-02-06 00:00:00+00:00
[2025-02-24T04:47:13.086+0000] {standard_task_runner.py:104} INFO - Running: ['***', 'tasks', 'run', 'my_first_dag', 'first_task', 'scheduled__2025-02-06T00:00:00+00:00', '--job-id', '8', '--raw', '--subdir', 'DAGS_FOLDER/my_first_dags.py', '--cfg-path', '/tmp/tmpeumokbou']
[2025-02-24T04:47:13.090+0000] {standard_task_runner.py:105} INFO - Job 8: Subtask first_task
[2025-02-24T04:47:13.090+0000] {logging_mixin.py:190} WARNING - /home/***/.local/lib/python3.12/site-packages/***/task/task_runner/standard_task_runner.py:70 DeprecationWarning: This process (pid=809) is multi-threaded, use of fork() may lead to deadlocks in the child.
[2025-02-24T04:47:13.092+0000] {standard_task_runner.py:72} INFO - Started process 819 to run task
[2025-02-24T04:47:13.162+0000] {task_command.py:467} INFO - Running <TaskInstance: my_first_dag.first_task scheduled__2025-02-06T00:00:00+00:00 [running]> on host 79e0cb3ed452
[2025-02-24T04:47:13.263+0000] {taskinstance.py:3134} INFO - Exporting env vars: AIRFLOW_CTX_DAG_OWNER='gzang' AIRFLOW_CTX_DAG_ID='my_first_dag' AIRFLOW_CTX_TASK_ID='first_task' AIRFLOW_CTX_EXECUTION_DATE='2025-02-06T00:00:00+00:00' AIRFLOW_CTX_TRY_NUMBER='1' AIRFLOW_CTX_DAG_RUN_ID='scheduled__2025-02-06T00:00:00+00:00'
[2025-02-24T04:47:13.264+0000] {taskinstance.py:732} INFO - ::endgroup::
[2025-02-24T04:47:13.281+0000] {subprocess.py:78} INFO - Tmp dir root location: /tmp
[2025-02-24T04:47:13.282+0000] {subprocess.py:88} INFO - Running command: ['/usr/bin/bash', '-c', 'echo hello world! the first task is defined!!!']
[2025-02-24T04:47:13.293+0000] {subprocess.py:99} INFO - Output:
[2025-02-24T04:47:13.294+0000] {subprocess.py:106} INFO - hello world! the first task is defined!!!
[2025-02-24T04:47:13.295+0000] {subprocess.py:110} INFO - Command exited with return code 0
[2025-02-24T04:47:13.356+0000] {taskinstance.py:341} INFO - ::group::Post task execution logs
[2025-02-24T04:47:13.357+0000] {taskinstance.py:353} INFO - Marking task as SUCCESS. dag_id=my_first_dag, task_id=first_task, run_id=scheduled__2025-02-06T00:00:00+00:00, execution_date=20250206T000000, start_date=20250224T044713, end_date=20250224T044713
[2025-02-24T04:47:13.549+0000] {local_task_job_runner.py:266} INFO - Task exited with return code 0
[2025-02-24T04:47:13.605+0000] {taskinstance.py:3901} INFO - 2 downstream tasks scheduled from follow-on schedule check
[2025-02-24T04:47:13.612+0000] {local_task_job_runner.py:245} INFO - ::endgroup::
