[2025-02-23T15:52:39.425+0000] {local_task_job_runner.py:123} INFO - ::group::Pre task execution logs
[2025-02-23T15:52:39.453+0000] {taskinstance.py:2614} INFO - Dependencies all met for dep_context=non-requeueable deps ti=<TaskInstance: my_first_dag.third_task scheduled__2025-02-11T00:00:00+00:00 [queued]>
[2025-02-23T15:52:39.467+0000] {taskinstance.py:2614} INFO - Dependencies all met for dep_context=requeueable deps ti=<TaskInstance: my_first_dag.third_task scheduled__2025-02-11T00:00:00+00:00 [queued]>
[2025-02-23T15:52:39.468+0000] {taskinstance.py:2867} INFO - Starting attempt 1 of 6
[2025-02-23T15:52:39.511+0000] {taskinstance.py:2890} INFO - Executing <Task(BashOperator): third_task> on 2025-02-11 00:00:00+00:00
[2025-02-23T15:52:39.520+0000] {logging_mixin.py:190} WARNING - /home/***/.local/lib/python3.12/site-packages/***/task/task_runner/standard_task_runner.py:70 DeprecationWarning: This process (pid=1491) is multi-threaded, use of fork() may lead to deadlocks in the child.
[2025-02-23T15:52:39.521+0000] {standard_task_runner.py:72} INFO - Started process 1506 to run task
[2025-02-23T15:52:39.519+0000] {standard_task_runner.py:104} INFO - Running: ['***', 'tasks', 'run', 'my_first_dag', 'third_task', 'scheduled__2025-02-11T00:00:00+00:00', '--job-id', '44', '--raw', '--subdir', 'DAGS_FOLDER/my_first_dags.py', '--cfg-path', '/tmp/tmp1jrslz80']
[2025-02-23T15:52:39.522+0000] {standard_task_runner.py:105} INFO - Job 44: Subtask third_task
[2025-02-23T15:52:39.580+0000] {task_command.py:467} INFO - Running <TaskInstance: my_first_dag.third_task scheduled__2025-02-11T00:00:00+00:00 [running]> on host 2cebbf768e94
[2025-02-23T15:52:39.666+0000] {taskinstance.py:3134} INFO - Exporting env vars: AIRFLOW_CTX_DAG_OWNER='gzang' AIRFLOW_CTX_DAG_ID='my_first_dag' AIRFLOW_CTX_TASK_ID='third_task' AIRFLOW_CTX_EXECUTION_DATE='2025-02-11T00:00:00+00:00' AIRFLOW_CTX_TRY_NUMBER='1' AIRFLOW_CTX_DAG_RUN_ID='scheduled__2025-02-11T00:00:00+00:00'
[2025-02-23T15:52:39.666+0000] {taskinstance.py:732} INFO - ::endgroup::
[2025-02-23T15:52:39.681+0000] {subprocess.py:78} INFO - Tmp dir root location: /tmp
[2025-02-23T15:52:39.682+0000] {subprocess.py:88} INFO - Running command: ['/usr/bin/bash', '-c', 'echo finally, it will be done!!!']
[2025-02-23T15:52:39.691+0000] {subprocess.py:99} INFO - Output:
[2025-02-23T15:52:39.692+0000] {subprocess.py:106} INFO - finally, it will be done!!!
[2025-02-23T15:52:39.693+0000] {subprocess.py:110} INFO - Command exited with return code 0
[2025-02-23T15:52:39.717+0000] {taskinstance.py:341} INFO - ::group::Post task execution logs
[2025-02-23T15:52:39.718+0000] {taskinstance.py:353} INFO - Marking task as SUCCESS. dag_id=my_first_dag, task_id=third_task, run_id=scheduled__2025-02-11T00:00:00+00:00, execution_date=20250211T000000, start_date=20250223T155239, end_date=20250223T155239
[2025-02-23T15:52:39.777+0000] {local_task_job_runner.py:266} INFO - Task exited with return code 0
[2025-02-23T15:52:39.792+0000] {taskinstance.py:3901} INFO - 0 downstream tasks scheduled from follow-on schedule check
[2025-02-23T15:52:39.794+0000] {local_task_job_runner.py:245} INFO - ::endgroup::
[2025-02-24T04:47:15.568+0000] {local_task_job_runner.py:123} INFO - ::group::Pre task execution logs
[2025-02-24T04:47:15.602+0000] {taskinstance.py:2614} INFO - Dependencies all met for dep_context=non-requeueable deps ti=<TaskInstance: my_first_dag.third_task scheduled__2025-02-11T00:00:00+00:00 [queued]>
[2025-02-24T04:47:15.622+0000] {taskinstance.py:2614} INFO - Dependencies all met for dep_context=requeueable deps ti=<TaskInstance: my_first_dag.third_task scheduled__2025-02-11T00:00:00+00:00 [queued]>
[2025-02-24T04:47:15.623+0000] {taskinstance.py:2867} INFO - Starting attempt 1 of 6
[2025-02-24T04:47:15.646+0000] {taskinstance.py:2890} INFO - Executing <Task(BashOperator): third_task> on 2025-02-11 00:00:00+00:00
[2025-02-24T04:47:15.665+0000] {logging_mixin.py:190} WARNING - /home/***/.local/lib/python3.12/site-packages/***/task/task_runner/standard_task_runner.py:70 DeprecationWarning: This process (pid=942) is multi-threaded, use of fork() may lead to deadlocks in the child.
[2025-02-24T04:47:15.669+0000] {standard_task_runner.py:72} INFO - Started process 955 to run task
[2025-02-24T04:47:15.672+0000] {standard_task_runner.py:104} INFO - Running: ['***', 'tasks', 'run', 'my_first_dag', 'third_task', 'scheduled__2025-02-11T00:00:00+00:00', '--job-id', '43', '--raw', '--subdir', 'DAGS_FOLDER/my_first_dags.py', '--cfg-path', '/tmp/tmpw97kxf2x']
[2025-02-24T04:47:15.679+0000] {standard_task_runner.py:105} INFO - Job 43: Subtask third_task
[2025-02-24T04:47:15.789+0000] {task_command.py:467} INFO - Running <TaskInstance: my_first_dag.third_task scheduled__2025-02-11T00:00:00+00:00 [running]> on host 79e0cb3ed452
[2025-02-24T04:47:15.922+0000] {taskinstance.py:3134} INFO - Exporting env vars: AIRFLOW_CTX_DAG_OWNER='gzang' AIRFLOW_CTX_DAG_ID='my_first_dag' AIRFLOW_CTX_TASK_ID='third_task' AIRFLOW_CTX_EXECUTION_DATE='2025-02-11T00:00:00+00:00' AIRFLOW_CTX_TRY_NUMBER='1' AIRFLOW_CTX_DAG_RUN_ID='scheduled__2025-02-11T00:00:00+00:00'
[2025-02-24T04:47:15.926+0000] {taskinstance.py:732} INFO - ::endgroup::
[2025-02-24T04:47:15.945+0000] {subprocess.py:78} INFO - Tmp dir root location: /tmp
[2025-02-24T04:47:15.947+0000] {subprocess.py:88} INFO - Running command: ['/usr/bin/bash', '-c', 'echo finally, it will be done!!!']
[2025-02-24T04:47:15.961+0000] {subprocess.py:99} INFO - Output:
[2025-02-24T04:47:15.963+0000] {subprocess.py:106} INFO - finally, it will be done!!!
[2025-02-24T04:47:15.964+0000] {subprocess.py:110} INFO - Command exited with return code 0
[2025-02-24T04:47:16.008+0000] {taskinstance.py:341} INFO - ::group::Post task execution logs
[2025-02-24T04:47:16.010+0000] {taskinstance.py:353} INFO - Marking task as SUCCESS. dag_id=my_first_dag, task_id=third_task, run_id=scheduled__2025-02-11T00:00:00+00:00, execution_date=20250211T000000, start_date=20250224T044715, end_date=20250224T044716
[2025-02-24T04:47:16.097+0000] {local_task_job_runner.py:266} INFO - Task exited with return code 0
[2025-02-24T04:47:16.112+0000] {local_task_job_runner.py:245} INFO - ::endgroup::
