[2025-02-24T05:05:20.308+0000] {local_task_job_runner.py:123} INFO - ::group::Pre task execution logs
[2025-02-24T05:05:20.336+0000] {taskinstance.py:2614} INFO - Dependencies all met for dep_context=non-requeueable deps ti=<TaskInstance: my_first_dag_1.second_task scheduled__2025-02-12T00:00:00+00:00 [queued]>
[2025-02-24T05:05:20.352+0000] {taskinstance.py:2614} INFO - Dependencies all met for dep_context=requeueable deps ti=<TaskInstance: my_first_dag_1.second_task scheduled__2025-02-12T00:00:00+00:00 [queued]>
[2025-02-24T05:05:20.352+0000] {taskinstance.py:2867} INFO - Starting attempt 1 of 6
[2025-02-24T05:05:20.371+0000] {taskinstance.py:2890} INFO - Executing <Task(BashOperator): second_task> on 2025-02-12 00:00:00+00:00
[2025-02-24T05:05:20.381+0000] {logging_mixin.py:190} WARNING - /home/***/.local/lib/python3.12/site-packages/***/task/task_runner/standard_task_runner.py:70 DeprecationWarning: This process (pid=1960) is multi-threaded, use of fork() may lead to deadlocks in the child.
[2025-02-24T05:05:20.381+0000] {standard_task_runner.py:104} INFO - Running: ['***', 'tasks', 'run', 'my_first_dag_1', 'second_task', 'scheduled__2025-02-12T00:00:00+00:00', '--job-id', '153', '--raw', '--subdir', 'DAGS_FOLDER/my_first_dags.py', '--cfg-path', '/tmp/tmpnvga7clr']
[2025-02-24T05:05:20.386+0000] {standard_task_runner.py:105} INFO - Job 153: Subtask second_task
[2025-02-24T05:05:20.385+0000] {standard_task_runner.py:72} INFO - Started process 1977 to run task
[2025-02-24T05:05:20.488+0000] {task_command.py:467} INFO - Running <TaskInstance: my_first_dag_1.second_task scheduled__2025-02-12T00:00:00+00:00 [running]> on host 79e0cb3ed452
[2025-02-24T05:05:20.701+0000] {taskinstance.py:3134} INFO - Exporting env vars: AIRFLOW_CTX_DAG_OWNER='gzang' AIRFLOW_CTX_DAG_ID='my_first_dag_1' AIRFLOW_CTX_TASK_ID='second_task' AIRFLOW_CTX_EXECUTION_DATE='2025-02-12T00:00:00+00:00' AIRFLOW_CTX_TRY_NUMBER='1' AIRFLOW_CTX_DAG_RUN_ID='scheduled__2025-02-12T00:00:00+00:00'
[2025-02-24T05:05:20.704+0000] {taskinstance.py:732} INFO - ::endgroup::
[2025-02-24T05:05:20.730+0000] {subprocess.py:78} INFO - Tmp dir root location: /tmp
[2025-02-24T05:05:20.732+0000] {subprocess.py:88} INFO - Running command: ['/usr/bin/bash', '-c', 'echo hey, this is task 2, and will be run after task 1.']
[2025-02-24T05:05:20.748+0000] {subprocess.py:99} INFO - Output:
[2025-02-24T05:05:20.751+0000] {subprocess.py:106} INFO - hey, this is task 2, and will be run after task 1.
[2025-02-24T05:05:20.753+0000] {subprocess.py:110} INFO - Command exited with return code 0
[2025-02-24T05:05:20.812+0000] {taskinstance.py:341} INFO - ::group::Post task execution logs
[2025-02-24T05:05:20.813+0000] {taskinstance.py:353} INFO - Marking task as SUCCESS. dag_id=my_first_dag_1, task_id=second_task, run_id=scheduled__2025-02-12T00:00:00+00:00, execution_date=20250212T000000, start_date=20250224T050520, end_date=20250224T050520
[2025-02-24T05:05:20.899+0000] {local_task_job_runner.py:266} INFO - Task exited with return code 0
[2025-02-24T05:05:20.918+0000] {local_task_job_runner.py:245} INFO - ::endgroup::
