[2025-02-23T15:52:36.563+0000] {local_task_job_runner.py:123} INFO - ::group::Pre task execution logs
[2025-02-23T15:52:36.581+0000] {taskinstance.py:2614} INFO - Dependencies all met for dep_context=non-requeueable deps ti=<TaskInstance: my_first_dag.first_task scheduled__2025-02-07T00:00:00+00:00 [queued]>
[2025-02-23T15:52:36.591+0000] {taskinstance.py:2614} INFO - Dependencies all met for dep_context=requeueable deps ti=<TaskInstance: my_first_dag.first_task scheduled__2025-02-07T00:00:00+00:00 [queued]>
[2025-02-23T15:52:36.592+0000] {taskinstance.py:2867} INFO - Starting attempt 1 of 6
[2025-02-23T15:52:36.611+0000] {taskinstance.py:2890} INFO - Executing <Task(BashOperator): first_task> on 2025-02-07 00:00:00+00:00
[2025-02-23T15:52:36.620+0000] {standard_task_runner.py:104} INFO - Running: ['***', 'tasks', 'run', 'my_first_dag', 'first_task', 'scheduled__2025-02-07T00:00:00+00:00', '--job-id', '9', '--raw', '--subdir', 'DAGS_FOLDER/my_first_dags.py', '--cfg-path', '/tmp/tmpijzagohf']
[2025-02-23T15:52:36.624+0000] {standard_task_runner.py:105} INFO - Job 9: Subtask first_task
[2025-02-23T15:52:36.627+0000] {logging_mixin.py:190} WARNING - /home/***/.local/lib/python3.12/site-packages/***/task/task_runner/standard_task_runner.py:70 DeprecationWarning: This process (pid=1354) is multi-threaded, use of fork() may lead to deadlocks in the child.
[2025-02-23T15:52:36.628+0000] {standard_task_runner.py:72} INFO - Started process 1364 to run task
[2025-02-23T15:52:36.684+0000] {task_command.py:467} INFO - Running <TaskInstance: my_first_dag.first_task scheduled__2025-02-07T00:00:00+00:00 [running]> on host 2cebbf768e94
[2025-02-23T15:52:36.781+0000] {taskinstance.py:3134} INFO - Exporting env vars: AIRFLOW_CTX_DAG_OWNER='gzang' AIRFLOW_CTX_DAG_ID='my_first_dag' AIRFLOW_CTX_TASK_ID='first_task' AIRFLOW_CTX_EXECUTION_DATE='2025-02-07T00:00:00+00:00' AIRFLOW_CTX_TRY_NUMBER='1' AIRFLOW_CTX_DAG_RUN_ID='scheduled__2025-02-07T00:00:00+00:00'
[2025-02-23T15:52:36.782+0000] {taskinstance.py:732} INFO - ::endgroup::
[2025-02-23T15:52:36.801+0000] {subprocess.py:78} INFO - Tmp dir root location: /tmp
[2025-02-23T15:52:36.802+0000] {subprocess.py:88} INFO - Running command: ['/usr/bin/bash', '-c', 'echo hello world! the first task is defined!!!']
[2025-02-23T15:52:36.814+0000] {subprocess.py:99} INFO - Output:
[2025-02-23T15:52:36.815+0000] {subprocess.py:106} INFO - hello world! the first task is defined!!!
[2025-02-23T15:52:36.816+0000] {subprocess.py:110} INFO - Command exited with return code 0
[2025-02-23T15:52:36.847+0000] {taskinstance.py:341} INFO - ::group::Post task execution logs
[2025-02-23T15:52:36.848+0000] {taskinstance.py:353} INFO - Marking task as SUCCESS. dag_id=my_first_dag, task_id=first_task, run_id=scheduled__2025-02-07T00:00:00+00:00, execution_date=20250207T000000, start_date=20250223T155236, end_date=20250223T155236
[2025-02-23T15:52:36.966+0000] {local_task_job_runner.py:266} INFO - Task exited with return code 0
[2025-02-23T15:52:37.010+0000] {taskinstance.py:3901} INFO - 1 downstream tasks scheduled from follow-on schedule check
[2025-02-23T15:52:37.013+0000] {local_task_job_runner.py:245} INFO - ::endgroup::
[2025-02-24T04:47:13.188+0000] {local_task_job_runner.py:123} INFO - ::group::Pre task execution logs
[2025-02-24T04:47:13.212+0000] {taskinstance.py:2614} INFO - Dependencies all met for dep_context=non-requeueable deps ti=<TaskInstance: my_first_dag.first_task scheduled__2025-02-07T00:00:00+00:00 [queued]>
[2025-02-24T04:47:13.225+0000] {taskinstance.py:2614} INFO - Dependencies all met for dep_context=requeueable deps ti=<TaskInstance: my_first_dag.first_task scheduled__2025-02-07T00:00:00+00:00 [queued]>
[2025-02-24T04:47:13.226+0000] {taskinstance.py:2867} INFO - Starting attempt 1 of 6
[2025-02-24T04:47:13.248+0000] {taskinstance.py:2890} INFO - Executing <Task(BashOperator): first_task> on 2025-02-07 00:00:00+00:00
[2025-02-24T04:47:13.256+0000] {standard_task_runner.py:104} INFO - Running: ['***', 'tasks', 'run', 'my_first_dag', 'first_task', 'scheduled__2025-02-07T00:00:00+00:00', '--job-id', '9', '--raw', '--subdir', 'DAGS_FOLDER/my_first_dags.py', '--cfg-path', '/tmp/tmpjbxv2gum']
[2025-02-24T04:47:13.260+0000] {standard_task_runner.py:105} INFO - Job 9: Subtask first_task
[2025-02-24T04:47:13.260+0000] {logging_mixin.py:190} WARNING - /home/***/.local/lib/python3.12/site-packages/***/task/task_runner/standard_task_runner.py:70 DeprecationWarning: This process (pid=815) is multi-threaded, use of fork() may lead to deadlocks in the child.
[2025-02-24T04:47:13.261+0000] {standard_task_runner.py:72} INFO - Started process 827 to run task
[2025-02-24T04:47:13.339+0000] {task_command.py:467} INFO - Running <TaskInstance: my_first_dag.first_task scheduled__2025-02-07T00:00:00+00:00 [running]> on host 79e0cb3ed452
[2025-02-24T04:47:13.453+0000] {taskinstance.py:3134} INFO - Exporting env vars: AIRFLOW_CTX_DAG_OWNER='gzang' AIRFLOW_CTX_DAG_ID='my_first_dag' AIRFLOW_CTX_TASK_ID='first_task' AIRFLOW_CTX_EXECUTION_DATE='2025-02-07T00:00:00+00:00' AIRFLOW_CTX_TRY_NUMBER='1' AIRFLOW_CTX_DAG_RUN_ID='scheduled__2025-02-07T00:00:00+00:00'
[2025-02-24T04:47:13.455+0000] {taskinstance.py:732} INFO - ::endgroup::
[2025-02-24T04:47:13.470+0000] {subprocess.py:78} INFO - Tmp dir root location: /tmp
[2025-02-24T04:47:13.472+0000] {subprocess.py:88} INFO - Running command: ['/usr/bin/bash', '-c', 'echo hello world! the first task is defined!!!']
[2025-02-24T04:47:13.482+0000] {subprocess.py:99} INFO - Output:
[2025-02-24T04:47:13.483+0000] {subprocess.py:106} INFO - hello world! the first task is defined!!!
[2025-02-24T04:47:13.484+0000] {subprocess.py:110} INFO - Command exited with return code 0
[2025-02-24T04:47:13.514+0000] {taskinstance.py:341} INFO - ::group::Post task execution logs
[2025-02-24T04:47:13.516+0000] {taskinstance.py:353} INFO - Marking task as SUCCESS. dag_id=my_first_dag, task_id=first_task, run_id=scheduled__2025-02-07T00:00:00+00:00, execution_date=20250207T000000, start_date=20250224T044713, end_date=20250224T044713
[2025-02-24T04:47:13.599+0000] {local_task_job_runner.py:266} INFO - Task exited with return code 0
[2025-02-24T04:47:13.651+0000] {taskinstance.py:3901} INFO - 2 downstream tasks scheduled from follow-on schedule check
[2025-02-24T04:47:13.653+0000] {local_task_job_runner.py:245} INFO - ::endgroup::
