[2025-02-23T15:52:38.259+0000] {local_task_job_runner.py:123} INFO - ::group::Pre task execution logs
[2025-02-23T15:52:38.288+0000] {taskinstance.py:2614} INFO - Dependencies all met for dep_context=non-requeueable deps ti=<TaskInstance: my_first_dag.second_task scheduled__2025-02-10T00:00:00+00:00 [queued]>
[2025-02-23T15:52:38.304+0000] {taskinstance.py:2614} INFO - Dependencies all met for dep_context=requeueable deps ti=<TaskInstance: my_first_dag.second_task scheduled__2025-02-10T00:00:00+00:00 [queued]>
[2025-02-23T15:52:38.306+0000] {taskinstance.py:2867} INFO - Starting attempt 1 of 6
[2025-02-23T15:52:38.335+0000] {taskinstance.py:2890} INFO - Executing <Task(BashOperator): second_task> on 2025-02-10 00:00:00+00:00
[2025-02-23T15:52:38.345+0000] {standard_task_runner.py:104} INFO - Running: ['***', 'tasks', 'run', 'my_first_dag', 'second_task', 'scheduled__2025-02-10T00:00:00+00:00', '--job-id', '29', '--raw', '--subdir', 'DAGS_FOLDER/my_first_dags.py', '--cfg-path', '/tmp/tmplrpej4dh']
[2025-02-23T15:52:38.351+0000] {standard_task_runner.py:105} INFO - Job 29: Subtask second_task
[2025-02-23T15:52:38.352+0000] {logging_mixin.py:190} WARNING - /home/***/.local/lib/python3.12/site-packages/***/task/task_runner/standard_task_runner.py:70 DeprecationWarning: This process (pid=1427) is multi-threaded, use of fork() may lead to deadlocks in the child.
[2025-02-23T15:52:38.355+0000] {standard_task_runner.py:72} INFO - Started process 1454 to run task
[2025-02-23T15:52:38.461+0000] {task_command.py:467} INFO - Running <TaskInstance: my_first_dag.second_task scheduled__2025-02-10T00:00:00+00:00 [running]> on host 2cebbf768e94
[2025-02-23T15:52:38.584+0000] {taskinstance.py:3134} INFO - Exporting env vars: AIRFLOW_CTX_DAG_OWNER='gzang' AIRFLOW_CTX_DAG_ID='my_first_dag' AIRFLOW_CTX_TASK_ID='second_task' AIRFLOW_CTX_EXECUTION_DATE='2025-02-10T00:00:00+00:00' AIRFLOW_CTX_TRY_NUMBER='1' AIRFLOW_CTX_DAG_RUN_ID='scheduled__2025-02-10T00:00:00+00:00'
[2025-02-23T15:52:38.593+0000] {taskinstance.py:732} INFO - ::endgroup::
[2025-02-23T15:52:38.618+0000] {subprocess.py:78} INFO - Tmp dir root location: /tmp
[2025-02-23T15:52:38.619+0000] {subprocess.py:88} INFO - Running command: ['/usr/bin/bash', '-c', 'echo hey, this is task 2, and will be run after task 1.']
[2025-02-23T15:52:38.637+0000] {subprocess.py:99} INFO - Output:
[2025-02-23T15:52:38.638+0000] {subprocess.py:106} INFO - hey, this is task 2, and will be run after task 1.
[2025-02-23T15:52:38.639+0000] {subprocess.py:110} INFO - Command exited with return code 0
[2025-02-23T15:52:38.697+0000] {taskinstance.py:341} INFO - ::group::Post task execution logs
[2025-02-23T15:52:38.700+0000] {taskinstance.py:353} INFO - Marking task as SUCCESS. dag_id=my_first_dag, task_id=second_task, run_id=scheduled__2025-02-10T00:00:00+00:00, execution_date=20250210T000000, start_date=20250223T155238, end_date=20250223T155238
[2025-02-23T15:52:38.833+0000] {local_task_job_runner.py:266} INFO - Task exited with return code 0
[2025-02-23T15:52:38.867+0000] {taskinstance.py:3901} INFO - 1 downstream tasks scheduled from follow-on schedule check
[2025-02-23T15:52:38.872+0000] {local_task_job_runner.py:245} INFO - ::endgroup::
[2025-02-24T04:47:15.091+0000] {local_task_job_runner.py:123} INFO - ::group::Pre task execution logs
[2025-02-24T04:47:15.139+0000] {taskinstance.py:2614} INFO - Dependencies all met for dep_context=non-requeueable deps ti=<TaskInstance: my_first_dag.second_task scheduled__2025-02-10T00:00:00+00:00 [queued]>
[2025-02-24T04:47:15.160+0000] {taskinstance.py:2614} INFO - Dependencies all met for dep_context=requeueable deps ti=<TaskInstance: my_first_dag.second_task scheduled__2025-02-10T00:00:00+00:00 [queued]>
[2025-02-24T04:47:15.165+0000] {taskinstance.py:2867} INFO - Starting attempt 1 of 6
[2025-02-24T04:47:15.197+0000] {taskinstance.py:2890} INFO - Executing <Task(BashOperator): second_task> on 2025-02-10 00:00:00+00:00
[2025-02-24T04:47:15.208+0000] {logging_mixin.py:190} WARNING - /home/***/.local/lib/python3.12/site-packages/***/task/task_runner/standard_task_runner.py:70 DeprecationWarning: This process (pid=908) is multi-threaded, use of fork() may lead to deadlocks in the child.
[2025-02-24T04:47:15.213+0000] {standard_task_runner.py:72} INFO - Started process 937 to run task
[2025-02-24T04:47:15.211+0000] {standard_task_runner.py:104} INFO - Running: ['***', 'tasks', 'run', 'my_first_dag', 'second_task', 'scheduled__2025-02-10T00:00:00+00:00', '--job-id', '38', '--raw', '--subdir', 'DAGS_FOLDER/my_first_dags.py', '--cfg-path', '/tmp/tmpxwy6briz']
[2025-02-24T04:47:15.215+0000] {standard_task_runner.py:105} INFO - Job 38: Subtask second_task
[2025-02-24T04:47:15.293+0000] {task_command.py:467} INFO - Running <TaskInstance: my_first_dag.second_task scheduled__2025-02-10T00:00:00+00:00 [running]> on host 79e0cb3ed452
[2025-02-24T04:47:15.494+0000] {taskinstance.py:3134} INFO - Exporting env vars: AIRFLOW_CTX_DAG_OWNER='gzang' AIRFLOW_CTX_DAG_ID='my_first_dag' AIRFLOW_CTX_TASK_ID='second_task' AIRFLOW_CTX_EXECUTION_DATE='2025-02-10T00:00:00+00:00' AIRFLOW_CTX_TRY_NUMBER='1' AIRFLOW_CTX_DAG_RUN_ID='scheduled__2025-02-10T00:00:00+00:00'
[2025-02-24T04:47:15.504+0000] {taskinstance.py:732} INFO - ::endgroup::
[2025-02-24T04:47:15.544+0000] {subprocess.py:78} INFO - Tmp dir root location: /tmp
[2025-02-24T04:47:15.545+0000] {subprocess.py:88} INFO - Running command: ['/usr/bin/bash', '-c', 'echo hey, this is task 2, and will be run after task 1.']
[2025-02-24T04:47:15.566+0000] {subprocess.py:99} INFO - Output:
[2025-02-24T04:47:15.567+0000] {subprocess.py:106} INFO - hey, this is task 2, and will be run after task 1.
[2025-02-24T04:47:15.567+0000] {subprocess.py:110} INFO - Command exited with return code 0
[2025-02-24T04:47:15.617+0000] {taskinstance.py:341} INFO - ::group::Post task execution logs
[2025-02-24T04:47:15.620+0000] {taskinstance.py:353} INFO - Marking task as SUCCESS. dag_id=my_first_dag, task_id=second_task, run_id=scheduled__2025-02-10T00:00:00+00:00, execution_date=20250210T000000, start_date=20250224T044715, end_date=20250224T044715
[2025-02-24T04:47:15.688+0000] {local_task_job_runner.py:266} INFO - Task exited with return code 0
[2025-02-24T04:47:15.707+0000] {local_task_job_runner.py:245} INFO - ::endgroup::
