[2025-02-23T15:52:36.832+0000] {local_task_job_runner.py:123} INFO - ::group::Pre task execution logs
[2025-02-23T15:52:36.862+0000] {taskinstance.py:2614} INFO - Dependencies all met for dep_context=non-requeueable deps ti=<TaskInstance: my_first_dag.second_task scheduled__2025-02-01T00:00:00+00:00 [queued]>
[2025-02-23T15:52:36.878+0000] {taskinstance.py:2614} INFO - Dependencies all met for dep_context=requeueable deps ti=<TaskInstance: my_first_dag.second_task scheduled__2025-02-01T00:00:00+00:00 [queued]>
[2025-02-23T15:52:36.879+0000] {taskinstance.py:2867} INFO - Starting attempt 1 of 6
[2025-02-23T15:52:36.961+0000] {taskinstance.py:2890} INFO - Executing <Task(BashOperator): second_task> on 2025-02-01 00:00:00+00:00
[2025-02-23T15:52:36.975+0000] {logging_mixin.py:190} WARNING - /home/***/.local/lib/python3.12/site-packages/***/task/task_runner/standard_task_runner.py:70 DeprecationWarning: This process (pid=1369) is multi-threaded, use of fork() may lead to deadlocks in the child.
[2025-02-23T15:52:36.977+0000] {standard_task_runner.py:72} INFO - Started process 1379 to run task
[2025-02-23T15:52:36.976+0000] {standard_task_runner.py:104} INFO - Running: ['***', 'tasks', 'run', 'my_first_dag', 'second_task', 'scheduled__2025-02-01T00:00:00+00:00', '--job-id', '13', '--raw', '--subdir', 'DAGS_FOLDER/my_first_dags.py', '--cfg-path', '/tmp/tmpmnrtb3z1']
[2025-02-23T15:52:36.981+0000] {standard_task_runner.py:105} INFO - Job 13: Subtask second_task
[2025-02-23T15:52:37.075+0000] {task_command.py:467} INFO - Running <TaskInstance: my_first_dag.second_task scheduled__2025-02-01T00:00:00+00:00 [running]> on host 2cebbf768e94
[2025-02-23T15:52:37.201+0000] {taskinstance.py:3134} INFO - Exporting env vars: AIRFLOW_CTX_DAG_OWNER='gzang' AIRFLOW_CTX_DAG_ID='my_first_dag' AIRFLOW_CTX_TASK_ID='second_task' AIRFLOW_CTX_EXECUTION_DATE='2025-02-01T00:00:00+00:00' AIRFLOW_CTX_TRY_NUMBER='1' AIRFLOW_CTX_DAG_RUN_ID='scheduled__2025-02-01T00:00:00+00:00'
[2025-02-23T15:52:37.202+0000] {taskinstance.py:732} INFO - ::endgroup::
[2025-02-23T15:52:37.233+0000] {subprocess.py:78} INFO - Tmp dir root location: /tmp
[2025-02-23T15:52:37.235+0000] {subprocess.py:88} INFO - Running command: ['/usr/bin/bash', '-c', 'echo hey, this is task 2, and will be run after task 1.']
[2025-02-23T15:52:37.251+0000] {subprocess.py:99} INFO - Output:
[2025-02-23T15:52:37.252+0000] {subprocess.py:106} INFO - hey, this is task 2, and will be run after task 1.
[2025-02-23T15:52:37.254+0000] {subprocess.py:110} INFO - Command exited with return code 0
[2025-02-23T15:52:37.294+0000] {taskinstance.py:341} INFO - ::group::Post task execution logs
[2025-02-23T15:52:37.296+0000] {taskinstance.py:353} INFO - Marking task as SUCCESS. dag_id=my_first_dag, task_id=second_task, run_id=scheduled__2025-02-01T00:00:00+00:00, execution_date=20250201T000000, start_date=20250223T155236, end_date=20250223T155237
[2025-02-23T15:52:37.458+0000] {local_task_job_runner.py:266} INFO - Task exited with return code 0
[2025-02-23T15:52:37.495+0000] {taskinstance.py:3901} INFO - 1 downstream tasks scheduled from follow-on schedule check
[2025-02-23T15:52:37.498+0000] {local_task_job_runner.py:245} INFO - ::endgroup::
[2025-02-24T04:47:13.341+0000] {local_task_job_runner.py:123} INFO - ::group::Pre task execution logs
[2025-02-24T04:47:13.373+0000] {taskinstance.py:2614} INFO - Dependencies all met for dep_context=non-requeueable deps ti=<TaskInstance: my_first_dag.second_task scheduled__2025-02-01T00:00:00+00:00 [queued]>
[2025-02-24T04:47:13.392+0000] {taskinstance.py:2614} INFO - Dependencies all met for dep_context=requeueable deps ti=<TaskInstance: my_first_dag.second_task scheduled__2025-02-01T00:00:00+00:00 [queued]>
[2025-02-24T04:47:13.392+0000] {taskinstance.py:2867} INFO - Starting attempt 1 of 6
[2025-02-24T04:47:13.509+0000] {taskinstance.py:2890} INFO - Executing <Task(BashOperator): second_task> on 2025-02-01 00:00:00+00:00
[2025-02-24T04:47:13.524+0000] {logging_mixin.py:190} WARNING - /home/***/.local/lib/python3.12/site-packages/***/task/task_runner/standard_task_runner.py:70 DeprecationWarning: This process (pid=825) is multi-threaded, use of fork() may lead to deadlocks in the child.
[2025-02-24T04:47:13.526+0000] {standard_task_runner.py:72} INFO - Started process 839 to run task
[2025-02-24T04:47:13.533+0000] {standard_task_runner.py:104} INFO - Running: ['***', 'tasks', 'run', 'my_first_dag', 'second_task', 'scheduled__2025-02-01T00:00:00+00:00', '--job-id', '12', '--raw', '--subdir', 'DAGS_FOLDER/my_first_dags.py', '--cfg-path', '/tmp/tmp63jymvsh']
[2025-02-24T04:47:13.536+0000] {standard_task_runner.py:105} INFO - Job 12: Subtask second_task
[2025-02-24T04:47:13.662+0000] {task_command.py:467} INFO - Running <TaskInstance: my_first_dag.second_task scheduled__2025-02-01T00:00:00+00:00 [running]> on host 79e0cb3ed452
[2025-02-24T04:47:13.766+0000] {taskinstance.py:3134} INFO - Exporting env vars: AIRFLOW_CTX_DAG_OWNER='gzang' AIRFLOW_CTX_DAG_ID='my_first_dag' AIRFLOW_CTX_TASK_ID='second_task' AIRFLOW_CTX_EXECUTION_DATE='2025-02-01T00:00:00+00:00' AIRFLOW_CTX_TRY_NUMBER='1' AIRFLOW_CTX_DAG_RUN_ID='scheduled__2025-02-01T00:00:00+00:00'
[2025-02-24T04:47:13.767+0000] {taskinstance.py:732} INFO - ::endgroup::
[2025-02-24T04:47:13.791+0000] {subprocess.py:78} INFO - Tmp dir root location: /tmp
[2025-02-24T04:47:13.793+0000] {subprocess.py:88} INFO - Running command: ['/usr/bin/bash', '-c', 'echo hey, this is task 2, and will be run after task 1.']
[2025-02-24T04:47:13.809+0000] {subprocess.py:99} INFO - Output:
[2025-02-24T04:47:13.811+0000] {subprocess.py:106} INFO - hey, this is task 2, and will be run after task 1.
[2025-02-24T04:47:13.812+0000] {subprocess.py:110} INFO - Command exited with return code 0
[2025-02-24T04:47:13.873+0000] {taskinstance.py:341} INFO - ::group::Post task execution logs
[2025-02-24T04:47:13.877+0000] {taskinstance.py:353} INFO - Marking task as SUCCESS. dag_id=my_first_dag, task_id=second_task, run_id=scheduled__2025-02-01T00:00:00+00:00, execution_date=20250201T000000, start_date=20250224T044713, end_date=20250224T044713
[2025-02-24T04:47:14.069+0000] {local_task_job_runner.py:266} INFO - Task exited with return code 0
[2025-02-24T04:47:14.086+0000] {local_task_job_runner.py:245} INFO - ::endgroup::
