[2025-02-23T15:52:37.051+0000] {local_task_job_runner.py:123} INFO - ::group::Pre task execution logs
[2025-02-23T15:52:37.085+0000] {taskinstance.py:2614} INFO - Dependencies all met for dep_context=non-requeueable deps ti=<TaskInstance: my_first_dag.second_task scheduled__2025-02-04T00:00:00+00:00 [queued]>
[2025-02-23T15:52:37.099+0000] {taskinstance.py:2614} INFO - Dependencies all met for dep_context=requeueable deps ti=<TaskInstance: my_first_dag.second_task scheduled__2025-02-04T00:00:00+00:00 [queued]>
[2025-02-23T15:52:37.100+0000] {taskinstance.py:2867} INFO - Starting attempt 1 of 6
[2025-02-23T15:52:37.212+0000] {taskinstance.py:2890} INFO - Executing <Task(BashOperator): second_task> on 2025-02-04 00:00:00+00:00
[2025-02-23T15:52:37.231+0000] {standard_task_runner.py:104} INFO - Running: ['***', 'tasks', 'run', 'my_first_dag', 'second_task', 'scheduled__2025-02-04T00:00:00+00:00', '--job-id', '16', '--raw', '--subdir', 'DAGS_FOLDER/my_first_dags.py', '--cfg-path', '/tmp/tmpcl8j6nww']
[2025-02-23T15:52:37.235+0000] {standard_task_runner.py:105} INFO - Job 16: Subtask second_task
[2025-02-23T15:52:37.238+0000] {logging_mixin.py:190} WARNING - /home/***/.local/lib/python3.12/site-packages/***/task/task_runner/standard_task_runner.py:70 DeprecationWarning: This process (pid=1376) is multi-threaded, use of fork() may lead to deadlocks in the child.
[2025-02-23T15:52:37.239+0000] {standard_task_runner.py:72} INFO - Started process 1392 to run task
[2025-02-23T15:52:37.319+0000] {task_command.py:467} INFO - Running <TaskInstance: my_first_dag.second_task scheduled__2025-02-04T00:00:00+00:00 [running]> on host 2cebbf768e94
[2025-02-23T15:52:37.423+0000] {taskinstance.py:3134} INFO - Exporting env vars: AIRFLOW_CTX_DAG_OWNER='gzang' AIRFLOW_CTX_DAG_ID='my_first_dag' AIRFLOW_CTX_TASK_ID='second_task' AIRFLOW_CTX_EXECUTION_DATE='2025-02-04T00:00:00+00:00' AIRFLOW_CTX_TRY_NUMBER='1' AIRFLOW_CTX_DAG_RUN_ID='scheduled__2025-02-04T00:00:00+00:00'
[2025-02-23T15:52:37.424+0000] {taskinstance.py:732} INFO - ::endgroup::
[2025-02-23T15:52:37.440+0000] {subprocess.py:78} INFO - Tmp dir root location: /tmp
[2025-02-23T15:52:37.441+0000] {subprocess.py:88} INFO - Running command: ['/usr/bin/bash', '-c', 'echo hey, this is task 2, and will be run after task 1.']
[2025-02-23T15:52:37.456+0000] {subprocess.py:99} INFO - Output:
[2025-02-23T15:52:37.460+0000] {subprocess.py:106} INFO - hey, this is task 2, and will be run after task 1.
[2025-02-23T15:52:37.461+0000] {subprocess.py:110} INFO - Command exited with return code 0
[2025-02-23T15:52:37.499+0000] {taskinstance.py:341} INFO - ::group::Post task execution logs
[2025-02-23T15:52:37.500+0000] {taskinstance.py:353} INFO - Marking task as SUCCESS. dag_id=my_first_dag, task_id=second_task, run_id=scheduled__2025-02-04T00:00:00+00:00, execution_date=20250204T000000, start_date=20250223T155237, end_date=20250223T155237
[2025-02-23T15:52:37.700+0000] {local_task_job_runner.py:266} INFO - Task exited with return code 0
[2025-02-23T15:52:37.739+0000] {taskinstance.py:3901} INFO - 1 downstream tasks scheduled from follow-on schedule check
[2025-02-23T15:52:37.742+0000] {local_task_job_runner.py:245} INFO - ::endgroup::
[2025-02-24T04:47:13.577+0000] {local_task_job_runner.py:123} INFO - ::group::Pre task execution logs
[2025-02-24T04:47:13.616+0000] {taskinstance.py:2614} INFO - Dependencies all met for dep_context=non-requeueable deps ti=<TaskInstance: my_first_dag.second_task scheduled__2025-02-04T00:00:00+00:00 [queued]>
[2025-02-24T04:47:13.638+0000] {taskinstance.py:2614} INFO - Dependencies all met for dep_context=requeueable deps ti=<TaskInstance: my_first_dag.second_task scheduled__2025-02-04T00:00:00+00:00 [queued]>
[2025-02-24T04:47:13.638+0000] {taskinstance.py:2867} INFO - Starting attempt 1 of 6
[2025-02-24T04:47:13.770+0000] {taskinstance.py:2890} INFO - Executing <Task(BashOperator): second_task> on 2025-02-04 00:00:00+00:00
[2025-02-24T04:47:13.780+0000] {standard_task_runner.py:104} INFO - Running: ['***', 'tasks', 'run', 'my_first_dag', 'second_task', 'scheduled__2025-02-04T00:00:00+00:00', '--job-id', '19', '--raw', '--subdir', 'DAGS_FOLDER/my_first_dags.py', '--cfg-path', '/tmp/tmpteqsyrv3']
[2025-02-24T04:47:13.786+0000] {standard_task_runner.py:105} INFO - Job 19: Subtask second_task
[2025-02-24T04:47:13.785+0000] {logging_mixin.py:190} WARNING - /home/***/.local/lib/python3.12/site-packages/***/task/task_runner/standard_task_runner.py:70 DeprecationWarning: This process (pid=832) is multi-threaded, use of fork() may lead to deadlocks in the child.
[2025-02-24T04:47:13.790+0000] {standard_task_runner.py:72} INFO - Started process 858 to run task
[2025-02-24T04:47:13.897+0000] {task_command.py:467} INFO - Running <TaskInstance: my_first_dag.second_task scheduled__2025-02-04T00:00:00+00:00 [running]> on host 79e0cb3ed452
[2025-02-24T04:47:14.009+0000] {taskinstance.py:3134} INFO - Exporting env vars: AIRFLOW_CTX_DAG_OWNER='gzang' AIRFLOW_CTX_DAG_ID='my_first_dag' AIRFLOW_CTX_TASK_ID='second_task' AIRFLOW_CTX_EXECUTION_DATE='2025-02-04T00:00:00+00:00' AIRFLOW_CTX_TRY_NUMBER='1' AIRFLOW_CTX_DAG_RUN_ID='scheduled__2025-02-04T00:00:00+00:00'
[2025-02-24T04:47:14.011+0000] {taskinstance.py:732} INFO - ::endgroup::
[2025-02-24T04:47:14.032+0000] {subprocess.py:78} INFO - Tmp dir root location: /tmp
[2025-02-24T04:47:14.037+0000] {subprocess.py:88} INFO - Running command: ['/usr/bin/bash', '-c', 'echo hey, this is task 2, and will be run after task 1.']
[2025-02-24T04:47:14.055+0000] {subprocess.py:99} INFO - Output:
[2025-02-24T04:47:14.056+0000] {subprocess.py:106} INFO - hey, this is task 2, and will be run after task 1.
[2025-02-24T04:47:14.057+0000] {subprocess.py:110} INFO - Command exited with return code 0
[2025-02-24T04:47:14.100+0000] {taskinstance.py:341} INFO - ::group::Post task execution logs
[2025-02-24T04:47:14.104+0000] {taskinstance.py:353} INFO - Marking task as SUCCESS. dag_id=my_first_dag, task_id=second_task, run_id=scheduled__2025-02-04T00:00:00+00:00, execution_date=20250204T000000, start_date=20250224T044713, end_date=20250224T044714
[2025-02-24T04:47:14.347+0000] {local_task_job_runner.py:266} INFO - Task exited with return code 0
[2025-02-24T04:47:14.374+0000] {local_task_job_runner.py:245} INFO - ::endgroup::
