[2025-02-23T15:52:36.838+0000] {local_task_job_runner.py:123} INFO - ::group::Pre task execution logs
[2025-02-23T15:52:36.866+0000] {taskinstance.py:2614} INFO - Dependencies all met for dep_context=non-requeueable deps ti=<TaskInstance: my_first_dag.second_task scheduled__2025-02-03T00:00:00+00:00 [queued]>
[2025-02-23T15:52:36.882+0000] {taskinstance.py:2614} INFO - Dependencies all met for dep_context=requeueable deps ti=<TaskInstance: my_first_dag.second_task scheduled__2025-02-03T00:00:00+00:00 [queued]>
[2025-02-23T15:52:36.883+0000] {taskinstance.py:2867} INFO - Starting attempt 1 of 6
[2025-02-23T15:52:36.960+0000] {taskinstance.py:2890} INFO - Executing <Task(BashOperator): second_task> on 2025-02-03 00:00:00+00:00
[2025-02-23T15:52:36.970+0000] {standard_task_runner.py:104} INFO - Running: ['***', 'tasks', 'run', 'my_first_dag', 'second_task', 'scheduled__2025-02-03T00:00:00+00:00', '--job-id', '14', '--raw', '--subdir', 'DAGS_FOLDER/my_first_dags.py', '--cfg-path', '/tmp/tmp81el8jw8']
[2025-02-23T15:52:36.973+0000] {standard_task_runner.py:105} INFO - Job 14: Subtask second_task
[2025-02-23T15:52:36.975+0000] {logging_mixin.py:190} WARNING - /home/***/.local/lib/python3.12/site-packages/***/task/task_runner/standard_task_runner.py:70 DeprecationWarning: This process (pid=1367) is multi-threaded, use of fork() may lead to deadlocks in the child.
[2025-02-23T15:52:36.978+0000] {standard_task_runner.py:72} INFO - Started process 1378 to run task
[2025-02-23T15:52:37.057+0000] {task_command.py:467} INFO - Running <TaskInstance: my_first_dag.second_task scheduled__2025-02-03T00:00:00+00:00 [running]> on host 2cebbf768e94
[2025-02-23T15:52:37.168+0000] {taskinstance.py:3134} INFO - Exporting env vars: AIRFLOW_CTX_DAG_OWNER='gzang' AIRFLOW_CTX_DAG_ID='my_first_dag' AIRFLOW_CTX_TASK_ID='second_task' AIRFLOW_CTX_EXECUTION_DATE='2025-02-03T00:00:00+00:00' AIRFLOW_CTX_TRY_NUMBER='1' AIRFLOW_CTX_DAG_RUN_ID='scheduled__2025-02-03T00:00:00+00:00'
[2025-02-23T15:52:37.169+0000] {taskinstance.py:732} INFO - ::endgroup::
[2025-02-23T15:52:37.200+0000] {subprocess.py:78} INFO - Tmp dir root location: /tmp
[2025-02-23T15:52:37.204+0000] {subprocess.py:88} INFO - Running command: ['/usr/bin/bash', '-c', 'echo hey, this is task 2, and will be run after task 1.']
[2025-02-23T15:52:37.217+0000] {subprocess.py:99} INFO - Output:
[2025-02-23T15:52:37.220+0000] {subprocess.py:106} INFO - hey, this is task 2, and will be run after task 1.
[2025-02-23T15:52:37.222+0000] {subprocess.py:110} INFO - Command exited with return code 0
[2025-02-23T15:52:37.270+0000] {taskinstance.py:341} INFO - ::group::Post task execution logs
[2025-02-23T15:52:37.272+0000] {taskinstance.py:353} INFO - Marking task as SUCCESS. dag_id=my_first_dag, task_id=second_task, run_id=scheduled__2025-02-03T00:00:00+00:00, execution_date=20250203T000000, start_date=20250223T155236, end_date=20250223T155237
[2025-02-23T15:52:37.458+0000] {local_task_job_runner.py:266} INFO - Task exited with return code 0
[2025-02-23T15:52:37.491+0000] {taskinstance.py:3901} INFO - 1 downstream tasks scheduled from follow-on schedule check
[2025-02-23T15:52:37.493+0000] {local_task_job_runner.py:245} INFO - ::endgroup::
[2025-02-24T04:47:13.548+0000] {local_task_job_runner.py:123} INFO - ::group::Pre task execution logs
[2025-02-24T04:47:13.578+0000] {taskinstance.py:2614} INFO - Dependencies all met for dep_context=non-requeueable deps ti=<TaskInstance: my_first_dag.second_task scheduled__2025-02-03T00:00:00+00:00 [queued]>
[2025-02-24T04:47:13.614+0000] {taskinstance.py:2614} INFO - Dependencies all met for dep_context=requeueable deps ti=<TaskInstance: my_first_dag.second_task scheduled__2025-02-03T00:00:00+00:00 [queued]>
[2025-02-24T04:47:13.616+0000] {taskinstance.py:2867} INFO - Starting attempt 1 of 6
[2025-02-24T04:47:13.746+0000] {taskinstance.py:2890} INFO - Executing <Task(BashOperator): second_task> on 2025-02-03 00:00:00+00:00
[2025-02-24T04:47:13.759+0000] {logging_mixin.py:190} WARNING - /home/***/.local/lib/python3.12/site-packages/***/task/task_runner/standard_task_runner.py:70 DeprecationWarning: This process (pid=830) is multi-threaded, use of fork() may lead to deadlocks in the child.
[2025-02-24T04:47:13.771+0000] {standard_task_runner.py:72} INFO - Started process 851 to run task
[2025-02-24T04:47:13.772+0000] {standard_task_runner.py:104} INFO - Running: ['***', 'tasks', 'run', 'my_first_dag', 'second_task', 'scheduled__2025-02-03T00:00:00+00:00', '--job-id', '16', '--raw', '--subdir', 'DAGS_FOLDER/my_first_dags.py', '--cfg-path', '/tmp/tmp6jtt3994']
[2025-02-24T04:47:13.776+0000] {standard_task_runner.py:105} INFO - Job 16: Subtask second_task
[2025-02-24T04:47:13.910+0000] {task_command.py:467} INFO - Running <TaskInstance: my_first_dag.second_task scheduled__2025-02-03T00:00:00+00:00 [running]> on host 79e0cb3ed452
[2025-02-24T04:47:14.018+0000] {taskinstance.py:3134} INFO - Exporting env vars: AIRFLOW_CTX_DAG_OWNER='gzang' AIRFLOW_CTX_DAG_ID='my_first_dag' AIRFLOW_CTX_TASK_ID='second_task' AIRFLOW_CTX_EXECUTION_DATE='2025-02-03T00:00:00+00:00' AIRFLOW_CTX_TRY_NUMBER='1' AIRFLOW_CTX_DAG_RUN_ID='scheduled__2025-02-03T00:00:00+00:00'
[2025-02-24T04:47:14.026+0000] {taskinstance.py:732} INFO - ::endgroup::
[2025-02-24T04:47:14.049+0000] {subprocess.py:78} INFO - Tmp dir root location: /tmp
[2025-02-24T04:47:14.054+0000] {subprocess.py:88} INFO - Running command: ['/usr/bin/bash', '-c', 'echo hey, this is task 2, and will be run after task 1.']
[2025-02-24T04:47:14.074+0000] {subprocess.py:99} INFO - Output:
[2025-02-24T04:47:14.076+0000] {subprocess.py:106} INFO - hey, this is task 2, and will be run after task 1.
[2025-02-24T04:47:14.077+0000] {subprocess.py:110} INFO - Command exited with return code 0
[2025-02-24T04:47:14.122+0000] {taskinstance.py:341} INFO - ::group::Post task execution logs
[2025-02-24T04:47:14.123+0000] {taskinstance.py:353} INFO - Marking task as SUCCESS. dag_id=my_first_dag, task_id=second_task, run_id=scheduled__2025-02-03T00:00:00+00:00, execution_date=20250203T000000, start_date=20250224T044713, end_date=20250224T044714
[2025-02-24T04:47:14.202+0000] {local_task_job_runner.py:266} INFO - Task exited with return code 0
[2025-02-24T04:47:14.213+0000] {local_task_job_runner.py:245} INFO - ::endgroup::
