[2025-02-23T15:52:43.003+0000] {local_task_job_runner.py:123} INFO - ::group::Pre task execution logs
[2025-02-23T15:52:43.023+0000] {taskinstance.py:2614} INFO - Dependencies all met for dep_context=non-requeueable deps ti=<TaskInstance: my_first_dag.first_task scheduled__2025-02-20T00:00:00+00:00 [queued]>
[2025-02-23T15:52:43.038+0000] {taskinstance.py:2614} INFO - Dependencies all met for dep_context=requeueable deps ti=<TaskInstance: my_first_dag.first_task scheduled__2025-02-20T00:00:00+00:00 [queued]>
[2025-02-23T15:52:43.039+0000] {taskinstance.py:2867} INFO - Starting attempt 1 of 6
[2025-02-23T15:52:43.064+0000] {taskinstance.py:2890} INFO - Executing <Task(BashOperator): first_task> on 2025-02-20 00:00:00+00:00
[2025-02-23T15:52:43.073+0000] {logging_mixin.py:190} WARNING - /home/***/.local/lib/python3.12/site-packages/***/task/task_runner/standard_task_runner.py:70 DeprecationWarning: This process (pid=1542) is multi-threaded, use of fork() may lead to deadlocks in the child.
[2025-02-23T15:52:43.075+0000] {standard_task_runner.py:72} INFO - Started process 1551 to run task
[2025-02-23T15:52:43.073+0000] {standard_task_runner.py:104} INFO - Running: ['***', 'tasks', 'run', 'my_first_dag', 'first_task', 'scheduled__2025-02-20T00:00:00+00:00', '--job-id', '54', '--raw', '--subdir', 'DAGS_FOLDER/my_first_dags.py', '--cfg-path', '/tmp/tmp56gw93sh']
[2025-02-23T15:52:43.076+0000] {standard_task_runner.py:105} INFO - Job 54: Subtask first_task
[2025-02-23T15:52:43.132+0000] {task_command.py:467} INFO - Running <TaskInstance: my_first_dag.first_task scheduled__2025-02-20T00:00:00+00:00 [running]> on host 2cebbf768e94
[2025-02-23T15:52:43.231+0000] {taskinstance.py:3134} INFO - Exporting env vars: AIRFLOW_CTX_DAG_OWNER='gzang' AIRFLOW_CTX_DAG_ID='my_first_dag' AIRFLOW_CTX_TASK_ID='first_task' AIRFLOW_CTX_EXECUTION_DATE='2025-02-20T00:00:00+00:00' AIRFLOW_CTX_TRY_NUMBER='1' AIRFLOW_CTX_DAG_RUN_ID='scheduled__2025-02-20T00:00:00+00:00'
[2025-02-23T15:52:43.232+0000] {taskinstance.py:732} INFO - ::endgroup::
[2025-02-23T15:52:43.251+0000] {subprocess.py:78} INFO - Tmp dir root location: /tmp
[2025-02-23T15:52:43.252+0000] {subprocess.py:88} INFO - Running command: ['/usr/bin/bash', '-c', 'echo hello world! the first task is defined!!!']
[2025-02-23T15:52:43.260+0000] {subprocess.py:99} INFO - Output:
[2025-02-23T15:52:43.262+0000] {subprocess.py:106} INFO - hello world! the first task is defined!!!
[2025-02-23T15:52:43.263+0000] {subprocess.py:110} INFO - Command exited with return code 0
[2025-02-23T15:52:43.287+0000] {taskinstance.py:341} INFO - ::group::Post task execution logs
[2025-02-23T15:52:43.288+0000] {taskinstance.py:353} INFO - Marking task as SUCCESS. dag_id=my_first_dag, task_id=first_task, run_id=scheduled__2025-02-20T00:00:00+00:00, execution_date=20250220T000000, start_date=20250223T155243, end_date=20250223T155243
[2025-02-23T15:52:43.332+0000] {local_task_job_runner.py:266} INFO - Task exited with return code 0
[2025-02-23T15:52:43.360+0000] {taskinstance.py:3901} INFO - 1 downstream tasks scheduled from follow-on schedule check
[2025-02-23T15:52:43.362+0000] {local_task_job_runner.py:245} INFO - ::endgroup::
[2025-02-24T04:47:21.865+0000] {local_task_job_runner.py:123} INFO - ::group::Pre task execution logs
[2025-02-24T04:47:21.884+0000] {taskinstance.py:2614} INFO - Dependencies all met for dep_context=non-requeueable deps ti=<TaskInstance: my_first_dag.first_task scheduled__2025-02-20T00:00:00+00:00 [queued]>
[2025-02-24T04:47:21.896+0000] {taskinstance.py:2614} INFO - Dependencies all met for dep_context=requeueable deps ti=<TaskInstance: my_first_dag.first_task scheduled__2025-02-20T00:00:00+00:00 [queued]>
[2025-02-24T04:47:21.897+0000] {taskinstance.py:2867} INFO - Starting attempt 1 of 6
[2025-02-24T04:47:21.916+0000] {taskinstance.py:2890} INFO - Executing <Task(BashOperator): first_task> on 2025-02-20 00:00:00+00:00
[2025-02-24T04:47:21.925+0000] {logging_mixin.py:190} WARNING - /home/***/.local/lib/python3.12/site-packages/***/task/task_runner/standard_task_runner.py:70 DeprecationWarning: This process (pid=1094) is multi-threaded, use of fork() may lead to deadlocks in the child.
[2025-02-24T04:47:21.926+0000] {standard_task_runner.py:72} INFO - Started process 1105 to run task
[2025-02-24T04:47:21.926+0000] {standard_task_runner.py:104} INFO - Running: ['***', 'tasks', 'run', 'my_first_dag', 'first_task', 'scheduled__2025-02-20T00:00:00+00:00', '--job-id', '88', '--raw', '--subdir', 'DAGS_FOLDER/my_first_dags.py', '--cfg-path', '/tmp/tmp29fz5c5y']
[2025-02-24T04:47:21.929+0000] {standard_task_runner.py:105} INFO - Job 88: Subtask first_task
[2025-02-24T04:47:21.981+0000] {task_command.py:467} INFO - Running <TaskInstance: my_first_dag.first_task scheduled__2025-02-20T00:00:00+00:00 [running]> on host 79e0cb3ed452
[2025-02-24T04:47:22.097+0000] {taskinstance.py:3134} INFO - Exporting env vars: AIRFLOW_CTX_DAG_OWNER='gzang' AIRFLOW_CTX_DAG_ID='my_first_dag' AIRFLOW_CTX_TASK_ID='first_task' AIRFLOW_CTX_EXECUTION_DATE='2025-02-20T00:00:00+00:00' AIRFLOW_CTX_TRY_NUMBER='1' AIRFLOW_CTX_DAG_RUN_ID='scheduled__2025-02-20T00:00:00+00:00'
[2025-02-24T04:47:22.099+0000] {taskinstance.py:732} INFO - ::endgroup::
[2025-02-24T04:47:22.116+0000] {subprocess.py:78} INFO - Tmp dir root location: /tmp
[2025-02-24T04:47:22.117+0000] {subprocess.py:88} INFO - Running command: ['/usr/bin/bash', '-c', 'echo hello world! the first task is defined!!!']
[2025-02-24T04:47:22.125+0000] {subprocess.py:99} INFO - Output:
[2025-02-24T04:47:22.128+0000] {subprocess.py:106} INFO - hello world! the first task is defined!!!
[2025-02-24T04:47:22.129+0000] {subprocess.py:110} INFO - Command exited with return code 0
[2025-02-24T04:47:22.158+0000] {taskinstance.py:341} INFO - ::group::Post task execution logs
[2025-02-24T04:47:22.159+0000] {taskinstance.py:353} INFO - Marking task as SUCCESS. dag_id=my_first_dag, task_id=first_task, run_id=scheduled__2025-02-20T00:00:00+00:00, execution_date=20250220T000000, start_date=20250224T044721, end_date=20250224T044722
[2025-02-24T04:47:22.303+0000] {local_task_job_runner.py:266} INFO - Task exited with return code 0
[2025-02-24T04:47:22.350+0000] {taskinstance.py:3901} INFO - 2 downstream tasks scheduled from follow-on schedule check
[2025-02-24T04:47:22.354+0000] {local_task_job_runner.py:245} INFO - ::endgroup::
