[2025-02-23T15:52:36.345+0000] {local_task_job_runner.py:123} INFO - ::group::Pre task execution logs
[2025-02-23T15:52:36.372+0000] {taskinstance.py:2614} INFO - Dependencies all met for dep_context=non-requeueable deps ti=<TaskInstance: my_first_dag.first_task scheduled__2025-02-05T00:00:00+00:00 [queued]>
[2025-02-23T15:52:36.383+0000] {taskinstance.py:2614} INFO - Dependencies all met for dep_context=requeueable deps ti=<TaskInstance: my_first_dag.first_task scheduled__2025-02-05T00:00:00+00:00 [queued]>
[2025-02-23T15:52:36.384+0000] {taskinstance.py:2867} INFO - Starting attempt 1 of 6
[2025-02-23T15:52:36.451+0000] {taskinstance.py:2890} INFO - Executing <Task(BashOperator): first_task> on 2025-02-05 00:00:00+00:00
[2025-02-23T15:52:36.460+0000] {standard_task_runner.py:104} INFO - Running: ['***', 'tasks', 'run', 'my_first_dag', 'first_task', 'scheduled__2025-02-05T00:00:00+00:00', '--job-id', '7', '--raw', '--subdir', 'DAGS_FOLDER/my_first_dags.py', '--cfg-path', '/tmp/tmpholyxqvt']
[2025-02-23T15:52:36.464+0000] {standard_task_runner.py:105} INFO - Job 7: Subtask first_task
[2025-02-23T15:52:36.466+0000] {logging_mixin.py:190} WARNING - /home/***/.local/lib/python3.12/site-packages/***/task/task_runner/standard_task_runner.py:70 DeprecationWarning: This process (pid=1348) is multi-threaded, use of fork() may lead to deadlocks in the child.
[2025-02-23T15:52:36.467+0000] {standard_task_runner.py:72} INFO - Started process 1358 to run task
[2025-02-23T15:52:36.530+0000] {task_command.py:467} INFO - Running <TaskInstance: my_first_dag.first_task scheduled__2025-02-05T00:00:00+00:00 [running]> on host 2cebbf768e94
[2025-02-23T15:52:36.646+0000] {taskinstance.py:3134} INFO - Exporting env vars: AIRFLOW_CTX_DAG_OWNER='gzang' AIRFLOW_CTX_DAG_ID='my_first_dag' AIRFLOW_CTX_TASK_ID='first_task' AIRFLOW_CTX_EXECUTION_DATE='2025-02-05T00:00:00+00:00' AIRFLOW_CTX_TRY_NUMBER='1' AIRFLOW_CTX_DAG_RUN_ID='scheduled__2025-02-05T00:00:00+00:00'
[2025-02-23T15:52:36.647+0000] {taskinstance.py:732} INFO - ::endgroup::
[2025-02-23T15:52:36.675+0000] {subprocess.py:78} INFO - Tmp dir root location: /tmp
[2025-02-23T15:52:36.677+0000] {subprocess.py:88} INFO - Running command: ['/usr/bin/bash', '-c', 'echo hello world! the first task is defined!!!']
[2025-02-23T15:52:36.688+0000] {subprocess.py:99} INFO - Output:
[2025-02-23T15:52:36.691+0000] {subprocess.py:106} INFO - hello world! the first task is defined!!!
[2025-02-23T15:52:36.692+0000] {subprocess.py:110} INFO - Command exited with return code 0
[2025-02-23T15:52:36.724+0000] {taskinstance.py:341} INFO - ::group::Post task execution logs
[2025-02-23T15:52:36.725+0000] {taskinstance.py:353} INFO - Marking task as SUCCESS. dag_id=my_first_dag, task_id=first_task, run_id=scheduled__2025-02-05T00:00:00+00:00, execution_date=20250205T000000, start_date=20250223T155236, end_date=20250223T155236
[2025-02-23T15:52:36.804+0000] {local_task_job_runner.py:266} INFO - Task exited with return code 0
[2025-02-23T15:52:36.842+0000] {taskinstance.py:3901} INFO - 1 downstream tasks scheduled from follow-on schedule check
[2025-02-23T15:52:36.845+0000] {local_task_job_runner.py:245} INFO - ::endgroup::
[2025-02-24T04:47:12.910+0000] {local_task_job_runner.py:123} INFO - ::group::Pre task execution logs
[2025-02-24T04:47:12.928+0000] {taskinstance.py:2614} INFO - Dependencies all met for dep_context=non-requeueable deps ti=<TaskInstance: my_first_dag.first_task scheduled__2025-02-05T00:00:00+00:00 [queued]>
[2025-02-24T04:47:12.938+0000] {taskinstance.py:2614} INFO - Dependencies all met for dep_context=requeueable deps ti=<TaskInstance: my_first_dag.first_task scheduled__2025-02-05T00:00:00+00:00 [queued]>
[2025-02-24T04:47:12.939+0000] {taskinstance.py:2867} INFO - Starting attempt 1 of 6
[2025-02-24T04:47:12.955+0000] {taskinstance.py:2890} INFO - Executing <Task(BashOperator): first_task> on 2025-02-05 00:00:00+00:00
[2025-02-24T04:47:12.962+0000] {standard_task_runner.py:104} INFO - Running: ['***', 'tasks', 'run', 'my_first_dag', 'first_task', 'scheduled__2025-02-05T00:00:00+00:00', '--job-id', '7', '--raw', '--subdir', 'DAGS_FOLDER/my_first_dags.py', '--cfg-path', '/tmp/tmpujvx22u0']
[2025-02-24T04:47:12.965+0000] {standard_task_runner.py:105} INFO - Job 7: Subtask first_task
[2025-02-24T04:47:12.967+0000] {logging_mixin.py:190} WARNING - /home/***/.local/lib/python3.12/site-packages/***/task/task_runner/standard_task_runner.py:70 DeprecationWarning: This process (pid=806) is multi-threaded, use of fork() may lead to deadlocks in the child.
[2025-02-24T04:47:12.968+0000] {standard_task_runner.py:72} INFO - Started process 814 to run task
[2025-02-24T04:47:13.017+0000] {task_command.py:467} INFO - Running <TaskInstance: my_first_dag.first_task scheduled__2025-02-05T00:00:00+00:00 [running]> on host 79e0cb3ed452
[2025-02-24T04:47:13.127+0000] {taskinstance.py:3134} INFO - Exporting env vars: AIRFLOW_CTX_DAG_OWNER='gzang' AIRFLOW_CTX_DAG_ID='my_first_dag' AIRFLOW_CTX_TASK_ID='first_task' AIRFLOW_CTX_EXECUTION_DATE='2025-02-05T00:00:00+00:00' AIRFLOW_CTX_TRY_NUMBER='1' AIRFLOW_CTX_DAG_RUN_ID='scheduled__2025-02-05T00:00:00+00:00'
[2025-02-24T04:47:13.130+0000] {taskinstance.py:732} INFO - ::endgroup::
[2025-02-24T04:47:13.149+0000] {subprocess.py:78} INFO - Tmp dir root location: /tmp
[2025-02-24T04:47:13.150+0000] {subprocess.py:88} INFO - Running command: ['/usr/bin/bash', '-c', 'echo hello world! the first task is defined!!!']
[2025-02-24T04:47:13.162+0000] {subprocess.py:99} INFO - Output:
[2025-02-24T04:47:13.164+0000] {subprocess.py:106} INFO - hello world! the first task is defined!!!
[2025-02-24T04:47:13.165+0000] {subprocess.py:110} INFO - Command exited with return code 0
[2025-02-24T04:47:13.193+0000] {taskinstance.py:341} INFO - ::group::Post task execution logs
[2025-02-24T04:47:13.194+0000] {taskinstance.py:353} INFO - Marking task as SUCCESS. dag_id=my_first_dag, task_id=first_task, run_id=scheduled__2025-02-05T00:00:00+00:00, execution_date=20250205T000000, start_date=20250224T044712, end_date=20250224T044713
[2025-02-24T04:47:13.265+0000] {local_task_job_runner.py:266} INFO - Task exited with return code 0
[2025-02-24T04:47:13.310+0000] {taskinstance.py:3901} INFO - 2 downstream tasks scheduled from follow-on schedule check
[2025-02-24T04:47:13.334+0000] {local_task_job_runner.py:245} INFO - ::endgroup::
