[2025-02-23T15:52:38.645+0000] {local_task_job_runner.py:123} INFO - ::group::Pre task execution logs
[2025-02-23T15:52:38.691+0000] {taskinstance.py:2614} INFO - Dependencies all met for dep_context=non-requeueable deps ti=<TaskInstance: my_first_dag.second_task scheduled__2025-02-13T00:00:00+00:00 [queued]>
[2025-02-23T15:52:38.712+0000] {taskinstance.py:2614} INFO - Dependencies all met for dep_context=requeueable deps ti=<TaskInstance: my_first_dag.second_task scheduled__2025-02-13T00:00:00+00:00 [queued]>
[2025-02-23T15:52:38.713+0000] {taskinstance.py:2867} INFO - Starting attempt 1 of 6
[2025-02-23T15:52:38.803+0000] {taskinstance.py:2890} INFO - Executing <Task(BashOperator): second_task> on 2025-02-13 00:00:00+00:00
[2025-02-23T15:52:38.818+0000] {logging_mixin.py:190} WARNING - /home/***/.local/lib/python3.12/site-packages/***/task/task_runner/standard_task_runner.py:70 DeprecationWarning: This process (pid=1447) is multi-threaded, use of fork() may lead to deadlocks in the child.
[2025-02-23T15:52:38.818+0000] {standard_task_runner.py:104} INFO - Running: ['***', 'tasks', 'run', 'my_first_dag', 'second_task', 'scheduled__2025-02-13T00:00:00+00:00', '--job-id', '35', '--raw', '--subdir', 'DAGS_FOLDER/my_first_dags.py', '--cfg-path', '/tmp/tmpidprban0']
[2025-02-23T15:52:38.820+0000] {standard_task_runner.py:72} INFO - Started process 1472 to run task
[2025-02-23T15:52:38.821+0000] {standard_task_runner.py:105} INFO - Job 35: Subtask second_task
[2025-02-23T15:52:38.925+0000] {task_command.py:467} INFO - Running <TaskInstance: my_first_dag.second_task scheduled__2025-02-13T00:00:00+00:00 [running]> on host 2cebbf768e94
[2025-02-23T15:52:39.023+0000] {taskinstance.py:3134} INFO - Exporting env vars: AIRFLOW_CTX_DAG_OWNER='gzang' AIRFLOW_CTX_DAG_ID='my_first_dag' AIRFLOW_CTX_TASK_ID='second_task' AIRFLOW_CTX_EXECUTION_DATE='2025-02-13T00:00:00+00:00' AIRFLOW_CTX_TRY_NUMBER='1' AIRFLOW_CTX_DAG_RUN_ID='scheduled__2025-02-13T00:00:00+00:00'
[2025-02-23T15:52:39.024+0000] {taskinstance.py:732} INFO - ::endgroup::
[2025-02-23T15:52:39.045+0000] {subprocess.py:78} INFO - Tmp dir root location: /tmp
[2025-02-23T15:52:39.047+0000] {subprocess.py:88} INFO - Running command: ['/usr/bin/bash', '-c', 'echo hey, this is task 2, and will be run after task 1.']
[2025-02-23T15:52:39.057+0000] {subprocess.py:99} INFO - Output:
[2025-02-23T15:52:39.058+0000] {subprocess.py:106} INFO - hey, this is task 2, and will be run after task 1.
[2025-02-23T15:52:39.059+0000] {subprocess.py:110} INFO - Command exited with return code 0
[2025-02-23T15:52:39.089+0000] {taskinstance.py:341} INFO - ::group::Post task execution logs
[2025-02-23T15:52:39.090+0000] {taskinstance.py:353} INFO - Marking task as SUCCESS. dag_id=my_first_dag, task_id=second_task, run_id=scheduled__2025-02-13T00:00:00+00:00, execution_date=20250213T000000, start_date=20250223T155238, end_date=20250223T155239
[2025-02-23T15:52:39.247+0000] {local_task_job_runner.py:266} INFO - Task exited with return code 0
[2025-02-23T15:52:39.259+0000] {local_task_job_runner.py:245} INFO - ::endgroup::
[2025-02-24T04:47:15.960+0000] {local_task_job_runner.py:123} INFO - ::group::Pre task execution logs
[2025-02-24T04:47:16.003+0000] {taskinstance.py:2614} INFO - Dependencies all met for dep_context=non-requeueable deps ti=<TaskInstance: my_first_dag.second_task scheduled__2025-02-13T00:00:00+00:00 [queued]>
[2025-02-24T04:47:16.021+0000] {taskinstance.py:2614} INFO - Dependencies all met for dep_context=requeueable deps ti=<TaskInstance: my_first_dag.second_task scheduled__2025-02-13T00:00:00+00:00 [queued]>
[2025-02-24T04:47:16.022+0000] {taskinstance.py:2867} INFO - Starting attempt 1 of 6
[2025-02-24T04:47:16.046+0000] {taskinstance.py:2890} INFO - Executing <Task(BashOperator): second_task> on 2025-02-13 00:00:00+00:00
[2025-02-24T04:47:16.061+0000] {logging_mixin.py:190} WARNING - /home/***/.local/lib/python3.12/site-packages/***/task/task_runner/standard_task_runner.py:70 DeprecationWarning: This process (pid=966) is multi-threaded, use of fork() may lead to deadlocks in the child.
[2025-02-24T04:47:16.061+0000] {standard_task_runner.py:104} INFO - Running: ['***', 'tasks', 'run', 'my_first_dag', 'second_task', 'scheduled__2025-02-13T00:00:00+00:00', '--job-id', '47', '--raw', '--subdir', 'DAGS_FOLDER/my_first_dags.py', '--cfg-path', '/tmp/tmpbw76v94x']
[2025-02-24T04:47:16.064+0000] {standard_task_runner.py:105} INFO - Job 47: Subtask second_task
[2025-02-24T04:47:16.063+0000] {standard_task_runner.py:72} INFO - Started process 979 to run task
[2025-02-24T04:47:16.154+0000] {task_command.py:467} INFO - Running <TaskInstance: my_first_dag.second_task scheduled__2025-02-13T00:00:00+00:00 [running]> on host 79e0cb3ed452
[2025-02-24T04:47:16.281+0000] {taskinstance.py:3134} INFO - Exporting env vars: AIRFLOW_CTX_DAG_OWNER='gzang' AIRFLOW_CTX_DAG_ID='my_first_dag' AIRFLOW_CTX_TASK_ID='second_task' AIRFLOW_CTX_EXECUTION_DATE='2025-02-13T00:00:00+00:00' AIRFLOW_CTX_TRY_NUMBER='1' AIRFLOW_CTX_DAG_RUN_ID='scheduled__2025-02-13T00:00:00+00:00'
[2025-02-24T04:47:16.284+0000] {taskinstance.py:732} INFO - ::endgroup::
[2025-02-24T04:47:16.316+0000] {subprocess.py:78} INFO - Tmp dir root location: /tmp
[2025-02-24T04:47:16.317+0000] {subprocess.py:88} INFO - Running command: ['/usr/bin/bash', '-c', 'echo hey, this is task 2, and will be run after task 1.']
[2025-02-24T04:47:16.332+0000] {subprocess.py:99} INFO - Output:
[2025-02-24T04:47:16.335+0000] {subprocess.py:106} INFO - hey, this is task 2, and will be run after task 1.
[2025-02-24T04:47:16.336+0000] {subprocess.py:110} INFO - Command exited with return code 0
[2025-02-24T04:47:16.378+0000] {taskinstance.py:341} INFO - ::group::Post task execution logs
[2025-02-24T04:47:16.379+0000] {taskinstance.py:353} INFO - Marking task as SUCCESS. dag_id=my_first_dag, task_id=second_task, run_id=scheduled__2025-02-13T00:00:00+00:00, execution_date=20250213T000000, start_date=20250224T044716, end_date=20250224T044716
[2025-02-24T04:47:16.649+0000] {local_task_job_runner.py:266} INFO - Task exited with return code 0
[2025-02-24T04:47:16.674+0000] {local_task_job_runner.py:245} INFO - ::endgroup::
