[2025-02-25T16:10:14.060+0000] {processor.py:186} INFO - Started process (PID=191) to work on /opt/airflow/dags/dag_with_catchup_and_backfill.py
[2025-02-25T16:10:14.062+0000] {processor.py:914} INFO - Processing file /opt/airflow/dags/dag_with_catchup_and_backfill.py for tasks to queue
[2025-02-25T16:10:14.066+0000] {logging_mixin.py:190} INFO - [2025-02-25T16:10:14.065+0000] {dagbag.py:588} INFO - Filling up the DagBag from /opt/airflow/dags/dag_with_catchup_and_backfill.py
[2025-02-25T16:10:14.105+0000] {processor.py:925} INFO - DAG(s) 'dag_with_catchup_and_backfill' retrieved from /opt/airflow/dags/dag_with_catchup_and_backfill.py
[2025-02-25T16:10:14.520+0000] {logging_mixin.py:190} INFO - [2025-02-25T16:10:14.520+0000] {override.py:1912} INFO - Created Permission View: can delete on DAG:dag_with_catchup_and_backfill
[2025-02-25T16:10:14.543+0000] {logging_mixin.py:190} INFO - [2025-02-25T16:10:14.542+0000] {override.py:1912} INFO - Created Permission View: can edit on DAG:dag_with_catchup_and_backfill
[2025-02-25T16:10:14.555+0000] {logging_mixin.py:190} INFO - [2025-02-25T16:10:14.555+0000] {override.py:1912} INFO - Created Permission View: can read on DAG:dag_with_catchup_and_backfill
[2025-02-25T16:10:14.570+0000] {logging_mixin.py:190} INFO - [2025-02-25T16:10:14.570+0000] {override.py:1912} INFO - Created Permission View: can delete on DAG Run:dag_with_catchup_and_backfill
[2025-02-25T16:10:14.584+0000] {logging_mixin.py:190} INFO - [2025-02-25T16:10:14.584+0000] {override.py:1912} INFO - Created Permission View: menu access on DAG Run:dag_with_catchup_and_backfill
[2025-02-25T16:10:14.597+0000] {logging_mixin.py:190} INFO - [2025-02-25T16:10:14.597+0000] {override.py:1912} INFO - Created Permission View: can create on DAG Run:dag_with_catchup_and_backfill
[2025-02-25T16:10:14.610+0000] {logging_mixin.py:190} INFO - [2025-02-25T16:10:14.609+0000] {override.py:1912} INFO - Created Permission View: can read on DAG Run:dag_with_catchup_and_backfill
[2025-02-25T16:10:14.611+0000] {logging_mixin.py:190} INFO - [2025-02-25T16:10:14.611+0000] {dag.py:3239} INFO - Sync 1 DAGs
[2025-02-25T16:10:14.631+0000] {logging_mixin.py:190} INFO - [2025-02-25T16:10:14.631+0000] {dag.py:3262} INFO - Creating ORM DAG for dag_with_catchup_and_backfill
[2025-02-25T16:10:14.650+0000] {logging_mixin.py:190} INFO - [2025-02-25T16:10:14.650+0000] {dag.py:4180} INFO - Setting next_dagrun for dag_with_catchup_and_backfill to 2025-02-24 00:00:00+00:00, run_after=2025-02-25 00:00:00+00:00
[2025-02-25T16:10:14.682+0000] {processor.py:208} INFO - Processing /opt/airflow/dags/dag_with_catchup_and_backfill.py took 0.631 seconds
[2025-02-25T16:10:45.679+0000] {processor.py:186} INFO - Started process (PID=218) to work on /opt/airflow/dags/dag_with_catchup_and_backfill.py
[2025-02-25T16:10:45.680+0000] {processor.py:914} INFO - Processing file /opt/airflow/dags/dag_with_catchup_and_backfill.py for tasks to queue
[2025-02-25T16:10:45.682+0000] {logging_mixin.py:190} INFO - [2025-02-25T16:10:45.682+0000] {dagbag.py:588} INFO - Filling up the DagBag from /opt/airflow/dags/dag_with_catchup_and_backfill.py
[2025-02-25T16:10:45.702+0000] {processor.py:925} INFO - DAG(s) 'dag_with_catchup_and_backfill' retrieved from /opt/airflow/dags/dag_with_catchup_and_backfill.py
[2025-02-25T16:10:45.726+0000] {logging_mixin.py:190} INFO - [2025-02-25T16:10:45.726+0000] {dag.py:3239} INFO - Sync 1 DAGs
[2025-02-25T16:10:45.748+0000] {logging_mixin.py:190} INFO - [2025-02-25T16:10:45.748+0000] {dag.py:4180} INFO - Setting next_dagrun for dag_with_catchup_and_backfill to 2025-02-24 00:00:00+00:00, run_after=2025-02-25 00:00:00+00:00
[2025-02-25T16:10:45.766+0000] {processor.py:208} INFO - Processing /opt/airflow/dags/dag_with_catchup_and_backfill.py took 0.093 seconds
[2025-02-25T16:11:16.410+0000] {processor.py:186} INFO - Started process (PID=251) to work on /opt/airflow/dags/dag_with_catchup_and_backfill.py
[2025-02-25T16:11:16.412+0000] {processor.py:914} INFO - Processing file /opt/airflow/dags/dag_with_catchup_and_backfill.py for tasks to queue
[2025-02-25T16:11:16.414+0000] {logging_mixin.py:190} INFO - [2025-02-25T16:11:16.414+0000] {dagbag.py:588} INFO - Filling up the DagBag from /opt/airflow/dags/dag_with_catchup_and_backfill.py
[2025-02-25T16:11:16.440+0000] {processor.py:925} INFO - DAG(s) 'dag_with_catchup_and_backfill' retrieved from /opt/airflow/dags/dag_with_catchup_and_backfill.py
[2025-02-25T16:11:16.463+0000] {logging_mixin.py:190} INFO - [2025-02-25T16:11:16.463+0000] {dag.py:3239} INFO - Sync 1 DAGs
[2025-02-25T16:11:16.485+0000] {logging_mixin.py:190} INFO - [2025-02-25T16:11:16.484+0000] {dag.py:4180} INFO - Setting next_dagrun for dag_with_catchup_and_backfill to 2025-02-24 00:00:00+00:00, run_after=2025-02-25 00:00:00+00:00
[2025-02-25T16:11:16.503+0000] {processor.py:208} INFO - Processing /opt/airflow/dags/dag_with_catchup_and_backfill.py took 0.097 seconds
[2025-02-25T16:11:47.170+0000] {processor.py:186} INFO - Started process (PID=278) to work on /opt/airflow/dags/dag_with_catchup_and_backfill.py
[2025-02-25T16:11:47.171+0000] {processor.py:914} INFO - Processing file /opt/airflow/dags/dag_with_catchup_and_backfill.py for tasks to queue
[2025-02-25T16:11:47.173+0000] {logging_mixin.py:190} INFO - [2025-02-25T16:11:47.173+0000] {dagbag.py:588} INFO - Filling up the DagBag from /opt/airflow/dags/dag_with_catchup_and_backfill.py
[2025-02-25T16:11:47.191+0000] {processor.py:925} INFO - DAG(s) 'dag_with_catchup_and_backfill' retrieved from /opt/airflow/dags/dag_with_catchup_and_backfill.py
[2025-02-25T16:11:47.213+0000] {logging_mixin.py:190} INFO - [2025-02-25T16:11:47.213+0000] {dag.py:3239} INFO - Sync 1 DAGs
[2025-02-25T16:11:47.233+0000] {logging_mixin.py:190} INFO - [2025-02-25T16:11:47.233+0000] {dag.py:4180} INFO - Setting next_dagrun for dag_with_catchup_and_backfill to 2025-02-24 00:00:00+00:00, run_after=2025-02-25 00:00:00+00:00
[2025-02-25T16:11:47.260+0000] {processor.py:208} INFO - Processing /opt/airflow/dags/dag_with_catchup_and_backfill.py took 0.095 seconds
[2025-02-25T16:12:17.477+0000] {processor.py:186} INFO - Started process (PID=310) to work on /opt/airflow/dags/dag_with_catchup_and_backfill.py
[2025-02-25T16:12:17.478+0000] {processor.py:914} INFO - Processing file /opt/airflow/dags/dag_with_catchup_and_backfill.py for tasks to queue
[2025-02-25T16:12:17.480+0000] {logging_mixin.py:190} INFO - [2025-02-25T16:12:17.479+0000] {dagbag.py:588} INFO - Filling up the DagBag from /opt/airflow/dags/dag_with_catchup_and_backfill.py
[2025-02-25T16:12:17.492+0000] {processor.py:925} INFO - DAG(s) 'dag_with_catchup_and_backfill' retrieved from /opt/airflow/dags/dag_with_catchup_and_backfill.py
[2025-02-25T16:12:17.513+0000] {logging_mixin.py:190} INFO - [2025-02-25T16:12:17.512+0000] {dag.py:3239} INFO - Sync 1 DAGs
[2025-02-25T16:12:17.535+0000] {logging_mixin.py:190} INFO - [2025-02-25T16:12:17.535+0000] {dag.py:4180} INFO - Setting next_dagrun for dag_with_catchup_and_backfill to 2025-02-24 00:00:00+00:00, run_after=2025-02-25 00:00:00+00:00
[2025-02-25T16:12:17.562+0000] {processor.py:208} INFO - Processing /opt/airflow/dags/dag_with_catchup_and_backfill.py took 0.090 seconds
[2025-02-25T16:12:47.701+0000] {processor.py:186} INFO - Started process (PID=337) to work on /opt/airflow/dags/dag_with_catchup_and_backfill.py
[2025-02-25T16:12:47.702+0000] {processor.py:914} INFO - Processing file /opt/airflow/dags/dag_with_catchup_and_backfill.py for tasks to queue
[2025-02-25T16:12:47.704+0000] {logging_mixin.py:190} INFO - [2025-02-25T16:12:47.704+0000] {dagbag.py:588} INFO - Filling up the DagBag from /opt/airflow/dags/dag_with_catchup_and_backfill.py
[2025-02-25T16:12:47.722+0000] {processor.py:925} INFO - DAG(s) 'dag_with_catchup_and_backfill' retrieved from /opt/airflow/dags/dag_with_catchup_and_backfill.py
[2025-02-25T16:12:47.743+0000] {logging_mixin.py:190} INFO - [2025-02-25T16:12:47.743+0000] {dag.py:3239} INFO - Sync 1 DAGs
[2025-02-25T16:12:47.765+0000] {logging_mixin.py:190} INFO - [2025-02-25T16:12:47.764+0000] {dag.py:4180} INFO - Setting next_dagrun for dag_with_catchup_and_backfill to 2025-02-24 00:00:00+00:00, run_after=2025-02-25 00:00:00+00:00
[2025-02-25T16:12:47.793+0000] {processor.py:208} INFO - Processing /opt/airflow/dags/dag_with_catchup_and_backfill.py took 0.098 seconds
[2025-02-25T16:13:17.877+0000] {processor.py:186} INFO - Started process (PID=359) to work on /opt/airflow/dags/dag_with_catchup_and_backfill.py
[2025-02-25T16:13:17.878+0000] {processor.py:914} INFO - Processing file /opt/airflow/dags/dag_with_catchup_and_backfill.py for tasks to queue
[2025-02-25T16:13:17.880+0000] {logging_mixin.py:190} INFO - [2025-02-25T16:13:17.880+0000] {dagbag.py:588} INFO - Filling up the DagBag from /opt/airflow/dags/dag_with_catchup_and_backfill.py
[2025-02-25T16:13:17.908+0000] {processor.py:925} INFO - DAG(s) 'dag_with_catchup_and_backfill' retrieved from /opt/airflow/dags/dag_with_catchup_and_backfill.py
[2025-02-25T16:13:17.935+0000] {logging_mixin.py:190} INFO - [2025-02-25T16:13:17.935+0000] {dag.py:3239} INFO - Sync 1 DAGs
[2025-02-25T16:13:17.956+0000] {logging_mixin.py:190} INFO - [2025-02-25T16:13:17.956+0000] {dag.py:4180} INFO - Setting next_dagrun for dag_with_catchup_and_backfill to 2025-02-24 00:00:00+00:00, run_after=2025-02-25 00:00:00+00:00
[2025-02-25T16:13:17.986+0000] {processor.py:208} INFO - Processing /opt/airflow/dags/dag_with_catchup_and_backfill.py took 0.115 seconds
[2025-02-25T16:13:48.056+0000] {processor.py:186} INFO - Started process (PID=387) to work on /opt/airflow/dags/dag_with_catchup_and_backfill.py
[2025-02-25T16:13:48.058+0000] {processor.py:914} INFO - Processing file /opt/airflow/dags/dag_with_catchup_and_backfill.py for tasks to queue
[2025-02-25T16:13:48.061+0000] {logging_mixin.py:190} INFO - [2025-02-25T16:13:48.060+0000] {dagbag.py:588} INFO - Filling up the DagBag from /opt/airflow/dags/dag_with_catchup_and_backfill.py
[2025-02-25T16:13:48.097+0000] {processor.py:925} INFO - DAG(s) 'dag_with_catchup_and_backfill' retrieved from /opt/airflow/dags/dag_with_catchup_and_backfill.py
[2025-02-25T16:13:48.125+0000] {logging_mixin.py:190} INFO - [2025-02-25T16:13:48.125+0000] {dag.py:3239} INFO - Sync 1 DAGs
[2025-02-25T16:13:48.147+0000] {logging_mixin.py:190} INFO - [2025-02-25T16:13:48.147+0000] {dag.py:4180} INFO - Setting next_dagrun for dag_with_catchup_and_backfill to 2025-02-24 00:00:00+00:00, run_after=2025-02-25 00:00:00+00:00
[2025-02-25T16:13:48.168+0000] {processor.py:208} INFO - Processing /opt/airflow/dags/dag_with_catchup_and_backfill.py took 0.118 seconds
[2025-02-25T16:14:18.293+0000] {processor.py:186} INFO - Started process (PID=414) to work on /opt/airflow/dags/dag_with_catchup_and_backfill.py
[2025-02-25T16:14:18.295+0000] {processor.py:914} INFO - Processing file /opt/airflow/dags/dag_with_catchup_and_backfill.py for tasks to queue
[2025-02-25T16:14:18.298+0000] {logging_mixin.py:190} INFO - [2025-02-25T16:14:18.297+0000] {dagbag.py:588} INFO - Filling up the DagBag from /opt/airflow/dags/dag_with_catchup_and_backfill.py
[2025-02-25T16:14:18.332+0000] {processor.py:925} INFO - DAG(s) 'dag_with_catchup_and_backfill' retrieved from /opt/airflow/dags/dag_with_catchup_and_backfill.py
[2025-02-25T16:14:18.355+0000] {logging_mixin.py:190} INFO - [2025-02-25T16:14:18.355+0000] {dag.py:3239} INFO - Sync 1 DAGs
[2025-02-25T16:14:18.375+0000] {logging_mixin.py:190} INFO - [2025-02-25T16:14:18.375+0000] {dag.py:4180} INFO - Setting next_dagrun for dag_with_catchup_and_backfill to 2025-02-24 00:00:00+00:00, run_after=2025-02-25 00:00:00+00:00
[2025-02-25T16:14:18.403+0000] {processor.py:208} INFO - Processing /opt/airflow/dags/dag_with_catchup_and_backfill.py took 0.115 seconds
[2025-02-25T16:14:48.499+0000] {processor.py:186} INFO - Started process (PID=441) to work on /opt/airflow/dags/dag_with_catchup_and_backfill.py
[2025-02-25T16:14:48.501+0000] {processor.py:914} INFO - Processing file /opt/airflow/dags/dag_with_catchup_and_backfill.py for tasks to queue
[2025-02-25T16:14:48.504+0000] {logging_mixin.py:190} INFO - [2025-02-25T16:14:48.504+0000] {dagbag.py:588} INFO - Filling up the DagBag from /opt/airflow/dags/dag_with_catchup_and_backfill.py
[2025-02-25T16:14:48.541+0000] {processor.py:925} INFO - DAG(s) 'dag_with_catchup_and_backfill' retrieved from /opt/airflow/dags/dag_with_catchup_and_backfill.py
[2025-02-25T16:14:48.571+0000] {logging_mixin.py:190} INFO - [2025-02-25T16:14:48.570+0000] {dag.py:3239} INFO - Sync 1 DAGs
[2025-02-25T16:14:48.598+0000] {logging_mixin.py:190} INFO - [2025-02-25T16:14:48.598+0000] {dag.py:4180} INFO - Setting next_dagrun for dag_with_catchup_and_backfill to 2025-02-24 00:00:00+00:00, run_after=2025-02-25 00:00:00+00:00
[2025-02-25T16:14:48.633+0000] {processor.py:208} INFO - Processing /opt/airflow/dags/dag_with_catchup_and_backfill.py took 0.141 seconds
[2025-02-25T16:15:18.874+0000] {processor.py:186} INFO - Started process (PID=468) to work on /opt/airflow/dags/dag_with_catchup_and_backfill.py
[2025-02-25T16:15:18.875+0000] {processor.py:914} INFO - Processing file /opt/airflow/dags/dag_with_catchup_and_backfill.py for tasks to queue
[2025-02-25T16:15:18.878+0000] {logging_mixin.py:190} INFO - [2025-02-25T16:15:18.877+0000] {dagbag.py:588} INFO - Filling up the DagBag from /opt/airflow/dags/dag_with_catchup_and_backfill.py
[2025-02-25T16:15:18.904+0000] {processor.py:925} INFO - DAG(s) 'dag_with_catchup_and_backfill' retrieved from /opt/airflow/dags/dag_with_catchup_and_backfill.py
[2025-02-25T16:15:18.927+0000] {logging_mixin.py:190} INFO - [2025-02-25T16:15:18.926+0000] {dag.py:3239} INFO - Sync 1 DAGs
[2025-02-25T16:15:18.949+0000] {logging_mixin.py:190} INFO - [2025-02-25T16:15:18.949+0000] {dag.py:4180} INFO - Setting next_dagrun for dag_with_catchup_and_backfill to 2025-02-24 00:00:00+00:00, run_after=2025-02-25 00:00:00+00:00
[2025-02-25T16:15:18.978+0000] {processor.py:208} INFO - Processing /opt/airflow/dags/dag_with_catchup_and_backfill.py took 0.109 seconds
[2025-02-25T16:15:49.078+0000] {processor.py:186} INFO - Started process (PID=495) to work on /opt/airflow/dags/dag_with_catchup_and_backfill.py
[2025-02-25T16:15:49.079+0000] {processor.py:914} INFO - Processing file /opt/airflow/dags/dag_with_catchup_and_backfill.py for tasks to queue
[2025-02-25T16:15:49.087+0000] {logging_mixin.py:190} INFO - [2025-02-25T16:15:49.087+0000] {dagbag.py:588} INFO - Filling up the DagBag from /opt/airflow/dags/dag_with_catchup_and_backfill.py
[2025-02-25T16:15:49.113+0000] {processor.py:925} INFO - DAG(s) 'dag_with_catchup_and_backfill' retrieved from /opt/airflow/dags/dag_with_catchup_and_backfill.py
[2025-02-25T16:15:49.139+0000] {logging_mixin.py:190} INFO - [2025-02-25T16:15:49.139+0000] {dag.py:3239} INFO - Sync 1 DAGs
[2025-02-25T16:15:49.159+0000] {logging_mixin.py:190} INFO - [2025-02-25T16:15:49.159+0000] {dag.py:4180} INFO - Setting next_dagrun for dag_with_catchup_and_backfill to 2025-02-24 00:00:00+00:00, run_after=2025-02-25 00:00:00+00:00
[2025-02-25T16:15:49.178+0000] {processor.py:208} INFO - Processing /opt/airflow/dags/dag_with_catchup_and_backfill.py took 0.107 seconds
[2025-02-25T16:16:19.300+0000] {processor.py:186} INFO - Started process (PID=522) to work on /opt/airflow/dags/dag_with_catchup_and_backfill.py
[2025-02-25T16:16:19.301+0000] {processor.py:914} INFO - Processing file /opt/airflow/dags/dag_with_catchup_and_backfill.py for tasks to queue
[2025-02-25T16:16:19.303+0000] {logging_mixin.py:190} INFO - [2025-02-25T16:16:19.303+0000] {dagbag.py:588} INFO - Filling up the DagBag from /opt/airflow/dags/dag_with_catchup_and_backfill.py
[2025-02-25T16:16:19.318+0000] {processor.py:925} INFO - DAG(s) 'dag_with_catchup_and_backfill' retrieved from /opt/airflow/dags/dag_with_catchup_and_backfill.py
[2025-02-25T16:16:19.341+0000] {logging_mixin.py:190} INFO - [2025-02-25T16:16:19.341+0000] {dag.py:3239} INFO - Sync 1 DAGs
[2025-02-25T16:16:19.363+0000] {logging_mixin.py:190} INFO - [2025-02-25T16:16:19.363+0000] {dag.py:4180} INFO - Setting next_dagrun for dag_with_catchup_and_backfill to 2025-02-24 00:00:00+00:00, run_after=2025-02-25 00:00:00+00:00
[2025-02-25T16:16:19.392+0000] {processor.py:208} INFO - Processing /opt/airflow/dags/dag_with_catchup_and_backfill.py took 0.097 seconds
[2025-02-25T16:16:50.086+0000] {processor.py:186} INFO - Started process (PID=549) to work on /opt/airflow/dags/dag_with_catchup_and_backfill.py
[2025-02-25T16:16:50.087+0000] {processor.py:914} INFO - Processing file /opt/airflow/dags/dag_with_catchup_and_backfill.py for tasks to queue
[2025-02-25T16:16:50.090+0000] {logging_mixin.py:190} INFO - [2025-02-25T16:16:50.089+0000] {dagbag.py:588} INFO - Filling up the DagBag from /opt/airflow/dags/dag_with_catchup_and_backfill.py
[2025-02-25T16:16:50.111+0000] {processor.py:925} INFO - DAG(s) 'dag_with_catchup_and_backfill' retrieved from /opt/airflow/dags/dag_with_catchup_and_backfill.py
[2025-02-25T16:16:50.145+0000] {logging_mixin.py:190} INFO - [2025-02-25T16:16:50.145+0000] {dag.py:3239} INFO - Sync 1 DAGs
[2025-02-25T16:16:50.174+0000] {logging_mixin.py:190} INFO - [2025-02-25T16:16:50.174+0000] {dag.py:4180} INFO - Setting next_dagrun for dag_with_catchup_and_backfill to 2025-02-24 00:00:00+00:00, run_after=2025-02-25 00:00:00+00:00
[2025-02-25T16:16:50.195+0000] {processor.py:208} INFO - Processing /opt/airflow/dags/dag_with_catchup_and_backfill.py took 0.116 seconds
[2025-02-25T16:17:20.311+0000] {processor.py:186} INFO - Started process (PID=576) to work on /opt/airflow/dags/dag_with_catchup_and_backfill.py
[2025-02-25T16:17:20.312+0000] {processor.py:914} INFO - Processing file /opt/airflow/dags/dag_with_catchup_and_backfill.py for tasks to queue
[2025-02-25T16:17:20.315+0000] {logging_mixin.py:190} INFO - [2025-02-25T16:17:20.314+0000] {dagbag.py:588} INFO - Filling up the DagBag from /opt/airflow/dags/dag_with_catchup_and_backfill.py
[2025-02-25T16:17:20.337+0000] {processor.py:925} INFO - DAG(s) 'dag_with_catchup_and_backfill' retrieved from /opt/airflow/dags/dag_with_catchup_and_backfill.py
[2025-02-25T16:17:20.358+0000] {logging_mixin.py:190} INFO - [2025-02-25T16:17:20.358+0000] {dag.py:3239} INFO - Sync 1 DAGs
[2025-02-25T16:17:20.379+0000] {logging_mixin.py:190} INFO - [2025-02-25T16:17:20.379+0000] {dag.py:4180} INFO - Setting next_dagrun for dag_with_catchup_and_backfill to 2025-02-24 00:00:00+00:00, run_after=2025-02-25 00:00:00+00:00
[2025-02-25T16:17:20.408+0000] {processor.py:208} INFO - Processing /opt/airflow/dags/dag_with_catchup_and_backfill.py took 0.102 seconds
[2025-02-25T16:17:50.502+0000] {processor.py:186} INFO - Started process (PID=603) to work on /opt/airflow/dags/dag_with_catchup_and_backfill.py
[2025-02-25T16:17:50.503+0000] {processor.py:914} INFO - Processing file /opt/airflow/dags/dag_with_catchup_and_backfill.py for tasks to queue
[2025-02-25T16:17:50.506+0000] {logging_mixin.py:190} INFO - [2025-02-25T16:17:50.506+0000] {dagbag.py:588} INFO - Filling up the DagBag from /opt/airflow/dags/dag_with_catchup_and_backfill.py
[2025-02-25T16:17:50.528+0000] {processor.py:925} INFO - DAG(s) 'dag_with_catchup_and_backfill' retrieved from /opt/airflow/dags/dag_with_catchup_and_backfill.py
[2025-02-25T16:17:50.553+0000] {logging_mixin.py:190} INFO - [2025-02-25T16:17:50.552+0000] {dag.py:3239} INFO - Sync 1 DAGs
[2025-02-25T16:17:50.582+0000] {logging_mixin.py:190} INFO - [2025-02-25T16:17:50.582+0000] {dag.py:4180} INFO - Setting next_dagrun for dag_with_catchup_and_backfill to 2025-02-24 00:00:00+00:00, run_after=2025-02-25 00:00:00+00:00
[2025-02-25T16:17:50.610+0000] {processor.py:208} INFO - Processing /opt/airflow/dags/dag_with_catchup_and_backfill.py took 0.114 seconds
[2025-02-25T16:18:20.697+0000] {processor.py:186} INFO - Started process (PID=630) to work on /opt/airflow/dags/dag_with_catchup_and_backfill.py
[2025-02-25T16:18:20.699+0000] {processor.py:914} INFO - Processing file /opt/airflow/dags/dag_with_catchup_and_backfill.py for tasks to queue
[2025-02-25T16:18:20.701+0000] {logging_mixin.py:190} INFO - [2025-02-25T16:18:20.700+0000] {dagbag.py:588} INFO - Filling up the DagBag from /opt/airflow/dags/dag_with_catchup_and_backfill.py
[2025-02-25T16:18:20.723+0000] {processor.py:925} INFO - DAG(s) 'dag_with_catchup_and_backfill' retrieved from /opt/airflow/dags/dag_with_catchup_and_backfill.py
[2025-02-25T16:18:20.745+0000] {logging_mixin.py:190} INFO - [2025-02-25T16:18:20.745+0000] {dag.py:3239} INFO - Sync 1 DAGs
[2025-02-25T16:18:20.765+0000] {logging_mixin.py:190} INFO - [2025-02-25T16:18:20.765+0000] {dag.py:4180} INFO - Setting next_dagrun for dag_with_catchup_and_backfill to 2025-02-24 00:00:00+00:00, run_after=2025-02-25 00:00:00+00:00
[2025-02-25T16:18:20.793+0000] {processor.py:208} INFO - Processing /opt/airflow/dags/dag_with_catchup_and_backfill.py took 0.101 seconds
[2025-02-25T16:18:50.961+0000] {processor.py:186} INFO - Started process (PID=657) to work on /opt/airflow/dags/dag_with_catchup_and_backfill.py
[2025-02-25T16:18:50.962+0000] {processor.py:914} INFO - Processing file /opt/airflow/dags/dag_with_catchup_and_backfill.py for tasks to queue
[2025-02-25T16:18:50.965+0000] {logging_mixin.py:190} INFO - [2025-02-25T16:18:50.964+0000] {dagbag.py:588} INFO - Filling up the DagBag from /opt/airflow/dags/dag_with_catchup_and_backfill.py
[2025-02-25T16:18:50.990+0000] {processor.py:925} INFO - DAG(s) 'dag_with_catchup_and_backfill' retrieved from /opt/airflow/dags/dag_with_catchup_and_backfill.py
[2025-02-25T16:18:51.026+0000] {logging_mixin.py:190} INFO - [2025-02-25T16:18:51.026+0000] {dag.py:3239} INFO - Sync 1 DAGs
[2025-02-25T16:18:51.052+0000] {logging_mixin.py:190} INFO - [2025-02-25T16:18:51.052+0000] {dag.py:4180} INFO - Setting next_dagrun for dag_with_catchup_and_backfill to 2025-02-24 00:00:00+00:00, run_after=2025-02-25 00:00:00+00:00
[2025-02-25T16:18:51.071+0000] {processor.py:208} INFO - Processing /opt/airflow/dags/dag_with_catchup_and_backfill.py took 0.117 seconds
[2025-02-25T16:19:21.788+0000] {processor.py:186} INFO - Started process (PID=684) to work on /opt/airflow/dags/dag_with_catchup_and_backfill.py
[2025-02-25T16:19:21.790+0000] {processor.py:914} INFO - Processing file /opt/airflow/dags/dag_with_catchup_and_backfill.py for tasks to queue
[2025-02-25T16:19:21.793+0000] {logging_mixin.py:190} INFO - [2025-02-25T16:19:21.793+0000] {dagbag.py:588} INFO - Filling up the DagBag from /opt/airflow/dags/dag_with_catchup_and_backfill.py
[2025-02-25T16:19:21.818+0000] {processor.py:925} INFO - DAG(s) 'dag_with_catchup_and_backfill' retrieved from /opt/airflow/dags/dag_with_catchup_and_backfill.py
[2025-02-25T16:19:21.844+0000] {logging_mixin.py:190} INFO - [2025-02-25T16:19:21.843+0000] {dag.py:3239} INFO - Sync 1 DAGs
[2025-02-25T16:19:21.866+0000] {logging_mixin.py:190} INFO - [2025-02-25T16:19:21.865+0000] {dag.py:4180} INFO - Setting next_dagrun for dag_with_catchup_and_backfill to 2025-02-24 00:00:00+00:00, run_after=2025-02-25 00:00:00+00:00
[2025-02-25T16:19:21.886+0000] {processor.py:208} INFO - Processing /opt/airflow/dags/dag_with_catchup_and_backfill.py took 0.105 seconds
[2025-02-25T16:19:52.496+0000] {processor.py:186} INFO - Started process (PID=711) to work on /opt/airflow/dags/dag_with_catchup_and_backfill.py
[2025-02-25T16:19:52.502+0000] {processor.py:914} INFO - Processing file /opt/airflow/dags/dag_with_catchup_and_backfill.py for tasks to queue
[2025-02-25T16:19:52.505+0000] {logging_mixin.py:190} INFO - [2025-02-25T16:19:52.504+0000] {dagbag.py:588} INFO - Filling up the DagBag from /opt/airflow/dags/dag_with_catchup_and_backfill.py
[2025-02-25T16:19:52.526+0000] {processor.py:925} INFO - DAG(s) 'dag_with_catchup_and_backfill' retrieved from /opt/airflow/dags/dag_with_catchup_and_backfill.py
[2025-02-25T16:19:52.550+0000] {logging_mixin.py:190} INFO - [2025-02-25T16:19:52.549+0000] {dag.py:3239} INFO - Sync 1 DAGs
[2025-02-25T16:19:52.572+0000] {logging_mixin.py:190} INFO - [2025-02-25T16:19:52.571+0000] {dag.py:4180} INFO - Setting next_dagrun for dag_with_catchup_and_backfill to 2025-02-24 00:00:00+00:00, run_after=2025-02-25 00:00:00+00:00
[2025-02-25T16:19:52.600+0000] {processor.py:208} INFO - Processing /opt/airflow/dags/dag_with_catchup_and_backfill.py took 0.110 seconds
[2025-02-25T16:20:22.744+0000] {processor.py:186} INFO - Started process (PID=738) to work on /opt/airflow/dags/dag_with_catchup_and_backfill.py
[2025-02-25T16:20:22.745+0000] {processor.py:914} INFO - Processing file /opt/airflow/dags/dag_with_catchup_and_backfill.py for tasks to queue
[2025-02-25T16:20:22.749+0000] {logging_mixin.py:190} INFO - [2025-02-25T16:20:22.748+0000] {dagbag.py:588} INFO - Filling up the DagBag from /opt/airflow/dags/dag_with_catchup_and_backfill.py
[2025-02-25T16:20:22.768+0000] {processor.py:925} INFO - DAG(s) 'dag_with_catchup_and_backfill' retrieved from /opt/airflow/dags/dag_with_catchup_and_backfill.py
[2025-02-25T16:20:22.791+0000] {logging_mixin.py:190} INFO - [2025-02-25T16:20:22.791+0000] {dag.py:3239} INFO - Sync 1 DAGs
[2025-02-25T16:20:22.811+0000] {logging_mixin.py:190} INFO - [2025-02-25T16:20:22.811+0000] {dag.py:4180} INFO - Setting next_dagrun for dag_with_catchup_and_backfill to 2025-02-24 00:00:00+00:00, run_after=2025-02-25 00:00:00+00:00
[2025-02-25T16:20:22.840+0000] {processor.py:208} INFO - Processing /opt/airflow/dags/dag_with_catchup_and_backfill.py took 0.102 seconds
[2025-02-25T16:20:52.932+0000] {processor.py:186} INFO - Started process (PID=765) to work on /opt/airflow/dags/dag_with_catchup_and_backfill.py
[2025-02-25T16:20:52.933+0000] {processor.py:914} INFO - Processing file /opt/airflow/dags/dag_with_catchup_and_backfill.py for tasks to queue
[2025-02-25T16:20:52.936+0000] {logging_mixin.py:190} INFO - [2025-02-25T16:20:52.935+0000] {dagbag.py:588} INFO - Filling up the DagBag from /opt/airflow/dags/dag_with_catchup_and_backfill.py
[2025-02-25T16:20:52.958+0000] {processor.py:925} INFO - DAG(s) 'dag_with_catchup_and_backfill' retrieved from /opt/airflow/dags/dag_with_catchup_and_backfill.py
[2025-02-25T16:20:52.980+0000] {logging_mixin.py:190} INFO - [2025-02-25T16:20:52.980+0000] {dag.py:3239} INFO - Sync 1 DAGs
[2025-02-25T16:20:53.001+0000] {logging_mixin.py:190} INFO - [2025-02-25T16:20:53.001+0000] {dag.py:4180} INFO - Setting next_dagrun for dag_with_catchup_and_backfill to 2025-02-24 00:00:00+00:00, run_after=2025-02-25 00:00:00+00:00
[2025-02-25T16:20:53.018+0000] {processor.py:208} INFO - Processing /opt/airflow/dags/dag_with_catchup_and_backfill.py took 0.092 seconds
[2025-02-25T16:21:23.200+0000] {processor.py:186} INFO - Started process (PID=792) to work on /opt/airflow/dags/dag_with_catchup_and_backfill.py
[2025-02-25T16:21:23.201+0000] {processor.py:914} INFO - Processing file /opt/airflow/dags/dag_with_catchup_and_backfill.py for tasks to queue
[2025-02-25T16:21:23.204+0000] {logging_mixin.py:190} INFO - [2025-02-25T16:21:23.203+0000] {dagbag.py:588} INFO - Filling up the DagBag from /opt/airflow/dags/dag_with_catchup_and_backfill.py
[2025-02-25T16:21:23.237+0000] {processor.py:925} INFO - DAG(s) 'dag_with_catchup_and_backfill' retrieved from /opt/airflow/dags/dag_with_catchup_and_backfill.py
[2025-02-25T16:21:23.260+0000] {logging_mixin.py:190} INFO - [2025-02-25T16:21:23.260+0000] {dag.py:3239} INFO - Sync 1 DAGs
[2025-02-25T16:21:23.283+0000] {logging_mixin.py:190} INFO - [2025-02-25T16:21:23.283+0000] {dag.py:4180} INFO - Setting next_dagrun for dag_with_catchup_and_backfill to 2025-02-24 00:00:00+00:00, run_after=2025-02-25 00:00:00+00:00
[2025-02-25T16:21:23.302+0000] {processor.py:208} INFO - Processing /opt/airflow/dags/dag_with_catchup_and_backfill.py took 0.108 seconds
[2025-02-25T16:21:53.412+0000] {processor.py:186} INFO - Started process (PID=819) to work on /opt/airflow/dags/dag_with_catchup_and_backfill.py
[2025-02-25T16:21:53.413+0000] {processor.py:914} INFO - Processing file /opt/airflow/dags/dag_with_catchup_and_backfill.py for tasks to queue
[2025-02-25T16:21:53.416+0000] {logging_mixin.py:190} INFO - [2025-02-25T16:21:53.416+0000] {dagbag.py:588} INFO - Filling up the DagBag from /opt/airflow/dags/dag_with_catchup_and_backfill.py
[2025-02-25T16:21:53.437+0000] {processor.py:925} INFO - DAG(s) 'dag_with_catchup_and_backfill' retrieved from /opt/airflow/dags/dag_with_catchup_and_backfill.py
[2025-02-25T16:21:53.470+0000] {logging_mixin.py:190} INFO - [2025-02-25T16:21:53.470+0000] {dag.py:3239} INFO - Sync 1 DAGs
[2025-02-25T16:21:53.497+0000] {logging_mixin.py:190} INFO - [2025-02-25T16:21:53.497+0000] {dag.py:4180} INFO - Setting next_dagrun for dag_with_catchup_and_backfill to 2025-02-24 00:00:00+00:00, run_after=2025-02-25 00:00:00+00:00
[2025-02-25T16:21:53.516+0000] {processor.py:208} INFO - Processing /opt/airflow/dags/dag_with_catchup_and_backfill.py took 0.114 seconds
[2025-02-25T16:22:24.222+0000] {processor.py:186} INFO - Started process (PID=846) to work on /opt/airflow/dags/dag_with_catchup_and_backfill.py
[2025-02-25T16:22:24.223+0000] {processor.py:914} INFO - Processing file /opt/airflow/dags/dag_with_catchup_and_backfill.py for tasks to queue
[2025-02-25T16:22:24.227+0000] {logging_mixin.py:190} INFO - [2025-02-25T16:22:24.226+0000] {dagbag.py:588} INFO - Filling up the DagBag from /opt/airflow/dags/dag_with_catchup_and_backfill.py
[2025-02-25T16:22:24.255+0000] {processor.py:925} INFO - DAG(s) 'dag_with_catchup_and_backfill' retrieved from /opt/airflow/dags/dag_with_catchup_and_backfill.py
[2025-02-25T16:22:24.279+0000] {logging_mixin.py:190} INFO - [2025-02-25T16:22:24.279+0000] {dag.py:3239} INFO - Sync 1 DAGs
[2025-02-25T16:22:24.299+0000] {logging_mixin.py:190} INFO - [2025-02-25T16:22:24.299+0000] {dag.py:4180} INFO - Setting next_dagrun for dag_with_catchup_and_backfill to 2025-02-24 00:00:00+00:00, run_after=2025-02-25 00:00:00+00:00
[2025-02-25T16:22:24.328+0000] {processor.py:208} INFO - Processing /opt/airflow/dags/dag_with_catchup_and_backfill.py took 0.114 seconds
[2025-02-25T16:22:55.008+0000] {processor.py:186} INFO - Started process (PID=873) to work on /opt/airflow/dags/dag_with_catchup_and_backfill.py
[2025-02-25T16:22:55.010+0000] {processor.py:914} INFO - Processing file /opt/airflow/dags/dag_with_catchup_and_backfill.py for tasks to queue
[2025-02-25T16:22:55.013+0000] {logging_mixin.py:190} INFO - [2025-02-25T16:22:55.013+0000] {dagbag.py:588} INFO - Filling up the DagBag from /opt/airflow/dags/dag_with_catchup_and_backfill.py
[2025-02-25T16:22:55.035+0000] {processor.py:925} INFO - DAG(s) 'dag_with_catchup_and_backfill' retrieved from /opt/airflow/dags/dag_with_catchup_and_backfill.py
[2025-02-25T16:22:55.058+0000] {logging_mixin.py:190} INFO - [2025-02-25T16:22:55.058+0000] {dag.py:3239} INFO - Sync 1 DAGs
[2025-02-25T16:22:55.079+0000] {logging_mixin.py:190} INFO - [2025-02-25T16:22:55.078+0000] {dag.py:4180} INFO - Setting next_dagrun for dag_with_catchup_and_backfill to 2025-02-24 00:00:00+00:00, run_after=2025-02-25 00:00:00+00:00
[2025-02-25T16:22:55.107+0000] {processor.py:208} INFO - Processing /opt/airflow/dags/dag_with_catchup_and_backfill.py took 0.108 seconds
[2025-02-25T16:23:25.769+0000] {processor.py:186} INFO - Started process (PID=900) to work on /opt/airflow/dags/dag_with_catchup_and_backfill.py
[2025-02-25T16:23:25.771+0000] {processor.py:914} INFO - Processing file /opt/airflow/dags/dag_with_catchup_and_backfill.py for tasks to queue
[2025-02-25T16:23:25.773+0000] {logging_mixin.py:190} INFO - [2025-02-25T16:23:25.773+0000] {dagbag.py:588} INFO - Filling up the DagBag from /opt/airflow/dags/dag_with_catchup_and_backfill.py
[2025-02-25T16:23:25.788+0000] {processor.py:925} INFO - DAG(s) 'dag_with_catchup_and_backfill' retrieved from /opt/airflow/dags/dag_with_catchup_and_backfill.py
[2025-02-25T16:23:25.811+0000] {logging_mixin.py:190} INFO - [2025-02-25T16:23:25.811+0000] {dag.py:3239} INFO - Sync 1 DAGs
[2025-02-25T16:23:25.834+0000] {logging_mixin.py:190} INFO - [2025-02-25T16:23:25.833+0000] {dag.py:4180} INFO - Setting next_dagrun for dag_with_catchup_and_backfill to 2025-02-24 00:00:00+00:00, run_after=2025-02-25 00:00:00+00:00
[2025-02-25T16:23:25.851+0000] {processor.py:208} INFO - Processing /opt/airflow/dags/dag_with_catchup_and_backfill.py took 0.089 seconds
[2025-02-25T16:23:56.530+0000] {processor.py:186} INFO - Started process (PID=927) to work on /opt/airflow/dags/dag_with_catchup_and_backfill.py
[2025-02-25T16:23:56.531+0000] {processor.py:914} INFO - Processing file /opt/airflow/dags/dag_with_catchup_and_backfill.py for tasks to queue
[2025-02-25T16:23:56.534+0000] {logging_mixin.py:190} INFO - [2025-02-25T16:23:56.533+0000] {dagbag.py:588} INFO - Filling up the DagBag from /opt/airflow/dags/dag_with_catchup_and_backfill.py
[2025-02-25T16:23:56.551+0000] {processor.py:925} INFO - DAG(s) 'dag_with_catchup_and_backfill' retrieved from /opt/airflow/dags/dag_with_catchup_and_backfill.py
[2025-02-25T16:23:56.573+0000] {logging_mixin.py:190} INFO - [2025-02-25T16:23:56.573+0000] {dag.py:3239} INFO - Sync 1 DAGs
[2025-02-25T16:23:56.593+0000] {logging_mixin.py:190} INFO - [2025-02-25T16:23:56.593+0000] {dag.py:4180} INFO - Setting next_dagrun for dag_with_catchup_and_backfill to 2025-02-24 00:00:00+00:00, run_after=2025-02-25 00:00:00+00:00
[2025-02-25T16:23:56.622+0000] {processor.py:208} INFO - Processing /opt/airflow/dags/dag_with_catchup_and_backfill.py took 0.097 seconds
[2025-02-25T16:24:27.247+0000] {processor.py:186} INFO - Started process (PID=954) to work on /opt/airflow/dags/dag_with_catchup_and_backfill.py
[2025-02-25T16:24:27.249+0000] {processor.py:914} INFO - Processing file /opt/airflow/dags/dag_with_catchup_and_backfill.py for tasks to queue
[2025-02-25T16:24:27.251+0000] {logging_mixin.py:190} INFO - [2025-02-25T16:24:27.251+0000] {dagbag.py:588} INFO - Filling up the DagBag from /opt/airflow/dags/dag_with_catchup_and_backfill.py
[2025-02-25T16:24:27.270+0000] {processor.py:925} INFO - DAG(s) 'dag_with_catchup_and_backfill' retrieved from /opt/airflow/dags/dag_with_catchup_and_backfill.py
[2025-02-25T16:24:27.302+0000] {logging_mixin.py:190} INFO - [2025-02-25T16:24:27.302+0000] {dag.py:3239} INFO - Sync 1 DAGs
[2025-02-25T16:24:27.330+0000] {logging_mixin.py:190} INFO - [2025-02-25T16:24:27.330+0000] {dag.py:4180} INFO - Setting next_dagrun for dag_with_catchup_and_backfill to 2025-02-24 00:00:00+00:00, run_after=2025-02-25 00:00:00+00:00
[2025-02-25T16:24:27.361+0000] {processor.py:208} INFO - Processing /opt/airflow/dags/dag_with_catchup_and_backfill.py took 0.121 seconds
[2025-02-25T16:24:57.479+0000] {processor.py:186} INFO - Started process (PID=981) to work on /opt/airflow/dags/dag_with_catchup_and_backfill.py
[2025-02-25T16:24:57.480+0000] {processor.py:914} INFO - Processing file /opt/airflow/dags/dag_with_catchup_and_backfill.py for tasks to queue
[2025-02-25T16:24:57.482+0000] {logging_mixin.py:190} INFO - [2025-02-25T16:24:57.482+0000] {dagbag.py:588} INFO - Filling up the DagBag from /opt/airflow/dags/dag_with_catchup_and_backfill.py
[2025-02-25T16:24:57.509+0000] {processor.py:925} INFO - DAG(s) 'dag_with_catchup_and_backfill' retrieved from /opt/airflow/dags/dag_with_catchup_and_backfill.py
[2025-02-25T16:24:57.531+0000] {logging_mixin.py:190} INFO - [2025-02-25T16:24:57.531+0000] {dag.py:3239} INFO - Sync 1 DAGs
[2025-02-25T16:24:57.551+0000] {logging_mixin.py:190} INFO - [2025-02-25T16:24:57.551+0000] {dag.py:4180} INFO - Setting next_dagrun for dag_with_catchup_and_backfill to 2025-02-24 00:00:00+00:00, run_after=2025-02-25 00:00:00+00:00
[2025-02-25T16:24:57.579+0000] {processor.py:208} INFO - Processing /opt/airflow/dags/dag_with_catchup_and_backfill.py took 0.106 seconds
[2025-02-25T16:25:27.803+0000] {processor.py:186} INFO - Started process (PID=1008) to work on /opt/airflow/dags/dag_with_catchup_and_backfill.py
[2025-02-25T16:25:27.805+0000] {processor.py:914} INFO - Processing file /opt/airflow/dags/dag_with_catchup_and_backfill.py for tasks to queue
[2025-02-25T16:25:27.808+0000] {logging_mixin.py:190} INFO - [2025-02-25T16:25:27.808+0000] {dagbag.py:588} INFO - Filling up the DagBag from /opt/airflow/dags/dag_with_catchup_and_backfill.py
[2025-02-25T16:25:27.826+0000] {processor.py:925} INFO - DAG(s) 'dag_with_catchup_and_backfill' retrieved from /opt/airflow/dags/dag_with_catchup_and_backfill.py
[2025-02-25T16:25:27.857+0000] {logging_mixin.py:190} INFO - [2025-02-25T16:25:27.856+0000] {dag.py:3239} INFO - Sync 1 DAGs
[2025-02-25T16:25:27.881+0000] {logging_mixin.py:190} INFO - [2025-02-25T16:25:27.881+0000] {dag.py:4180} INFO - Setting next_dagrun for dag_with_catchup_and_backfill to 2025-02-24 00:00:00+00:00, run_after=2025-02-25 00:00:00+00:00
[2025-02-25T16:25:27.907+0000] {processor.py:208} INFO - Processing /opt/airflow/dags/dag_with_catchup_and_backfill.py took 0.111 seconds
[2025-02-25T16:25:57.997+0000] {processor.py:186} INFO - Started process (PID=1035) to work on /opt/airflow/dags/dag_with_catchup_and_backfill.py
[2025-02-25T16:25:57.998+0000] {processor.py:914} INFO - Processing file /opt/airflow/dags/dag_with_catchup_and_backfill.py for tasks to queue
[2025-02-25T16:25:58.001+0000] {logging_mixin.py:190} INFO - [2025-02-25T16:25:58.000+0000] {dagbag.py:588} INFO - Filling up the DagBag from /opt/airflow/dags/dag_with_catchup_and_backfill.py
[2025-02-25T16:25:58.024+0000] {processor.py:925} INFO - DAG(s) 'dag_with_catchup_and_backfill' retrieved from /opt/airflow/dags/dag_with_catchup_and_backfill.py
[2025-02-25T16:25:58.047+0000] {logging_mixin.py:190} INFO - [2025-02-25T16:25:58.047+0000] {dag.py:3239} INFO - Sync 1 DAGs
[2025-02-25T16:25:58.067+0000] {logging_mixin.py:190} INFO - [2025-02-25T16:25:58.067+0000] {dag.py:4180} INFO - Setting next_dagrun for dag_with_catchup_and_backfill to 2025-02-24 00:00:00+00:00, run_after=2025-02-25 00:00:00+00:00
[2025-02-25T16:25:58.094+0000] {processor.py:208} INFO - Processing /opt/airflow/dags/dag_with_catchup_and_backfill.py took 0.102 seconds
[2025-02-25T16:26:28.193+0000] {processor.py:186} INFO - Started process (PID=1062) to work on /opt/airflow/dags/dag_with_catchup_and_backfill.py
[2025-02-25T16:26:28.194+0000] {processor.py:914} INFO - Processing file /opt/airflow/dags/dag_with_catchup_and_backfill.py for tasks to queue
[2025-02-25T16:26:28.196+0000] {logging_mixin.py:190} INFO - [2025-02-25T16:26:28.195+0000] {dagbag.py:588} INFO - Filling up the DagBag from /opt/airflow/dags/dag_with_catchup_and_backfill.py
[2025-02-25T16:26:28.212+0000] {processor.py:925} INFO - DAG(s) 'dag_with_catchup_and_backfill' retrieved from /opt/airflow/dags/dag_with_catchup_and_backfill.py
[2025-02-25T16:26:28.235+0000] {logging_mixin.py:190} INFO - [2025-02-25T16:26:28.234+0000] {dag.py:3239} INFO - Sync 1 DAGs
[2025-02-25T16:26:28.255+0000] {logging_mixin.py:190} INFO - [2025-02-25T16:26:28.255+0000] {dag.py:4180} INFO - Setting next_dagrun for dag_with_catchup_and_backfill to 2025-02-24 00:00:00+00:00, run_after=2025-02-25 00:00:00+00:00
[2025-02-25T16:26:28.282+0000] {processor.py:208} INFO - Processing /opt/airflow/dags/dag_with_catchup_and_backfill.py took 0.094 seconds
[2025-02-25T16:26:58.355+0000] {processor.py:186} INFO - Started process (PID=1089) to work on /opt/airflow/dags/dag_with_catchup_and_backfill.py
[2025-02-25T16:26:58.357+0000] {processor.py:914} INFO - Processing file /opt/airflow/dags/dag_with_catchup_and_backfill.py for tasks to queue
[2025-02-25T16:26:58.360+0000] {logging_mixin.py:190} INFO - [2025-02-25T16:26:58.359+0000] {dagbag.py:588} INFO - Filling up the DagBag from /opt/airflow/dags/dag_with_catchup_and_backfill.py
[2025-02-25T16:26:58.386+0000] {processor.py:925} INFO - DAG(s) 'dag_with_catchup_and_backfill' retrieved from /opt/airflow/dags/dag_with_catchup_and_backfill.py
[2025-02-25T16:26:58.424+0000] {logging_mixin.py:190} INFO - [2025-02-25T16:26:58.424+0000] {dag.py:3239} INFO - Sync 1 DAGs
[2025-02-25T16:26:58.446+0000] {logging_mixin.py:190} INFO - [2025-02-25T16:26:58.446+0000] {dag.py:4180} INFO - Setting next_dagrun for dag_with_catchup_and_backfill to 2025-02-24 00:00:00+00:00, run_after=2025-02-25 00:00:00+00:00
[2025-02-25T16:26:58.466+0000] {processor.py:208} INFO - Processing /opt/airflow/dags/dag_with_catchup_and_backfill.py took 0.119 seconds
[2025-02-25T16:27:29.211+0000] {processor.py:186} INFO - Started process (PID=1116) to work on /opt/airflow/dags/dag_with_catchup_and_backfill.py
[2025-02-25T16:27:29.213+0000] {processor.py:914} INFO - Processing file /opt/airflow/dags/dag_with_catchup_and_backfill.py for tasks to queue
[2025-02-25T16:27:29.214+0000] {logging_mixin.py:190} INFO - [2025-02-25T16:27:29.214+0000] {dagbag.py:588} INFO - Filling up the DagBag from /opt/airflow/dags/dag_with_catchup_and_backfill.py
[2025-02-25T16:27:29.237+0000] {processor.py:925} INFO - DAG(s) 'dag_with_catchup_and_backfill' retrieved from /opt/airflow/dags/dag_with_catchup_and_backfill.py
[2025-02-25T16:27:29.259+0000] {logging_mixin.py:190} INFO - [2025-02-25T16:27:29.259+0000] {dag.py:3239} INFO - Sync 1 DAGs
[2025-02-25T16:27:29.281+0000] {logging_mixin.py:190} INFO - [2025-02-25T16:27:29.280+0000] {dag.py:4180} INFO - Setting next_dagrun for dag_with_catchup_and_backfill to 2025-02-24 00:00:00+00:00, run_after=2025-02-25 00:00:00+00:00
[2025-02-25T16:27:29.309+0000] {processor.py:208} INFO - Processing /opt/airflow/dags/dag_with_catchup_and_backfill.py took 0.103 seconds
[2025-02-25T16:27:59.994+0000] {processor.py:186} INFO - Started process (PID=1143) to work on /opt/airflow/dags/dag_with_catchup_and_backfill.py
[2025-02-25T16:27:59.995+0000] {processor.py:914} INFO - Processing file /opt/airflow/dags/dag_with_catchup_and_backfill.py for tasks to queue
[2025-02-25T16:27:59.998+0000] {logging_mixin.py:190} INFO - [2025-02-25T16:27:59.997+0000] {dagbag.py:588} INFO - Filling up the DagBag from /opt/airflow/dags/dag_with_catchup_and_backfill.py
[2025-02-25T16:28:00.025+0000] {processor.py:925} INFO - DAG(s) 'dag_with_catchup_and_backfill' retrieved from /opt/airflow/dags/dag_with_catchup_and_backfill.py
[2025-02-25T16:28:00.049+0000] {logging_mixin.py:190} INFO - [2025-02-25T16:28:00.049+0000] {dag.py:3239} INFO - Sync 1 DAGs
[2025-02-25T16:28:00.071+0000] {logging_mixin.py:190} INFO - [2025-02-25T16:28:00.071+0000] {dag.py:4180} INFO - Setting next_dagrun for dag_with_catchup_and_backfill to 2025-02-24 00:00:00+00:00, run_after=2025-02-25 00:00:00+00:00
[2025-02-25T16:28:00.091+0000] {processor.py:208} INFO - Processing /opt/airflow/dags/dag_with_catchup_and_backfill.py took 0.103 seconds
[2025-02-25T16:28:30.759+0000] {processor.py:186} INFO - Started process (PID=1170) to work on /opt/airflow/dags/dag_with_catchup_and_backfill.py
[2025-02-25T16:28:30.761+0000] {processor.py:914} INFO - Processing file /opt/airflow/dags/dag_with_catchup_and_backfill.py for tasks to queue
[2025-02-25T16:28:30.763+0000] {logging_mixin.py:190} INFO - [2025-02-25T16:28:30.763+0000] {dagbag.py:588} INFO - Filling up the DagBag from /opt/airflow/dags/dag_with_catchup_and_backfill.py
[2025-02-25T16:28:30.786+0000] {processor.py:925} INFO - DAG(s) 'dag_with_catchup_and_backfill' retrieved from /opt/airflow/dags/dag_with_catchup_and_backfill.py
[2025-02-25T16:28:30.816+0000] {logging_mixin.py:190} INFO - [2025-02-25T16:28:30.816+0000] {dag.py:3239} INFO - Sync 1 DAGs
[2025-02-25T16:28:30.838+0000] {logging_mixin.py:190} INFO - [2025-02-25T16:28:30.838+0000] {dag.py:4180} INFO - Setting next_dagrun for dag_with_catchup_and_backfill to 2025-02-24 00:00:00+00:00, run_after=2025-02-25 00:00:00+00:00
[2025-02-25T16:28:30.866+0000] {processor.py:208} INFO - Processing /opt/airflow/dags/dag_with_catchup_and_backfill.py took 0.115 seconds
[2025-02-25T16:29:00.996+0000] {processor.py:186} INFO - Started process (PID=1197) to work on /opt/airflow/dags/dag_with_catchup_and_backfill.py
[2025-02-25T16:29:00.997+0000] {processor.py:914} INFO - Processing file /opt/airflow/dags/dag_with_catchup_and_backfill.py for tasks to queue
[2025-02-25T16:29:00.999+0000] {logging_mixin.py:190} INFO - [2025-02-25T16:29:00.999+0000] {dagbag.py:588} INFO - Filling up the DagBag from /opt/airflow/dags/dag_with_catchup_and_backfill.py
[2025-02-25T16:29:01.015+0000] {processor.py:925} INFO - DAG(s) 'dag_with_catchup_and_backfill' retrieved from /opt/airflow/dags/dag_with_catchup_and_backfill.py
[2025-02-25T16:29:01.035+0000] {logging_mixin.py:190} INFO - [2025-02-25T16:29:01.035+0000] {dag.py:3239} INFO - Sync 1 DAGs
[2025-02-25T16:29:01.056+0000] {logging_mixin.py:190} INFO - [2025-02-25T16:29:01.056+0000] {dag.py:4180} INFO - Setting next_dagrun for dag_with_catchup_and_backfill to 2025-02-24 00:00:00+00:00, run_after=2025-02-25 00:00:00+00:00
[2025-02-25T16:29:01.086+0000] {processor.py:208} INFO - Processing /opt/airflow/dags/dag_with_catchup_and_backfill.py took 0.094 seconds
[2025-02-25T16:29:31.174+0000] {processor.py:186} INFO - Started process (PID=1224) to work on /opt/airflow/dags/dag_with_catchup_and_backfill.py
[2025-02-25T16:29:31.175+0000] {processor.py:914} INFO - Processing file /opt/airflow/dags/dag_with_catchup_and_backfill.py for tasks to queue
[2025-02-25T16:29:31.178+0000] {logging_mixin.py:190} INFO - [2025-02-25T16:29:31.178+0000] {dagbag.py:588} INFO - Filling up the DagBag from /opt/airflow/dags/dag_with_catchup_and_backfill.py
[2025-02-25T16:29:31.213+0000] {processor.py:925} INFO - DAG(s) 'dag_with_catchup_and_backfill' retrieved from /opt/airflow/dags/dag_with_catchup_and_backfill.py
[2025-02-25T16:29:31.243+0000] {logging_mixin.py:190} INFO - [2025-02-25T16:29:31.243+0000] {dag.py:3239} INFO - Sync 1 DAGs
[2025-02-25T16:29:31.269+0000] {logging_mixin.py:190} INFO - [2025-02-25T16:29:31.268+0000] {dag.py:4180} INFO - Setting next_dagrun for dag_with_catchup_and_backfill to 2025-02-24 00:00:00+00:00, run_after=2025-02-25 00:00:00+00:00
[2025-02-25T16:29:31.300+0000] {processor.py:208} INFO - Processing /opt/airflow/dags/dag_with_catchup_and_backfill.py took 0.132 seconds
[2025-02-25T16:30:01.407+0000] {processor.py:186} INFO - Started process (PID=1250) to work on /opt/airflow/dags/dag_with_catchup_and_backfill.py
[2025-02-25T16:30:01.409+0000] {processor.py:914} INFO - Processing file /opt/airflow/dags/dag_with_catchup_and_backfill.py for tasks to queue
[2025-02-25T16:30:01.412+0000] {logging_mixin.py:190} INFO - [2025-02-25T16:30:01.412+0000] {dagbag.py:588} INFO - Filling up the DagBag from /opt/airflow/dags/dag_with_catchup_and_backfill.py
[2025-02-25T16:30:01.443+0000] {processor.py:925} INFO - DAG(s) 'dag_with_catchup_and_backfill' retrieved from /opt/airflow/dags/dag_with_catchup_and_backfill.py
[2025-02-25T16:30:01.474+0000] {logging_mixin.py:190} INFO - [2025-02-25T16:30:01.474+0000] {dag.py:3239} INFO - Sync 1 DAGs
[2025-02-25T16:30:01.495+0000] {logging_mixin.py:190} INFO - [2025-02-25T16:30:01.495+0000] {dag.py:4180} INFO - Setting next_dagrun for dag_with_catchup_and_backfill to 2025-02-24 00:00:00+00:00, run_after=2025-02-25 00:00:00+00:00
[2025-02-25T16:30:01.525+0000] {processor.py:208} INFO - Processing /opt/airflow/dags/dag_with_catchup_and_backfill.py took 0.125 seconds
[2025-02-25T16:42:54.061+0000] {processor.py:186} INFO - Started process (PID=1277) to work on /opt/airflow/dags/dag_with_catchup_and_backfill.py
[2025-02-25T16:42:54.063+0000] {processor.py:914} INFO - Processing file /opt/airflow/dags/dag_with_catchup_and_backfill.py for tasks to queue
[2025-02-25T16:42:54.066+0000] {logging_mixin.py:190} INFO - [2025-02-25T16:42:54.065+0000] {dagbag.py:588} INFO - Filling up the DagBag from /opt/airflow/dags/dag_with_catchup_and_backfill.py
[2025-02-25T16:42:54.093+0000] {processor.py:925} INFO - DAG(s) 'dag_with_catchup_and_backfill' retrieved from /opt/airflow/dags/dag_with_catchup_and_backfill.py
[2025-02-25T16:42:54.118+0000] {logging_mixin.py:190} INFO - [2025-02-25T16:42:54.117+0000] {dag.py:3239} INFO - Sync 1 DAGs
[2025-02-25T16:42:54.139+0000] {logging_mixin.py:190} INFO - [2025-02-25T16:42:54.138+0000] {dag.py:4180} INFO - Setting next_dagrun for dag_with_catchup_and_backfill to 2025-02-24 00:00:00+00:00, run_after=2025-02-25 00:00:00+00:00
[2025-02-25T16:42:54.157+0000] {processor.py:208} INFO - Processing /opt/airflow/dags/dag_with_catchup_and_backfill.py took 0.105 seconds
