[2025-02-23T15:52:37.474+0000] {local_task_job_runner.py:123} INFO - ::group::Pre task execution logs
[2025-02-23T15:52:37.498+0000] {taskinstance.py:2614} INFO - Dependencies all met for dep_context=non-requeueable deps ti=<TaskInstance: my_first_dag.first_task scheduled__2025-02-12T00:00:00+00:00 [queued]>
[2025-02-23T15:52:37.521+0000] {taskinstance.py:2614} INFO - Dependencies all met for dep_context=requeueable deps ti=<TaskInstance: my_first_dag.first_task scheduled__2025-02-12T00:00:00+00:00 [queued]>
[2025-02-23T15:52:37.522+0000] {taskinstance.py:2867} INFO - Starting attempt 1 of 6
[2025-02-23T15:52:37.657+0000] {taskinstance.py:2890} INFO - Executing <Task(BashOperator): first_task> on 2025-02-12 00:00:00+00:00
[2025-02-23T15:52:37.668+0000] {standard_task_runner.py:104} INFO - Running: ['***', 'tasks', 'run', 'my_first_dag', 'first_task', 'scheduled__2025-02-12T00:00:00+00:00', '--job-id', '20', '--raw', '--subdir', 'DAGS_FOLDER/my_first_dags.py', '--cfg-path', '/tmp/tmp_78dk7fg']
[2025-02-23T15:52:37.671+0000] {logging_mixin.py:190} WARNING - /home/***/.local/lib/python3.12/site-packages/***/task/task_runner/standard_task_runner.py:70 DeprecationWarning: This process (pid=1397) is multi-threaded, use of fork() may lead to deadlocks in the child.
[2025-02-23T15:52:37.673+0000] {standard_task_runner.py:72} INFO - Started process 1412 to run task
[2025-02-23T15:52:37.672+0000] {standard_task_runner.py:105} INFO - Job 20: Subtask first_task
[2025-02-23T15:52:37.753+0000] {task_command.py:467} INFO - Running <TaskInstance: my_first_dag.first_task scheduled__2025-02-12T00:00:00+00:00 [running]> on host 2cebbf768e94
[2025-02-23T15:52:37.872+0000] {taskinstance.py:3134} INFO - Exporting env vars: AIRFLOW_CTX_DAG_OWNER='gzang' AIRFLOW_CTX_DAG_ID='my_first_dag' AIRFLOW_CTX_TASK_ID='first_task' AIRFLOW_CTX_EXECUTION_DATE='2025-02-12T00:00:00+00:00' AIRFLOW_CTX_TRY_NUMBER='1' AIRFLOW_CTX_DAG_RUN_ID='scheduled__2025-02-12T00:00:00+00:00'
[2025-02-23T15:52:37.873+0000] {taskinstance.py:732} INFO - ::endgroup::
[2025-02-23T15:52:37.894+0000] {subprocess.py:78} INFO - Tmp dir root location: /tmp
[2025-02-23T15:52:37.895+0000] {subprocess.py:88} INFO - Running command: ['/usr/bin/bash', '-c', 'echo hello world! the first task is defined!!!']
[2025-02-23T15:52:37.905+0000] {subprocess.py:99} INFO - Output:
[2025-02-23T15:52:37.907+0000] {subprocess.py:106} INFO - hello world! the first task is defined!!!
[2025-02-23T15:52:37.908+0000] {subprocess.py:110} INFO - Command exited with return code 0
[2025-02-23T15:52:37.941+0000] {taskinstance.py:341} INFO - ::group::Post task execution logs
[2025-02-23T15:52:37.942+0000] {taskinstance.py:353} INFO - Marking task as SUCCESS. dag_id=my_first_dag, task_id=first_task, run_id=scheduled__2025-02-12T00:00:00+00:00, execution_date=20250212T000000, start_date=20250223T155237, end_date=20250223T155237
[2025-02-23T15:52:38.050+0000] {local_task_job_runner.py:266} INFO - Task exited with return code 0
[2025-02-23T15:52:38.100+0000] {taskinstance.py:3901} INFO - 1 downstream tasks scheduled from follow-on schedule check
[2025-02-23T15:52:38.108+0000] {local_task_job_runner.py:245} INFO - ::endgroup::
[2025-02-24T04:47:14.324+0000] {local_task_job_runner.py:123} INFO - ::group::Pre task execution logs
[2025-02-24T04:47:14.366+0000] {taskinstance.py:2614} INFO - Dependencies all met for dep_context=non-requeueable deps ti=<TaskInstance: my_first_dag.first_task scheduled__2025-02-12T00:00:00+00:00 [queued]>
[2025-02-24T04:47:14.382+0000] {taskinstance.py:2614} INFO - Dependencies all met for dep_context=requeueable deps ti=<TaskInstance: my_first_dag.first_task scheduled__2025-02-12T00:00:00+00:00 [queued]>
[2025-02-24T04:47:14.384+0000] {taskinstance.py:2867} INFO - Starting attempt 1 of 6
[2025-02-24T04:47:14.436+0000] {taskinstance.py:2890} INFO - Executing <Task(BashOperator): first_task> on 2025-02-12 00:00:00+00:00
[2025-02-24T04:47:14.450+0000] {standard_task_runner.py:104} INFO - Running: ['***', 'tasks', 'run', 'my_first_dag', 'first_task', 'scheduled__2025-02-12T00:00:00+00:00', '--job-id', '27', '--raw', '--subdir', 'DAGS_FOLDER/my_first_dags.py', '--cfg-path', '/tmp/tmpyo_kg0wi']
[2025-02-24T04:47:14.452+0000] {logging_mixin.py:190} WARNING - /home/***/.local/lib/python3.12/site-packages/***/task/task_runner/standard_task_runner.py:70 DeprecationWarning: This process (pid=879) is multi-threaded, use of fork() may lead to deadlocks in the child.
[2025-02-24T04:47:14.454+0000] {standard_task_runner.py:72} INFO - Started process 897 to run task
[2025-02-24T04:47:14.452+0000] {standard_task_runner.py:105} INFO - Job 27: Subtask first_task
[2025-02-24T04:47:14.555+0000] {task_command.py:467} INFO - Running <TaskInstance: my_first_dag.first_task scheduled__2025-02-12T00:00:00+00:00 [running]> on host 79e0cb3ed452
[2025-02-24T04:47:14.664+0000] {taskinstance.py:3134} INFO - Exporting env vars: AIRFLOW_CTX_DAG_OWNER='gzang' AIRFLOW_CTX_DAG_ID='my_first_dag' AIRFLOW_CTX_TASK_ID='first_task' AIRFLOW_CTX_EXECUTION_DATE='2025-02-12T00:00:00+00:00' AIRFLOW_CTX_TRY_NUMBER='1' AIRFLOW_CTX_DAG_RUN_ID='scheduled__2025-02-12T00:00:00+00:00'
[2025-02-24T04:47:14.667+0000] {taskinstance.py:732} INFO - ::endgroup::
[2025-02-24T04:47:14.688+0000] {subprocess.py:78} INFO - Tmp dir root location: /tmp
[2025-02-24T04:47:14.690+0000] {subprocess.py:88} INFO - Running command: ['/usr/bin/bash', '-c', 'echo hello world! the first task is defined!!!']
[2025-02-24T04:47:14.699+0000] {subprocess.py:99} INFO - Output:
[2025-02-24T04:47:14.701+0000] {subprocess.py:106} INFO - hello world! the first task is defined!!!
[2025-02-24T04:47:14.702+0000] {subprocess.py:110} INFO - Command exited with return code 0
[2025-02-24T04:47:14.751+0000] {taskinstance.py:341} INFO - ::group::Post task execution logs
[2025-02-24T04:47:14.752+0000] {taskinstance.py:353} INFO - Marking task as SUCCESS. dag_id=my_first_dag, task_id=first_task, run_id=scheduled__2025-02-12T00:00:00+00:00, execution_date=20250212T000000, start_date=20250224T044714, end_date=20250224T044714
[2025-02-24T04:47:14.834+0000] {local_task_job_runner.py:266} INFO - Task exited with return code 0
[2025-02-24T04:47:14.899+0000] {taskinstance.py:3901} INFO - 2 downstream tasks scheduled from follow-on schedule check
[2025-02-24T04:47:14.907+0000] {local_task_job_runner.py:245} INFO - ::endgroup::
