[2025-02-23T10:31:33.122+0000] {processor.py:186} INFO - Started process (PID=256) to work on /home/airflow/.local/lib/python3.12/site-packages/airflow/example_dags/example_complex.py
[2025-02-23T10:31:33.123+0000] {processor.py:914} INFO - Processing file /home/airflow/.local/lib/python3.12/site-packages/airflow/example_dags/example_complex.py for tasks to queue
[2025-02-23T10:31:33.125+0000] {logging_mixin.py:190} INFO - [2025-02-23T10:31:33.125+0000] {dagbag.py:588} INFO - Filling up the DagBag from /home/airflow/.local/lib/python3.12/site-packages/airflow/example_dags/example_complex.py
[2025-02-23T10:31:33.140+0000] {processor.py:925} INFO - DAG(s) 'example_complex' retrieved from /home/airflow/.local/lib/python3.12/site-packages/airflow/example_dags/example_complex.py
[2025-02-23T10:31:33.253+0000] {logging_mixin.py:190} INFO - [2025-02-23T10:31:33.252+0000] {override.py:1912} INFO - Created Permission View: can read on DAG:example_complex
[2025-02-23T10:31:33.263+0000] {logging_mixin.py:190} INFO - [2025-02-23T10:31:33.263+0000] {override.py:1912} INFO - Created Permission View: can delete on DAG:example_complex
[2025-02-23T10:31:33.270+0000] {logging_mixin.py:190} INFO - [2025-02-23T10:31:33.270+0000] {override.py:1912} INFO - Created Permission View: can edit on DAG:example_complex
[2025-02-23T10:31:33.278+0000] {logging_mixin.py:190} INFO - [2025-02-23T10:31:33.278+0000] {override.py:1912} INFO - Created Permission View: can read on DAG Run:example_complex
[2025-02-23T10:31:33.285+0000] {logging_mixin.py:190} INFO - [2025-02-23T10:31:33.285+0000] {override.py:1912} INFO - Created Permission View: can create on DAG Run:example_complex
[2025-02-23T10:31:33.292+0000] {logging_mixin.py:190} INFO - [2025-02-23T10:31:33.292+0000] {override.py:1912} INFO - Created Permission View: menu access on DAG Run:example_complex
[2025-02-23T10:31:33.301+0000] {logging_mixin.py:190} INFO - [2025-02-23T10:31:33.301+0000] {override.py:1912} INFO - Created Permission View: can delete on DAG Run:example_complex
[2025-02-23T10:31:33.302+0000] {logging_mixin.py:190} INFO - [2025-02-23T10:31:33.302+0000] {dag.py:3239} INFO - Sync 1 DAGs
[2025-02-23T10:31:33.314+0000] {logging_mixin.py:190} INFO - [2025-02-23T10:31:33.314+0000] {dag.py:3262} INFO - Creating ORM DAG for example_complex
[2025-02-23T10:31:33.315+0000] {logging_mixin.py:190} INFO - [2025-02-23T10:31:33.315+0000] {dag.py:4180} INFO - Setting next_dagrun for example_complex to None, run_after=None
[2025-02-23T10:31:33.334+0000] {processor.py:208} INFO - Processing /home/airflow/.local/lib/python3.12/site-packages/airflow/example_dags/example_complex.py took 0.218 seconds
[2025-02-23T10:32:03.537+0000] {processor.py:186} INFO - Started process (PID=547) to work on /home/airflow/.local/lib/python3.12/site-packages/airflow/example_dags/example_complex.py
[2025-02-23T10:32:03.538+0000] {processor.py:914} INFO - Processing file /home/airflow/.local/lib/python3.12/site-packages/airflow/example_dags/example_complex.py for tasks to queue
[2025-02-23T10:32:03.540+0000] {logging_mixin.py:190} INFO - [2025-02-23T10:32:03.539+0000] {dagbag.py:588} INFO - Filling up the DagBag from /home/airflow/.local/lib/python3.12/site-packages/airflow/example_dags/example_complex.py
[2025-02-23T10:32:03.549+0000] {processor.py:925} INFO - DAG(s) 'example_complex' retrieved from /home/airflow/.local/lib/python3.12/site-packages/airflow/example_dags/example_complex.py
[2025-02-23T10:32:03.577+0000] {logging_mixin.py:190} INFO - [2025-02-23T10:32:03.576+0000] {dag.py:3239} INFO - Sync 1 DAGs
[2025-02-23T10:32:03.591+0000] {logging_mixin.py:190} INFO - [2025-02-23T10:32:03.591+0000] {dag.py:4180} INFO - Setting next_dagrun for example_complex to None, run_after=None
[2025-02-23T10:32:03.606+0000] {processor.py:208} INFO - Processing /home/airflow/.local/lib/python3.12/site-packages/airflow/example_dags/example_complex.py took 0.074 seconds
[2025-02-23T10:32:34.110+0000] {processor.py:186} INFO - Started process (PID=838) to work on /home/airflow/.local/lib/python3.12/site-packages/airflow/example_dags/example_complex.py
[2025-02-23T10:32:34.111+0000] {processor.py:914} INFO - Processing file /home/airflow/.local/lib/python3.12/site-packages/airflow/example_dags/example_complex.py for tasks to queue
[2025-02-23T10:32:34.113+0000] {logging_mixin.py:190} INFO - [2025-02-23T10:32:34.113+0000] {dagbag.py:588} INFO - Filling up the DagBag from /home/airflow/.local/lib/python3.12/site-packages/airflow/example_dags/example_complex.py
[2025-02-23T10:32:34.125+0000] {processor.py:925} INFO - DAG(s) 'example_complex' retrieved from /home/airflow/.local/lib/python3.12/site-packages/airflow/example_dags/example_complex.py
[2025-02-23T10:32:34.155+0000] {logging_mixin.py:190} INFO - [2025-02-23T10:32:34.155+0000] {dag.py:3239} INFO - Sync 1 DAGs
[2025-02-23T10:32:34.167+0000] {logging_mixin.py:190} INFO - [2025-02-23T10:32:34.167+0000] {dag.py:4180} INFO - Setting next_dagrun for example_complex to None, run_after=None
[2025-02-23T10:32:34.182+0000] {processor.py:208} INFO - Processing /home/airflow/.local/lib/python3.12/site-packages/airflow/example_dags/example_complex.py took 0.078 seconds
[2025-02-23T10:33:04.814+0000] {processor.py:186} INFO - Started process (PID=1129) to work on /home/airflow/.local/lib/python3.12/site-packages/airflow/example_dags/example_complex.py
[2025-02-23T10:33:04.815+0000] {processor.py:914} INFO - Processing file /home/airflow/.local/lib/python3.12/site-packages/airflow/example_dags/example_complex.py for tasks to queue
[2025-02-23T10:33:04.817+0000] {logging_mixin.py:190} INFO - [2025-02-23T10:33:04.817+0000] {dagbag.py:588} INFO - Filling up the DagBag from /home/airflow/.local/lib/python3.12/site-packages/airflow/example_dags/example_complex.py
[2025-02-23T10:33:04.827+0000] {processor.py:925} INFO - DAG(s) 'example_complex' retrieved from /home/airflow/.local/lib/python3.12/site-packages/airflow/example_dags/example_complex.py
[2025-02-23T10:33:04.854+0000] {logging_mixin.py:190} INFO - [2025-02-23T10:33:04.854+0000] {dag.py:3239} INFO - Sync 1 DAGs
[2025-02-23T10:33:04.866+0000] {logging_mixin.py:190} INFO - [2025-02-23T10:33:04.866+0000] {dag.py:4180} INFO - Setting next_dagrun for example_complex to None, run_after=None
[2025-02-23T10:33:04.891+0000] {processor.py:208} INFO - Processing /home/airflow/.local/lib/python3.12/site-packages/airflow/example_dags/example_complex.py took 0.081 seconds
[2025-02-23T10:33:35.540+0000] {processor.py:186} INFO - Started process (PID=1420) to work on /home/airflow/.local/lib/python3.12/site-packages/airflow/example_dags/example_complex.py
[2025-02-23T10:33:35.541+0000] {processor.py:914} INFO - Processing file /home/airflow/.local/lib/python3.12/site-packages/airflow/example_dags/example_complex.py for tasks to queue
[2025-02-23T10:33:35.544+0000] {logging_mixin.py:190} INFO - [2025-02-23T10:33:35.544+0000] {dagbag.py:588} INFO - Filling up the DagBag from /home/airflow/.local/lib/python3.12/site-packages/airflow/example_dags/example_complex.py
[2025-02-23T10:33:35.555+0000] {processor.py:925} INFO - DAG(s) 'example_complex' retrieved from /home/airflow/.local/lib/python3.12/site-packages/airflow/example_dags/example_complex.py
[2025-02-23T10:33:35.583+0000] {logging_mixin.py:190} INFO - [2025-02-23T10:33:35.583+0000] {dag.py:3239} INFO - Sync 1 DAGs
[2025-02-23T10:33:35.596+0000] {logging_mixin.py:190} INFO - [2025-02-23T10:33:35.596+0000] {dag.py:4180} INFO - Setting next_dagrun for example_complex to None, run_after=None
[2025-02-23T10:33:35.613+0000] {processor.py:208} INFO - Processing /home/airflow/.local/lib/python3.12/site-packages/airflow/example_dags/example_complex.py took 0.078 seconds
