[2025-02-23T10:31:36.995+0000] {processor.py:186} INFO - Started process (PID=331) to work on /home/airflow/.local/lib/python3.12/site-packages/airflow/example_dags/example_trigger_controller_dag.py
[2025-02-23T10:31:36.997+0000] {processor.py:914} INFO - Processing file /home/airflow/.local/lib/python3.12/site-packages/airflow/example_dags/example_trigger_controller_dag.py for tasks to queue
[2025-02-23T10:31:37.000+0000] {logging_mixin.py:190} INFO - [2025-02-23T10:31:36.999+0000] {dagbag.py:588} INFO - Filling up the DagBag from /home/airflow/.local/lib/python3.12/site-packages/airflow/example_dags/example_trigger_controller_dag.py
[2025-02-23T10:31:37.008+0000] {processor.py:925} INFO - DAG(s) 'example_trigger_controller_dag' retrieved from /home/airflow/.local/lib/python3.12/site-packages/airflow/example_dags/example_trigger_controller_dag.py
[2025-02-23T10:31:37.107+0000] {logging_mixin.py:190} INFO - [2025-02-23T10:31:37.106+0000] {override.py:1912} INFO - Created Permission View: can read on DAG:example_trigger_controller_dag
[2025-02-23T10:31:37.116+0000] {logging_mixin.py:190} INFO - [2025-02-23T10:31:37.115+0000] {override.py:1912} INFO - Created Permission View: can delete on DAG:example_trigger_controller_dag
[2025-02-23T10:31:37.123+0000] {logging_mixin.py:190} INFO - [2025-02-23T10:31:37.122+0000] {override.py:1912} INFO - Created Permission View: can edit on DAG:example_trigger_controller_dag
[2025-02-23T10:31:37.131+0000] {logging_mixin.py:190} INFO - [2025-02-23T10:31:37.131+0000] {override.py:1912} INFO - Created Permission View: can read on DAG Run:example_trigger_controller_dag
[2025-02-23T10:31:37.137+0000] {logging_mixin.py:190} INFO - [2025-02-23T10:31:37.137+0000] {override.py:1912} INFO - Created Permission View: can create on DAG Run:example_trigger_controller_dag
[2025-02-23T10:31:37.144+0000] {logging_mixin.py:190} INFO - [2025-02-23T10:31:37.144+0000] {override.py:1912} INFO - Created Permission View: menu access on DAG Run:example_trigger_controller_dag
[2025-02-23T10:31:37.153+0000] {logging_mixin.py:190} INFO - [2025-02-23T10:31:37.152+0000] {override.py:1912} INFO - Created Permission View: can delete on DAG Run:example_trigger_controller_dag
[2025-02-23T10:31:37.154+0000] {logging_mixin.py:190} INFO - [2025-02-23T10:31:37.153+0000] {dag.py:3239} INFO - Sync 1 DAGs
[2025-02-23T10:31:37.167+0000] {logging_mixin.py:190} INFO - [2025-02-23T10:31:37.167+0000] {dag.py:3262} INFO - Creating ORM DAG for example_trigger_controller_dag
[2025-02-23T10:31:37.177+0000] {logging_mixin.py:190} INFO - [2025-02-23T10:31:37.177+0000] {dag.py:4180} INFO - Setting next_dagrun for example_trigger_controller_dag to 2021-01-01 00:00:00+00:00, run_after=2021-01-01 00:00:00+00:00
[2025-02-23T10:31:37.191+0000] {processor.py:208} INFO - Processing /home/airflow/.local/lib/python3.12/site-packages/airflow/example_dags/example_trigger_controller_dag.py took 0.201 seconds
[2025-02-23T10:32:07.963+0000] {processor.py:186} INFO - Started process (PID=622) to work on /home/airflow/.local/lib/python3.12/site-packages/airflow/example_dags/example_trigger_controller_dag.py
[2025-02-23T10:32:07.965+0000] {processor.py:914} INFO - Processing file /home/airflow/.local/lib/python3.12/site-packages/airflow/example_dags/example_trigger_controller_dag.py for tasks to queue
[2025-02-23T10:32:07.968+0000] {logging_mixin.py:190} INFO - [2025-02-23T10:32:07.968+0000] {dagbag.py:588} INFO - Filling up the DagBag from /home/airflow/.local/lib/python3.12/site-packages/airflow/example_dags/example_trigger_controller_dag.py
[2025-02-23T10:32:07.975+0000] {processor.py:925} INFO - DAG(s) 'example_trigger_controller_dag' retrieved from /home/airflow/.local/lib/python3.12/site-packages/airflow/example_dags/example_trigger_controller_dag.py
[2025-02-23T10:32:07.994+0000] {logging_mixin.py:190} INFO - [2025-02-23T10:32:07.994+0000] {dag.py:3239} INFO - Sync 1 DAGs
[2025-02-23T10:32:08.016+0000] {logging_mixin.py:190} INFO - [2025-02-23T10:32:08.016+0000] {dag.py:4180} INFO - Setting next_dagrun for example_trigger_controller_dag to 2021-01-01 00:00:00+00:00, run_after=2021-01-01 00:00:00+00:00
[2025-02-23T10:32:08.038+0000] {processor.py:208} INFO - Processing /home/airflow/.local/lib/python3.12/site-packages/airflow/example_dags/example_trigger_controller_dag.py took 0.081 seconds
[2025-02-23T10:32:38.584+0000] {processor.py:186} INFO - Started process (PID=913) to work on /home/airflow/.local/lib/python3.12/site-packages/airflow/example_dags/example_trigger_controller_dag.py
[2025-02-23T10:32:38.585+0000] {processor.py:914} INFO - Processing file /home/airflow/.local/lib/python3.12/site-packages/airflow/example_dags/example_trigger_controller_dag.py for tasks to queue
[2025-02-23T10:32:38.587+0000] {logging_mixin.py:190} INFO - [2025-02-23T10:32:38.587+0000] {dagbag.py:588} INFO - Filling up the DagBag from /home/airflow/.local/lib/python3.12/site-packages/airflow/example_dags/example_trigger_controller_dag.py
[2025-02-23T10:32:38.593+0000] {processor.py:925} INFO - DAG(s) 'example_trigger_controller_dag' retrieved from /home/airflow/.local/lib/python3.12/site-packages/airflow/example_dags/example_trigger_controller_dag.py
[2025-02-23T10:32:38.609+0000] {logging_mixin.py:190} INFO - [2025-02-23T10:32:38.608+0000] {dag.py:3239} INFO - Sync 1 DAGs
[2025-02-23T10:32:38.629+0000] {logging_mixin.py:190} INFO - [2025-02-23T10:32:38.629+0000] {dag.py:4180} INFO - Setting next_dagrun for example_trigger_controller_dag to 2021-01-01 00:00:00+00:00, run_after=2021-01-01 00:00:00+00:00
[2025-02-23T10:32:38.646+0000] {processor.py:208} INFO - Processing /home/airflow/.local/lib/python3.12/site-packages/airflow/example_dags/example_trigger_controller_dag.py took 0.068 seconds
[2025-02-23T10:33:09.250+0000] {processor.py:186} INFO - Started process (PID=1204) to work on /home/airflow/.local/lib/python3.12/site-packages/airflow/example_dags/example_trigger_controller_dag.py
[2025-02-23T10:33:09.251+0000] {processor.py:914} INFO - Processing file /home/airflow/.local/lib/python3.12/site-packages/airflow/example_dags/example_trigger_controller_dag.py for tasks to queue
[2025-02-23T10:33:09.253+0000] {logging_mixin.py:190} INFO - [2025-02-23T10:33:09.253+0000] {dagbag.py:588} INFO - Filling up the DagBag from /home/airflow/.local/lib/python3.12/site-packages/airflow/example_dags/example_trigger_controller_dag.py
[2025-02-23T10:33:09.259+0000] {processor.py:925} INFO - DAG(s) 'example_trigger_controller_dag' retrieved from /home/airflow/.local/lib/python3.12/site-packages/airflow/example_dags/example_trigger_controller_dag.py
[2025-02-23T10:33:09.275+0000] {logging_mixin.py:190} INFO - [2025-02-23T10:33:09.275+0000] {dag.py:3239} INFO - Sync 1 DAGs
[2025-02-23T10:33:09.295+0000] {logging_mixin.py:190} INFO - [2025-02-23T10:33:09.294+0000] {dag.py:4180} INFO - Setting next_dagrun for example_trigger_controller_dag to 2021-01-01 00:00:00+00:00, run_after=2021-01-01 00:00:00+00:00
[2025-02-23T10:33:09.312+0000] {processor.py:208} INFO - Processing /home/airflow/.local/lib/python3.12/site-packages/airflow/example_dags/example_trigger_controller_dag.py took 0.067 seconds
[2025-02-23T10:33:39.855+0000] {processor.py:186} INFO - Started process (PID=1495) to work on /home/airflow/.local/lib/python3.12/site-packages/airflow/example_dags/example_trigger_controller_dag.py
[2025-02-23T10:33:39.856+0000] {processor.py:914} INFO - Processing file /home/airflow/.local/lib/python3.12/site-packages/airflow/example_dags/example_trigger_controller_dag.py for tasks to queue
[2025-02-23T10:33:39.858+0000] {logging_mixin.py:190} INFO - [2025-02-23T10:33:39.858+0000] {dagbag.py:588} INFO - Filling up the DagBag from /home/airflow/.local/lib/python3.12/site-packages/airflow/example_dags/example_trigger_controller_dag.py
[2025-02-23T10:33:39.864+0000] {processor.py:925} INFO - DAG(s) 'example_trigger_controller_dag' retrieved from /home/airflow/.local/lib/python3.12/site-packages/airflow/example_dags/example_trigger_controller_dag.py
[2025-02-23T10:33:39.880+0000] {logging_mixin.py:190} INFO - [2025-02-23T10:33:39.880+0000] {dag.py:3239} INFO - Sync 1 DAGs
[2025-02-23T10:33:39.899+0000] {logging_mixin.py:190} INFO - [2025-02-23T10:33:39.899+0000] {dag.py:4180} INFO - Setting next_dagrun for example_trigger_controller_dag to 2021-01-01 00:00:00+00:00, run_after=2021-01-01 00:00:00+00:00
[2025-02-23T10:33:39.916+0000] {processor.py:208} INFO - Processing /home/airflow/.local/lib/python3.12/site-packages/airflow/example_dags/example_trigger_controller_dag.py took 0.067 seconds
