[2025-02-23T10:31:39.483+0000] {processor.py:186} INFO - Started process (PID=416) to work on /home/airflow/.local/lib/python3.12/site-packages/airflow/example_dags/example_sensors.py
[2025-02-23T10:31:39.484+0000] {processor.py:914} INFO - Processing file /home/airflow/.local/lib/python3.12/site-packages/airflow/example_dags/example_sensors.py for tasks to queue
[2025-02-23T10:31:39.487+0000] {logging_mixin.py:190} INFO - [2025-02-23T10:31:39.486+0000] {dagbag.py:588} INFO - Filling up the DagBag from /home/airflow/.local/lib/python3.12/site-packages/airflow/example_dags/example_sensors.py
[2025-02-23T10:31:39.498+0000] {processor.py:925} INFO - DAG(s) 'example_sensors' retrieved from /home/airflow/.local/lib/python3.12/site-packages/airflow/example_dags/example_sensors.py
[2025-02-23T10:31:39.597+0000] {logging_mixin.py:190} INFO - [2025-02-23T10:31:39.596+0000] {override.py:1912} INFO - Created Permission View: can read on DAG:example_sensors
[2025-02-23T10:31:39.606+0000] {logging_mixin.py:190} INFO - [2025-02-23T10:31:39.606+0000] {override.py:1912} INFO - Created Permission View: can delete on DAG:example_sensors
[2025-02-23T10:31:39.613+0000] {logging_mixin.py:190} INFO - [2025-02-23T10:31:39.613+0000] {override.py:1912} INFO - Created Permission View: can edit on DAG:example_sensors
[2025-02-23T10:31:39.621+0000] {logging_mixin.py:190} INFO - [2025-02-23T10:31:39.621+0000] {override.py:1912} INFO - Created Permission View: can read on DAG Run:example_sensors
[2025-02-23T10:31:39.628+0000] {logging_mixin.py:190} INFO - [2025-02-23T10:31:39.628+0000] {override.py:1912} INFO - Created Permission View: can create on DAG Run:example_sensors
[2025-02-23T10:31:39.634+0000] {logging_mixin.py:190} INFO - [2025-02-23T10:31:39.634+0000] {override.py:1912} INFO - Created Permission View: menu access on DAG Run:example_sensors
[2025-02-23T10:31:39.640+0000] {logging_mixin.py:190} INFO - [2025-02-23T10:31:39.640+0000] {override.py:1912} INFO - Created Permission View: can delete on DAG Run:example_sensors
[2025-02-23T10:31:39.641+0000] {logging_mixin.py:190} INFO - [2025-02-23T10:31:39.641+0000] {dag.py:3239} INFO - Sync 1 DAGs
[2025-02-23T10:31:39.652+0000] {logging_mixin.py:190} INFO - [2025-02-23T10:31:39.652+0000] {dag.py:3262} INFO - Creating ORM DAG for example_sensors
[2025-02-23T10:31:39.653+0000] {logging_mixin.py:190} INFO - [2025-02-23T10:31:39.653+0000] {dag.py:4180} INFO - Setting next_dagrun for example_sensors to None, run_after=None
[2025-02-23T10:31:39.668+0000] {processor.py:208} INFO - Processing /home/airflow/.local/lib/python3.12/site-packages/airflow/example_dags/example_sensors.py took 0.190 seconds
[2025-02-23T10:32:10.347+0000] {processor.py:186} INFO - Started process (PID=707) to work on /home/airflow/.local/lib/python3.12/site-packages/airflow/example_dags/example_sensors.py
[2025-02-23T10:32:10.349+0000] {processor.py:914} INFO - Processing file /home/airflow/.local/lib/python3.12/site-packages/airflow/example_dags/example_sensors.py for tasks to queue
[2025-02-23T10:32:10.353+0000] {logging_mixin.py:190} INFO - [2025-02-23T10:32:10.352+0000] {dagbag.py:588} INFO - Filling up the DagBag from /home/airflow/.local/lib/python3.12/site-packages/airflow/example_dags/example_sensors.py
[2025-02-23T10:32:10.364+0000] {processor.py:925} INFO - DAG(s) 'example_sensors' retrieved from /home/airflow/.local/lib/python3.12/site-packages/airflow/example_dags/example_sensors.py
[2025-02-23T10:32:10.394+0000] {logging_mixin.py:190} INFO - [2025-02-23T10:32:10.394+0000] {dag.py:3239} INFO - Sync 1 DAGs
[2025-02-23T10:32:10.406+0000] {logging_mixin.py:190} INFO - [2025-02-23T10:32:10.406+0000] {dag.py:4180} INFO - Setting next_dagrun for example_sensors to None, run_after=None
[2025-02-23T10:32:10.422+0000] {processor.py:208} INFO - Processing /home/airflow/.local/lib/python3.12/site-packages/airflow/example_dags/example_sensors.py took 0.082 seconds
[2025-02-23T10:32:40.994+0000] {processor.py:186} INFO - Started process (PID=998) to work on /home/airflow/.local/lib/python3.12/site-packages/airflow/example_dags/example_sensors.py
[2025-02-23T10:32:40.995+0000] {processor.py:914} INFO - Processing file /home/airflow/.local/lib/python3.12/site-packages/airflow/example_dags/example_sensors.py for tasks to queue
[2025-02-23T10:32:40.998+0000] {logging_mixin.py:190} INFO - [2025-02-23T10:32:40.998+0000] {dagbag.py:588} INFO - Filling up the DagBag from /home/airflow/.local/lib/python3.12/site-packages/airflow/example_dags/example_sensors.py
[2025-02-23T10:32:41.007+0000] {processor.py:925} INFO - DAG(s) 'example_sensors' retrieved from /home/airflow/.local/lib/python3.12/site-packages/airflow/example_dags/example_sensors.py
[2025-02-23T10:32:41.029+0000] {logging_mixin.py:190} INFO - [2025-02-23T10:32:41.029+0000] {dag.py:3239} INFO - Sync 1 DAGs
[2025-02-23T10:32:41.044+0000] {logging_mixin.py:190} INFO - [2025-02-23T10:32:41.044+0000] {dag.py:4180} INFO - Setting next_dagrun for example_sensors to None, run_after=None
[2025-02-23T10:32:41.060+0000] {processor.py:208} INFO - Processing /home/airflow/.local/lib/python3.12/site-packages/airflow/example_dags/example_sensors.py took 0.072 seconds
[2025-02-23T10:33:11.460+0000] {processor.py:186} INFO - Started process (PID=1286) to work on /home/airflow/.local/lib/python3.12/site-packages/airflow/example_dags/example_sensors.py
[2025-02-23T10:33:11.462+0000] {processor.py:914} INFO - Processing file /home/airflow/.local/lib/python3.12/site-packages/airflow/example_dags/example_sensors.py for tasks to queue
[2025-02-23T10:33:11.464+0000] {logging_mixin.py:190} INFO - [2025-02-23T10:33:11.463+0000] {dagbag.py:588} INFO - Filling up the DagBag from /home/airflow/.local/lib/python3.12/site-packages/airflow/example_dags/example_sensors.py
[2025-02-23T10:33:11.473+0000] {processor.py:925} INFO - DAG(s) 'example_sensors' retrieved from /home/airflow/.local/lib/python3.12/site-packages/airflow/example_dags/example_sensors.py
[2025-02-23T10:33:11.496+0000] {logging_mixin.py:190} INFO - [2025-02-23T10:33:11.496+0000] {dag.py:3239} INFO - Sync 1 DAGs
[2025-02-23T10:33:11.508+0000] {logging_mixin.py:190} INFO - [2025-02-23T10:33:11.507+0000] {dag.py:4180} INFO - Setting next_dagrun for example_sensors to None, run_after=None
[2025-02-23T10:33:11.523+0000] {processor.py:208} INFO - Processing /home/airflow/.local/lib/python3.12/site-packages/airflow/example_dags/example_sensors.py took 0.068 seconds
[2025-02-23T10:33:42.037+0000] {processor.py:186} INFO - Started process (PID=1577) to work on /home/airflow/.local/lib/python3.12/site-packages/airflow/example_dags/example_sensors.py
[2025-02-23T10:33:42.038+0000] {processor.py:914} INFO - Processing file /home/airflow/.local/lib/python3.12/site-packages/airflow/example_dags/example_sensors.py for tasks to queue
[2025-02-23T10:33:42.041+0000] {logging_mixin.py:190} INFO - [2025-02-23T10:33:42.040+0000] {dagbag.py:588} INFO - Filling up the DagBag from /home/airflow/.local/lib/python3.12/site-packages/airflow/example_dags/example_sensors.py
[2025-02-23T10:33:42.050+0000] {processor.py:925} INFO - DAG(s) 'example_sensors' retrieved from /home/airflow/.local/lib/python3.12/site-packages/airflow/example_dags/example_sensors.py
[2025-02-23T10:33:42.071+0000] {logging_mixin.py:190} INFO - [2025-02-23T10:33:42.071+0000] {dag.py:3239} INFO - Sync 1 DAGs
[2025-02-23T10:33:42.083+0000] {logging_mixin.py:190} INFO - [2025-02-23T10:33:42.083+0000] {dag.py:4180} INFO - Setting next_dagrun for example_sensors to None, run_after=None
[2025-02-23T10:33:42.098+0000] {processor.py:208} INFO - Processing /home/airflow/.local/lib/python3.12/site-packages/airflow/example_dags/example_sensors.py took 0.066 seconds
