[2025-02-23T10:31:35.503+0000] {processor.py:186} INFO - Started process (PID=291) to work on /home/airflow/.local/lib/python3.12/site-packages/airflow/example_dags/example_dynamic_task_mapping.py
[2025-02-23T10:31:35.504+0000] {processor.py:914} INFO - Processing file /home/airflow/.local/lib/python3.12/site-packages/airflow/example_dags/example_dynamic_task_mapping.py for tasks to queue
[2025-02-23T10:31:35.506+0000] {logging_mixin.py:190} INFO - [2025-02-23T10:31:35.506+0000] {dagbag.py:588} INFO - Filling up the DagBag from /home/airflow/.local/lib/python3.12/site-packages/airflow/example_dags/example_dynamic_task_mapping.py
[2025-02-23T10:31:35.516+0000] {processor.py:925} INFO - DAG(s) 'example_dynamic_task_mapping' retrieved from /home/airflow/.local/lib/python3.12/site-packages/airflow/example_dags/example_dynamic_task_mapping.py
[2025-02-23T10:31:35.618+0000] {logging_mixin.py:190} INFO - [2025-02-23T10:31:35.618+0000] {override.py:1912} INFO - Created Permission View: can read on DAG:example_dynamic_task_mapping
[2025-02-23T10:31:35.627+0000] {logging_mixin.py:190} INFO - [2025-02-23T10:31:35.627+0000] {override.py:1912} INFO - Created Permission View: can delete on DAG:example_dynamic_task_mapping
[2025-02-23T10:31:35.635+0000] {logging_mixin.py:190} INFO - [2025-02-23T10:31:35.635+0000] {override.py:1912} INFO - Created Permission View: can edit on DAG:example_dynamic_task_mapping
[2025-02-23T10:31:35.642+0000] {logging_mixin.py:190} INFO - [2025-02-23T10:31:35.642+0000] {override.py:1912} INFO - Created Permission View: can read on DAG Run:example_dynamic_task_mapping
[2025-02-23T10:31:35.649+0000] {logging_mixin.py:190} INFO - [2025-02-23T10:31:35.649+0000] {override.py:1912} INFO - Created Permission View: can create on DAG Run:example_dynamic_task_mapping
[2025-02-23T10:31:35.655+0000] {logging_mixin.py:190} INFO - [2025-02-23T10:31:35.655+0000] {override.py:1912} INFO - Created Permission View: menu access on DAG Run:example_dynamic_task_mapping
[2025-02-23T10:31:35.662+0000] {logging_mixin.py:190} INFO - [2025-02-23T10:31:35.662+0000] {override.py:1912} INFO - Created Permission View: can delete on DAG Run:example_dynamic_task_mapping
[2025-02-23T10:31:35.663+0000] {logging_mixin.py:190} INFO - [2025-02-23T10:31:35.663+0000] {dag.py:3239} INFO - Sync 1 DAGs
[2025-02-23T10:31:35.675+0000] {logging_mixin.py:190} INFO - [2025-02-23T10:31:35.674+0000] {dag.py:3262} INFO - Creating ORM DAG for example_dynamic_task_mapping
[2025-02-23T10:31:35.676+0000] {logging_mixin.py:190} INFO - [2025-02-23T10:31:35.676+0000] {dag.py:4180} INFO - Setting next_dagrun for example_dynamic_task_mapping to None, run_after=None
[2025-02-23T10:31:35.691+0000] {processor.py:208} INFO - Processing /home/airflow/.local/lib/python3.12/site-packages/airflow/example_dags/example_dynamic_task_mapping.py took 0.193 seconds
[2025-02-23T10:32:05.751+0000] {processor.py:186} INFO - Started process (PID=577) to work on /home/airflow/.local/lib/python3.12/site-packages/airflow/example_dags/example_dynamic_task_mapping.py
[2025-02-23T10:32:05.752+0000] {processor.py:914} INFO - Processing file /home/airflow/.local/lib/python3.12/site-packages/airflow/example_dags/example_dynamic_task_mapping.py for tasks to queue
[2025-02-23T10:32:05.755+0000] {logging_mixin.py:190} INFO - [2025-02-23T10:32:05.755+0000] {dagbag.py:588} INFO - Filling up the DagBag from /home/airflow/.local/lib/python3.12/site-packages/airflow/example_dags/example_dynamic_task_mapping.py
[2025-02-23T10:32:05.765+0000] {processor.py:925} INFO - DAG(s) 'example_dynamic_task_mapping' retrieved from /home/airflow/.local/lib/python3.12/site-packages/airflow/example_dags/example_dynamic_task_mapping.py
[2025-02-23T10:32:05.785+0000] {logging_mixin.py:190} INFO - [2025-02-23T10:32:05.784+0000] {dag.py:3239} INFO - Sync 1 DAGs
[2025-02-23T10:32:05.798+0000] {logging_mixin.py:190} INFO - [2025-02-23T10:32:05.798+0000] {dag.py:4180} INFO - Setting next_dagrun for example_dynamic_task_mapping to None, run_after=None
[2025-02-23T10:32:05.817+0000] {processor.py:208} INFO - Processing /home/airflow/.local/lib/python3.12/site-packages/airflow/example_dags/example_dynamic_task_mapping.py took 0.072 seconds
[2025-02-23T10:32:36.427+0000] {processor.py:186} INFO - Started process (PID=868) to work on /home/airflow/.local/lib/python3.12/site-packages/airflow/example_dags/example_dynamic_task_mapping.py
[2025-02-23T10:32:36.428+0000] {processor.py:914} INFO - Processing file /home/airflow/.local/lib/python3.12/site-packages/airflow/example_dags/example_dynamic_task_mapping.py for tasks to queue
[2025-02-23T10:32:36.430+0000] {logging_mixin.py:190} INFO - [2025-02-23T10:32:36.429+0000] {dagbag.py:588} INFO - Filling up the DagBag from /home/airflow/.local/lib/python3.12/site-packages/airflow/example_dags/example_dynamic_task_mapping.py
[2025-02-23T10:32:36.437+0000] {processor.py:925} INFO - DAG(s) 'example_dynamic_task_mapping' retrieved from /home/airflow/.local/lib/python3.12/site-packages/airflow/example_dags/example_dynamic_task_mapping.py
[2025-02-23T10:32:36.456+0000] {logging_mixin.py:190} INFO - [2025-02-23T10:32:36.456+0000] {dag.py:3239} INFO - Sync 1 DAGs
[2025-02-23T10:32:36.468+0000] {logging_mixin.py:190} INFO - [2025-02-23T10:32:36.468+0000] {dag.py:4180} INFO - Setting next_dagrun for example_dynamic_task_mapping to None, run_after=None
[2025-02-23T10:32:36.486+0000] {processor.py:208} INFO - Processing /home/airflow/.local/lib/python3.12/site-packages/airflow/example_dags/example_dynamic_task_mapping.py took 0.064 seconds
[2025-02-23T10:33:07.164+0000] {processor.py:186} INFO - Started process (PID=1159) to work on /home/airflow/.local/lib/python3.12/site-packages/airflow/example_dags/example_dynamic_task_mapping.py
[2025-02-23T10:33:07.165+0000] {processor.py:914} INFO - Processing file /home/airflow/.local/lib/python3.12/site-packages/airflow/example_dags/example_dynamic_task_mapping.py for tasks to queue
[2025-02-23T10:33:07.168+0000] {logging_mixin.py:190} INFO - [2025-02-23T10:33:07.167+0000] {dagbag.py:588} INFO - Filling up the DagBag from /home/airflow/.local/lib/python3.12/site-packages/airflow/example_dags/example_dynamic_task_mapping.py
[2025-02-23T10:33:07.179+0000] {processor.py:925} INFO - DAG(s) 'example_dynamic_task_mapping' retrieved from /home/airflow/.local/lib/python3.12/site-packages/airflow/example_dags/example_dynamic_task_mapping.py
[2025-02-23T10:33:07.200+0000] {logging_mixin.py:190} INFO - [2025-02-23T10:33:07.200+0000] {dag.py:3239} INFO - Sync 1 DAGs
[2025-02-23T10:33:07.218+0000] {logging_mixin.py:190} INFO - [2025-02-23T10:33:07.217+0000] {dag.py:4180} INFO - Setting next_dagrun for example_dynamic_task_mapping to None, run_after=None
[2025-02-23T10:33:07.249+0000] {processor.py:208} INFO - Processing /home/airflow/.local/lib/python3.12/site-packages/airflow/example_dags/example_dynamic_task_mapping.py took 0.091 seconds
[2025-02-23T10:33:37.823+0000] {processor.py:186} INFO - Started process (PID=1450) to work on /home/airflow/.local/lib/python3.12/site-packages/airflow/example_dags/example_dynamic_task_mapping.py
[2025-02-23T10:33:37.825+0000] {processor.py:914} INFO - Processing file /home/airflow/.local/lib/python3.12/site-packages/airflow/example_dags/example_dynamic_task_mapping.py for tasks to queue
[2025-02-23T10:33:37.827+0000] {logging_mixin.py:190} INFO - [2025-02-23T10:33:37.827+0000] {dagbag.py:588} INFO - Filling up the DagBag from /home/airflow/.local/lib/python3.12/site-packages/airflow/example_dags/example_dynamic_task_mapping.py
[2025-02-23T10:33:37.834+0000] {processor.py:925} INFO - DAG(s) 'example_dynamic_task_mapping' retrieved from /home/airflow/.local/lib/python3.12/site-packages/airflow/example_dags/example_dynamic_task_mapping.py
[2025-02-23T10:33:37.852+0000] {logging_mixin.py:190} INFO - [2025-02-23T10:33:37.852+0000] {dag.py:3239} INFO - Sync 1 DAGs
[2025-02-23T10:33:37.865+0000] {logging_mixin.py:190} INFO - [2025-02-23T10:33:37.865+0000] {dag.py:4180} INFO - Setting next_dagrun for example_dynamic_task_mapping to None, run_after=None
[2025-02-23T10:33:37.892+0000] {processor.py:208} INFO - Processing /home/airflow/.local/lib/python3.12/site-packages/airflow/example_dags/example_dynamic_task_mapping.py took 0.074 seconds
