[2025-02-23T10:31:39.709+0000] {processor.py:186} INFO - Started process (PID=426) to work on /home/airflow/.local/lib/python3.12/site-packages/airflow/example_dags/example_display_name.py
[2025-02-23T10:31:39.710+0000] {processor.py:914} INFO - Processing file /home/airflow/.local/lib/python3.12/site-packages/airflow/example_dags/example_display_name.py for tasks to queue
[2025-02-23T10:31:39.713+0000] {logging_mixin.py:190} INFO - [2025-02-23T10:31:39.712+0000] {dagbag.py:588} INFO - Filling up the DagBag from /home/airflow/.local/lib/python3.12/site-packages/airflow/example_dags/example_display_name.py
[2025-02-23T10:31:39.721+0000] {processor.py:925} INFO - DAG(s) 'example_display_name' retrieved from /home/airflow/.local/lib/python3.12/site-packages/airflow/example_dags/example_display_name.py
[2025-02-23T10:31:39.803+0000] {logging_mixin.py:190} INFO - [2025-02-23T10:31:39.803+0000] {override.py:1912} INFO - Created Permission View: can read on DAG:example_display_name
[2025-02-23T10:31:39.813+0000] {logging_mixin.py:190} INFO - [2025-02-23T10:31:39.813+0000] {override.py:1912} INFO - Created Permission View: can delete on DAG:example_display_name
[2025-02-23T10:31:39.818+0000] {logging_mixin.py:190} INFO - [2025-02-23T10:31:39.818+0000] {override.py:1912} INFO - Created Permission View: can edit on DAG:example_display_name
[2025-02-23T10:31:39.824+0000] {logging_mixin.py:190} INFO - [2025-02-23T10:31:39.824+0000] {override.py:1912} INFO - Created Permission View: can read on DAG Run:example_display_name
[2025-02-23T10:31:39.829+0000] {logging_mixin.py:190} INFO - [2025-02-23T10:31:39.829+0000] {override.py:1912} INFO - Created Permission View: can create on DAG Run:example_display_name
[2025-02-23T10:31:39.835+0000] {logging_mixin.py:190} INFO - [2025-02-23T10:31:39.834+0000] {override.py:1912} INFO - Created Permission View: menu access on DAG Run:example_display_name
[2025-02-23T10:31:39.840+0000] {logging_mixin.py:190} INFO - [2025-02-23T10:31:39.839+0000] {override.py:1912} INFO - Created Permission View: can delete on DAG Run:example_display_name
[2025-02-23T10:31:39.840+0000] {logging_mixin.py:190} INFO - [2025-02-23T10:31:39.840+0000] {dag.py:3239} INFO - Sync 1 DAGs
[2025-02-23T10:31:39.850+0000] {logging_mixin.py:190} INFO - [2025-02-23T10:31:39.850+0000] {dag.py:3262} INFO - Creating ORM DAG for example_display_name
[2025-02-23T10:31:39.851+0000] {logging_mixin.py:190} INFO - [2025-02-23T10:31:39.851+0000] {dag.py:4180} INFO - Setting next_dagrun for example_display_name to None, run_after=None
[2025-02-23T10:31:39.864+0000] {processor.py:208} INFO - Processing /home/airflow/.local/lib/python3.12/site-packages/airflow/example_dags/example_display_name.py took 0.160 seconds
[2025-02-23T10:32:10.546+0000] {processor.py:186} INFO - Started process (PID=717) to work on /home/airflow/.local/lib/python3.12/site-packages/airflow/example_dags/example_display_name.py
[2025-02-23T10:32:10.547+0000] {processor.py:914} INFO - Processing file /home/airflow/.local/lib/python3.12/site-packages/airflow/example_dags/example_display_name.py for tasks to queue
[2025-02-23T10:32:10.550+0000] {logging_mixin.py:190} INFO - [2025-02-23T10:32:10.550+0000] {dagbag.py:588} INFO - Filling up the DagBag from /home/airflow/.local/lib/python3.12/site-packages/airflow/example_dags/example_display_name.py
[2025-02-23T10:32:10.557+0000] {processor.py:925} INFO - DAG(s) 'example_display_name' retrieved from /home/airflow/.local/lib/python3.12/site-packages/airflow/example_dags/example_display_name.py
[2025-02-23T10:32:10.575+0000] {logging_mixin.py:190} INFO - [2025-02-23T10:32:10.575+0000] {dag.py:3239} INFO - Sync 1 DAGs
[2025-02-23T10:32:10.589+0000] {logging_mixin.py:190} INFO - [2025-02-23T10:32:10.588+0000] {dag.py:4180} INFO - Setting next_dagrun for example_display_name to None, run_after=None
[2025-02-23T10:32:10.612+0000] {processor.py:208} INFO - Processing /home/airflow/.local/lib/python3.12/site-packages/airflow/example_dags/example_display_name.py took 0.071 seconds
[2025-02-23T10:32:41.191+0000] {processor.py:186} INFO - Started process (PID=1008) to work on /home/airflow/.local/lib/python3.12/site-packages/airflow/example_dags/example_display_name.py
[2025-02-23T10:32:41.193+0000] {processor.py:914} INFO - Processing file /home/airflow/.local/lib/python3.12/site-packages/airflow/example_dags/example_display_name.py for tasks to queue
[2025-02-23T10:32:41.196+0000] {logging_mixin.py:190} INFO - [2025-02-23T10:32:41.195+0000] {dagbag.py:588} INFO - Filling up the DagBag from /home/airflow/.local/lib/python3.12/site-packages/airflow/example_dags/example_display_name.py
[2025-02-23T10:32:41.203+0000] {processor.py:925} INFO - DAG(s) 'example_display_name' retrieved from /home/airflow/.local/lib/python3.12/site-packages/airflow/example_dags/example_display_name.py
[2025-02-23T10:32:41.220+0000] {logging_mixin.py:190} INFO - [2025-02-23T10:32:41.220+0000] {dag.py:3239} INFO - Sync 1 DAGs
[2025-02-23T10:32:41.231+0000] {logging_mixin.py:190} INFO - [2025-02-23T10:32:41.231+0000] {dag.py:4180} INFO - Setting next_dagrun for example_display_name to None, run_after=None
[2025-02-23T10:32:41.245+0000] {processor.py:208} INFO - Processing /home/airflow/.local/lib/python3.12/site-packages/airflow/example_dags/example_display_name.py took 0.059 seconds
[2025-02-23T10:33:11.562+0000] {processor.py:186} INFO - Started process (PID=1296) to work on /home/airflow/.local/lib/python3.12/site-packages/airflow/example_dags/example_display_name.py
[2025-02-23T10:33:11.563+0000] {processor.py:914} INFO - Processing file /home/airflow/.local/lib/python3.12/site-packages/airflow/example_dags/example_display_name.py for tasks to queue
[2025-02-23T10:33:11.565+0000] {logging_mixin.py:190} INFO - [2025-02-23T10:33:11.565+0000] {dagbag.py:588} INFO - Filling up the DagBag from /home/airflow/.local/lib/python3.12/site-packages/airflow/example_dags/example_display_name.py
[2025-02-23T10:33:11.572+0000] {processor.py:925} INFO - DAG(s) 'example_display_name' retrieved from /home/airflow/.local/lib/python3.12/site-packages/airflow/example_dags/example_display_name.py
[2025-02-23T10:33:11.589+0000] {logging_mixin.py:190} INFO - [2025-02-23T10:33:11.589+0000] {dag.py:3239} INFO - Sync 1 DAGs
[2025-02-23T10:33:11.602+0000] {logging_mixin.py:190} INFO - [2025-02-23T10:33:11.602+0000] {dag.py:4180} INFO - Setting next_dagrun for example_display_name to None, run_after=None
[2025-02-23T10:33:11.618+0000] {processor.py:208} INFO - Processing /home/airflow/.local/lib/python3.12/site-packages/airflow/example_dags/example_display_name.py took 0.061 seconds
[2025-02-23T10:33:42.136+0000] {processor.py:186} INFO - Started process (PID=1585) to work on /home/airflow/.local/lib/python3.12/site-packages/airflow/example_dags/example_display_name.py
[2025-02-23T10:33:42.137+0000] {processor.py:914} INFO - Processing file /home/airflow/.local/lib/python3.12/site-packages/airflow/example_dags/example_display_name.py for tasks to queue
[2025-02-23T10:33:42.139+0000] {logging_mixin.py:190} INFO - [2025-02-23T10:33:42.138+0000] {dagbag.py:588} INFO - Filling up the DagBag from /home/airflow/.local/lib/python3.12/site-packages/airflow/example_dags/example_display_name.py
[2025-02-23T10:33:42.145+0000] {processor.py:925} INFO - DAG(s) 'example_display_name' retrieved from /home/airflow/.local/lib/python3.12/site-packages/airflow/example_dags/example_display_name.py
[2025-02-23T10:33:42.161+0000] {logging_mixin.py:190} INFO - [2025-02-23T10:33:42.160+0000] {dag.py:3239} INFO - Sync 1 DAGs
[2025-02-23T10:33:42.172+0000] {logging_mixin.py:190} INFO - [2025-02-23T10:33:42.172+0000] {dag.py:4180} INFO - Setting next_dagrun for example_display_name to None, run_after=None
[2025-02-23T10:33:42.189+0000] {processor.py:208} INFO - Processing /home/airflow/.local/lib/python3.12/site-packages/airflow/example_dags/example_display_name.py took 0.059 seconds
