[2025-02-23T10:31:32.856+0000] {processor.py:186} INFO - Started process (PID=240) to work on /home/airflow/.local/lib/python3.12/site-packages/airflow/example_dags/example_branch_labels.py
[2025-02-23T10:31:32.857+0000] {processor.py:914} INFO - Processing file /home/airflow/.local/lib/python3.12/site-packages/airflow/example_dags/example_branch_labels.py for tasks to queue
[2025-02-23T10:31:32.860+0000] {logging_mixin.py:190} INFO - [2025-02-23T10:31:32.859+0000] {dagbag.py:588} INFO - Filling up the DagBag from /home/airflow/.local/lib/python3.12/site-packages/airflow/example_dags/example_branch_labels.py
[2025-02-23T10:31:32.875+0000] {processor.py:925} INFO - DAG(s) 'example_branch_labels' retrieved from /home/airflow/.local/lib/python3.12/site-packages/airflow/example_dags/example_branch_labels.py
[2025-02-23T10:31:32.990+0000] {logging_mixin.py:190} INFO - [2025-02-23T10:31:32.989+0000] {override.py:1912} INFO - Created Permission View: can read on DAG:example_branch_labels
[2025-02-23T10:31:33.001+0000] {logging_mixin.py:190} INFO - [2025-02-23T10:31:33.000+0000] {override.py:1912} INFO - Created Permission View: can delete on DAG:example_branch_labels
[2025-02-23T10:31:33.008+0000] {logging_mixin.py:190} INFO - [2025-02-23T10:31:33.007+0000] {override.py:1912} INFO - Created Permission View: can edit on DAG:example_branch_labels
[2025-02-23T10:31:33.017+0000] {logging_mixin.py:190} INFO - [2025-02-23T10:31:33.017+0000] {override.py:1912} INFO - Created Permission View: can read on DAG Run:example_branch_labels
[2025-02-23T10:31:33.026+0000] {logging_mixin.py:190} INFO - [2025-02-23T10:31:33.026+0000] {override.py:1912} INFO - Created Permission View: can create on DAG Run:example_branch_labels
[2025-02-23T10:31:33.034+0000] {logging_mixin.py:190} INFO - [2025-02-23T10:31:33.034+0000] {override.py:1912} INFO - Created Permission View: menu access on DAG Run:example_branch_labels
[2025-02-23T10:31:33.042+0000] {logging_mixin.py:190} INFO - [2025-02-23T10:31:33.041+0000] {override.py:1912} INFO - Created Permission View: can delete on DAG Run:example_branch_labels
[2025-02-23T10:31:33.042+0000] {logging_mixin.py:190} INFO - [2025-02-23T10:31:33.042+0000] {dag.py:3239} INFO - Sync 1 DAGs
[2025-02-23T10:31:33.055+0000] {logging_mixin.py:190} INFO - [2025-02-23T10:31:33.055+0000] {dag.py:3262} INFO - Creating ORM DAG for example_branch_labels
[2025-02-23T10:31:33.065+0000] {logging_mixin.py:190} INFO - [2025-02-23T10:31:33.065+0000] {dag.py:4180} INFO - Setting next_dagrun for example_branch_labels to 2025-02-22 00:00:00+00:00, run_after=2025-02-23 00:00:00+00:00
[2025-02-23T10:31:33.082+0000] {processor.py:208} INFO - Processing /home/airflow/.local/lib/python3.12/site-packages/airflow/example_dags/example_branch_labels.py took 0.232 seconds
[2025-02-23T10:32:03.409+0000] {processor.py:186} INFO - Started process (PID=537) to work on /home/airflow/.local/lib/python3.12/site-packages/airflow/example_dags/example_branch_labels.py
[2025-02-23T10:32:03.410+0000] {processor.py:914} INFO - Processing file /home/airflow/.local/lib/python3.12/site-packages/airflow/example_dags/example_branch_labels.py for tasks to queue
[2025-02-23T10:32:03.412+0000] {logging_mixin.py:190} INFO - [2025-02-23T10:32:03.412+0000] {dagbag.py:588} INFO - Filling up the DagBag from /home/airflow/.local/lib/python3.12/site-packages/airflow/example_dags/example_branch_labels.py
[2025-02-23T10:32:03.421+0000] {processor.py:925} INFO - DAG(s) 'example_branch_labels' retrieved from /home/airflow/.local/lib/python3.12/site-packages/airflow/example_dags/example_branch_labels.py
[2025-02-23T10:32:03.440+0000] {logging_mixin.py:190} INFO - [2025-02-23T10:32:03.440+0000] {dag.py:3239} INFO - Sync 1 DAGs
[2025-02-23T10:32:03.462+0000] {logging_mixin.py:190} INFO - [2025-02-23T10:32:03.462+0000] {dag.py:4180} INFO - Setting next_dagrun for example_branch_labels to 2025-02-22 00:00:00+00:00, run_after=2025-02-23 00:00:00+00:00
[2025-02-23T10:32:03.478+0000] {processor.py:208} INFO - Processing /home/airflow/.local/lib/python3.12/site-packages/airflow/example_dags/example_branch_labels.py took 0.073 seconds
[2025-02-23T10:32:33.970+0000] {processor.py:186} INFO - Started process (PID=828) to work on /home/airflow/.local/lib/python3.12/site-packages/airflow/example_dags/example_branch_labels.py
[2025-02-23T10:32:33.972+0000] {processor.py:914} INFO - Processing file /home/airflow/.local/lib/python3.12/site-packages/airflow/example_dags/example_branch_labels.py for tasks to queue
[2025-02-23T10:32:33.974+0000] {logging_mixin.py:190} INFO - [2025-02-23T10:32:33.973+0000] {dagbag.py:588} INFO - Filling up the DagBag from /home/airflow/.local/lib/python3.12/site-packages/airflow/example_dags/example_branch_labels.py
[2025-02-23T10:32:33.982+0000] {processor.py:925} INFO - DAG(s) 'example_branch_labels' retrieved from /home/airflow/.local/lib/python3.12/site-packages/airflow/example_dags/example_branch_labels.py
[2025-02-23T10:32:34.001+0000] {logging_mixin.py:190} INFO - [2025-02-23T10:32:34.001+0000] {dag.py:3239} INFO - Sync 1 DAGs
[2025-02-23T10:32:34.021+0000] {logging_mixin.py:190} INFO - [2025-02-23T10:32:34.020+0000] {dag.py:4180} INFO - Setting next_dagrun for example_branch_labels to 2025-02-22 00:00:00+00:00, run_after=2025-02-23 00:00:00+00:00
[2025-02-23T10:32:34.036+0000] {processor.py:208} INFO - Processing /home/airflow/.local/lib/python3.12/site-packages/airflow/example_dags/example_branch_labels.py took 0.070 seconds
[2025-02-23T10:33:04.581+0000] {processor.py:186} INFO - Started process (PID=1116) to work on /home/airflow/.local/lib/python3.12/site-packages/airflow/example_dags/example_branch_labels.py
[2025-02-23T10:33:04.582+0000] {processor.py:914} INFO - Processing file /home/airflow/.local/lib/python3.12/site-packages/airflow/example_dags/example_branch_labels.py for tasks to queue
[2025-02-23T10:33:04.584+0000] {logging_mixin.py:190} INFO - [2025-02-23T10:33:04.584+0000] {dagbag.py:588} INFO - Filling up the DagBag from /home/airflow/.local/lib/python3.12/site-packages/airflow/example_dags/example_branch_labels.py
[2025-02-23T10:33:04.593+0000] {processor.py:925} INFO - DAG(s) 'example_branch_labels' retrieved from /home/airflow/.local/lib/python3.12/site-packages/airflow/example_dags/example_branch_labels.py
[2025-02-23T10:33:04.611+0000] {logging_mixin.py:190} INFO - [2025-02-23T10:33:04.610+0000] {dag.py:3239} INFO - Sync 1 DAGs
[2025-02-23T10:33:04.630+0000] {logging_mixin.py:190} INFO - [2025-02-23T10:33:04.630+0000] {dag.py:4180} INFO - Setting next_dagrun for example_branch_labels to 2025-02-22 00:00:00+00:00, run_after=2025-02-23 00:00:00+00:00
[2025-02-23T10:33:04.647+0000] {processor.py:208} INFO - Processing /home/airflow/.local/lib/python3.12/site-packages/airflow/example_dags/example_branch_labels.py took 0.072 seconds
[2025-02-23T10:33:35.316+0000] {processor.py:186} INFO - Started process (PID=1410) to work on /home/airflow/.local/lib/python3.12/site-packages/airflow/example_dags/example_branch_labels.py
[2025-02-23T10:33:35.318+0000] {processor.py:914} INFO - Processing file /home/airflow/.local/lib/python3.12/site-packages/airflow/example_dags/example_branch_labels.py for tasks to queue
[2025-02-23T10:33:35.320+0000] {logging_mixin.py:190} INFO - [2025-02-23T10:33:35.320+0000] {dagbag.py:588} INFO - Filling up the DagBag from /home/airflow/.local/lib/python3.12/site-packages/airflow/example_dags/example_branch_labels.py
[2025-02-23T10:33:35.330+0000] {processor.py:925} INFO - DAG(s) 'example_branch_labels' retrieved from /home/airflow/.local/lib/python3.12/site-packages/airflow/example_dags/example_branch_labels.py
[2025-02-23T10:33:35.349+0000] {logging_mixin.py:190} INFO - [2025-02-23T10:33:35.348+0000] {dag.py:3239} INFO - Sync 1 DAGs
[2025-02-23T10:33:35.368+0000] {logging_mixin.py:190} INFO - [2025-02-23T10:33:35.368+0000] {dag.py:4180} INFO - Setting next_dagrun for example_branch_labels to 2025-02-22 00:00:00+00:00, run_after=2025-02-23 00:00:00+00:00
[2025-02-23T10:33:35.386+0000] {processor.py:208} INFO - Processing /home/airflow/.local/lib/python3.12/site-packages/airflow/example_dags/example_branch_labels.py took 0.075 seconds
