[2025-02-23T10:31:34.616+0000] {processor.py:186} INFO - Started process (PID=286) to work on /home/airflow/.local/lib/python3.12/site-packages/airflow/example_dags/example_datasets.py
[2025-02-23T10:31:34.617+0000] {processor.py:914} INFO - Processing file /home/airflow/.local/lib/python3.12/site-packages/airflow/example_dags/example_datasets.py for tasks to queue
[2025-02-23T10:31:34.619+0000] {logging_mixin.py:190} INFO - [2025-02-23T10:31:34.619+0000] {dagbag.py:588} INFO - Filling up the DagBag from /home/airflow/.local/lib/python3.12/site-packages/airflow/example_dags/example_datasets.py
[2025-02-23T10:31:34.926+0000] {processor.py:925} INFO - DAG(s) 'dataset_consumes_1', 'dataset_consumes_unknown_never_scheduled', 'dataset_consumes_1_never_scheduled', 'conditional_dataset_and_time_based_timetable', 'consume_1_or_both_2_and_3_with_dataset_expressions', 'consume_1_and_2_with_dataset_expressions', 'dataset_produces_1', 'dataset_consumes_1_and_2', 'dataset_produces_2', 'consume_1_or_2_with_dataset_expressions' retrieved from /home/airflow/.local/lib/python3.12/site-packages/airflow/example_dags/example_datasets.py
[2025-02-23T10:31:35.163+0000] {logging_mixin.py:190} INFO - [2025-02-23T10:31:35.162+0000] {override.py:1912} INFO - Created Permission View: can read on DAG:dataset_consumes_1
[2025-02-23T10:31:35.172+0000] {logging_mixin.py:190} INFO - [2025-02-23T10:31:35.172+0000] {override.py:1912} INFO - Created Permission View: can delete on DAG:dataset_consumes_1
[2025-02-23T10:31:35.178+0000] {logging_mixin.py:190} INFO - [2025-02-23T10:31:35.178+0000] {override.py:1912} INFO - Created Permission View: can edit on DAG:dataset_consumes_1
[2025-02-23T10:31:35.186+0000] {logging_mixin.py:190} INFO - [2025-02-23T10:31:35.186+0000] {override.py:1912} INFO - Created Permission View: can read on DAG Run:dataset_consumes_1
[2025-02-23T10:31:35.192+0000] {logging_mixin.py:190} INFO - [2025-02-23T10:31:35.192+0000] {override.py:1912} INFO - Created Permission View: can create on DAG Run:dataset_consumes_1
[2025-02-23T10:31:35.201+0000] {logging_mixin.py:190} INFO - [2025-02-23T10:31:35.201+0000] {override.py:1912} INFO - Created Permission View: menu access on DAG Run:dataset_consumes_1
[2025-02-23T10:31:35.209+0000] {logging_mixin.py:190} INFO - [2025-02-23T10:31:35.209+0000] {override.py:1912} INFO - Created Permission View: can delete on DAG Run:dataset_consumes_1
[2025-02-23T10:31:35.222+0000] {logging_mixin.py:190} INFO - [2025-02-23T10:31:35.221+0000] {override.py:1912} INFO - Created Permission View: can read on DAG:dataset_consumes_unknown_never_scheduled
[2025-02-23T10:31:35.228+0000] {logging_mixin.py:190} INFO - [2025-02-23T10:31:35.227+0000] {override.py:1912} INFO - Created Permission View: can delete on DAG:dataset_consumes_unknown_never_scheduled
[2025-02-23T10:31:35.237+0000] {logging_mixin.py:190} INFO - [2025-02-23T10:31:35.236+0000] {override.py:1912} INFO - Created Permission View: can edit on DAG:dataset_consumes_unknown_never_scheduled
[2025-02-23T10:31:35.247+0000] {logging_mixin.py:190} INFO - [2025-02-23T10:31:35.247+0000] {override.py:1912} INFO - Created Permission View: can read on DAG Run:dataset_consumes_unknown_never_scheduled
[2025-02-23T10:31:35.258+0000] {logging_mixin.py:190} INFO - [2025-02-23T10:31:35.257+0000] {override.py:1912} INFO - Created Permission View: can create on DAG Run:dataset_consumes_unknown_never_scheduled
[2025-02-23T10:31:35.266+0000] {logging_mixin.py:190} INFO - [2025-02-23T10:31:35.266+0000] {override.py:1912} INFO - Created Permission View: menu access on DAG Run:dataset_consumes_unknown_never_scheduled
[2025-02-23T10:31:35.273+0000] {logging_mixin.py:190} INFO - [2025-02-23T10:31:35.273+0000] {override.py:1912} INFO - Created Permission View: can delete on DAG Run:dataset_consumes_unknown_never_scheduled
[2025-02-23T10:31:35.286+0000] {logging_mixin.py:190} INFO - [2025-02-23T10:31:35.286+0000] {override.py:1912} INFO - Created Permission View: can read on DAG:dataset_consumes_1_never_scheduled
[2025-02-23T10:31:35.292+0000] {logging_mixin.py:190} INFO - [2025-02-23T10:31:35.292+0000] {override.py:1912} INFO - Created Permission View: can delete on DAG:dataset_consumes_1_never_scheduled
[2025-02-23T10:31:35.299+0000] {logging_mixin.py:190} INFO - [2025-02-23T10:31:35.299+0000] {override.py:1912} INFO - Created Permission View: can edit on DAG:dataset_consumes_1_never_scheduled
[2025-02-23T10:31:35.305+0000] {logging_mixin.py:190} INFO - [2025-02-23T10:31:35.305+0000] {override.py:1912} INFO - Created Permission View: can read on DAG Run:dataset_consumes_1_never_scheduled
[2025-02-23T10:31:35.312+0000] {logging_mixin.py:190} INFO - [2025-02-23T10:31:35.311+0000] {override.py:1912} INFO - Created Permission View: can create on DAG Run:dataset_consumes_1_never_scheduled
[2025-02-23T10:31:35.318+0000] {logging_mixin.py:190} INFO - [2025-02-23T10:31:35.318+0000] {override.py:1912} INFO - Created Permission View: menu access on DAG Run:dataset_consumes_1_never_scheduled
[2025-02-23T10:31:35.325+0000] {logging_mixin.py:190} INFO - [2025-02-23T10:31:35.324+0000] {override.py:1912} INFO - Created Permission View: can delete on DAG Run:dataset_consumes_1_never_scheduled
[2025-02-23T10:31:35.337+0000] {logging_mixin.py:190} INFO - [2025-02-23T10:31:35.336+0000] {override.py:1912} INFO - Created Permission View: can read on DAG:conditional_dataset_and_time_based_timetable
[2025-02-23T10:31:35.343+0000] {logging_mixin.py:190} INFO - [2025-02-23T10:31:35.342+0000] {override.py:1912} INFO - Created Permission View: can delete on DAG:conditional_dataset_and_time_based_timetable
[2025-02-23T10:31:35.350+0000] {logging_mixin.py:190} INFO - [2025-02-23T10:31:35.350+0000] {override.py:1912} INFO - Created Permission View: can edit on DAG:conditional_dataset_and_time_based_timetable
[2025-02-23T10:31:35.357+0000] {logging_mixin.py:190} INFO - [2025-02-23T10:31:35.357+0000] {override.py:1912} INFO - Created Permission View: can read on DAG Run:conditional_dataset_and_time_based_timetable
[2025-02-23T10:31:35.364+0000] {logging_mixin.py:190} INFO - [2025-02-23T10:31:35.363+0000] {override.py:1912} INFO - Created Permission View: can create on DAG Run:conditional_dataset_and_time_based_timetable
[2025-02-23T10:31:35.370+0000] {logging_mixin.py:190} INFO - [2025-02-23T10:31:35.369+0000] {override.py:1912} INFO - Created Permission View: menu access on DAG Run:conditional_dataset_and_time_based_timetable
[2025-02-23T10:31:35.376+0000] {logging_mixin.py:190} INFO - [2025-02-23T10:31:35.376+0000] {override.py:1912} INFO - Created Permission View: can delete on DAG Run:conditional_dataset_and_time_based_timetable
[2025-02-23T10:31:35.389+0000] {logging_mixin.py:190} INFO - [2025-02-23T10:31:35.389+0000] {override.py:1912} INFO - Created Permission View: can read on DAG:consume_1_or_both_2_and_3_with_dataset_expressions
[2025-02-23T10:31:35.400+0000] {logging_mixin.py:190} INFO - [2025-02-23T10:31:35.400+0000] {override.py:1912} INFO - Created Permission View: can delete on DAG:consume_1_or_both_2_and_3_with_dataset_expressions
[2025-02-23T10:31:35.406+0000] {logging_mixin.py:190} INFO - [2025-02-23T10:31:35.405+0000] {override.py:1912} INFO - Created Permission View: can edit on DAG:consume_1_or_both_2_and_3_with_dataset_expressions
[2025-02-23T10:31:35.414+0000] {logging_mixin.py:190} INFO - [2025-02-23T10:31:35.414+0000] {override.py:1912} INFO - Created Permission View: can read on DAG Run:consume_1_or_both_2_and_3_with_dataset_expressions
[2025-02-23T10:31:35.421+0000] {logging_mixin.py:190} INFO - [2025-02-23T10:31:35.420+0000] {override.py:1912} INFO - Created Permission View: can create on DAG Run:consume_1_or_both_2_and_3_with_dataset_expressions
[2025-02-23T10:31:35.427+0000] {logging_mixin.py:190} INFO - [2025-02-23T10:31:35.427+0000] {override.py:1912} INFO - Created Permission View: menu access on DAG Run:consume_1_or_both_2_and_3_with_dataset_expressions
[2025-02-23T10:31:35.433+0000] {logging_mixin.py:190} INFO - [2025-02-23T10:31:35.433+0000] {override.py:1912} INFO - Created Permission View: can delete on DAG Run:consume_1_or_both_2_and_3_with_dataset_expressions
[2025-02-23T10:31:35.444+0000] {logging_mixin.py:190} INFO - [2025-02-23T10:31:35.444+0000] {override.py:1912} INFO - Created Permission View: can read on DAG:consume_1_and_2_with_dataset_expressions
[2025-02-23T10:31:35.452+0000] {logging_mixin.py:190} INFO - [2025-02-23T10:31:35.452+0000] {override.py:1912} INFO - Created Permission View: can delete on DAG:consume_1_and_2_with_dataset_expressions
[2025-02-23T10:31:35.459+0000] {logging_mixin.py:190} INFO - [2025-02-23T10:31:35.458+0000] {override.py:1912} INFO - Created Permission View: can edit on DAG:consume_1_and_2_with_dataset_expressions
[2025-02-23T10:31:35.466+0000] {logging_mixin.py:190} INFO - [2025-02-23T10:31:35.466+0000] {override.py:1912} INFO - Created Permission View: can read on DAG Run:consume_1_and_2_with_dataset_expressions
[2025-02-23T10:31:35.473+0000] {logging_mixin.py:190} INFO - [2025-02-23T10:31:35.472+0000] {override.py:1912} INFO - Created Permission View: can create on DAG Run:consume_1_and_2_with_dataset_expressions
[2025-02-23T10:31:35.484+0000] {logging_mixin.py:190} INFO - [2025-02-23T10:31:35.483+0000] {override.py:1912} INFO - Created Permission View: menu access on DAG Run:consume_1_and_2_with_dataset_expressions
[2025-02-23T10:31:35.492+0000] {logging_mixin.py:190} INFO - [2025-02-23T10:31:35.491+0000] {override.py:1912} INFO - Created Permission View: can delete on DAG Run:consume_1_and_2_with_dataset_expressions
[2025-02-23T10:31:35.504+0000] {logging_mixin.py:190} INFO - [2025-02-23T10:31:35.503+0000] {override.py:1912} INFO - Created Permission View: can read on DAG:dataset_produces_1
[2025-02-23T10:31:35.512+0000] {logging_mixin.py:190} INFO - [2025-02-23T10:31:35.511+0000] {override.py:1912} INFO - Created Permission View: can delete on DAG:dataset_produces_1
[2025-02-23T10:31:35.519+0000] {logging_mixin.py:190} INFO - [2025-02-23T10:31:35.519+0000] {override.py:1912} INFO - Created Permission View: can edit on DAG:dataset_produces_1
[2025-02-23T10:31:35.526+0000] {logging_mixin.py:190} INFO - [2025-02-23T10:31:35.526+0000] {override.py:1912} INFO - Created Permission View: can read on DAG Run:dataset_produces_1
[2025-02-23T10:31:35.535+0000] {logging_mixin.py:190} INFO - [2025-02-23T10:31:35.535+0000] {override.py:1912} INFO - Created Permission View: can create on DAG Run:dataset_produces_1
[2025-02-23T10:31:35.542+0000] {logging_mixin.py:190} INFO - [2025-02-23T10:31:35.542+0000] {override.py:1912} INFO - Created Permission View: menu access on DAG Run:dataset_produces_1
[2025-02-23T10:31:35.550+0000] {logging_mixin.py:190} INFO - [2025-02-23T10:31:35.550+0000] {override.py:1912} INFO - Created Permission View: can delete on DAG Run:dataset_produces_1
[2025-02-23T10:31:35.563+0000] {logging_mixin.py:190} INFO - [2025-02-23T10:31:35.562+0000] {override.py:1912} INFO - Created Permission View: can read on DAG:dataset_consumes_1_and_2
[2025-02-23T10:31:35.569+0000] {logging_mixin.py:190} INFO - [2025-02-23T10:31:35.569+0000] {override.py:1912} INFO - Created Permission View: can delete on DAG:dataset_consumes_1_and_2
[2025-02-23T10:31:35.576+0000] {logging_mixin.py:190} INFO - [2025-02-23T10:31:35.576+0000] {override.py:1912} INFO - Created Permission View: can edit on DAG:dataset_consumes_1_and_2
[2025-02-23T10:31:35.585+0000] {logging_mixin.py:190} INFO - [2025-02-23T10:31:35.584+0000] {override.py:1912} INFO - Created Permission View: can read on DAG Run:dataset_consumes_1_and_2
[2025-02-23T10:31:35.592+0000] {logging_mixin.py:190} INFO - [2025-02-23T10:31:35.591+0000] {override.py:1912} INFO - Created Permission View: can create on DAG Run:dataset_consumes_1_and_2
[2025-02-23T10:31:35.600+0000] {logging_mixin.py:190} INFO - [2025-02-23T10:31:35.599+0000] {override.py:1912} INFO - Created Permission View: menu access on DAG Run:dataset_consumes_1_and_2
[2025-02-23T10:31:35.605+0000] {logging_mixin.py:190} INFO - [2025-02-23T10:31:35.605+0000] {override.py:1912} INFO - Created Permission View: can delete on DAG Run:dataset_consumes_1_and_2
[2025-02-23T10:31:35.619+0000] {logging_mixin.py:190} INFO - [2025-02-23T10:31:35.618+0000] {override.py:1912} INFO - Created Permission View: can read on DAG:dataset_produces_2
[2025-02-23T10:31:35.624+0000] {logging_mixin.py:190} INFO - [2025-02-23T10:31:35.624+0000] {override.py:1912} INFO - Created Permission View: can delete on DAG:dataset_produces_2
[2025-02-23T10:31:35.632+0000] {logging_mixin.py:190} INFO - [2025-02-23T10:31:35.632+0000] {override.py:1912} INFO - Created Permission View: can edit on DAG:dataset_produces_2
[2025-02-23T10:31:35.639+0000] {logging_mixin.py:190} INFO - [2025-02-23T10:31:35.639+0000] {override.py:1912} INFO - Created Permission View: can read on DAG Run:dataset_produces_2
[2025-02-23T10:31:35.646+0000] {logging_mixin.py:190} INFO - [2025-02-23T10:31:35.646+0000] {override.py:1912} INFO - Created Permission View: can create on DAG Run:dataset_produces_2
[2025-02-23T10:31:35.652+0000] {logging_mixin.py:190} INFO - [2025-02-23T10:31:35.652+0000] {override.py:1912} INFO - Created Permission View: menu access on DAG Run:dataset_produces_2
[2025-02-23T10:31:35.658+0000] {logging_mixin.py:190} INFO - [2025-02-23T10:31:35.658+0000] {override.py:1912} INFO - Created Permission View: can delete on DAG Run:dataset_produces_2
[2025-02-23T10:31:35.671+0000] {logging_mixin.py:190} INFO - [2025-02-23T10:31:35.670+0000] {override.py:1912} INFO - Created Permission View: can read on DAG:consume_1_or_2_with_dataset_expressions
[2025-02-23T10:31:35.677+0000] {logging_mixin.py:190} INFO - [2025-02-23T10:31:35.677+0000] {override.py:1912} INFO - Created Permission View: can delete on DAG:consume_1_or_2_with_dataset_expressions
[2025-02-23T10:31:35.685+0000] {logging_mixin.py:190} INFO - [2025-02-23T10:31:35.684+0000] {override.py:1912} INFO - Created Permission View: can edit on DAG:consume_1_or_2_with_dataset_expressions
[2025-02-23T10:31:35.691+0000] {logging_mixin.py:190} INFO - [2025-02-23T10:31:35.690+0000] {override.py:1912} INFO - Created Permission View: can read on DAG Run:consume_1_or_2_with_dataset_expressions
[2025-02-23T10:31:35.698+0000] {logging_mixin.py:190} INFO - [2025-02-23T10:31:35.698+0000] {override.py:1912} INFO - Created Permission View: can create on DAG Run:consume_1_or_2_with_dataset_expressions
[2025-02-23T10:31:35.705+0000] {logging_mixin.py:190} INFO - [2025-02-23T10:31:35.704+0000] {override.py:1912} INFO - Created Permission View: menu access on DAG Run:consume_1_or_2_with_dataset_expressions
[2025-02-23T10:31:35.712+0000] {logging_mixin.py:190} INFO - [2025-02-23T10:31:35.711+0000] {override.py:1912} INFO - Created Permission View: can delete on DAG Run:consume_1_or_2_with_dataset_expressions
[2025-02-23T10:31:35.713+0000] {logging_mixin.py:190} INFO - [2025-02-23T10:31:35.712+0000] {dag.py:3239} INFO - Sync 10 DAGs
[2025-02-23T10:31:35.726+0000] {logging_mixin.py:190} INFO - [2025-02-23T10:31:35.725+0000] {dag.py:3262} INFO - Creating ORM DAG for consume_1_or_2_with_dataset_expressions
[2025-02-23T10:31:35.727+0000] {logging_mixin.py:190} INFO - [2025-02-23T10:31:35.726+0000] {dag.py:3262} INFO - Creating ORM DAG for dataset_consumes_1
[2025-02-23T10:31:35.727+0000] {logging_mixin.py:190} INFO - [2025-02-23T10:31:35.727+0000] {dag.py:3262} INFO - Creating ORM DAG for consume_1_or_both_2_and_3_with_dataset_expressions
[2025-02-23T10:31:35.729+0000] {logging_mixin.py:190} INFO - [2025-02-23T10:31:35.728+0000] {dag.py:3262} INFO - Creating ORM DAG for dataset_consumes_1_and_2
[2025-02-23T10:31:35.729+0000] {logging_mixin.py:190} INFO - [2025-02-23T10:31:35.729+0000] {dag.py:3262} INFO - Creating ORM DAG for dataset_consumes_unknown_never_scheduled
[2025-02-23T10:31:35.731+0000] {logging_mixin.py:190} INFO - [2025-02-23T10:31:35.730+0000] {dag.py:3262} INFO - Creating ORM DAG for dataset_consumes_1_never_scheduled
[2025-02-23T10:31:35.732+0000] {logging_mixin.py:190} INFO - [2025-02-23T10:31:35.731+0000] {dag.py:3262} INFO - Creating ORM DAG for conditional_dataset_and_time_based_timetable
[2025-02-23T10:31:35.733+0000] {logging_mixin.py:190} INFO - [2025-02-23T10:31:35.732+0000] {dag.py:3262} INFO - Creating ORM DAG for consume_1_and_2_with_dataset_expressions
[2025-02-23T10:31:35.734+0000] {logging_mixin.py:190} INFO - [2025-02-23T10:31:35.733+0000] {dag.py:3262} INFO - Creating ORM DAG for dataset_produces_1
[2025-02-23T10:31:35.734+0000] {logging_mixin.py:190} INFO - [2025-02-23T10:31:35.734+0000] {dag.py:3262} INFO - Creating ORM DAG for dataset_produces_2
[2025-02-23T10:31:35.744+0000] {logging_mixin.py:190} INFO - [2025-02-23T10:31:35.743+0000] {dag.py:4180} INFO - Setting next_dagrun for conditional_dataset_and_time_based_timetable to 2025-02-19 01:00:00+00:00, run_after=2025-02-19 01:00:00+00:00
[2025-02-23T10:31:35.745+0000] {logging_mixin.py:190} INFO - [2025-02-23T10:31:35.745+0000] {dag.py:4180} INFO - Setting next_dagrun for consume_1_and_2_with_dataset_expressions to None, run_after=None
[2025-02-23T10:31:35.746+0000] {logging_mixin.py:190} INFO - [2025-02-23T10:31:35.746+0000] {dag.py:4180} INFO - Setting next_dagrun for consume_1_or_2_with_dataset_expressions to None, run_after=None
[2025-02-23T10:31:35.747+0000] {logging_mixin.py:190} INFO - [2025-02-23T10:31:35.747+0000] {dag.py:4180} INFO - Setting next_dagrun for consume_1_or_both_2_and_3_with_dataset_expressions to None, run_after=None
[2025-02-23T10:31:35.748+0000] {logging_mixin.py:190} INFO - [2025-02-23T10:31:35.748+0000] {dag.py:4180} INFO - Setting next_dagrun for dataset_consumes_1 to None, run_after=None
[2025-02-23T10:31:35.748+0000] {logging_mixin.py:190} INFO - [2025-02-23T10:31:35.748+0000] {dag.py:4180} INFO - Setting next_dagrun for dataset_consumes_1_and_2 to None, run_after=None
[2025-02-23T10:31:35.750+0000] {logging_mixin.py:190} INFO - [2025-02-23T10:31:35.749+0000] {dag.py:4180} INFO - Setting next_dagrun for dataset_consumes_1_never_scheduled to None, run_after=None
[2025-02-23T10:31:35.750+0000] {logging_mixin.py:190} INFO - [2025-02-23T10:31:35.750+0000] {dag.py:4180} INFO - Setting next_dagrun for dataset_consumes_unknown_never_scheduled to None, run_after=None
[2025-02-23T10:31:35.752+0000] {logging_mixin.py:190} INFO - [2025-02-23T10:31:35.752+0000] {dag.py:4180} INFO - Setting next_dagrun for dataset_produces_1 to 2025-02-22 00:00:00+00:00, run_after=2025-02-23 00:00:00+00:00
[2025-02-23T10:31:35.753+0000] {logging_mixin.py:190} INFO - [2025-02-23T10:31:35.753+0000] {dag.py:4180} INFO - Setting next_dagrun for dataset_produces_2 to None, run_after=None
[2025-02-23T10:31:35.793+0000] {processor.py:208} INFO - Processing /home/airflow/.local/lib/python3.12/site-packages/airflow/example_dags/example_datasets.py took 1.182 seconds
[2025-02-23T10:32:05.850+0000] {processor.py:186} INFO - Started process (PID=582) to work on /home/airflow/.local/lib/python3.12/site-packages/airflow/example_dags/example_datasets.py
[2025-02-23T10:32:05.851+0000] {processor.py:914} INFO - Processing file /home/airflow/.local/lib/python3.12/site-packages/airflow/example_dags/example_datasets.py for tasks to queue
[2025-02-23T10:32:05.853+0000] {logging_mixin.py:190} INFO - [2025-02-23T10:32:05.853+0000] {dagbag.py:588} INFO - Filling up the DagBag from /home/airflow/.local/lib/python3.12/site-packages/airflow/example_dags/example_datasets.py
[2025-02-23T10:32:06.373+0000] {processor.py:925} INFO - DAG(s) 'dataset_consumes_1', 'consume_1_or_both_2_and_3_with_dataset_expressions', 'dataset_consumes_1_and_2', 'dataset_consumes_1_never_scheduled', 'consume_1_or_2_with_dataset_expressions', 'dataset_produces_2', 'conditional_dataset_and_time_based_timetable', 'dataset_consumes_unknown_never_scheduled', 'consume_1_and_2_with_dataset_expressions', 'dataset_produces_1' retrieved from /home/airflow/.local/lib/python3.12/site-packages/airflow/example_dags/example_datasets.py
[2025-02-23T10:32:06.410+0000] {logging_mixin.py:190} INFO - [2025-02-23T10:32:06.409+0000] {dag.py:3239} INFO - Sync 10 DAGs
[2025-02-23T10:32:06.429+0000] {logging_mixin.py:190} INFO - [2025-02-23T10:32:06.428+0000] {dag.py:4180} INFO - Setting next_dagrun for conditional_dataset_and_time_based_timetable to 2025-02-19 01:00:00+00:00, run_after=2025-02-19 01:00:00+00:00
[2025-02-23T10:32:06.437+0000] {logging_mixin.py:190} INFO - [2025-02-23T10:32:06.437+0000] {dag.py:4180} INFO - Setting next_dagrun for consume_1_and_2_with_dataset_expressions to None, run_after=None
[2025-02-23T10:32:06.444+0000] {logging_mixin.py:190} INFO - [2025-02-23T10:32:06.444+0000] {dag.py:4180} INFO - Setting next_dagrun for consume_1_or_2_with_dataset_expressions to None, run_after=None
[2025-02-23T10:32:06.446+0000] {logging_mixin.py:190} INFO - [2025-02-23T10:32:06.445+0000] {dag.py:4180} INFO - Setting next_dagrun for consume_1_or_both_2_and_3_with_dataset_expressions to None, run_after=None
[2025-02-23T10:32:06.447+0000] {logging_mixin.py:190} INFO - [2025-02-23T10:32:06.447+0000] {dag.py:4180} INFO - Setting next_dagrun for dataset_consumes_1 to None, run_after=None
[2025-02-23T10:32:06.449+0000] {logging_mixin.py:190} INFO - [2025-02-23T10:32:06.449+0000] {dag.py:4180} INFO - Setting next_dagrun for dataset_consumes_1_and_2 to None, run_after=None
[2025-02-23T10:32:06.451+0000] {logging_mixin.py:190} INFO - [2025-02-23T10:32:06.451+0000] {dag.py:4180} INFO - Setting next_dagrun for dataset_consumes_1_never_scheduled to None, run_after=None
[2025-02-23T10:32:06.452+0000] {logging_mixin.py:190} INFO - [2025-02-23T10:32:06.452+0000] {dag.py:4180} INFO - Setting next_dagrun for dataset_consumes_unknown_never_scheduled to None, run_after=None
[2025-02-23T10:32:06.455+0000] {logging_mixin.py:190} INFO - [2025-02-23T10:32:06.455+0000] {dag.py:4180} INFO - Setting next_dagrun for dataset_produces_1 to 2025-02-22 00:00:00+00:00, run_after=2025-02-23 00:00:00+00:00
[2025-02-23T10:32:06.463+0000] {logging_mixin.py:190} INFO - [2025-02-23T10:32:06.463+0000] {dag.py:4180} INFO - Setting next_dagrun for dataset_produces_2 to None, run_after=None
[2025-02-23T10:32:06.494+0000] {processor.py:208} INFO - Processing /home/airflow/.local/lib/python3.12/site-packages/airflow/example_dags/example_datasets.py took 0.649 seconds
[2025-02-23T10:32:36.611+0000] {processor.py:186} INFO - Started process (PID=878) to work on /home/airflow/.local/lib/python3.12/site-packages/airflow/example_dags/example_datasets.py
[2025-02-23T10:32:36.612+0000] {processor.py:914} INFO - Processing file /home/airflow/.local/lib/python3.12/site-packages/airflow/example_dags/example_datasets.py for tasks to queue
[2025-02-23T10:32:36.614+0000] {logging_mixin.py:190} INFO - [2025-02-23T10:32:36.613+0000] {dagbag.py:588} INFO - Filling up the DagBag from /home/airflow/.local/lib/python3.12/site-packages/airflow/example_dags/example_datasets.py
[2025-02-23T10:32:36.918+0000] {processor.py:925} INFO - DAG(s) 'conditional_dataset_and_time_based_timetable', 'dataset_produces_2', 'consume_1_or_2_with_dataset_expressions', 'dataset_produces_1', 'dataset_consumes_1', 'dataset_consumes_1_never_scheduled', 'dataset_consumes_unknown_never_scheduled', 'consume_1_or_both_2_and_3_with_dataset_expressions', 'dataset_consumes_1_and_2', 'consume_1_and_2_with_dataset_expressions' retrieved from /home/airflow/.local/lib/python3.12/site-packages/airflow/example_dags/example_datasets.py
[2025-02-23T10:32:37.136+0000] {logging_mixin.py:190} INFO - [2025-02-23T10:32:37.135+0000] {dag.py:3239} INFO - Sync 10 DAGs
[2025-02-23T10:32:37.163+0000] {logging_mixin.py:190} INFO - [2025-02-23T10:32:37.163+0000] {dag.py:4180} INFO - Setting next_dagrun for conditional_dataset_and_time_based_timetable to 2025-02-19 01:00:00+00:00, run_after=2025-02-19 01:00:00+00:00
[2025-02-23T10:32:37.167+0000] {logging_mixin.py:190} INFO - [2025-02-23T10:32:37.167+0000] {dag.py:4180} INFO - Setting next_dagrun for consume_1_and_2_with_dataset_expressions to None, run_after=None
[2025-02-23T10:32:37.168+0000] {logging_mixin.py:190} INFO - [2025-02-23T10:32:37.168+0000] {dag.py:4180} INFO - Setting next_dagrun for consume_1_or_2_with_dataset_expressions to None, run_after=None
[2025-02-23T10:32:37.170+0000] {logging_mixin.py:190} INFO - [2025-02-23T10:32:37.169+0000] {dag.py:4180} INFO - Setting next_dagrun for consume_1_or_both_2_and_3_with_dataset_expressions to None, run_after=None
[2025-02-23T10:32:37.171+0000] {logging_mixin.py:190} INFO - [2025-02-23T10:32:37.171+0000] {dag.py:4180} INFO - Setting next_dagrun for dataset_consumes_1 to None, run_after=None
[2025-02-23T10:32:37.172+0000] {logging_mixin.py:190} INFO - [2025-02-23T10:32:37.172+0000] {dag.py:4180} INFO - Setting next_dagrun for dataset_consumes_1_and_2 to None, run_after=None
[2025-02-23T10:32:37.174+0000] {logging_mixin.py:190} INFO - [2025-02-23T10:32:37.174+0000] {dag.py:4180} INFO - Setting next_dagrun for dataset_consumes_1_never_scheduled to None, run_after=None
[2025-02-23T10:32:37.175+0000] {logging_mixin.py:190} INFO - [2025-02-23T10:32:37.175+0000] {dag.py:4180} INFO - Setting next_dagrun for dataset_consumes_unknown_never_scheduled to None, run_after=None
[2025-02-23T10:32:37.177+0000] {logging_mixin.py:190} INFO - [2025-02-23T10:32:37.177+0000] {dag.py:4180} INFO - Setting next_dagrun for dataset_produces_1 to 2025-02-22 00:00:00+00:00, run_after=2025-02-23 00:00:00+00:00
[2025-02-23T10:32:37.179+0000] {logging_mixin.py:190} INFO - [2025-02-23T10:32:37.179+0000] {dag.py:4180} INFO - Setting next_dagrun for dataset_produces_2 to None, run_after=None
[2025-02-23T10:32:37.205+0000] {processor.py:208} INFO - Processing /home/airflow/.local/lib/python3.12/site-packages/airflow/example_dags/example_datasets.py took 0.599 seconds
[2025-02-23T10:33:07.510+0000] {processor.py:186} INFO - Started process (PID=1174) to work on /home/airflow/.local/lib/python3.12/site-packages/airflow/example_dags/example_datasets.py
[2025-02-23T10:33:07.512+0000] {processor.py:914} INFO - Processing file /home/airflow/.local/lib/python3.12/site-packages/airflow/example_dags/example_datasets.py for tasks to queue
[2025-02-23T10:33:07.514+0000] {logging_mixin.py:190} INFO - [2025-02-23T10:33:07.514+0000] {dagbag.py:588} INFO - Filling up the DagBag from /home/airflow/.local/lib/python3.12/site-packages/airflow/example_dags/example_datasets.py
[2025-02-23T10:33:07.846+0000] {processor.py:925} INFO - DAG(s) 'dataset_produces_2', 'consume_1_or_2_with_dataset_expressions', 'dataset_consumes_1_and_2', 'dataset_consumes_unknown_never_scheduled', 'dataset_consumes_1_never_scheduled', 'consume_1_or_both_2_and_3_with_dataset_expressions', 'consume_1_and_2_with_dataset_expressions', 'dataset_consumes_1', 'conditional_dataset_and_time_based_timetable', 'dataset_produces_1' retrieved from /home/airflow/.local/lib/python3.12/site-packages/airflow/example_dags/example_datasets.py
[2025-02-23T10:33:07.890+0000] {logging_mixin.py:190} INFO - [2025-02-23T10:33:07.889+0000] {dag.py:3239} INFO - Sync 10 DAGs
[2025-02-23T10:33:08.060+0000] {logging_mixin.py:190} INFO - [2025-02-23T10:33:08.060+0000] {dag.py:4180} INFO - Setting next_dagrun for conditional_dataset_and_time_based_timetable to 2025-02-19 01:00:00+00:00, run_after=2025-02-19 01:00:00+00:00
[2025-02-23T10:33:08.065+0000] {logging_mixin.py:190} INFO - [2025-02-23T10:33:08.064+0000] {dag.py:4180} INFO - Setting next_dagrun for consume_1_and_2_with_dataset_expressions to None, run_after=None
[2025-02-23T10:33:08.067+0000] {logging_mixin.py:190} INFO - [2025-02-23T10:33:08.067+0000] {dag.py:4180} INFO - Setting next_dagrun for consume_1_or_2_with_dataset_expressions to None, run_after=None
[2025-02-23T10:33:08.069+0000] {logging_mixin.py:190} INFO - [2025-02-23T10:33:08.069+0000] {dag.py:4180} INFO - Setting next_dagrun for consume_1_or_both_2_and_3_with_dataset_expressions to None, run_after=None
[2025-02-23T10:33:08.071+0000] {logging_mixin.py:190} INFO - [2025-02-23T10:33:08.071+0000] {dag.py:4180} INFO - Setting next_dagrun for dataset_consumes_1 to None, run_after=None
[2025-02-23T10:33:08.073+0000] {logging_mixin.py:190} INFO - [2025-02-23T10:33:08.073+0000] {dag.py:4180} INFO - Setting next_dagrun for dataset_consumes_1_and_2 to None, run_after=None
[2025-02-23T10:33:08.075+0000] {logging_mixin.py:190} INFO - [2025-02-23T10:33:08.074+0000] {dag.py:4180} INFO - Setting next_dagrun for dataset_consumes_1_never_scheduled to None, run_after=None
[2025-02-23T10:33:08.076+0000] {logging_mixin.py:190} INFO - [2025-02-23T10:33:08.076+0000] {dag.py:4180} INFO - Setting next_dagrun for dataset_consumes_unknown_never_scheduled to None, run_after=None
[2025-02-23T10:33:08.079+0000] {logging_mixin.py:190} INFO - [2025-02-23T10:33:08.079+0000] {dag.py:4180} INFO - Setting next_dagrun for dataset_produces_1 to 2025-02-22 00:00:00+00:00, run_after=2025-02-23 00:00:00+00:00
[2025-02-23T10:33:08.081+0000] {logging_mixin.py:190} INFO - [2025-02-23T10:33:08.081+0000] {dag.py:4180} INFO - Setting next_dagrun for dataset_produces_2 to None, run_after=None
[2025-02-23T10:33:08.113+0000] {processor.py:208} INFO - Processing /home/airflow/.local/lib/python3.12/site-packages/airflow/example_dags/example_datasets.py took 0.607 seconds
[2025-02-23T10:33:38.164+0000] {processor.py:186} INFO - Started process (PID=1465) to work on /home/airflow/.local/lib/python3.12/site-packages/airflow/example_dags/example_datasets.py
[2025-02-23T10:33:38.165+0000] {processor.py:914} INFO - Processing file /home/airflow/.local/lib/python3.12/site-packages/airflow/example_dags/example_datasets.py for tasks to queue
[2025-02-23T10:33:38.167+0000] {logging_mixin.py:190} INFO - [2025-02-23T10:33:38.167+0000] {dagbag.py:588} INFO - Filling up the DagBag from /home/airflow/.local/lib/python3.12/site-packages/airflow/example_dags/example_datasets.py
[2025-02-23T10:33:38.632+0000] {processor.py:925} INFO - DAG(s) 'dataset_produces_2', 'consume_1_or_2_with_dataset_expressions', 'consume_1_and_2_with_dataset_expressions', 'dataset_produces_1', 'consume_1_or_both_2_and_3_with_dataset_expressions', 'dataset_consumes_unknown_never_scheduled', 'dataset_consumes_1_never_scheduled', 'dataset_consumes_1', 'dataset_consumes_1_and_2', 'conditional_dataset_and_time_based_timetable' retrieved from /home/airflow/.local/lib/python3.12/site-packages/airflow/example_dags/example_datasets.py
[2025-02-23T10:33:38.674+0000] {logging_mixin.py:190} INFO - [2025-02-23T10:33:38.674+0000] {dag.py:3239} INFO - Sync 10 DAGs
[2025-02-23T10:33:38.695+0000] {logging_mixin.py:190} INFO - [2025-02-23T10:33:38.695+0000] {dag.py:4180} INFO - Setting next_dagrun for conditional_dataset_and_time_based_timetable to 2025-02-19 01:00:00+00:00, run_after=2025-02-19 01:00:00+00:00
[2025-02-23T10:33:38.698+0000] {logging_mixin.py:190} INFO - [2025-02-23T10:33:38.698+0000] {dag.py:4180} INFO - Setting next_dagrun for consume_1_and_2_with_dataset_expressions to None, run_after=None
[2025-02-23T10:33:38.702+0000] {logging_mixin.py:190} INFO - [2025-02-23T10:33:38.702+0000] {dag.py:4180} INFO - Setting next_dagrun for consume_1_or_2_with_dataset_expressions to None, run_after=None
[2025-02-23T10:33:38.704+0000] {logging_mixin.py:190} INFO - [2025-02-23T10:33:38.704+0000] {dag.py:4180} INFO - Setting next_dagrun for consume_1_or_both_2_and_3_with_dataset_expressions to None, run_after=None
[2025-02-23T10:33:38.705+0000] {logging_mixin.py:190} INFO - [2025-02-23T10:33:38.705+0000] {dag.py:4180} INFO - Setting next_dagrun for dataset_consumes_1 to None, run_after=None
[2025-02-23T10:33:38.707+0000] {logging_mixin.py:190} INFO - [2025-02-23T10:33:38.707+0000] {dag.py:4180} INFO - Setting next_dagrun for dataset_consumes_1_and_2 to None, run_after=None
[2025-02-23T10:33:38.709+0000] {logging_mixin.py:190} INFO - [2025-02-23T10:33:38.709+0000] {dag.py:4180} INFO - Setting next_dagrun for dataset_consumes_1_never_scheduled to None, run_after=None
[2025-02-23T10:33:38.710+0000] {logging_mixin.py:190} INFO - [2025-02-23T10:33:38.710+0000] {dag.py:4180} INFO - Setting next_dagrun for dataset_consumes_unknown_never_scheduled to None, run_after=None
[2025-02-23T10:33:38.713+0000] {logging_mixin.py:190} INFO - [2025-02-23T10:33:38.713+0000] {dag.py:4180} INFO - Setting next_dagrun for dataset_produces_1 to 2025-02-22 00:00:00+00:00, run_after=2025-02-23 00:00:00+00:00
[2025-02-23T10:33:38.715+0000] {logging_mixin.py:190} INFO - [2025-02-23T10:33:38.715+0000] {dag.py:4180} INFO - Setting next_dagrun for dataset_produces_2 to None, run_after=None
[2025-02-23T10:33:38.747+0000] {processor.py:208} INFO - Processing /home/airflow/.local/lib/python3.12/site-packages/airflow/example_dags/example_datasets.py took 0.587 seconds
