[2025-02-23T10:31:33.245+0000] {processor.py:186} INFO - Started process (PID=261) to work on /home/airflow/.local/lib/python3.12/site-packages/airflow/example_dags/example_local_kubernetes_executor.py
[2025-02-23T10:31:33.246+0000] {processor.py:914} INFO - Processing file /home/airflow/.local/lib/python3.12/site-packages/airflow/example_dags/example_local_kubernetes_executor.py for tasks to queue
[2025-02-23T10:31:33.248+0000] {logging_mixin.py:190} INFO - [2025-02-23T10:31:33.248+0000] {dagbag.py:588} INFO - Filling up the DagBag from /home/airflow/.local/lib/python3.12/site-packages/airflow/example_dags/example_local_kubernetes_executor.py
[2025-02-23T10:31:33.258+0000] {processor.py:925} INFO - DAG(s) 'example_local_kubernetes_executor' retrieved from /home/airflow/.local/lib/python3.12/site-packages/airflow/example_dags/example_local_kubernetes_executor.py
[2025-02-23T10:31:33.359+0000] {logging_mixin.py:190} INFO - [2025-02-23T10:31:33.358+0000] {override.py:1912} INFO - Created Permission View: can read on DAG:example_local_kubernetes_executor
[2025-02-23T10:31:33.369+0000] {logging_mixin.py:190} INFO - [2025-02-23T10:31:33.368+0000] {override.py:1912} INFO - Created Permission View: can delete on DAG:example_local_kubernetes_executor
[2025-02-23T10:31:33.376+0000] {logging_mixin.py:190} INFO - [2025-02-23T10:31:33.376+0000] {override.py:1912} INFO - Created Permission View: can edit on DAG:example_local_kubernetes_executor
[2025-02-23T10:31:33.385+0000] {logging_mixin.py:190} INFO - [2025-02-23T10:31:33.384+0000] {override.py:1912} INFO - Created Permission View: can read on DAG Run:example_local_kubernetes_executor
[2025-02-23T10:31:33.392+0000] {logging_mixin.py:190} INFO - [2025-02-23T10:31:33.392+0000] {override.py:1912} INFO - Created Permission View: can create on DAG Run:example_local_kubernetes_executor
[2025-02-23T10:31:33.399+0000] {logging_mixin.py:190} INFO - [2025-02-23T10:31:33.398+0000] {override.py:1912} INFO - Created Permission View: menu access on DAG Run:example_local_kubernetes_executor
[2025-02-23T10:31:33.405+0000] {logging_mixin.py:190} INFO - [2025-02-23T10:31:33.405+0000] {override.py:1912} INFO - Created Permission View: can delete on DAG Run:example_local_kubernetes_executor
[2025-02-23T10:31:33.406+0000] {logging_mixin.py:190} INFO - [2025-02-23T10:31:33.406+0000] {dag.py:3239} INFO - Sync 1 DAGs
[2025-02-23T10:31:33.417+0000] {logging_mixin.py:190} INFO - [2025-02-23T10:31:33.417+0000] {dag.py:3262} INFO - Creating ORM DAG for example_local_kubernetes_executor
[2025-02-23T10:31:33.418+0000] {logging_mixin.py:190} INFO - [2025-02-23T10:31:33.418+0000] {dag.py:4180} INFO - Setting next_dagrun for example_local_kubernetes_executor to None, run_after=None
[2025-02-23T10:31:33.433+0000] {processor.py:208} INFO - Processing /home/airflow/.local/lib/python3.12/site-packages/airflow/example_dags/example_local_kubernetes_executor.py took 0.193 seconds
[2025-02-23T10:32:03.597+0000] {processor.py:186} INFO - Started process (PID=552) to work on /home/airflow/.local/lib/python3.12/site-packages/airflow/example_dags/example_local_kubernetes_executor.py
[2025-02-23T10:32:03.598+0000] {processor.py:914} INFO - Processing file /home/airflow/.local/lib/python3.12/site-packages/airflow/example_dags/example_local_kubernetes_executor.py for tasks to queue
[2025-02-23T10:32:03.599+0000] {logging_mixin.py:190} INFO - [2025-02-23T10:32:03.599+0000] {dagbag.py:588} INFO - Filling up the DagBag from /home/airflow/.local/lib/python3.12/site-packages/airflow/example_dags/example_local_kubernetes_executor.py
[2025-02-23T10:32:03.607+0000] {processor.py:925} INFO - DAG(s) 'example_local_kubernetes_executor' retrieved from /home/airflow/.local/lib/python3.12/site-packages/airflow/example_dags/example_local_kubernetes_executor.py
[2025-02-23T10:32:03.625+0000] {logging_mixin.py:190} INFO - [2025-02-23T10:32:03.625+0000] {dag.py:3239} INFO - Sync 1 DAGs
[2025-02-23T10:32:03.637+0000] {logging_mixin.py:190} INFO - [2025-02-23T10:32:03.636+0000] {dag.py:4180} INFO - Setting next_dagrun for example_local_kubernetes_executor to None, run_after=None
[2025-02-23T10:32:03.652+0000] {processor.py:208} INFO - Processing /home/airflow/.local/lib/python3.12/site-packages/airflow/example_dags/example_local_kubernetes_executor.py took 0.060 seconds
[2025-02-23T10:32:34.176+0000] {processor.py:186} INFO - Started process (PID=843) to work on /home/airflow/.local/lib/python3.12/site-packages/airflow/example_dags/example_local_kubernetes_executor.py
[2025-02-23T10:32:34.177+0000] {processor.py:914} INFO - Processing file /home/airflow/.local/lib/python3.12/site-packages/airflow/example_dags/example_local_kubernetes_executor.py for tasks to queue
[2025-02-23T10:32:34.179+0000] {logging_mixin.py:190} INFO - [2025-02-23T10:32:34.179+0000] {dagbag.py:588} INFO - Filling up the DagBag from /home/airflow/.local/lib/python3.12/site-packages/airflow/example_dags/example_local_kubernetes_executor.py
[2025-02-23T10:32:34.187+0000] {processor.py:925} INFO - DAG(s) 'example_local_kubernetes_executor' retrieved from /home/airflow/.local/lib/python3.12/site-packages/airflow/example_dags/example_local_kubernetes_executor.py
[2025-02-23T10:32:34.207+0000] {logging_mixin.py:190} INFO - [2025-02-23T10:32:34.206+0000] {dag.py:3239} INFO - Sync 1 DAGs
[2025-02-23T10:32:34.219+0000] {logging_mixin.py:190} INFO - [2025-02-23T10:32:34.219+0000] {dag.py:4180} INFO - Setting next_dagrun for example_local_kubernetes_executor to None, run_after=None
[2025-02-23T10:32:34.237+0000] {processor.py:208} INFO - Processing /home/airflow/.local/lib/python3.12/site-packages/airflow/example_dags/example_local_kubernetes_executor.py took 0.066 seconds
[2025-02-23T10:33:04.923+0000] {processor.py:186} INFO - Started process (PID=1134) to work on /home/airflow/.local/lib/python3.12/site-packages/airflow/example_dags/example_local_kubernetes_executor.py
[2025-02-23T10:33:04.924+0000] {processor.py:914} INFO - Processing file /home/airflow/.local/lib/python3.12/site-packages/airflow/example_dags/example_local_kubernetes_executor.py for tasks to queue
[2025-02-23T10:33:04.926+0000] {logging_mixin.py:190} INFO - [2025-02-23T10:33:04.925+0000] {dagbag.py:588} INFO - Filling up the DagBag from /home/airflow/.local/lib/python3.12/site-packages/airflow/example_dags/example_local_kubernetes_executor.py
[2025-02-23T10:33:04.935+0000] {processor.py:925} INFO - DAG(s) 'example_local_kubernetes_executor' retrieved from /home/airflow/.local/lib/python3.12/site-packages/airflow/example_dags/example_local_kubernetes_executor.py
[2025-02-23T10:33:04.952+0000] {logging_mixin.py:190} INFO - [2025-02-23T10:33:04.952+0000] {dag.py:3239} INFO - Sync 1 DAGs
[2025-02-23T10:33:04.964+0000] {logging_mixin.py:190} INFO - [2025-02-23T10:33:04.963+0000] {dag.py:4180} INFO - Setting next_dagrun for example_local_kubernetes_executor to None, run_after=None
[2025-02-23T10:33:04.978+0000] {processor.py:208} INFO - Processing /home/airflow/.local/lib/python3.12/site-packages/airflow/example_dags/example_local_kubernetes_executor.py took 0.060 seconds
[2025-02-23T10:33:35.580+0000] {processor.py:186} INFO - Started process (PID=1425) to work on /home/airflow/.local/lib/python3.12/site-packages/airflow/example_dags/example_local_kubernetes_executor.py
[2025-02-23T10:33:35.582+0000] {processor.py:914} INFO - Processing file /home/airflow/.local/lib/python3.12/site-packages/airflow/example_dags/example_local_kubernetes_executor.py for tasks to queue
[2025-02-23T10:33:35.584+0000] {logging_mixin.py:190} INFO - [2025-02-23T10:33:35.584+0000] {dagbag.py:588} INFO - Filling up the DagBag from /home/airflow/.local/lib/python3.12/site-packages/airflow/example_dags/example_local_kubernetes_executor.py
[2025-02-23T10:33:35.592+0000] {processor.py:925} INFO - DAG(s) 'example_local_kubernetes_executor' retrieved from /home/airflow/.local/lib/python3.12/site-packages/airflow/example_dags/example_local_kubernetes_executor.py
[2025-02-23T10:33:35.611+0000] {logging_mixin.py:190} INFO - [2025-02-23T10:33:35.610+0000] {dag.py:3239} INFO - Sync 1 DAGs
[2025-02-23T10:33:35.623+0000] {logging_mixin.py:190} INFO - [2025-02-23T10:33:35.623+0000] {dag.py:4180} INFO - Setting next_dagrun for example_local_kubernetes_executor to None, run_after=None
[2025-02-23T10:33:35.641+0000] {processor.py:208} INFO - Processing /home/airflow/.local/lib/python3.12/site-packages/airflow/example_dags/example_local_kubernetes_executor.py took 0.066 seconds
