[2025-02-23T10:31:32.998+0000] {processor.py:186} INFO - Started process (PID=251) to work on /home/airflow/.local/lib/python3.12/site-packages/airflow/example_dags/example_bash_decorator.py
[2025-02-23T10:31:32.999+0000] {processor.py:914} INFO - Processing file /home/airflow/.local/lib/python3.12/site-packages/airflow/example_dags/example_bash_decorator.py for tasks to queue
[2025-02-23T10:31:33.001+0000] {logging_mixin.py:190} INFO - [2025-02-23T10:31:33.001+0000] {dagbag.py:588} INFO - Filling up the DagBag from /home/airflow/.local/lib/python3.12/site-packages/airflow/example_dags/example_bash_decorator.py
[2025-02-23T10:31:33.017+0000] {processor.py:925} INFO - DAG(s) 'example_bash_decorator' retrieved from /home/airflow/.local/lib/python3.12/site-packages/airflow/example_dags/example_bash_decorator.py
[2025-02-23T10:31:33.129+0000] {logging_mixin.py:190} INFO - [2025-02-23T10:31:33.129+0000] {override.py:1912} INFO - Created Permission View: can read on DAG:example_bash_decorator
[2025-02-23T10:31:33.140+0000] {logging_mixin.py:190} INFO - [2025-02-23T10:31:33.139+0000] {override.py:1912} INFO - Created Permission View: can delete on DAG:example_bash_decorator
[2025-02-23T10:31:33.147+0000] {logging_mixin.py:190} INFO - [2025-02-23T10:31:33.147+0000] {override.py:1912} INFO - Created Permission View: can edit on DAG:example_bash_decorator
[2025-02-23T10:31:33.155+0000] {logging_mixin.py:190} INFO - [2025-02-23T10:31:33.155+0000] {override.py:1912} INFO - Created Permission View: can read on DAG Run:example_bash_decorator
[2025-02-23T10:31:33.162+0000] {logging_mixin.py:190} INFO - [2025-02-23T10:31:33.162+0000] {override.py:1912} INFO - Created Permission View: can create on DAG Run:example_bash_decorator
[2025-02-23T10:31:33.169+0000] {logging_mixin.py:190} INFO - [2025-02-23T10:31:33.169+0000] {override.py:1912} INFO - Created Permission View: menu access on DAG Run:example_bash_decorator
[2025-02-23T10:31:33.177+0000] {logging_mixin.py:190} INFO - [2025-02-23T10:31:33.177+0000] {override.py:1912} INFO - Created Permission View: can delete on DAG Run:example_bash_decorator
[2025-02-23T10:31:33.178+0000] {logging_mixin.py:190} INFO - [2025-02-23T10:31:33.178+0000] {dag.py:3239} INFO - Sync 1 DAGs
[2025-02-23T10:31:33.189+0000] {logging_mixin.py:190} INFO - [2025-02-23T10:31:33.188+0000] {dag.py:3262} INFO - Creating ORM DAG for example_bash_decorator
[2025-02-23T10:31:33.190+0000] {logging_mixin.py:190} INFO - [2025-02-23T10:31:33.189+0000] {dag.py:4180} INFO - Setting next_dagrun for example_bash_decorator to None, run_after=None
[2025-02-23T10:31:33.204+0000] {processor.py:208} INFO - Processing /home/airflow/.local/lib/python3.12/site-packages/airflow/example_dags/example_bash_decorator.py took 0.212 seconds
[2025-02-23T10:32:03.508+0000] {processor.py:186} INFO - Started process (PID=542) to work on /home/airflow/.local/lib/python3.12/site-packages/airflow/example_dags/example_bash_decorator.py
[2025-02-23T10:32:03.509+0000] {processor.py:914} INFO - Processing file /home/airflow/.local/lib/python3.12/site-packages/airflow/example_dags/example_bash_decorator.py for tasks to queue
[2025-02-23T10:32:03.512+0000] {logging_mixin.py:190} INFO - [2025-02-23T10:32:03.511+0000] {dagbag.py:588} INFO - Filling up the DagBag from /home/airflow/.local/lib/python3.12/site-packages/airflow/example_dags/example_bash_decorator.py
[2025-02-23T10:32:03.524+0000] {processor.py:925} INFO - DAG(s) 'example_bash_decorator' retrieved from /home/airflow/.local/lib/python3.12/site-packages/airflow/example_dags/example_bash_decorator.py
[2025-02-23T10:32:03.542+0000] {logging_mixin.py:190} INFO - [2025-02-23T10:32:03.542+0000] {dag.py:3239} INFO - Sync 1 DAGs
[2025-02-23T10:32:03.553+0000] {logging_mixin.py:190} INFO - [2025-02-23T10:32:03.553+0000] {dag.py:4180} INFO - Setting next_dagrun for example_bash_decorator to None, run_after=None
[2025-02-23T10:32:03.567+0000] {processor.py:208} INFO - Processing /home/airflow/.local/lib/python3.12/site-packages/airflow/example_dags/example_bash_decorator.py took 0.064 seconds
[2025-02-23T10:32:34.071+0000] {processor.py:186} INFO - Started process (PID=833) to work on /home/airflow/.local/lib/python3.12/site-packages/airflow/example_dags/example_bash_decorator.py
[2025-02-23T10:32:34.072+0000] {processor.py:914} INFO - Processing file /home/airflow/.local/lib/python3.12/site-packages/airflow/example_dags/example_bash_decorator.py for tasks to queue
[2025-02-23T10:32:34.075+0000] {logging_mixin.py:190} INFO - [2025-02-23T10:32:34.075+0000] {dagbag.py:588} INFO - Filling up the DagBag from /home/airflow/.local/lib/python3.12/site-packages/airflow/example_dags/example_bash_decorator.py
[2025-02-23T10:32:34.089+0000] {processor.py:925} INFO - DAG(s) 'example_bash_decorator' retrieved from /home/airflow/.local/lib/python3.12/site-packages/airflow/example_dags/example_bash_decorator.py
[2025-02-23T10:32:34.111+0000] {logging_mixin.py:190} INFO - [2025-02-23T10:32:34.110+0000] {dag.py:3239} INFO - Sync 1 DAGs
[2025-02-23T10:32:34.125+0000] {logging_mixin.py:190} INFO - [2025-02-23T10:32:34.125+0000] {dag.py:4180} INFO - Setting next_dagrun for example_bash_decorator to None, run_after=None
[2025-02-23T10:32:34.142+0000] {processor.py:208} INFO - Processing /home/airflow/.local/lib/python3.12/site-packages/airflow/example_dags/example_bash_decorator.py took 0.076 seconds
[2025-02-23T10:33:04.697+0000] {processor.py:186} INFO - Started process (PID=1124) to work on /home/airflow/.local/lib/python3.12/site-packages/airflow/example_dags/example_bash_decorator.py
[2025-02-23T10:33:04.698+0000] {processor.py:914} INFO - Processing file /home/airflow/.local/lib/python3.12/site-packages/airflow/example_dags/example_bash_decorator.py for tasks to queue
[2025-02-23T10:33:04.701+0000] {logging_mixin.py:190} INFO - [2025-02-23T10:33:04.700+0000] {dagbag.py:588} INFO - Filling up the DagBag from /home/airflow/.local/lib/python3.12/site-packages/airflow/example_dags/example_bash_decorator.py
[2025-02-23T10:33:04.713+0000] {processor.py:925} INFO - DAG(s) 'example_bash_decorator' retrieved from /home/airflow/.local/lib/python3.12/site-packages/airflow/example_dags/example_bash_decorator.py
[2025-02-23T10:33:04.735+0000] {logging_mixin.py:190} INFO - [2025-02-23T10:33:04.735+0000] {dag.py:3239} INFO - Sync 1 DAGs
[2025-02-23T10:33:04.747+0000] {logging_mixin.py:190} INFO - [2025-02-23T10:33:04.747+0000] {dag.py:4180} INFO - Setting next_dagrun for example_bash_decorator to None, run_after=None
[2025-02-23T10:33:04.775+0000] {processor.py:208} INFO - Processing /home/airflow/.local/lib/python3.12/site-packages/airflow/example_dags/example_bash_decorator.py took 0.083 seconds
[2025-02-23T10:33:35.430+0000] {processor.py:186} INFO - Started process (PID=1415) to work on /home/airflow/.local/lib/python3.12/site-packages/airflow/example_dags/example_bash_decorator.py
[2025-02-23T10:33:35.431+0000] {processor.py:914} INFO - Processing file /home/airflow/.local/lib/python3.12/site-packages/airflow/example_dags/example_bash_decorator.py for tasks to queue
[2025-02-23T10:33:35.434+0000] {logging_mixin.py:190} INFO - [2025-02-23T10:33:35.433+0000] {dagbag.py:588} INFO - Filling up the DagBag from /home/airflow/.local/lib/python3.12/site-packages/airflow/example_dags/example_bash_decorator.py
[2025-02-23T10:33:35.446+0000] {processor.py:925} INFO - DAG(s) 'example_bash_decorator' retrieved from /home/airflow/.local/lib/python3.12/site-packages/airflow/example_dags/example_bash_decorator.py
[2025-02-23T10:33:35.467+0000] {logging_mixin.py:190} INFO - [2025-02-23T10:33:35.467+0000] {dag.py:3239} INFO - Sync 1 DAGs
[2025-02-23T10:33:35.479+0000] {logging_mixin.py:190} INFO - [2025-02-23T10:33:35.479+0000] {dag.py:4180} INFO - Setting next_dagrun for example_bash_decorator to None, run_after=None
[2025-02-23T10:33:35.498+0000] {processor.py:208} INFO - Processing /home/airflow/.local/lib/python3.12/site-packages/airflow/example_dags/example_bash_decorator.py took 0.073 seconds
