[2025-02-23T10:31:32.219+0000] {processor.py:186} INFO - Started process (PID=220) to work on /home/airflow/.local/lib/python3.12/site-packages/airflow/example_dags/example_latest_only.py
[2025-02-23T10:31:32.221+0000] {processor.py:914} INFO - Processing file /home/airflow/.local/lib/python3.12/site-packages/airflow/example_dags/example_latest_only.py for tasks to queue
[2025-02-23T10:31:32.223+0000] {logging_mixin.py:190} INFO - [2025-02-23T10:31:32.223+0000] {dagbag.py:588} INFO - Filling up the DagBag from /home/airflow/.local/lib/python3.12/site-packages/airflow/example_dags/example_latest_only.py
[2025-02-23T10:31:32.231+0000] {processor.py:925} INFO - DAG(s) 'latest_only' retrieved from /home/airflow/.local/lib/python3.12/site-packages/airflow/example_dags/example_latest_only.py
[2025-02-23T10:31:32.335+0000] {logging_mixin.py:190} INFO - [2025-02-23T10:31:32.334+0000] {override.py:1912} INFO - Created Permission View: can read on DAG:latest_only
[2025-02-23T10:31:32.347+0000] {logging_mixin.py:190} INFO - [2025-02-23T10:31:32.346+0000] {override.py:1912} INFO - Created Permission View: can delete on DAG:latest_only
[2025-02-23T10:31:32.354+0000] {logging_mixin.py:190} INFO - [2025-02-23T10:31:32.353+0000] {override.py:1912} INFO - Created Permission View: can edit on DAG:latest_only
[2025-02-23T10:31:32.363+0000] {logging_mixin.py:190} INFO - [2025-02-23T10:31:32.362+0000] {override.py:1912} INFO - Created Permission View: can read on DAG Run:latest_only
[2025-02-23T10:31:32.371+0000] {logging_mixin.py:190} INFO - [2025-02-23T10:31:32.370+0000] {override.py:1912} INFO - Created Permission View: can create on DAG Run:latest_only
[2025-02-23T10:31:32.380+0000] {logging_mixin.py:190} INFO - [2025-02-23T10:31:32.380+0000] {override.py:1912} INFO - Created Permission View: menu access on DAG Run:latest_only
[2025-02-23T10:31:32.389+0000] {logging_mixin.py:190} INFO - [2025-02-23T10:31:32.389+0000] {override.py:1912} INFO - Created Permission View: can delete on DAG Run:latest_only
[2025-02-23T10:31:32.390+0000] {logging_mixin.py:190} INFO - [2025-02-23T10:31:32.390+0000] {dag.py:3239} INFO - Sync 1 DAGs
[2025-02-23T10:31:32.404+0000] {logging_mixin.py:190} INFO - [2025-02-23T10:31:32.404+0000] {dag.py:3262} INFO - Creating ORM DAG for latest_only
[2025-02-23T10:31:32.414+0000] {logging_mixin.py:190} INFO - [2025-02-23T10:31:32.414+0000] {dag.py:4180} INFO - Setting next_dagrun for latest_only to 2025-02-23 04:00:00+00:00, run_after=2025-02-23 08:00:00+00:00
[2025-02-23T10:31:32.431+0000] {processor.py:208} INFO - Processing /home/airflow/.local/lib/python3.12/site-packages/airflow/example_dags/example_latest_only.py took 0.218 seconds
[2025-02-23T10:32:03.042+0000] {processor.py:186} INFO - Started process (PID=519) to work on /home/airflow/.local/lib/python3.12/site-packages/airflow/example_dags/example_latest_only.py
[2025-02-23T10:32:03.043+0000] {processor.py:914} INFO - Processing file /home/airflow/.local/lib/python3.12/site-packages/airflow/example_dags/example_latest_only.py for tasks to queue
[2025-02-23T10:32:03.046+0000] {logging_mixin.py:190} INFO - [2025-02-23T10:32:03.046+0000] {dagbag.py:588} INFO - Filling up the DagBag from /home/airflow/.local/lib/python3.12/site-packages/airflow/example_dags/example_latest_only.py
[2025-02-23T10:32:03.064+0000] {processor.py:925} INFO - DAG(s) 'latest_only' retrieved from /home/airflow/.local/lib/python3.12/site-packages/airflow/example_dags/example_latest_only.py
[2025-02-23T10:32:03.084+0000] {logging_mixin.py:190} INFO - [2025-02-23T10:32:03.084+0000] {dag.py:3239} INFO - Sync 1 DAGs
[2025-02-23T10:32:03.106+0000] {logging_mixin.py:190} INFO - [2025-02-23T10:32:03.106+0000] {dag.py:4180} INFO - Setting next_dagrun for latest_only to 2025-02-23 04:00:00+00:00, run_after=2025-02-23 08:00:00+00:00
[2025-02-23T10:32:03.136+0000] {processor.py:208} INFO - Processing /home/airflow/.local/lib/python3.12/site-packages/airflow/example_dags/example_latest_only.py took 0.099 seconds
[2025-02-23T10:32:33.657+0000] {processor.py:186} INFO - Started process (PID=808) to work on /home/airflow/.local/lib/python3.12/site-packages/airflow/example_dags/example_latest_only.py
[2025-02-23T10:32:33.659+0000] {processor.py:914} INFO - Processing file /home/airflow/.local/lib/python3.12/site-packages/airflow/example_dags/example_latest_only.py for tasks to queue
[2025-02-23T10:32:33.661+0000] {logging_mixin.py:190} INFO - [2025-02-23T10:32:33.661+0000] {dagbag.py:588} INFO - Filling up the DagBag from /home/airflow/.local/lib/python3.12/site-packages/airflow/example_dags/example_latest_only.py
[2025-02-23T10:32:33.668+0000] {processor.py:925} INFO - DAG(s) 'latest_only' retrieved from /home/airflow/.local/lib/python3.12/site-packages/airflow/example_dags/example_latest_only.py
[2025-02-23T10:32:33.686+0000] {logging_mixin.py:190} INFO - [2025-02-23T10:32:33.686+0000] {dag.py:3239} INFO - Sync 1 DAGs
[2025-02-23T10:32:33.706+0000] {logging_mixin.py:190} INFO - [2025-02-23T10:32:33.705+0000] {dag.py:4180} INFO - Setting next_dagrun for latest_only to 2025-02-23 04:00:00+00:00, run_after=2025-02-23 08:00:00+00:00
[2025-02-23T10:32:33.721+0000] {processor.py:208} INFO - Processing /home/airflow/.local/lib/python3.12/site-packages/airflow/example_dags/example_latest_only.py took 0.069 seconds
[2025-02-23T10:33:04.337+0000] {processor.py:186} INFO - Started process (PID=1099) to work on /home/airflow/.local/lib/python3.12/site-packages/airflow/example_dags/example_latest_only.py
[2025-02-23T10:33:04.338+0000] {processor.py:914} INFO - Processing file /home/airflow/.local/lib/python3.12/site-packages/airflow/example_dags/example_latest_only.py for tasks to queue
[2025-02-23T10:33:04.340+0000] {logging_mixin.py:190} INFO - [2025-02-23T10:33:04.340+0000] {dagbag.py:588} INFO - Filling up the DagBag from /home/airflow/.local/lib/python3.12/site-packages/airflow/example_dags/example_latest_only.py
[2025-02-23T10:33:04.347+0000] {processor.py:925} INFO - DAG(s) 'latest_only' retrieved from /home/airflow/.local/lib/python3.12/site-packages/airflow/example_dags/example_latest_only.py
[2025-02-23T10:33:04.366+0000] {logging_mixin.py:190} INFO - [2025-02-23T10:33:04.366+0000] {dag.py:3239} INFO - Sync 1 DAGs
[2025-02-23T10:33:04.386+0000] {logging_mixin.py:190} INFO - [2025-02-23T10:33:04.386+0000] {dag.py:4180} INFO - Setting next_dagrun for latest_only to 2025-02-23 04:00:00+00:00, run_after=2025-02-23 08:00:00+00:00
[2025-02-23T10:33:04.402+0000] {processor.py:208} INFO - Processing /home/airflow/.local/lib/python3.12/site-packages/airflow/example_dags/example_latest_only.py took 0.070 seconds
[2025-02-23T10:33:34.907+0000] {processor.py:186} INFO - Started process (PID=1390) to work on /home/airflow/.local/lib/python3.12/site-packages/airflow/example_dags/example_latest_only.py
[2025-02-23T10:33:34.908+0000] {processor.py:914} INFO - Processing file /home/airflow/.local/lib/python3.12/site-packages/airflow/example_dags/example_latest_only.py for tasks to queue
[2025-02-23T10:33:34.910+0000] {logging_mixin.py:190} INFO - [2025-02-23T10:33:34.910+0000] {dagbag.py:588} INFO - Filling up the DagBag from /home/airflow/.local/lib/python3.12/site-packages/airflow/example_dags/example_latest_only.py
[2025-02-23T10:33:34.917+0000] {processor.py:925} INFO - DAG(s) 'latest_only' retrieved from /home/airflow/.local/lib/python3.12/site-packages/airflow/example_dags/example_latest_only.py
[2025-02-23T10:33:34.934+0000] {logging_mixin.py:190} INFO - [2025-02-23T10:33:34.934+0000] {dag.py:3239} INFO - Sync 1 DAGs
[2025-02-23T10:33:34.953+0000] {logging_mixin.py:190} INFO - [2025-02-23T10:33:34.953+0000] {dag.py:4180} INFO - Setting next_dagrun for latest_only to 2025-02-23 04:00:00+00:00, run_after=2025-02-23 08:00:00+00:00
[2025-02-23T10:33:34.972+0000] {processor.py:208} INFO - Processing /home/airflow/.local/lib/python3.12/site-packages/airflow/example_dags/example_latest_only.py took 0.070 seconds
