[2025-02-23T10:31:32.734+0000] {processor.py:186} INFO - Started process (PID=235) to work on /home/airflow/.local/lib/python3.12/site-packages/airflow/example_dags/example_xcom.py
[2025-02-23T10:31:32.736+0000] {processor.py:914} INFO - Processing file /home/airflow/.local/lib/python3.12/site-packages/airflow/example_dags/example_xcom.py for tasks to queue
[2025-02-23T10:31:32.738+0000] {logging_mixin.py:190} INFO - [2025-02-23T10:31:32.738+0000] {dagbag.py:588} INFO - Filling up the DagBag from /home/airflow/.local/lib/python3.12/site-packages/airflow/example_dags/example_xcom.py
[2025-02-23T10:31:32.748+0000] {processor.py:925} INFO - DAG(s) 'example_xcom' retrieved from /home/airflow/.local/lib/python3.12/site-packages/airflow/example_dags/example_xcom.py
[2025-02-23T10:31:32.850+0000] {logging_mixin.py:190} INFO - [2025-02-23T10:31:32.849+0000] {override.py:1912} INFO - Created Permission View: can read on DAG:example_xcom
[2025-02-23T10:31:32.863+0000] {logging_mixin.py:190} INFO - [2025-02-23T10:31:32.863+0000] {override.py:1912} INFO - Created Permission View: can delete on DAG:example_xcom
[2025-02-23T10:31:32.873+0000] {logging_mixin.py:190} INFO - [2025-02-23T10:31:32.873+0000] {override.py:1912} INFO - Created Permission View: can edit on DAG:example_xcom
[2025-02-23T10:31:32.884+0000] {logging_mixin.py:190} INFO - [2025-02-23T10:31:32.884+0000] {override.py:1912} INFO - Created Permission View: can read on DAG Run:example_xcom
[2025-02-23T10:31:32.891+0000] {logging_mixin.py:190} INFO - [2025-02-23T10:31:32.891+0000] {override.py:1912} INFO - Created Permission View: can create on DAG Run:example_xcom
[2025-02-23T10:31:32.900+0000] {logging_mixin.py:190} INFO - [2025-02-23T10:31:32.899+0000] {override.py:1912} INFO - Created Permission View: menu access on DAG Run:example_xcom
[2025-02-23T10:31:32.909+0000] {logging_mixin.py:190} INFO - [2025-02-23T10:31:32.908+0000] {override.py:1912} INFO - Created Permission View: can delete on DAG Run:example_xcom
[2025-02-23T10:31:32.910+0000] {logging_mixin.py:190} INFO - [2025-02-23T10:31:32.910+0000] {dag.py:3239} INFO - Sync 1 DAGs
[2025-02-23T10:31:32.923+0000] {logging_mixin.py:190} INFO - [2025-02-23T10:31:32.923+0000] {dag.py:3262} INFO - Creating ORM DAG for example_xcom
[2025-02-23T10:31:32.934+0000] {logging_mixin.py:190} INFO - [2025-02-23T10:31:32.934+0000] {dag.py:4180} INFO - Setting next_dagrun for example_xcom to 2021-01-01 00:00:00+00:00, run_after=2021-01-01 00:00:00+00:00
[2025-02-23T10:31:32.956+0000] {processor.py:208} INFO - Processing /home/airflow/.local/lib/python3.12/site-packages/airflow/example_dags/example_xcom.py took 0.227 seconds
[2025-02-23T10:32:03.302+0000] {processor.py:186} INFO - Started process (PID=532) to work on /home/airflow/.local/lib/python3.12/site-packages/airflow/example_dags/example_xcom.py
[2025-02-23T10:32:03.303+0000] {processor.py:914} INFO - Processing file /home/airflow/.local/lib/python3.12/site-packages/airflow/example_dags/example_xcom.py for tasks to queue
[2025-02-23T10:32:03.305+0000] {logging_mixin.py:190} INFO - [2025-02-23T10:32:03.305+0000] {dagbag.py:588} INFO - Filling up the DagBag from /home/airflow/.local/lib/python3.12/site-packages/airflow/example_dags/example_xcom.py
[2025-02-23T10:32:03.312+0000] {processor.py:925} INFO - DAG(s) 'example_xcom' retrieved from /home/airflow/.local/lib/python3.12/site-packages/airflow/example_dags/example_xcom.py
[2025-02-23T10:32:03.330+0000] {logging_mixin.py:190} INFO - [2025-02-23T10:32:03.330+0000] {dag.py:3239} INFO - Sync 1 DAGs
[2025-02-23T10:32:03.348+0000] {logging_mixin.py:190} INFO - [2025-02-23T10:32:03.348+0000] {dag.py:4180} INFO - Setting next_dagrun for example_xcom to 2021-01-01 00:00:00+00:00, run_after=2021-01-01 00:00:00+00:00
[2025-02-23T10:32:03.375+0000] {processor.py:208} INFO - Processing /home/airflow/.local/lib/python3.12/site-packages/airflow/example_dags/example_xcom.py took 0.077 seconds
[2025-02-23T10:32:33.868+0000] {processor.py:186} INFO - Started process (PID=823) to work on /home/airflow/.local/lib/python3.12/site-packages/airflow/example_dags/example_xcom.py
[2025-02-23T10:32:33.869+0000] {processor.py:914} INFO - Processing file /home/airflow/.local/lib/python3.12/site-packages/airflow/example_dags/example_xcom.py for tasks to queue
[2025-02-23T10:32:33.871+0000] {logging_mixin.py:190} INFO - [2025-02-23T10:32:33.871+0000] {dagbag.py:588} INFO - Filling up the DagBag from /home/airflow/.local/lib/python3.12/site-packages/airflow/example_dags/example_xcom.py
[2025-02-23T10:32:33.879+0000] {processor.py:925} INFO - DAG(s) 'example_xcom' retrieved from /home/airflow/.local/lib/python3.12/site-packages/airflow/example_dags/example_xcom.py
[2025-02-23T10:32:33.898+0000] {logging_mixin.py:190} INFO - [2025-02-23T10:32:33.898+0000] {dag.py:3239} INFO - Sync 1 DAGs
[2025-02-23T10:32:33.919+0000] {logging_mixin.py:190} INFO - [2025-02-23T10:32:33.919+0000] {dag.py:4180} INFO - Setting next_dagrun for example_xcom to 2021-01-01 00:00:00+00:00, run_after=2021-01-01 00:00:00+00:00
[2025-02-23T10:32:33.936+0000] {processor.py:208} INFO - Processing /home/airflow/.local/lib/python3.12/site-packages/airflow/example_dags/example_xcom.py took 0.073 seconds
[2025-02-23T10:33:04.442+0000] {processor.py:186} INFO - Started process (PID=1109) to work on /home/airflow/.local/lib/python3.12/site-packages/airflow/example_dags/example_xcom.py
[2025-02-23T10:33:04.448+0000] {processor.py:914} INFO - Processing file /home/airflow/.local/lib/python3.12/site-packages/airflow/example_dags/example_xcom.py for tasks to queue
[2025-02-23T10:33:04.456+0000] {logging_mixin.py:190} INFO - [2025-02-23T10:33:04.456+0000] {dagbag.py:588} INFO - Filling up the DagBag from /home/airflow/.local/lib/python3.12/site-packages/airflow/example_dags/example_xcom.py
[2025-02-23T10:33:04.468+0000] {processor.py:925} INFO - DAG(s) 'example_xcom' retrieved from /home/airflow/.local/lib/python3.12/site-packages/airflow/example_dags/example_xcom.py
[2025-02-23T10:33:04.495+0000] {logging_mixin.py:190} INFO - [2025-02-23T10:33:04.495+0000] {dag.py:3239} INFO - Sync 1 DAGs
[2025-02-23T10:33:04.520+0000] {logging_mixin.py:190} INFO - [2025-02-23T10:33:04.520+0000] {dag.py:4180} INFO - Setting next_dagrun for example_xcom to 2021-01-01 00:00:00+00:00, run_after=2021-01-01 00:00:00+00:00
[2025-02-23T10:33:04.542+0000] {processor.py:208} INFO - Processing /home/airflow/.local/lib/python3.12/site-packages/airflow/example_dags/example_xcom.py took 0.105 seconds
[2025-02-23T10:33:35.180+0000] {processor.py:186} INFO - Started process (PID=1402) to work on /home/airflow/.local/lib/python3.12/site-packages/airflow/example_dags/example_xcom.py
[2025-02-23T10:33:35.181+0000] {processor.py:914} INFO - Processing file /home/airflow/.local/lib/python3.12/site-packages/airflow/example_dags/example_xcom.py for tasks to queue
[2025-02-23T10:33:35.183+0000] {logging_mixin.py:190} INFO - [2025-02-23T10:33:35.183+0000] {dagbag.py:588} INFO - Filling up the DagBag from /home/airflow/.local/lib/python3.12/site-packages/airflow/example_dags/example_xcom.py
[2025-02-23T10:33:35.192+0000] {processor.py:925} INFO - DAG(s) 'example_xcom' retrieved from /home/airflow/.local/lib/python3.12/site-packages/airflow/example_dags/example_xcom.py
[2025-02-23T10:33:35.213+0000] {logging_mixin.py:190} INFO - [2025-02-23T10:33:35.213+0000] {dag.py:3239} INFO - Sync 1 DAGs
[2025-02-23T10:33:35.234+0000] {logging_mixin.py:190} INFO - [2025-02-23T10:33:35.233+0000] {dag.py:4180} INFO - Setting next_dagrun for example_xcom to 2021-01-01 00:00:00+00:00, run_after=2021-01-01 00:00:00+00:00
[2025-02-23T10:33:35.253+0000] {processor.py:208} INFO - Processing /home/airflow/.local/lib/python3.12/site-packages/airflow/example_dags/example_xcom.py took 0.078 seconds
