[2025-02-23T10:31:35.733+0000] {processor.py:186} INFO - Started process (PID=296) to work on /home/airflow/.local/lib/python3.12/site-packages/airflow/example_dags/example_time_delta_sensor_async.py
[2025-02-23T10:31:35.734+0000] {processor.py:914} INFO - Processing file /home/airflow/.local/lib/python3.12/site-packages/airflow/example_dags/example_time_delta_sensor_async.py for tasks to queue
[2025-02-23T10:31:35.736+0000] {logging_mixin.py:190} INFO - [2025-02-23T10:31:35.736+0000] {dagbag.py:588} INFO - Filling up the DagBag from /home/airflow/.local/lib/python3.12/site-packages/airflow/example_dags/example_time_delta_sensor_async.py
[2025-02-23T10:31:35.746+0000] {processor.py:925} INFO - DAG(s) 'example_time_delta_sensor_async' retrieved from /home/airflow/.local/lib/python3.12/site-packages/airflow/example_dags/example_time_delta_sensor_async.py
[2025-02-23T10:31:35.839+0000] {logging_mixin.py:190} INFO - [2025-02-23T10:31:35.838+0000] {override.py:1912} INFO - Created Permission View: can read on DAG:example_time_delta_sensor_async
[2025-02-23T10:31:35.848+0000] {logging_mixin.py:190} INFO - [2025-02-23T10:31:35.848+0000] {override.py:1912} INFO - Created Permission View: can delete on DAG:example_time_delta_sensor_async
[2025-02-23T10:31:35.853+0000] {logging_mixin.py:190} INFO - [2025-02-23T10:31:35.853+0000] {override.py:1912} INFO - Created Permission View: can edit on DAG:example_time_delta_sensor_async
[2025-02-23T10:31:35.859+0000] {logging_mixin.py:190} INFO - [2025-02-23T10:31:35.859+0000] {override.py:1912} INFO - Created Permission View: can read on DAG Run:example_time_delta_sensor_async
[2025-02-23T10:31:35.866+0000] {logging_mixin.py:190} INFO - [2025-02-23T10:31:35.866+0000] {override.py:1912} INFO - Created Permission View: can create on DAG Run:example_time_delta_sensor_async
[2025-02-23T10:31:35.871+0000] {logging_mixin.py:190} INFO - [2025-02-23T10:31:35.871+0000] {override.py:1912} INFO - Created Permission View: menu access on DAG Run:example_time_delta_sensor_async
[2025-02-23T10:31:35.877+0000] {logging_mixin.py:190} INFO - [2025-02-23T10:31:35.876+0000] {override.py:1912} INFO - Created Permission View: can delete on DAG Run:example_time_delta_sensor_async
[2025-02-23T10:31:35.877+0000] {logging_mixin.py:190} INFO - [2025-02-23T10:31:35.877+0000] {dag.py:3239} INFO - Sync 1 DAGs
[2025-02-23T10:31:35.888+0000] {logging_mixin.py:190} INFO - [2025-02-23T10:31:35.888+0000] {dag.py:3262} INFO - Creating ORM DAG for example_time_delta_sensor_async
[2025-02-23T10:31:35.889+0000] {logging_mixin.py:190} INFO - [2025-02-23T10:31:35.889+0000] {dag.py:4180} INFO - Setting next_dagrun for example_time_delta_sensor_async to None, run_after=None
[2025-02-23T10:31:35.905+0000] {processor.py:208} INFO - Processing /home/airflow/.local/lib/python3.12/site-packages/airflow/example_dags/example_time_delta_sensor_async.py took 0.178 seconds
[2025-02-23T10:32:06.388+0000] {processor.py:186} INFO - Started process (PID=587) to work on /home/airflow/.local/lib/python3.12/site-packages/airflow/example_dags/example_time_delta_sensor_async.py
[2025-02-23T10:32:06.390+0000] {processor.py:914} INFO - Processing file /home/airflow/.local/lib/python3.12/site-packages/airflow/example_dags/example_time_delta_sensor_async.py for tasks to queue
[2025-02-23T10:32:06.392+0000] {logging_mixin.py:190} INFO - [2025-02-23T10:32:06.392+0000] {dagbag.py:588} INFO - Filling up the DagBag from /home/airflow/.local/lib/python3.12/site-packages/airflow/example_dags/example_time_delta_sensor_async.py
[2025-02-23T10:32:06.398+0000] {processor.py:925} INFO - DAG(s) 'example_time_delta_sensor_async' retrieved from /home/airflow/.local/lib/python3.12/site-packages/airflow/example_dags/example_time_delta_sensor_async.py
[2025-02-23T10:32:06.413+0000] {logging_mixin.py:190} INFO - [2025-02-23T10:32:06.413+0000] {dag.py:3239} INFO - Sync 1 DAGs
[2025-02-23T10:32:06.425+0000] {logging_mixin.py:190} INFO - [2025-02-23T10:32:06.425+0000] {dag.py:4180} INFO - Setting next_dagrun for example_time_delta_sensor_async to None, run_after=None
[2025-02-23T10:32:06.440+0000] {processor.py:208} INFO - Processing /home/airflow/.local/lib/python3.12/site-packages/airflow/example_dags/example_time_delta_sensor_async.py took 0.058 seconds
[2025-02-23T10:32:36.521+0000] {processor.py:186} INFO - Started process (PID=873) to work on /home/airflow/.local/lib/python3.12/site-packages/airflow/example_dags/example_time_delta_sensor_async.py
[2025-02-23T10:32:36.522+0000] {processor.py:914} INFO - Processing file /home/airflow/.local/lib/python3.12/site-packages/airflow/example_dags/example_time_delta_sensor_async.py for tasks to queue
[2025-02-23T10:32:36.524+0000] {logging_mixin.py:190} INFO - [2025-02-23T10:32:36.524+0000] {dagbag.py:588} INFO - Filling up the DagBag from /home/airflow/.local/lib/python3.12/site-packages/airflow/example_dags/example_time_delta_sensor_async.py
[2025-02-23T10:32:36.531+0000] {processor.py:925} INFO - DAG(s) 'example_time_delta_sensor_async' retrieved from /home/airflow/.local/lib/python3.12/site-packages/airflow/example_dags/example_time_delta_sensor_async.py
[2025-02-23T10:32:36.549+0000] {logging_mixin.py:190} INFO - [2025-02-23T10:32:36.548+0000] {dag.py:3239} INFO - Sync 1 DAGs
[2025-02-23T10:32:36.561+0000] {logging_mixin.py:190} INFO - [2025-02-23T10:32:36.561+0000] {dag.py:4180} INFO - Setting next_dagrun for example_time_delta_sensor_async to None, run_after=None
[2025-02-23T10:32:36.579+0000] {processor.py:208} INFO - Processing /home/airflow/.local/lib/python3.12/site-packages/airflow/example_dags/example_time_delta_sensor_async.py took 0.063 seconds
[2025-02-23T10:33:07.284+0000] {processor.py:186} INFO - Started process (PID=1164) to work on /home/airflow/.local/lib/python3.12/site-packages/airflow/example_dags/example_time_delta_sensor_async.py
[2025-02-23T10:33:07.285+0000] {processor.py:914} INFO - Processing file /home/airflow/.local/lib/python3.12/site-packages/airflow/example_dags/example_time_delta_sensor_async.py for tasks to queue
[2025-02-23T10:33:07.289+0000] {logging_mixin.py:190} INFO - [2025-02-23T10:33:07.289+0000] {dagbag.py:588} INFO - Filling up the DagBag from /home/airflow/.local/lib/python3.12/site-packages/airflow/example_dags/example_time_delta_sensor_async.py
[2025-02-23T10:33:07.295+0000] {processor.py:925} INFO - DAG(s) 'example_time_delta_sensor_async' retrieved from /home/airflow/.local/lib/python3.12/site-packages/airflow/example_dags/example_time_delta_sensor_async.py
[2025-02-23T10:33:07.312+0000] {logging_mixin.py:190} INFO - [2025-02-23T10:33:07.310+0000] {dag.py:3239} INFO - Sync 1 DAGs
[2025-02-23T10:33:07.324+0000] {logging_mixin.py:190} INFO - [2025-02-23T10:33:07.324+0000] {dag.py:4180} INFO - Setting next_dagrun for example_time_delta_sensor_async to None, run_after=None
[2025-02-23T10:33:07.340+0000] {processor.py:208} INFO - Processing /home/airflow/.local/lib/python3.12/site-packages/airflow/example_dags/example_time_delta_sensor_async.py took 0.061 seconds
[2025-02-23T10:33:37.928+0000] {processor.py:186} INFO - Started process (PID=1455) to work on /home/airflow/.local/lib/python3.12/site-packages/airflow/example_dags/example_time_delta_sensor_async.py
[2025-02-23T10:33:37.929+0000] {processor.py:914} INFO - Processing file /home/airflow/.local/lib/python3.12/site-packages/airflow/example_dags/example_time_delta_sensor_async.py for tasks to queue
[2025-02-23T10:33:37.931+0000] {logging_mixin.py:190} INFO - [2025-02-23T10:33:37.931+0000] {dagbag.py:588} INFO - Filling up the DagBag from /home/airflow/.local/lib/python3.12/site-packages/airflow/example_dags/example_time_delta_sensor_async.py
[2025-02-23T10:33:37.937+0000] {processor.py:925} INFO - DAG(s) 'example_time_delta_sensor_async' retrieved from /home/airflow/.local/lib/python3.12/site-packages/airflow/example_dags/example_time_delta_sensor_async.py
[2025-02-23T10:33:37.955+0000] {logging_mixin.py:190} INFO - [2025-02-23T10:33:37.955+0000] {dag.py:3239} INFO - Sync 1 DAGs
[2025-02-23T10:33:37.967+0000] {logging_mixin.py:190} INFO - [2025-02-23T10:33:37.967+0000] {dag.py:4180} INFO - Setting next_dagrun for example_time_delta_sensor_async to None, run_after=None
[2025-02-23T10:33:37.985+0000] {processor.py:208} INFO - Processing /home/airflow/.local/lib/python3.12/site-packages/airflow/example_dags/example_time_delta_sensor_async.py took 0.063 seconds
