[2025-02-23T10:31:33.851+0000] {processor.py:186} INFO - Started process (PID=283) to work on /home/airflow/.local/lib/python3.12/site-packages/airflow/example_dags/example_dataset_alias.py
[2025-02-23T10:31:33.852+0000] {processor.py:914} INFO - Processing file /home/airflow/.local/lib/python3.12/site-packages/airflow/example_dags/example_dataset_alias.py for tasks to queue
[2025-02-23T10:31:33.854+0000] {logging_mixin.py:190} INFO - [2025-02-23T10:31:33.854+0000] {dagbag.py:588} INFO - Filling up the DagBag from /home/airflow/.local/lib/python3.12/site-packages/airflow/example_dags/example_dataset_alias.py
[2025-02-23T10:31:34.932+0000] {processor.py:925} INFO - DAG(s) 'dataset_s3_bucket_producer', 'dataset_alias_example_alias_producer', 'dataset_alias_example_alias_consumer', 'dataset_s3_bucket_consumer' retrieved from /home/airflow/.local/lib/python3.12/site-packages/airflow/example_dags/example_dataset_alias.py
[2025-02-23T10:31:35.187+0000] {logging_mixin.py:190} INFO - [2025-02-23T10:31:35.186+0000] {override.py:1912} INFO - Created Permission View: can read on DAG:dataset_s3_bucket_producer
[2025-02-23T10:31:35.197+0000] {logging_mixin.py:190} INFO - [2025-02-23T10:31:35.197+0000] {override.py:1912} INFO - Created Permission View: can delete on DAG:dataset_s3_bucket_producer
[2025-02-23T10:31:35.206+0000] {logging_mixin.py:190} INFO - [2025-02-23T10:31:35.206+0000] {override.py:1912} INFO - Created Permission View: can edit on DAG:dataset_s3_bucket_producer
[2025-02-23T10:31:35.215+0000] {logging_mixin.py:190} INFO - [2025-02-23T10:31:35.214+0000] {override.py:1912} INFO - Created Permission View: can read on DAG Run:dataset_s3_bucket_producer
[2025-02-23T10:31:35.221+0000] {logging_mixin.py:190} INFO - [2025-02-23T10:31:35.221+0000] {override.py:1912} INFO - Created Permission View: can create on DAG Run:dataset_s3_bucket_producer
[2025-02-23T10:31:35.229+0000] {logging_mixin.py:190} INFO - [2025-02-23T10:31:35.228+0000] {override.py:1912} INFO - Created Permission View: menu access on DAG Run:dataset_s3_bucket_producer
[2025-02-23T10:31:35.239+0000] {logging_mixin.py:190} INFO - [2025-02-23T10:31:35.238+0000] {override.py:1912} INFO - Created Permission View: can delete on DAG Run:dataset_s3_bucket_producer
[2025-02-23T10:31:35.260+0000] {logging_mixin.py:190} INFO - [2025-02-23T10:31:35.259+0000] {override.py:1912} INFO - Created Permission View: can read on DAG:dataset_alias_example_alias_producer
[2025-02-23T10:31:35.268+0000] {logging_mixin.py:190} INFO - [2025-02-23T10:31:35.268+0000] {override.py:1912} INFO - Created Permission View: can delete on DAG:dataset_alias_example_alias_producer
[2025-02-23T10:31:35.274+0000] {logging_mixin.py:190} INFO - [2025-02-23T10:31:35.274+0000] {override.py:1912} INFO - Created Permission View: can edit on DAG:dataset_alias_example_alias_producer
[2025-02-23T10:31:35.282+0000] {logging_mixin.py:190} INFO - [2025-02-23T10:31:35.282+0000] {override.py:1912} INFO - Created Permission View: can read on DAG Run:dataset_alias_example_alias_producer
[2025-02-23T10:31:35.289+0000] {logging_mixin.py:190} INFO - [2025-02-23T10:31:35.288+0000] {override.py:1912} INFO - Created Permission View: can create on DAG Run:dataset_alias_example_alias_producer
[2025-02-23T10:31:35.295+0000] {logging_mixin.py:190} INFO - [2025-02-23T10:31:35.294+0000] {override.py:1912} INFO - Created Permission View: menu access on DAG Run:dataset_alias_example_alias_producer
[2025-02-23T10:31:35.301+0000] {logging_mixin.py:190} INFO - [2025-02-23T10:31:35.301+0000] {override.py:1912} INFO - Created Permission View: can delete on DAG Run:dataset_alias_example_alias_producer
[2025-02-23T10:31:35.313+0000] {logging_mixin.py:190} INFO - [2025-02-23T10:31:35.313+0000] {override.py:1912} INFO - Created Permission View: can read on DAG:dataset_alias_example_alias_consumer
[2025-02-23T10:31:35.320+0000] {logging_mixin.py:190} INFO - [2025-02-23T10:31:35.319+0000] {override.py:1912} INFO - Created Permission View: can delete on DAG:dataset_alias_example_alias_consumer
[2025-02-23T10:31:35.325+0000] {logging_mixin.py:190} INFO - [2025-02-23T10:31:35.325+0000] {override.py:1912} INFO - Created Permission View: can edit on DAG:dataset_alias_example_alias_consumer
[2025-02-23T10:31:35.333+0000] {logging_mixin.py:190} INFO - [2025-02-23T10:31:35.332+0000] {override.py:1912} INFO - Created Permission View: can read on DAG Run:dataset_alias_example_alias_consumer
[2025-02-23T10:31:35.339+0000] {logging_mixin.py:190} INFO - [2025-02-23T10:31:35.339+0000] {override.py:1912} INFO - Created Permission View: can create on DAG Run:dataset_alias_example_alias_consumer
[2025-02-23T10:31:35.347+0000] {logging_mixin.py:190} INFO - [2025-02-23T10:31:35.346+0000] {override.py:1912} INFO - Created Permission View: menu access on DAG Run:dataset_alias_example_alias_consumer
[2025-02-23T10:31:35.353+0000] {logging_mixin.py:190} INFO - [2025-02-23T10:31:35.353+0000] {override.py:1912} INFO - Created Permission View: can delete on DAG Run:dataset_alias_example_alias_consumer
[2025-02-23T10:31:35.365+0000] {logging_mixin.py:190} INFO - [2025-02-23T10:31:35.365+0000] {override.py:1912} INFO - Created Permission View: can read on DAG:dataset_s3_bucket_consumer
[2025-02-23T10:31:35.371+0000] {logging_mixin.py:190} INFO - [2025-02-23T10:31:35.371+0000] {override.py:1912} INFO - Created Permission View: can delete on DAG:dataset_s3_bucket_consumer
[2025-02-23T10:31:35.377+0000] {logging_mixin.py:190} INFO - [2025-02-23T10:31:35.377+0000] {override.py:1912} INFO - Created Permission View: can edit on DAG:dataset_s3_bucket_consumer
[2025-02-23T10:31:35.385+0000] {logging_mixin.py:190} INFO - [2025-02-23T10:31:35.385+0000] {override.py:1912} INFO - Created Permission View: can read on DAG Run:dataset_s3_bucket_consumer
[2025-02-23T10:31:35.393+0000] {logging_mixin.py:190} INFO - [2025-02-23T10:31:35.392+0000] {override.py:1912} INFO - Created Permission View: can create on DAG Run:dataset_s3_bucket_consumer
[2025-02-23T10:31:35.400+0000] {logging_mixin.py:190} INFO - [2025-02-23T10:31:35.400+0000] {override.py:1912} INFO - Created Permission View: menu access on DAG Run:dataset_s3_bucket_consumer
[2025-02-23T10:31:35.406+0000] {logging_mixin.py:190} INFO - [2025-02-23T10:31:35.406+0000] {override.py:1912} INFO - Created Permission View: can delete on DAG Run:dataset_s3_bucket_consumer
[2025-02-23T10:31:35.408+0000] {logging_mixin.py:190} INFO - [2025-02-23T10:31:35.407+0000] {dag.py:3239} INFO - Sync 4 DAGs
[2025-02-23T10:31:35.419+0000] {logging_mixin.py:190} INFO - [2025-02-23T10:31:35.419+0000] {dag.py:3262} INFO - Creating ORM DAG for dataset_s3_bucket_consumer
[2025-02-23T10:31:35.421+0000] {logging_mixin.py:190} INFO - [2025-02-23T10:31:35.421+0000] {dag.py:3262} INFO - Creating ORM DAG for dataset_alias_example_alias_producer
[2025-02-23T10:31:35.421+0000] {logging_mixin.py:190} INFO - [2025-02-23T10:31:35.421+0000] {dag.py:3262} INFO - Creating ORM DAG for dataset_s3_bucket_producer
[2025-02-23T10:31:35.422+0000] {logging_mixin.py:190} INFO - [2025-02-23T10:31:35.422+0000] {dag.py:3262} INFO - Creating ORM DAG for dataset_alias_example_alias_consumer
[2025-02-23T10:31:35.431+0000] {logging_mixin.py:190} INFO - [2025-02-23T10:31:35.431+0000] {dag.py:4180} INFO - Setting next_dagrun for dataset_alias_example_alias_consumer to None, run_after=None
[2025-02-23T10:31:35.432+0000] {logging_mixin.py:190} INFO - [2025-02-23T10:31:35.432+0000] {dag.py:4180} INFO - Setting next_dagrun for dataset_alias_example_alias_producer to None, run_after=None
[2025-02-23T10:31:35.433+0000] {logging_mixin.py:190} INFO - [2025-02-23T10:31:35.433+0000] {dag.py:4180} INFO - Setting next_dagrun for dataset_s3_bucket_consumer to None, run_after=None
[2025-02-23T10:31:35.434+0000] {logging_mixin.py:190} INFO - [2025-02-23T10:31:35.434+0000] {dag.py:4180} INFO - Setting next_dagrun for dataset_s3_bucket_producer to None, run_after=None
[2025-02-23T10:31:35.458+0000] {processor.py:208} INFO - Processing /home/airflow/.local/lib/python3.12/site-packages/airflow/example_dags/example_dataset_alias.py took 1.613 seconds
[2025-02-23T10:32:05.752+0000] {processor.py:186} INFO - Started process (PID=574) to work on /home/airflow/.local/lib/python3.12/site-packages/airflow/example_dags/example_dataset_alias.py
[2025-02-23T10:32:05.754+0000] {processor.py:914} INFO - Processing file /home/airflow/.local/lib/python3.12/site-packages/airflow/example_dags/example_dataset_alias.py for tasks to queue
[2025-02-23T10:32:05.756+0000] {logging_mixin.py:190} INFO - [2025-02-23T10:32:05.756+0000] {dagbag.py:588} INFO - Filling up the DagBag from /home/airflow/.local/lib/python3.12/site-packages/airflow/example_dags/example_dataset_alias.py
[2025-02-23T10:32:06.269+0000] {processor.py:925} INFO - DAG(s) 'dataset_s3_bucket_producer', 'dataset_alias_example_alias_producer', 'dataset_s3_bucket_consumer', 'dataset_alias_example_alias_consumer' retrieved from /home/airflow/.local/lib/python3.12/site-packages/airflow/example_dags/example_dataset_alias.py
[2025-02-23T10:32:06.290+0000] {logging_mixin.py:190} INFO - [2025-02-23T10:32:06.289+0000] {dag.py:3239} INFO - Sync 4 DAGs
[2025-02-23T10:32:06.310+0000] {logging_mixin.py:190} INFO - [2025-02-23T10:32:06.310+0000] {dag.py:4180} INFO - Setting next_dagrun for dataset_alias_example_alias_consumer to None, run_after=None
[2025-02-23T10:32:06.313+0000] {logging_mixin.py:190} INFO - [2025-02-23T10:32:06.313+0000] {dag.py:4180} INFO - Setting next_dagrun for dataset_alias_example_alias_producer to None, run_after=None
[2025-02-23T10:32:06.315+0000] {logging_mixin.py:190} INFO - [2025-02-23T10:32:06.315+0000] {dag.py:4180} INFO - Setting next_dagrun for dataset_s3_bucket_consumer to None, run_after=None
[2025-02-23T10:32:06.317+0000] {logging_mixin.py:190} INFO - [2025-02-23T10:32:06.316+0000] {dag.py:4180} INFO - Setting next_dagrun for dataset_s3_bucket_producer to None, run_after=None
[2025-02-23T10:32:06.347+0000] {processor.py:208} INFO - Processing /home/airflow/.local/lib/python3.12/site-packages/airflow/example_dags/example_dataset_alias.py took 0.600 seconds
[2025-02-23T10:32:36.426+0000] {processor.py:186} INFO - Started process (PID=865) to work on /home/airflow/.local/lib/python3.12/site-packages/airflow/example_dags/example_dataset_alias.py
[2025-02-23T10:32:36.427+0000] {processor.py:914} INFO - Processing file /home/airflow/.local/lib/python3.12/site-packages/airflow/example_dags/example_dataset_alias.py for tasks to queue
[2025-02-23T10:32:36.430+0000] {logging_mixin.py:190} INFO - [2025-02-23T10:32:36.429+0000] {dagbag.py:588} INFO - Filling up the DagBag from /home/airflow/.local/lib/python3.12/site-packages/airflow/example_dags/example_dataset_alias.py
[2025-02-23T10:32:36.758+0000] {processor.py:925} INFO - DAG(s) 'dataset_s3_bucket_consumer', 'dataset_alias_example_alias_producer', 'dataset_s3_bucket_producer', 'dataset_alias_example_alias_consumer' retrieved from /home/airflow/.local/lib/python3.12/site-packages/airflow/example_dags/example_dataset_alias.py
[2025-02-23T10:32:36.924+0000] {logging_mixin.py:190} INFO - [2025-02-23T10:32:36.924+0000] {dag.py:3239} INFO - Sync 4 DAGs
[2025-02-23T10:32:36.943+0000] {logging_mixin.py:190} INFO - [2025-02-23T10:32:36.943+0000] {dag.py:4180} INFO - Setting next_dagrun for dataset_alias_example_alias_consumer to None, run_after=None
[2025-02-23T10:32:36.946+0000] {logging_mixin.py:190} INFO - [2025-02-23T10:32:36.946+0000] {dag.py:4180} INFO - Setting next_dagrun for dataset_alias_example_alias_producer to None, run_after=None
[2025-02-23T10:32:36.948+0000] {logging_mixin.py:190} INFO - [2025-02-23T10:32:36.948+0000] {dag.py:4180} INFO - Setting next_dagrun for dataset_s3_bucket_consumer to None, run_after=None
[2025-02-23T10:32:36.949+0000] {logging_mixin.py:190} INFO - [2025-02-23T10:32:36.949+0000] {dag.py:4180} INFO - Setting next_dagrun for dataset_s3_bucket_producer to None, run_after=None
[2025-02-23T10:32:36.971+0000] {processor.py:208} INFO - Processing /home/airflow/.local/lib/python3.12/site-packages/airflow/example_dags/example_dataset_alias.py took 0.550 seconds
[2025-02-23T10:33:07.153+0000] {processor.py:186} INFO - Started process (PID=1156) to work on /home/airflow/.local/lib/python3.12/site-packages/airflow/example_dags/example_dataset_alias.py
[2025-02-23T10:33:07.155+0000] {processor.py:914} INFO - Processing file /home/airflow/.local/lib/python3.12/site-packages/airflow/example_dags/example_dataset_alias.py for tasks to queue
[2025-02-23T10:33:07.159+0000] {logging_mixin.py:190} INFO - [2025-02-23T10:33:07.159+0000] {dagbag.py:588} INFO - Filling up the DagBag from /home/airflow/.local/lib/python3.12/site-packages/airflow/example_dags/example_dataset_alias.py
[2025-02-23T10:33:07.518+0000] {processor.py:925} INFO - DAG(s) 'dataset_alias_example_alias_consumer', 'dataset_s3_bucket_consumer', 'dataset_alias_example_alias_producer', 'dataset_s3_bucket_producer' retrieved from /home/airflow/.local/lib/python3.12/site-packages/airflow/example_dags/example_dataset_alias.py
[2025-02-23T10:33:07.537+0000] {logging_mixin.py:190} INFO - [2025-02-23T10:33:07.536+0000] {dag.py:3239} INFO - Sync 4 DAGs
[2025-02-23T10:33:07.716+0000] {logging_mixin.py:190} INFO - [2025-02-23T10:33:07.716+0000] {dag.py:4180} INFO - Setting next_dagrun for dataset_alias_example_alias_consumer to None, run_after=None
[2025-02-23T10:33:07.719+0000] {logging_mixin.py:190} INFO - [2025-02-23T10:33:07.719+0000] {dag.py:4180} INFO - Setting next_dagrun for dataset_alias_example_alias_producer to None, run_after=None
[2025-02-23T10:33:07.720+0000] {logging_mixin.py:190} INFO - [2025-02-23T10:33:07.720+0000] {dag.py:4180} INFO - Setting next_dagrun for dataset_s3_bucket_consumer to None, run_after=None
[2025-02-23T10:33:07.722+0000] {logging_mixin.py:190} INFO - [2025-02-23T10:33:07.722+0000] {dag.py:4180} INFO - Setting next_dagrun for dataset_s3_bucket_producer to None, run_after=None
[2025-02-23T10:33:07.753+0000] {processor.py:208} INFO - Processing /home/airflow/.local/lib/python3.12/site-packages/airflow/example_dags/example_dataset_alias.py took 0.606 seconds
[2025-02-23T10:33:37.823+0000] {processor.py:186} INFO - Started process (PID=1447) to work on /home/airflow/.local/lib/python3.12/site-packages/airflow/example_dags/example_dataset_alias.py
[2025-02-23T10:33:37.825+0000] {processor.py:914} INFO - Processing file /home/airflow/.local/lib/python3.12/site-packages/airflow/example_dags/example_dataset_alias.py for tasks to queue
[2025-02-23T10:33:37.827+0000] {logging_mixin.py:190} INFO - [2025-02-23T10:33:37.827+0000] {dagbag.py:588} INFO - Filling up the DagBag from /home/airflow/.local/lib/python3.12/site-packages/airflow/example_dags/example_dataset_alias.py
[2025-02-23T10:33:38.298+0000] {processor.py:925} INFO - DAG(s) 'dataset_alias_example_alias_consumer', 'dataset_s3_bucket_consumer', 'dataset_s3_bucket_producer', 'dataset_alias_example_alias_producer' retrieved from /home/airflow/.local/lib/python3.12/site-packages/airflow/example_dags/example_dataset_alias.py
[2025-02-23T10:33:38.317+0000] {logging_mixin.py:190} INFO - [2025-02-23T10:33:38.317+0000] {dag.py:3239} INFO - Sync 4 DAGs
[2025-02-23T10:33:38.335+0000] {logging_mixin.py:190} INFO - [2025-02-23T10:33:38.335+0000] {dag.py:4180} INFO - Setting next_dagrun for dataset_alias_example_alias_consumer to None, run_after=None
[2025-02-23T10:33:38.338+0000] {logging_mixin.py:190} INFO - [2025-02-23T10:33:38.337+0000] {dag.py:4180} INFO - Setting next_dagrun for dataset_alias_example_alias_producer to None, run_after=None
[2025-02-23T10:33:38.339+0000] {logging_mixin.py:190} INFO - [2025-02-23T10:33:38.339+0000] {dag.py:4180} INFO - Setting next_dagrun for dataset_s3_bucket_consumer to None, run_after=None
[2025-02-23T10:33:38.341+0000] {logging_mixin.py:190} INFO - [2025-02-23T10:33:38.340+0000] {dag.py:4180} INFO - Setting next_dagrun for dataset_s3_bucket_producer to None, run_after=None
[2025-02-23T10:33:38.366+0000] {processor.py:208} INFO - Processing /home/airflow/.local/lib/python3.12/site-packages/airflow/example_dags/example_dataset_alias.py took 0.547 seconds
