[2025-02-23T10:31:36.193+0000] {processor.py:186} INFO - Started process (PID=311) to work on /home/airflow/.local/lib/python3.12/site-packages/airflow/example_dags/example_sla_dag.py
[2025-02-23T10:31:36.195+0000] {processor.py:914} INFO - Processing file /home/airflow/.local/lib/python3.12/site-packages/airflow/example_dags/example_sla_dag.py for tasks to queue
[2025-02-23T10:31:36.197+0000] {logging_mixin.py:190} INFO - [2025-02-23T10:31:36.197+0000] {dagbag.py:588} INFO - Filling up the DagBag from /home/airflow/.local/lib/python3.12/site-packages/airflow/example_dags/example_sla_dag.py
[2025-02-23T10:31:36.208+0000] {processor.py:925} INFO - DAG(s) 'example_sla_dag' retrieved from /home/airflow/.local/lib/python3.12/site-packages/airflow/example_dags/example_sla_dag.py
[2025-02-23T10:31:36.301+0000] {logging_mixin.py:190} INFO - [2025-02-23T10:31:36.301+0000] {override.py:1912} INFO - Created Permission View: can read on DAG:example_sla_dag
[2025-02-23T10:31:36.312+0000] {logging_mixin.py:190} INFO - [2025-02-23T10:31:36.311+0000] {override.py:1912} INFO - Created Permission View: can delete on DAG:example_sla_dag
[2025-02-23T10:31:36.318+0000] {logging_mixin.py:190} INFO - [2025-02-23T10:31:36.318+0000] {override.py:1912} INFO - Created Permission View: can edit on DAG:example_sla_dag
[2025-02-23T10:31:36.326+0000] {logging_mixin.py:190} INFO - [2025-02-23T10:31:36.326+0000] {override.py:1912} INFO - Created Permission View: can read on DAG Run:example_sla_dag
[2025-02-23T10:31:36.334+0000] {logging_mixin.py:190} INFO - [2025-02-23T10:31:36.334+0000] {override.py:1912} INFO - Created Permission View: can create on DAG Run:example_sla_dag
[2025-02-23T10:31:36.341+0000] {logging_mixin.py:190} INFO - [2025-02-23T10:31:36.340+0000] {override.py:1912} INFO - Created Permission View: menu access on DAG Run:example_sla_dag
[2025-02-23T10:31:36.349+0000] {logging_mixin.py:190} INFO - [2025-02-23T10:31:36.348+0000] {override.py:1912} INFO - Created Permission View: can delete on DAG Run:example_sla_dag
[2025-02-23T10:31:36.349+0000] {logging_mixin.py:190} INFO - [2025-02-23T10:31:36.349+0000] {dag.py:3239} INFO - Sync 1 DAGs
[2025-02-23T10:31:36.362+0000] {logging_mixin.py:190} INFO - [2025-02-23T10:31:36.362+0000] {dag.py:3262} INFO - Creating ORM DAG for example_sla_dag
[2025-02-23T10:31:36.372+0000] {logging_mixin.py:190} INFO - [2025-02-23T10:31:36.372+0000] {dag.py:4180} INFO - Setting next_dagrun for example_sla_dag to 2025-02-23 10:28:00+00:00, run_after=2025-02-23 10:30:00+00:00
[2025-02-23T10:31:36.388+0000] {processor.py:208} INFO - Processing /home/airflow/.local/lib/python3.12/site-packages/airflow/example_dags/example_sla_dag.py took 0.201 seconds
[2025-02-23T10:32:06.540+0000] {processor.py:186} INFO - Started process (PID=597) to work on /home/airflow/.local/lib/python3.12/site-packages/airflow/example_dags/example_sla_dag.py
[2025-02-23T10:32:06.542+0000] {processor.py:914} INFO - Processing file /home/airflow/.local/lib/python3.12/site-packages/airflow/example_dags/example_sla_dag.py for tasks to queue
[2025-02-23T10:32:06.543+0000] {logging_mixin.py:190} INFO - [2025-02-23T10:32:06.543+0000] {dagbag.py:588} INFO - Filling up the DagBag from /home/airflow/.local/lib/python3.12/site-packages/airflow/example_dags/example_sla_dag.py
[2025-02-23T10:32:06.552+0000] {processor.py:925} INFO - DAG(s) 'example_sla_dag' retrieved from /home/airflow/.local/lib/python3.12/site-packages/airflow/example_dags/example_sla_dag.py
[2025-02-23T10:32:06.568+0000] {logging_mixin.py:190} INFO - [2025-02-23T10:32:06.567+0000] {dag.py:3239} INFO - Sync 1 DAGs
[2025-02-23T10:32:06.589+0000] {logging_mixin.py:190} INFO - [2025-02-23T10:32:06.589+0000] {dag.py:4180} INFO - Setting next_dagrun for example_sla_dag to 2025-02-23 10:30:00+00:00, run_after=2025-02-23 10:32:00+00:00
[2025-02-23T10:32:06.609+0000] {processor.py:208} INFO - Processing /home/airflow/.local/lib/python3.12/site-packages/airflow/example_dags/example_sla_dag.py took 0.073 seconds
[2025-02-23T10:32:37.132+0000] {processor.py:186} INFO - Started process (PID=888) to work on /home/airflow/.local/lib/python3.12/site-packages/airflow/example_dags/example_sla_dag.py
[2025-02-23T10:32:37.133+0000] {processor.py:914} INFO - Processing file /home/airflow/.local/lib/python3.12/site-packages/airflow/example_dags/example_sla_dag.py for tasks to queue
[2025-02-23T10:32:37.136+0000] {logging_mixin.py:190} INFO - [2025-02-23T10:32:37.135+0000] {dagbag.py:588} INFO - Filling up the DagBag from /home/airflow/.local/lib/python3.12/site-packages/airflow/example_dags/example_sla_dag.py
[2025-02-23T10:32:37.147+0000] {processor.py:925} INFO - DAG(s) 'example_sla_dag' retrieved from /home/airflow/.local/lib/python3.12/site-packages/airflow/example_dags/example_sla_dag.py
[2025-02-23T10:32:37.165+0000] {logging_mixin.py:190} INFO - [2025-02-23T10:32:37.165+0000] {dag.py:3239} INFO - Sync 1 DAGs
[2025-02-23T10:32:37.187+0000] {logging_mixin.py:190} INFO - [2025-02-23T10:32:37.187+0000] {dag.py:4180} INFO - Setting next_dagrun for example_sla_dag to 2025-02-23 10:30:00+00:00, run_after=2025-02-23 10:32:00+00:00
[2025-02-23T10:32:37.202+0000] {processor.py:208} INFO - Processing /home/airflow/.local/lib/python3.12/site-packages/airflow/example_dags/example_sla_dag.py took 0.075 seconds
[2025-02-23T10:33:07.801+0000] {processor.py:186} INFO - Started process (PID=1179) to work on /home/airflow/.local/lib/python3.12/site-packages/airflow/example_dags/example_sla_dag.py
[2025-02-23T10:33:07.802+0000] {processor.py:914} INFO - Processing file /home/airflow/.local/lib/python3.12/site-packages/airflow/example_dags/example_sla_dag.py for tasks to queue
[2025-02-23T10:33:07.804+0000] {logging_mixin.py:190} INFO - [2025-02-23T10:33:07.804+0000] {dagbag.py:588} INFO - Filling up the DagBag from /home/airflow/.local/lib/python3.12/site-packages/airflow/example_dags/example_sla_dag.py
[2025-02-23T10:33:07.814+0000] {processor.py:925} INFO - DAG(s) 'example_sla_dag' retrieved from /home/airflow/.local/lib/python3.12/site-packages/airflow/example_dags/example_sla_dag.py
[2025-02-23T10:33:07.832+0000] {logging_mixin.py:190} INFO - [2025-02-23T10:33:07.832+0000] {dag.py:3239} INFO - Sync 1 DAGs
[2025-02-23T10:33:07.854+0000] {logging_mixin.py:190} INFO - [2025-02-23T10:33:07.854+0000] {dag.py:4180} INFO - Setting next_dagrun for example_sla_dag to 2025-02-23 10:30:00+00:00, run_after=2025-02-23 10:32:00+00:00
[2025-02-23T10:33:07.872+0000] {processor.py:208} INFO - Processing /home/airflow/.local/lib/python3.12/site-packages/airflow/example_dags/example_sla_dag.py took 0.076 seconds
[2025-02-23T10:33:38.408+0000] {processor.py:186} INFO - Started process (PID=1470) to work on /home/airflow/.local/lib/python3.12/site-packages/airflow/example_dags/example_sla_dag.py
[2025-02-23T10:33:38.409+0000] {processor.py:914} INFO - Processing file /home/airflow/.local/lib/python3.12/site-packages/airflow/example_dags/example_sla_dag.py for tasks to queue
[2025-02-23T10:33:38.412+0000] {logging_mixin.py:190} INFO - [2025-02-23T10:33:38.412+0000] {dagbag.py:588} INFO - Filling up the DagBag from /home/airflow/.local/lib/python3.12/site-packages/airflow/example_dags/example_sla_dag.py
[2025-02-23T10:33:38.423+0000] {processor.py:925} INFO - DAG(s) 'example_sla_dag' retrieved from /home/airflow/.local/lib/python3.12/site-packages/airflow/example_dags/example_sla_dag.py
[2025-02-23T10:33:38.442+0000] {logging_mixin.py:190} INFO - [2025-02-23T10:33:38.442+0000] {dag.py:3239} INFO - Sync 1 DAGs
[2025-02-23T10:33:38.463+0000] {logging_mixin.py:190} INFO - [2025-02-23T10:33:38.463+0000] {dag.py:4180} INFO - Setting next_dagrun for example_sla_dag to 2025-02-23 10:30:00+00:00, run_after=2025-02-23 10:32:00+00:00
[2025-02-23T10:33:38.480+0000] {processor.py:208} INFO - Processing /home/airflow/.local/lib/python3.12/site-packages/airflow/example_dags/example_sla_dag.py took 0.079 seconds
