[2025-02-23T10:31:38.655+0000] {processor.py:186} INFO - Started process (PID=396) to work on /home/airflow/.local/lib/python3.12/site-packages/airflow/example_dags/example_outlet_event_extra.py
[2025-02-23T10:31:38.656+0000] {processor.py:914} INFO - Processing file /home/airflow/.local/lib/python3.12/site-packages/airflow/example_dags/example_outlet_event_extra.py for tasks to queue
[2025-02-23T10:31:38.659+0000] {logging_mixin.py:190} INFO - [2025-02-23T10:31:38.658+0000] {dagbag.py:588} INFO - Filling up the DagBag from /home/airflow/.local/lib/python3.12/site-packages/airflow/example_dags/example_outlet_event_extra.py
[2025-02-23T10:31:38.976+0000] {processor.py:925} INFO - DAG(s) 'dataset_with_extra_by_yield', 'dataset_with_extra_from_classic_operator', 'dataset_with_extra_by_context' retrieved from /home/airflow/.local/lib/python3.12/site-packages/airflow/example_dags/example_outlet_event_extra.py
[2025-02-23T10:31:39.215+0000] {logging_mixin.py:190} INFO - [2025-02-23T10:31:39.214+0000] {override.py:1912} INFO - Created Permission View: can read on DAG:dataset_with_extra_by_yield
[2025-02-23T10:31:39.224+0000] {logging_mixin.py:190} INFO - [2025-02-23T10:31:39.224+0000] {override.py:1912} INFO - Created Permission View: can delete on DAG:dataset_with_extra_by_yield
[2025-02-23T10:31:39.231+0000] {logging_mixin.py:190} INFO - [2025-02-23T10:31:39.231+0000] {override.py:1912} INFO - Created Permission View: can edit on DAG:dataset_with_extra_by_yield
[2025-02-23T10:31:39.239+0000] {logging_mixin.py:190} INFO - [2025-02-23T10:31:39.239+0000] {override.py:1912} INFO - Created Permission View: can read on DAG Run:dataset_with_extra_by_yield
[2025-02-23T10:31:39.246+0000] {logging_mixin.py:190} INFO - [2025-02-23T10:31:39.246+0000] {override.py:1912} INFO - Created Permission View: can create on DAG Run:dataset_with_extra_by_yield
[2025-02-23T10:31:39.256+0000] {logging_mixin.py:190} INFO - [2025-02-23T10:31:39.255+0000] {override.py:1912} INFO - Created Permission View: menu access on DAG Run:dataset_with_extra_by_yield
[2025-02-23T10:31:39.263+0000] {logging_mixin.py:190} INFO - [2025-02-23T10:31:39.262+0000] {override.py:1912} INFO - Created Permission View: can delete on DAG Run:dataset_with_extra_by_yield
[2025-02-23T10:31:39.276+0000] {logging_mixin.py:190} INFO - [2025-02-23T10:31:39.275+0000] {override.py:1912} INFO - Created Permission View: can read on DAG:dataset_with_extra_from_classic_operator
[2025-02-23T10:31:39.283+0000] {logging_mixin.py:190} INFO - [2025-02-23T10:31:39.282+0000] {override.py:1912} INFO - Created Permission View: can delete on DAG:dataset_with_extra_from_classic_operator
[2025-02-23T10:31:39.290+0000] {logging_mixin.py:190} INFO - [2025-02-23T10:31:39.290+0000] {override.py:1912} INFO - Created Permission View: can edit on DAG:dataset_with_extra_from_classic_operator
[2025-02-23T10:31:39.298+0000] {logging_mixin.py:190} INFO - [2025-02-23T10:31:39.298+0000] {override.py:1912} INFO - Created Permission View: can read on DAG Run:dataset_with_extra_from_classic_operator
[2025-02-23T10:31:39.306+0000] {logging_mixin.py:190} INFO - [2025-02-23T10:31:39.305+0000] {override.py:1912} INFO - Created Permission View: can create on DAG Run:dataset_with_extra_from_classic_operator
[2025-02-23T10:31:39.314+0000] {logging_mixin.py:190} INFO - [2025-02-23T10:31:39.314+0000] {override.py:1912} INFO - Created Permission View: menu access on DAG Run:dataset_with_extra_from_classic_operator
[2025-02-23T10:31:39.320+0000] {logging_mixin.py:190} INFO - [2025-02-23T10:31:39.320+0000] {override.py:1912} INFO - Created Permission View: can delete on DAG Run:dataset_with_extra_from_classic_operator
[2025-02-23T10:31:39.333+0000] {logging_mixin.py:190} INFO - [2025-02-23T10:31:39.333+0000] {override.py:1912} INFO - Created Permission View: can read on DAG:dataset_with_extra_by_context
[2025-02-23T10:31:39.340+0000] {logging_mixin.py:190} INFO - [2025-02-23T10:31:39.339+0000] {override.py:1912} INFO - Created Permission View: can delete on DAG:dataset_with_extra_by_context
[2025-02-23T10:31:39.348+0000] {logging_mixin.py:190} INFO - [2025-02-23T10:31:39.348+0000] {override.py:1912} INFO - Created Permission View: can edit on DAG:dataset_with_extra_by_context
[2025-02-23T10:31:39.358+0000] {logging_mixin.py:190} INFO - [2025-02-23T10:31:39.358+0000] {override.py:1912} INFO - Created Permission View: can read on DAG Run:dataset_with_extra_by_context
[2025-02-23T10:31:39.368+0000] {logging_mixin.py:190} INFO - [2025-02-23T10:31:39.368+0000] {override.py:1912} INFO - Created Permission View: can create on DAG Run:dataset_with_extra_by_context
[2025-02-23T10:31:39.375+0000] {logging_mixin.py:190} INFO - [2025-02-23T10:31:39.375+0000] {override.py:1912} INFO - Created Permission View: menu access on DAG Run:dataset_with_extra_by_context
[2025-02-23T10:31:39.383+0000] {logging_mixin.py:190} INFO - [2025-02-23T10:31:39.383+0000] {override.py:1912} INFO - Created Permission View: can delete on DAG Run:dataset_with_extra_by_context
[2025-02-23T10:31:39.384+0000] {logging_mixin.py:190} INFO - [2025-02-23T10:31:39.384+0000] {dag.py:3239} INFO - Sync 3 DAGs
[2025-02-23T10:31:39.398+0000] {logging_mixin.py:190} INFO - [2025-02-23T10:31:39.397+0000] {dag.py:3262} INFO - Creating ORM DAG for dataset_with_extra_by_yield
[2025-02-23T10:31:39.399+0000] {logging_mixin.py:190} INFO - [2025-02-23T10:31:39.399+0000] {dag.py:3262} INFO - Creating ORM DAG for dataset_with_extra_from_classic_operator
[2025-02-23T10:31:39.400+0000] {logging_mixin.py:190} INFO - [2025-02-23T10:31:39.400+0000] {dag.py:3262} INFO - Creating ORM DAG for dataset_with_extra_by_context
[2025-02-23T10:31:39.409+0000] {logging_mixin.py:190} INFO - [2025-02-23T10:31:39.409+0000] {dag.py:4180} INFO - Setting next_dagrun for dataset_with_extra_by_context to 2025-02-22 00:00:00+00:00, run_after=2025-02-23 00:00:00+00:00
[2025-02-23T10:31:39.411+0000] {logging_mixin.py:190} INFO - [2025-02-23T10:31:39.410+0000] {dag.py:4180} INFO - Setting next_dagrun for dataset_with_extra_by_yield to 2025-02-22 00:00:00+00:00, run_after=2025-02-23 00:00:00+00:00
[2025-02-23T10:31:39.413+0000] {logging_mixin.py:190} INFO - [2025-02-23T10:31:39.413+0000] {dag.py:4180} INFO - Setting next_dagrun for dataset_with_extra_from_classic_operator to 2025-02-22 00:00:00+00:00, run_after=2025-02-23 00:00:00+00:00
[2025-02-23T10:31:39.434+0000] {processor.py:208} INFO - Processing /home/airflow/.local/lib/python3.12/site-packages/airflow/example_dags/example_outlet_event_extra.py took 0.784 seconds
[2025-02-23T10:32:10.112+0000] {processor.py:186} INFO - Started process (PID=694) to work on /home/airflow/.local/lib/python3.12/site-packages/airflow/example_dags/example_outlet_event_extra.py
[2025-02-23T10:32:10.113+0000] {processor.py:914} INFO - Processing file /home/airflow/.local/lib/python3.12/site-packages/airflow/example_dags/example_outlet_event_extra.py for tasks to queue
[2025-02-23T10:32:10.115+0000] {logging_mixin.py:190} INFO - [2025-02-23T10:32:10.115+0000] {dagbag.py:588} INFO - Filling up the DagBag from /home/airflow/.local/lib/python3.12/site-packages/airflow/example_dags/example_outlet_event_extra.py
[2025-02-23T10:32:10.455+0000] {processor.py:925} INFO - DAG(s) 'dataset_with_extra_by_yield', 'dataset_with_extra_by_context', 'dataset_with_extra_from_classic_operator' retrieved from /home/airflow/.local/lib/python3.12/site-packages/airflow/example_dags/example_outlet_event_extra.py
[2025-02-23T10:32:10.477+0000] {logging_mixin.py:190} INFO - [2025-02-23T10:32:10.477+0000] {dag.py:3239} INFO - Sync 3 DAGs
[2025-02-23T10:32:10.498+0000] {logging_mixin.py:190} INFO - [2025-02-23T10:32:10.498+0000] {dag.py:4180} INFO - Setting next_dagrun for dataset_with_extra_by_context to 2025-02-22 00:00:00+00:00, run_after=2025-02-23 00:00:00+00:00
[2025-02-23T10:32:10.503+0000] {logging_mixin.py:190} INFO - [2025-02-23T10:32:10.502+0000] {dag.py:4180} INFO - Setting next_dagrun for dataset_with_extra_by_yield to 2025-02-22 00:00:00+00:00, run_after=2025-02-23 00:00:00+00:00
[2025-02-23T10:32:10.505+0000] {logging_mixin.py:190} INFO - [2025-02-23T10:32:10.505+0000] {dag.py:4180} INFO - Setting next_dagrun for dataset_with_extra_from_classic_operator to 2025-02-22 00:00:00+00:00, run_after=2025-02-23 00:00:00+00:00
[2025-02-23T10:32:10.677+0000] {processor.py:208} INFO - Processing /home/airflow/.local/lib/python3.12/site-packages/airflow/example_dags/example_outlet_event_extra.py took 0.569 seconds
[2025-02-23T10:32:40.774+0000] {processor.py:186} INFO - Started process (PID=985) to work on /home/airflow/.local/lib/python3.12/site-packages/airflow/example_dags/example_outlet_event_extra.py
[2025-02-23T10:32:40.775+0000] {processor.py:914} INFO - Processing file /home/airflow/.local/lib/python3.12/site-packages/airflow/example_dags/example_outlet_event_extra.py for tasks to queue
[2025-02-23T10:32:40.777+0000] {logging_mixin.py:190} INFO - [2025-02-23T10:32:40.777+0000] {dagbag.py:588} INFO - Filling up the DagBag from /home/airflow/.local/lib/python3.12/site-packages/airflow/example_dags/example_outlet_event_extra.py
[2025-02-23T10:32:41.094+0000] {processor.py:925} INFO - DAG(s) 'dataset_with_extra_from_classic_operator', 'dataset_with_extra_by_yield', 'dataset_with_extra_by_context' retrieved from /home/airflow/.local/lib/python3.12/site-packages/airflow/example_dags/example_outlet_event_extra.py
[2025-02-23T10:32:41.258+0000] {logging_mixin.py:190} INFO - [2025-02-23T10:32:41.258+0000] {dag.py:3239} INFO - Sync 3 DAGs
[2025-02-23T10:32:41.278+0000] {logging_mixin.py:190} INFO - [2025-02-23T10:32:41.277+0000] {dag.py:4180} INFO - Setting next_dagrun for dataset_with_extra_by_context to 2025-02-22 00:00:00+00:00, run_after=2025-02-23 00:00:00+00:00
[2025-02-23T10:32:41.282+0000] {logging_mixin.py:190} INFO - [2025-02-23T10:32:41.282+0000] {dag.py:4180} INFO - Setting next_dagrun for dataset_with_extra_by_yield to 2025-02-22 00:00:00+00:00, run_after=2025-02-23 00:00:00+00:00
[2025-02-23T10:32:41.285+0000] {logging_mixin.py:190} INFO - [2025-02-23T10:32:41.284+0000] {dag.py:4180} INFO - Setting next_dagrun for dataset_with_extra_from_classic_operator to 2025-02-22 00:00:00+00:00, run_after=2025-02-23 00:00:00+00:00
[2025-02-23T10:32:41.300+0000] {processor.py:208} INFO - Processing /home/airflow/.local/lib/python3.12/site-packages/airflow/example_dags/example_outlet_event_extra.py took 0.531 seconds
[2025-02-23T10:33:11.659+0000] {processor.py:186} INFO - Started process (PID=1301) to work on /home/airflow/.local/lib/python3.12/site-packages/airflow/example_dags/example_outlet_event_extra.py
[2025-02-23T10:33:11.661+0000] {processor.py:914} INFO - Processing file /home/airflow/.local/lib/python3.12/site-packages/airflow/example_dags/example_outlet_event_extra.py for tasks to queue
[2025-02-23T10:33:11.663+0000] {logging_mixin.py:190} INFO - [2025-02-23T10:33:11.662+0000] {dagbag.py:588} INFO - Filling up the DagBag from /home/airflow/.local/lib/python3.12/site-packages/airflow/example_dags/example_outlet_event_extra.py
[2025-02-23T10:33:11.986+0000] {processor.py:925} INFO - DAG(s) 'dataset_with_extra_from_classic_operator', 'dataset_with_extra_by_context', 'dataset_with_extra_by_yield' retrieved from /home/airflow/.local/lib/python3.12/site-packages/airflow/example_dags/example_outlet_event_extra.py
[2025-02-23T10:33:12.157+0000] {logging_mixin.py:190} INFO - [2025-02-23T10:33:12.157+0000] {dag.py:3239} INFO - Sync 3 DAGs
[2025-02-23T10:33:12.179+0000] {logging_mixin.py:190} INFO - [2025-02-23T10:33:12.179+0000] {dag.py:4180} INFO - Setting next_dagrun for dataset_with_extra_by_context to 2025-02-22 00:00:00+00:00, run_after=2025-02-23 00:00:00+00:00
[2025-02-23T10:33:12.184+0000] {logging_mixin.py:190} INFO - [2025-02-23T10:33:12.184+0000] {dag.py:4180} INFO - Setting next_dagrun for dataset_with_extra_by_yield to 2025-02-22 00:00:00+00:00, run_after=2025-02-23 00:00:00+00:00
[2025-02-23T10:33:12.187+0000] {logging_mixin.py:190} INFO - [2025-02-23T10:33:12.186+0000] {dag.py:4180} INFO - Setting next_dagrun for dataset_with_extra_from_classic_operator to 2025-02-22 00:00:00+00:00, run_after=2025-02-23 00:00:00+00:00
[2025-02-23T10:33:12.214+0000] {processor.py:208} INFO - Processing /home/airflow/.local/lib/python3.12/site-packages/airflow/example_dags/example_outlet_event_extra.py took 0.559 seconds
[2025-02-23T10:33:42.437+0000] {processor.py:186} INFO - Started process (PID=1602) to work on /home/airflow/.local/lib/python3.12/site-packages/airflow/example_dags/example_outlet_event_extra.py
[2025-02-23T10:33:42.438+0000] {processor.py:914} INFO - Processing file /home/airflow/.local/lib/python3.12/site-packages/airflow/example_dags/example_outlet_event_extra.py for tasks to queue
[2025-02-23T10:33:42.440+0000] {logging_mixin.py:190} INFO - [2025-02-23T10:33:42.440+0000] {dagbag.py:588} INFO - Filling up the DagBag from /home/airflow/.local/lib/python3.12/site-packages/airflow/example_dags/example_outlet_event_extra.py
[2025-02-23T10:33:42.748+0000] {processor.py:925} INFO - DAG(s) 'dataset_with_extra_by_yield', 'dataset_with_extra_by_context', 'dataset_with_extra_from_classic_operator' retrieved from /home/airflow/.local/lib/python3.12/site-packages/airflow/example_dags/example_outlet_event_extra.py
[2025-02-23T10:33:42.771+0000] {logging_mixin.py:190} INFO - [2025-02-23T10:33:42.771+0000] {dag.py:3239} INFO - Sync 3 DAGs
[2025-02-23T10:33:42.935+0000] {logging_mixin.py:190} INFO - [2025-02-23T10:33:42.935+0000] {dag.py:4180} INFO - Setting next_dagrun for dataset_with_extra_by_context to 2025-02-22 00:00:00+00:00, run_after=2025-02-23 00:00:00+00:00
[2025-02-23T10:33:42.939+0000] {logging_mixin.py:190} INFO - [2025-02-23T10:33:42.939+0000] {dag.py:4180} INFO - Setting next_dagrun for dataset_with_extra_by_yield to 2025-02-22 00:00:00+00:00, run_after=2025-02-23 00:00:00+00:00
[2025-02-23T10:33:42.942+0000] {logging_mixin.py:190} INFO - [2025-02-23T10:33:42.942+0000] {dag.py:4180} INFO - Setting next_dagrun for dataset_with_extra_from_classic_operator to 2025-02-22 00:00:00+00:00, run_after=2025-02-23 00:00:00+00:00
[2025-02-23T10:33:42.970+0000] {processor.py:208} INFO - Processing /home/airflow/.local/lib/python3.12/site-packages/airflow/example_dags/example_outlet_event_extra.py took 0.539 seconds
