[2025-02-23T10:31:35.837+0000] {processor.py:186} INFO - Started process (PID=301) to work on /home/airflow/.local/lib/python3.12/site-packages/airflow/example_dags/example_dataset_alias_with_no_taskflow.py
[2025-02-23T10:31:35.838+0000] {processor.py:914} INFO - Processing file /home/airflow/.local/lib/python3.12/site-packages/airflow/example_dags/example_dataset_alias_with_no_taskflow.py for tasks to queue
[2025-02-23T10:31:35.840+0000] {logging_mixin.py:190} INFO - [2025-02-23T10:31:35.840+0000] {dagbag.py:588} INFO - Filling up the DagBag from /home/airflow/.local/lib/python3.12/site-packages/airflow/example_dags/example_dataset_alias_with_no_taskflow.py
[2025-02-23T10:31:36.160+0000] {processor.py:925} INFO - DAG(s) 'dataset_s3_bucket_consumer_with_no_taskflow', 'dataset_alias_example_alias_producer_with_no_taskflow', 'dataset_alias_example_alias_consumer_with_no_taskflow', 'dataset_s3_bucket_producer_with_no_taskflow' retrieved from /home/airflow/.local/lib/python3.12/site-packages/airflow/example_dags/example_dataset_alias_with_no_taskflow.py
[2025-02-23T10:31:36.394+0000] {logging_mixin.py:190} INFO - [2025-02-23T10:31:36.393+0000] {override.py:1912} INFO - Created Permission View: can read on DAG:dataset_s3_bucket_consumer_with_no_taskflow
[2025-02-23T10:31:36.406+0000] {logging_mixin.py:190} INFO - [2025-02-23T10:31:36.405+0000] {override.py:1912} INFO - Created Permission View: can delete on DAG:dataset_s3_bucket_consumer_with_no_taskflow
[2025-02-23T10:31:36.414+0000] {logging_mixin.py:190} INFO - [2025-02-23T10:31:36.414+0000] {override.py:1912} INFO - Created Permission View: can edit on DAG:dataset_s3_bucket_consumer_with_no_taskflow
[2025-02-23T10:31:36.421+0000] {logging_mixin.py:190} INFO - [2025-02-23T10:31:36.421+0000] {override.py:1912} INFO - Created Permission View: can read on DAG Run:dataset_s3_bucket_consumer_with_no_taskflow
[2025-02-23T10:31:36.427+0000] {logging_mixin.py:190} INFO - [2025-02-23T10:31:36.426+0000] {override.py:1912} INFO - Created Permission View: can create on DAG Run:dataset_s3_bucket_consumer_with_no_taskflow
[2025-02-23T10:31:36.433+0000] {logging_mixin.py:190} INFO - [2025-02-23T10:31:36.433+0000] {override.py:1912} INFO - Created Permission View: menu access on DAG Run:dataset_s3_bucket_consumer_with_no_taskflow
[2025-02-23T10:31:36.439+0000] {logging_mixin.py:190} INFO - [2025-02-23T10:31:36.439+0000] {override.py:1912} INFO - Created Permission View: can delete on DAG Run:dataset_s3_bucket_consumer_with_no_taskflow
[2025-02-23T10:31:36.459+0000] {logging_mixin.py:190} INFO - [2025-02-23T10:31:36.459+0000] {override.py:1912} INFO - Created Permission View: can read on DAG:dataset_alias_example_alias_producer_with_no_taskflow
[2025-02-23T10:31:36.469+0000] {logging_mixin.py:190} INFO - [2025-02-23T10:31:36.469+0000] {override.py:1912} INFO - Created Permission View: can delete on DAG:dataset_alias_example_alias_producer_with_no_taskflow
[2025-02-23T10:31:36.478+0000] {logging_mixin.py:190} INFO - [2025-02-23T10:31:36.477+0000] {override.py:1912} INFO - Created Permission View: can edit on DAG:dataset_alias_example_alias_producer_with_no_taskflow
[2025-02-23T10:31:36.491+0000] {logging_mixin.py:190} INFO - [2025-02-23T10:31:36.491+0000] {override.py:1912} INFO - Created Permission View: can read on DAG Run:dataset_alias_example_alias_producer_with_no_taskflow
[2025-02-23T10:31:36.504+0000] {logging_mixin.py:190} INFO - [2025-02-23T10:31:36.504+0000] {override.py:1912} INFO - Created Permission View: can create on DAG Run:dataset_alias_example_alias_producer_with_no_taskflow
[2025-02-23T10:31:36.516+0000] {logging_mixin.py:190} INFO - [2025-02-23T10:31:36.515+0000] {override.py:1912} INFO - Created Permission View: menu access on DAG Run:dataset_alias_example_alias_producer_with_no_taskflow
[2025-02-23T10:31:36.524+0000] {logging_mixin.py:190} INFO - [2025-02-23T10:31:36.524+0000] {override.py:1912} INFO - Created Permission View: can delete on DAG Run:dataset_alias_example_alias_producer_with_no_taskflow
[2025-02-23T10:31:36.540+0000] {logging_mixin.py:190} INFO - [2025-02-23T10:31:36.540+0000] {override.py:1912} INFO - Created Permission View: can read on DAG:dataset_alias_example_alias_consumer_with_no_taskflow
[2025-02-23T10:31:36.552+0000] {logging_mixin.py:190} INFO - [2025-02-23T10:31:36.551+0000] {override.py:1912} INFO - Created Permission View: can delete on DAG:dataset_alias_example_alias_consumer_with_no_taskflow
[2025-02-23T10:31:36.564+0000] {logging_mixin.py:190} INFO - [2025-02-23T10:31:36.563+0000] {override.py:1912} INFO - Created Permission View: can edit on DAG:dataset_alias_example_alias_consumer_with_no_taskflow
[2025-02-23T10:31:36.576+0000] {logging_mixin.py:190} INFO - [2025-02-23T10:31:36.575+0000] {override.py:1912} INFO - Created Permission View: can read on DAG Run:dataset_alias_example_alias_consumer_with_no_taskflow
[2025-02-23T10:31:36.587+0000] {logging_mixin.py:190} INFO - [2025-02-23T10:31:36.587+0000] {override.py:1912} INFO - Created Permission View: can create on DAG Run:dataset_alias_example_alias_consumer_with_no_taskflow
[2025-02-23T10:31:36.597+0000] {logging_mixin.py:190} INFO - [2025-02-23T10:31:36.596+0000] {override.py:1912} INFO - Created Permission View: menu access on DAG Run:dataset_alias_example_alias_consumer_with_no_taskflow
[2025-02-23T10:31:36.604+0000] {logging_mixin.py:190} INFO - [2025-02-23T10:31:36.604+0000] {override.py:1912} INFO - Created Permission View: can delete on DAG Run:dataset_alias_example_alias_consumer_with_no_taskflow
[2025-02-23T10:31:36.619+0000] {logging_mixin.py:190} INFO - [2025-02-23T10:31:36.618+0000] {override.py:1912} INFO - Created Permission View: can read on DAG:dataset_s3_bucket_producer_with_no_taskflow
[2025-02-23T10:31:36.626+0000] {logging_mixin.py:190} INFO - [2025-02-23T10:31:36.626+0000] {override.py:1912} INFO - Created Permission View: can delete on DAG:dataset_s3_bucket_producer_with_no_taskflow
[2025-02-23T10:31:36.635+0000] {logging_mixin.py:190} INFO - [2025-02-23T10:31:36.634+0000] {override.py:1912} INFO - Created Permission View: can edit on DAG:dataset_s3_bucket_producer_with_no_taskflow
[2025-02-23T10:31:36.644+0000] {logging_mixin.py:190} INFO - [2025-02-23T10:31:36.643+0000] {override.py:1912} INFO - Created Permission View: can read on DAG Run:dataset_s3_bucket_producer_with_no_taskflow
[2025-02-23T10:31:36.651+0000] {logging_mixin.py:190} INFO - [2025-02-23T10:31:36.650+0000] {override.py:1912} INFO - Created Permission View: can create on DAG Run:dataset_s3_bucket_producer_with_no_taskflow
[2025-02-23T10:31:36.658+0000] {logging_mixin.py:190} INFO - [2025-02-23T10:31:36.658+0000] {override.py:1912} INFO - Created Permission View: menu access on DAG Run:dataset_s3_bucket_producer_with_no_taskflow
[2025-02-23T10:31:36.667+0000] {logging_mixin.py:190} INFO - [2025-02-23T10:31:36.666+0000] {override.py:1912} INFO - Created Permission View: can delete on DAG Run:dataset_s3_bucket_producer_with_no_taskflow
[2025-02-23T10:31:36.669+0000] {logging_mixin.py:190} INFO - [2025-02-23T10:31:36.668+0000] {dag.py:3239} INFO - Sync 4 DAGs
[2025-02-23T10:31:36.682+0000] {logging_mixin.py:190} INFO - [2025-02-23T10:31:36.681+0000] {dag.py:3262} INFO - Creating ORM DAG for dataset_alias_example_alias_producer_with_no_taskflow
[2025-02-23T10:31:36.686+0000] {logging_mixin.py:190} INFO - [2025-02-23T10:31:36.685+0000] {dag.py:3262} INFO - Creating ORM DAG for dataset_alias_example_alias_consumer_with_no_taskflow
[2025-02-23T10:31:36.688+0000] {logging_mixin.py:190} INFO - [2025-02-23T10:31:36.688+0000] {dag.py:3262} INFO - Creating ORM DAG for dataset_s3_bucket_producer_with_no_taskflow
[2025-02-23T10:31:36.689+0000] {logging_mixin.py:190} INFO - [2025-02-23T10:31:36.689+0000] {dag.py:3262} INFO - Creating ORM DAG for dataset_s3_bucket_consumer_with_no_taskflow
[2025-02-23T10:31:36.704+0000] {logging_mixin.py:190} INFO - [2025-02-23T10:31:36.703+0000] {dag.py:4180} INFO - Setting next_dagrun for dataset_alias_example_alias_consumer_with_no_taskflow to None, run_after=None
[2025-02-23T10:31:36.706+0000] {logging_mixin.py:190} INFO - [2025-02-23T10:31:36.706+0000] {dag.py:4180} INFO - Setting next_dagrun for dataset_alias_example_alias_producer_with_no_taskflow to None, run_after=None
[2025-02-23T10:31:36.708+0000] {logging_mixin.py:190} INFO - [2025-02-23T10:31:36.708+0000] {dag.py:4180} INFO - Setting next_dagrun for dataset_s3_bucket_consumer_with_no_taskflow to None, run_after=None
[2025-02-23T10:31:36.710+0000] {logging_mixin.py:190} INFO - [2025-02-23T10:31:36.710+0000] {dag.py:4180} INFO - Setting next_dagrun for dataset_s3_bucket_producer_with_no_taskflow to None, run_after=None
[2025-02-23T10:31:36.746+0000] {processor.py:208} INFO - Processing /home/airflow/.local/lib/python3.12/site-packages/airflow/example_dags/example_dataset_alias_with_no_taskflow.py took 0.914 seconds
[2025-02-23T10:32:07.625+0000] {processor.py:186} INFO - Started process (PID=604) to work on /home/airflow/.local/lib/python3.12/site-packages/airflow/example_dags/example_dataset_alias_with_no_taskflow.py
[2025-02-23T10:32:07.627+0000] {processor.py:914} INFO - Processing file /home/airflow/.local/lib/python3.12/site-packages/airflow/example_dags/example_dataset_alias_with_no_taskflow.py for tasks to queue
[2025-02-23T10:32:07.630+0000] {logging_mixin.py:190} INFO - [2025-02-23T10:32:07.630+0000] {dagbag.py:588} INFO - Filling up the DagBag from /home/airflow/.local/lib/python3.12/site-packages/airflow/example_dags/example_dataset_alias_with_no_taskflow.py
[2025-02-23T10:32:08.113+0000] {processor.py:925} INFO - DAG(s) 'dataset_s3_bucket_producer_with_no_taskflow', 'dataset_s3_bucket_consumer_with_no_taskflow', 'dataset_alias_example_alias_consumer_with_no_taskflow', 'dataset_alias_example_alias_producer_with_no_taskflow' retrieved from /home/airflow/.local/lib/python3.12/site-packages/airflow/example_dags/example_dataset_alias_with_no_taskflow.py
[2025-02-23T10:32:08.141+0000] {logging_mixin.py:190} INFO - [2025-02-23T10:32:08.140+0000] {dag.py:3239} INFO - Sync 4 DAGs
[2025-02-23T10:32:08.169+0000] {logging_mixin.py:190} INFO - [2025-02-23T10:32:08.169+0000] {dag.py:4180} INFO - Setting next_dagrun for dataset_alias_example_alias_consumer_with_no_taskflow to None, run_after=None
[2025-02-23T10:32:08.172+0000] {logging_mixin.py:190} INFO - [2025-02-23T10:32:08.172+0000] {dag.py:4180} INFO - Setting next_dagrun for dataset_alias_example_alias_producer_with_no_taskflow to None, run_after=None
[2025-02-23T10:32:08.174+0000] {logging_mixin.py:190} INFO - [2025-02-23T10:32:08.174+0000] {dag.py:4180} INFO - Setting next_dagrun for dataset_s3_bucket_consumer_with_no_taskflow to None, run_after=None
[2025-02-23T10:32:08.176+0000] {logging_mixin.py:190} INFO - [2025-02-23T10:32:08.176+0000] {dag.py:4180} INFO - Setting next_dagrun for dataset_s3_bucket_producer_with_no_taskflow to None, run_after=None
[2025-02-23T10:32:08.200+0000] {processor.py:208} INFO - Processing /home/airflow/.local/lib/python3.12/site-packages/airflow/example_dags/example_dataset_alias_with_no_taskflow.py took 0.579 seconds
[2025-02-23T10:32:38.258+0000] {processor.py:186} INFO - Started process (PID=895) to work on /home/airflow/.local/lib/python3.12/site-packages/airflow/example_dags/example_dataset_alias_with_no_taskflow.py
[2025-02-23T10:32:38.259+0000] {processor.py:914} INFO - Processing file /home/airflow/.local/lib/python3.12/site-packages/airflow/example_dags/example_dataset_alias_with_no_taskflow.py for tasks to queue
[2025-02-23T10:32:38.261+0000] {logging_mixin.py:190} INFO - [2025-02-23T10:32:38.260+0000] {dagbag.py:588} INFO - Filling up the DagBag from /home/airflow/.local/lib/python3.12/site-packages/airflow/example_dags/example_dataset_alias_with_no_taskflow.py
[2025-02-23T10:32:38.605+0000] {processor.py:925} INFO - DAG(s) 'dataset_alias_example_alias_producer_with_no_taskflow', 'dataset_s3_bucket_producer_with_no_taskflow', 'dataset_alias_example_alias_consumer_with_no_taskflow', 'dataset_s3_bucket_consumer_with_no_taskflow' retrieved from /home/airflow/.local/lib/python3.12/site-packages/airflow/example_dags/example_dataset_alias_with_no_taskflow.py
[2025-02-23T10:32:38.799+0000] {logging_mixin.py:190} INFO - [2025-02-23T10:32:38.798+0000] {dag.py:3239} INFO - Sync 4 DAGs
[2025-02-23T10:32:38.820+0000] {logging_mixin.py:190} INFO - [2025-02-23T10:32:38.820+0000] {dag.py:4180} INFO - Setting next_dagrun for dataset_alias_example_alias_consumer_with_no_taskflow to None, run_after=None
[2025-02-23T10:32:38.823+0000] {logging_mixin.py:190} INFO - [2025-02-23T10:32:38.823+0000] {dag.py:4180} INFO - Setting next_dagrun for dataset_alias_example_alias_producer_with_no_taskflow to None, run_after=None
[2025-02-23T10:32:38.825+0000] {logging_mixin.py:190} INFO - [2025-02-23T10:32:38.825+0000] {dag.py:4180} INFO - Setting next_dagrun for dataset_s3_bucket_consumer_with_no_taskflow to None, run_after=None
[2025-02-23T10:32:38.826+0000] {logging_mixin.py:190} INFO - [2025-02-23T10:32:38.826+0000] {dag.py:4180} INFO - Setting next_dagrun for dataset_s3_bucket_producer_with_no_taskflow to None, run_after=None
[2025-02-23T10:32:38.847+0000] {processor.py:208} INFO - Processing /home/airflow/.local/lib/python3.12/site-packages/airflow/example_dags/example_dataset_alias_with_no_taskflow.py took 0.594 seconds
[2025-02-23T10:33:08.932+0000] {processor.py:186} INFO - Started process (PID=1186) to work on /home/airflow/.local/lib/python3.12/site-packages/airflow/example_dags/example_dataset_alias_with_no_taskflow.py
[2025-02-23T10:33:08.933+0000] {processor.py:914} INFO - Processing file /home/airflow/.local/lib/python3.12/site-packages/airflow/example_dags/example_dataset_alias_with_no_taskflow.py for tasks to queue
[2025-02-23T10:33:08.936+0000] {logging_mixin.py:190} INFO - [2025-02-23T10:33:08.935+0000] {dagbag.py:588} INFO - Filling up the DagBag from /home/airflow/.local/lib/python3.12/site-packages/airflow/example_dags/example_dataset_alias_with_no_taskflow.py
[2025-02-23T10:33:09.269+0000] {processor.py:925} INFO - DAG(s) 'dataset_s3_bucket_consumer_with_no_taskflow', 'dataset_alias_example_alias_producer_with_no_taskflow', 'dataset_alias_example_alias_consumer_with_no_taskflow', 'dataset_s3_bucket_producer_with_no_taskflow' retrieved from /home/airflow/.local/lib/python3.12/site-packages/airflow/example_dags/example_dataset_alias_with_no_taskflow.py
[2025-02-23T10:33:09.289+0000] {logging_mixin.py:190} INFO - [2025-02-23T10:33:09.288+0000] {dag.py:3239} INFO - Sync 4 DAGs
[2025-02-23T10:33:09.459+0000] {logging_mixin.py:190} INFO - [2025-02-23T10:33:09.459+0000] {dag.py:4180} INFO - Setting next_dagrun for dataset_alias_example_alias_consumer_with_no_taskflow to None, run_after=None
[2025-02-23T10:33:09.462+0000] {logging_mixin.py:190} INFO - [2025-02-23T10:33:09.461+0000] {dag.py:4180} INFO - Setting next_dagrun for dataset_alias_example_alias_producer_with_no_taskflow to None, run_after=None
[2025-02-23T10:33:09.463+0000] {logging_mixin.py:190} INFO - [2025-02-23T10:33:09.463+0000] {dag.py:4180} INFO - Setting next_dagrun for dataset_s3_bucket_consumer_with_no_taskflow to None, run_after=None
[2025-02-23T10:33:09.465+0000] {logging_mixin.py:190} INFO - [2025-02-23T10:33:09.465+0000] {dag.py:4180} INFO - Setting next_dagrun for dataset_s3_bucket_producer_with_no_taskflow to None, run_after=None
[2025-02-23T10:33:09.485+0000] {processor.py:208} INFO - Processing /home/airflow/.local/lib/python3.12/site-packages/airflow/example_dags/example_dataset_alias_with_no_taskflow.py took 0.558 seconds
[2025-02-23T10:33:39.548+0000] {processor.py:186} INFO - Started process (PID=1477) to work on /home/airflow/.local/lib/python3.12/site-packages/airflow/example_dags/example_dataset_alias_with_no_taskflow.py
[2025-02-23T10:33:39.549+0000] {processor.py:914} INFO - Processing file /home/airflow/.local/lib/python3.12/site-packages/airflow/example_dags/example_dataset_alias_with_no_taskflow.py for tasks to queue
[2025-02-23T10:33:39.551+0000] {logging_mixin.py:190} INFO - [2025-02-23T10:33:39.551+0000] {dagbag.py:588} INFO - Filling up the DagBag from /home/airflow/.local/lib/python3.12/site-packages/airflow/example_dags/example_dataset_alias_with_no_taskflow.py
[2025-02-23T10:33:40.027+0000] {processor.py:925} INFO - DAG(s) 'dataset_s3_bucket_consumer_with_no_taskflow', 'dataset_s3_bucket_producer_with_no_taskflow', 'dataset_alias_example_alias_consumer_with_no_taskflow', 'dataset_alias_example_alias_producer_with_no_taskflow' retrieved from /home/airflow/.local/lib/python3.12/site-packages/airflow/example_dags/example_dataset_alias_with_no_taskflow.py
[2025-02-23T10:33:40.048+0000] {logging_mixin.py:190} INFO - [2025-02-23T10:33:40.047+0000] {dag.py:3239} INFO - Sync 4 DAGs
[2025-02-23T10:33:40.067+0000] {logging_mixin.py:190} INFO - [2025-02-23T10:33:40.067+0000] {dag.py:4180} INFO - Setting next_dagrun for dataset_alias_example_alias_consumer_with_no_taskflow to None, run_after=None
[2025-02-23T10:33:40.070+0000] {logging_mixin.py:190} INFO - [2025-02-23T10:33:40.070+0000] {dag.py:4180} INFO - Setting next_dagrun for dataset_alias_example_alias_producer_with_no_taskflow to None, run_after=None
[2025-02-23T10:33:40.073+0000] {logging_mixin.py:190} INFO - [2025-02-23T10:33:40.073+0000] {dag.py:4180} INFO - Setting next_dagrun for dataset_s3_bucket_consumer_with_no_taskflow to None, run_after=None
[2025-02-23T10:33:40.075+0000] {logging_mixin.py:190} INFO - [2025-02-23T10:33:40.075+0000] {dag.py:4180} INFO - Setting next_dagrun for dataset_s3_bucket_producer_with_no_taskflow to None, run_after=None
[2025-02-23T10:33:40.094+0000] {processor.py:208} INFO - Processing /home/airflow/.local/lib/python3.12/site-packages/airflow/example_dags/example_dataset_alias_with_no_taskflow.py took 0.551 seconds
