[2025-02-23T10:31:38.782+0000] {processor.py:186} INFO - Started process (PID=401) to work on /home/airflow/.local/lib/python3.12/site-packages/airflow/example_dags/example_external_task_marker_dag.py
[2025-02-23T10:31:38.784+0000] {processor.py:914} INFO - Processing file /home/airflow/.local/lib/python3.12/site-packages/airflow/example_dags/example_external_task_marker_dag.py for tasks to queue
[2025-02-23T10:31:38.787+0000] {logging_mixin.py:190} INFO - [2025-02-23T10:31:38.786+0000] {dagbag.py:588} INFO - Filling up the DagBag from /home/airflow/.local/lib/python3.12/site-packages/airflow/example_dags/example_external_task_marker_dag.py
[2025-02-23T10:31:38.795+0000] {processor.py:925} INFO - DAG(s) 'example_external_task_marker_child', 'example_external_task_marker_parent' retrieved from /home/airflow/.local/lib/python3.12/site-packages/airflow/example_dags/example_external_task_marker_dag.py
[2025-02-23T10:31:38.887+0000] {logging_mixin.py:190} INFO - [2025-02-23T10:31:38.887+0000] {override.py:1912} INFO - Created Permission View: can read on DAG:example_external_task_marker_child
[2025-02-23T10:31:38.898+0000] {logging_mixin.py:190} INFO - [2025-02-23T10:31:38.897+0000] {override.py:1912} INFO - Created Permission View: can delete on DAG:example_external_task_marker_child
[2025-02-23T10:31:38.903+0000] {logging_mixin.py:190} INFO - [2025-02-23T10:31:38.903+0000] {override.py:1912} INFO - Created Permission View: can edit on DAG:example_external_task_marker_child
[2025-02-23T10:31:38.910+0000] {logging_mixin.py:190} INFO - [2025-02-23T10:31:38.910+0000] {override.py:1912} INFO - Created Permission View: can read on DAG Run:example_external_task_marker_child
[2025-02-23T10:31:38.917+0000] {logging_mixin.py:190} INFO - [2025-02-23T10:31:38.917+0000] {override.py:1912} INFO - Created Permission View: can create on DAG Run:example_external_task_marker_child
[2025-02-23T10:31:38.924+0000] {logging_mixin.py:190} INFO - [2025-02-23T10:31:38.924+0000] {override.py:1912} INFO - Created Permission View: menu access on DAG Run:example_external_task_marker_child
[2025-02-23T10:31:38.931+0000] {logging_mixin.py:190} INFO - [2025-02-23T10:31:38.931+0000] {override.py:1912} INFO - Created Permission View: can delete on DAG Run:example_external_task_marker_child
[2025-02-23T10:31:38.943+0000] {logging_mixin.py:190} INFO - [2025-02-23T10:31:38.943+0000] {override.py:1912} INFO - Created Permission View: can read on DAG:example_external_task_marker_parent
[2025-02-23T10:31:38.951+0000] {logging_mixin.py:190} INFO - [2025-02-23T10:31:38.951+0000] {override.py:1912} INFO - Created Permission View: can delete on DAG:example_external_task_marker_parent
[2025-02-23T10:31:38.959+0000] {logging_mixin.py:190} INFO - [2025-02-23T10:31:38.958+0000] {override.py:1912} INFO - Created Permission View: can edit on DAG:example_external_task_marker_parent
[2025-02-23T10:31:38.967+0000] {logging_mixin.py:190} INFO - [2025-02-23T10:31:38.967+0000] {override.py:1912} INFO - Created Permission View: can read on DAG Run:example_external_task_marker_parent
[2025-02-23T10:31:38.975+0000] {logging_mixin.py:190} INFO - [2025-02-23T10:31:38.974+0000] {override.py:1912} INFO - Created Permission View: can create on DAG Run:example_external_task_marker_parent
[2025-02-23T10:31:38.982+0000] {logging_mixin.py:190} INFO - [2025-02-23T10:31:38.982+0000] {override.py:1912} INFO - Created Permission View: menu access on DAG Run:example_external_task_marker_parent
[2025-02-23T10:31:38.989+0000] {logging_mixin.py:190} INFO - [2025-02-23T10:31:38.988+0000] {override.py:1912} INFO - Created Permission View: can delete on DAG Run:example_external_task_marker_parent
[2025-02-23T10:31:38.989+0000] {logging_mixin.py:190} INFO - [2025-02-23T10:31:38.989+0000] {dag.py:3239} INFO - Sync 2 DAGs
[2025-02-23T10:31:39.004+0000] {logging_mixin.py:190} INFO - [2025-02-23T10:31:39.004+0000] {dag.py:3262} INFO - Creating ORM DAG for example_external_task_marker_child
[2025-02-23T10:31:39.006+0000] {logging_mixin.py:190} INFO - [2025-02-23T10:31:39.006+0000] {dag.py:3262} INFO - Creating ORM DAG for example_external_task_marker_parent
[2025-02-23T10:31:39.007+0000] {logging_mixin.py:190} INFO - [2025-02-23T10:31:39.007+0000] {dag.py:4180} INFO - Setting next_dagrun for example_external_task_marker_child to None, run_after=None
[2025-02-23T10:31:39.008+0000] {logging_mixin.py:190} INFO - [2025-02-23T10:31:39.008+0000] {dag.py:4180} INFO - Setting next_dagrun for example_external_task_marker_parent to None, run_after=None
[2025-02-23T10:31:39.025+0000] {processor.py:208} INFO - Processing /home/airflow/.local/lib/python3.12/site-packages/airflow/example_dags/example_external_task_marker_dag.py took 0.248 seconds
[2025-02-23T10:32:09.110+0000] {processor.py:186} INFO - Started process (PID=689) to work on /home/airflow/.local/lib/python3.12/site-packages/airflow/example_dags/example_external_task_marker_dag.py
[2025-02-23T10:32:09.112+0000] {processor.py:914} INFO - Processing file /home/airflow/.local/lib/python3.12/site-packages/airflow/example_dags/example_external_task_marker_dag.py for tasks to queue
[2025-02-23T10:32:09.114+0000] {logging_mixin.py:190} INFO - [2025-02-23T10:32:09.114+0000] {dagbag.py:588} INFO - Filling up the DagBag from /home/airflow/.local/lib/python3.12/site-packages/airflow/example_dags/example_external_task_marker_dag.py
[2025-02-23T10:32:09.122+0000] {processor.py:925} INFO - DAG(s) 'example_external_task_marker_parent', 'example_external_task_marker_child' retrieved from /home/airflow/.local/lib/python3.12/site-packages/airflow/example_dags/example_external_task_marker_dag.py
[2025-02-23T10:32:09.145+0000] {logging_mixin.py:190} INFO - [2025-02-23T10:32:09.144+0000] {dag.py:3239} INFO - Sync 2 DAGs
[2025-02-23T10:32:09.158+0000] {logging_mixin.py:190} INFO - [2025-02-23T10:32:09.157+0000] {dag.py:4180} INFO - Setting next_dagrun for example_external_task_marker_child to None, run_after=None
[2025-02-23T10:32:09.162+0000] {logging_mixin.py:190} INFO - [2025-02-23T10:32:09.162+0000] {dag.py:4180} INFO - Setting next_dagrun for example_external_task_marker_parent to None, run_after=None
[2025-02-23T10:32:09.181+0000] {processor.py:208} INFO - Processing /home/airflow/.local/lib/python3.12/site-packages/airflow/example_dags/example_external_task_marker_dag.py took 0.077 seconds
[2025-02-23T10:32:39.752+0000] {processor.py:186} INFO - Started process (PID=978) to work on /home/airflow/.local/lib/python3.12/site-packages/airflow/example_dags/example_external_task_marker_dag.py
[2025-02-23T10:32:39.753+0000] {processor.py:914} INFO - Processing file /home/airflow/.local/lib/python3.12/site-packages/airflow/example_dags/example_external_task_marker_dag.py for tasks to queue
[2025-02-23T10:32:39.756+0000] {logging_mixin.py:190} INFO - [2025-02-23T10:32:39.756+0000] {dagbag.py:588} INFO - Filling up the DagBag from /home/airflow/.local/lib/python3.12/site-packages/airflow/example_dags/example_external_task_marker_dag.py
[2025-02-23T10:32:39.764+0000] {processor.py:925} INFO - DAG(s) 'example_external_task_marker_parent', 'example_external_task_marker_child' retrieved from /home/airflow/.local/lib/python3.12/site-packages/airflow/example_dags/example_external_task_marker_dag.py
[2025-02-23T10:32:39.793+0000] {logging_mixin.py:190} INFO - [2025-02-23T10:32:39.793+0000] {dag.py:3239} INFO - Sync 2 DAGs
[2025-02-23T10:32:39.804+0000] {logging_mixin.py:190} INFO - [2025-02-23T10:32:39.804+0000] {dag.py:4180} INFO - Setting next_dagrun for example_external_task_marker_child to None, run_after=None
[2025-02-23T10:32:39.807+0000] {logging_mixin.py:190} INFO - [2025-02-23T10:32:39.807+0000] {dag.py:4180} INFO - Setting next_dagrun for example_external_task_marker_parent to None, run_after=None
[2025-02-23T10:32:39.860+0000] {processor.py:208} INFO - Processing /home/airflow/.local/lib/python3.12/site-packages/airflow/example_dags/example_external_task_marker_dag.py took 0.114 seconds
[2025-02-23T10:33:10.266+0000] {processor.py:186} INFO - Started process (PID=1269) to work on /home/airflow/.local/lib/python3.12/site-packages/airflow/example_dags/example_external_task_marker_dag.py
[2025-02-23T10:33:10.267+0000] {processor.py:914} INFO - Processing file /home/airflow/.local/lib/python3.12/site-packages/airflow/example_dags/example_external_task_marker_dag.py for tasks to queue
[2025-02-23T10:33:10.269+0000] {logging_mixin.py:190} INFO - [2025-02-23T10:33:10.269+0000] {dagbag.py:588} INFO - Filling up the DagBag from /home/airflow/.local/lib/python3.12/site-packages/airflow/example_dags/example_external_task_marker_dag.py
[2025-02-23T10:33:10.276+0000] {processor.py:925} INFO - DAG(s) 'example_external_task_marker_child', 'example_external_task_marker_parent' retrieved from /home/airflow/.local/lib/python3.12/site-packages/airflow/example_dags/example_external_task_marker_dag.py
[2025-02-23T10:33:10.296+0000] {logging_mixin.py:190} INFO - [2025-02-23T10:33:10.296+0000] {dag.py:3239} INFO - Sync 2 DAGs
[2025-02-23T10:33:10.309+0000] {logging_mixin.py:190} INFO - [2025-02-23T10:33:10.309+0000] {dag.py:4180} INFO - Setting next_dagrun for example_external_task_marker_child to None, run_after=None
[2025-02-23T10:33:10.313+0000] {logging_mixin.py:190} INFO - [2025-02-23T10:33:10.312+0000] {dag.py:4180} INFO - Setting next_dagrun for example_external_task_marker_parent to None, run_after=None
[2025-02-23T10:33:10.326+0000] {processor.py:208} INFO - Processing /home/airflow/.local/lib/python3.12/site-packages/airflow/example_dags/example_external_task_marker_dag.py took 0.066 seconds
[2025-02-23T10:33:40.861+0000] {processor.py:186} INFO - Started process (PID=1560) to work on /home/airflow/.local/lib/python3.12/site-packages/airflow/example_dags/example_external_task_marker_dag.py
[2025-02-23T10:33:40.862+0000] {processor.py:914} INFO - Processing file /home/airflow/.local/lib/python3.12/site-packages/airflow/example_dags/example_external_task_marker_dag.py for tasks to queue
[2025-02-23T10:33:40.864+0000] {logging_mixin.py:190} INFO - [2025-02-23T10:33:40.864+0000] {dagbag.py:588} INFO - Filling up the DagBag from /home/airflow/.local/lib/python3.12/site-packages/airflow/example_dags/example_external_task_marker_dag.py
[2025-02-23T10:33:40.871+0000] {processor.py:925} INFO - DAG(s) 'example_external_task_marker_parent', 'example_external_task_marker_child' retrieved from /home/airflow/.local/lib/python3.12/site-packages/airflow/example_dags/example_external_task_marker_dag.py
[2025-02-23T10:33:40.891+0000] {logging_mixin.py:190} INFO - [2025-02-23T10:33:40.891+0000] {dag.py:3239} INFO - Sync 2 DAGs
[2025-02-23T10:33:40.903+0000] {logging_mixin.py:190} INFO - [2025-02-23T10:33:40.903+0000] {dag.py:4180} INFO - Setting next_dagrun for example_external_task_marker_child to None, run_after=None
[2025-02-23T10:33:40.907+0000] {logging_mixin.py:190} INFO - [2025-02-23T10:33:40.907+0000] {dag.py:4180} INFO - Setting next_dagrun for example_external_task_marker_parent to None, run_after=None
[2025-02-23T10:33:40.919+0000] {processor.py:208} INFO - Processing /home/airflow/.local/lib/python3.12/site-packages/airflow/example_dags/example_external_task_marker_dag.py took 0.063 seconds
