[2025-02-23T10:31:33.474+0000] {processor.py:186} INFO - Started process (PID=271) to work on /home/airflow/.local/lib/python3.12/site-packages/airflow/example_dags/example_branch_datetime_operator.py
[2025-02-23T10:31:33.475+0000] {processor.py:914} INFO - Processing file /home/airflow/.local/lib/python3.12/site-packages/airflow/example_dags/example_branch_datetime_operator.py for tasks to queue
[2025-02-23T10:31:33.478+0000] {logging_mixin.py:190} INFO - [2025-02-23T10:31:33.477+0000] {dagbag.py:588} INFO - Filling up the DagBag from /home/airflow/.local/lib/python3.12/site-packages/airflow/example_dags/example_branch_datetime_operator.py
[2025-02-23T10:31:33.489+0000] {processor.py:925} INFO - DAG(s) 'example_branch_datetime_operator_2', 'example_branch_datetime_operator', 'example_branch_datetime_operator_3' retrieved from /home/airflow/.local/lib/python3.12/site-packages/airflow/example_dags/example_branch_datetime_operator.py
[2025-02-23T10:31:33.581+0000] {logging_mixin.py:190} INFO - [2025-02-23T10:31:33.580+0000] {override.py:1912} INFO - Created Permission View: can read on DAG:example_branch_datetime_operator_2
[2025-02-23T10:31:33.592+0000] {logging_mixin.py:190} INFO - [2025-02-23T10:31:33.592+0000] {override.py:1912} INFO - Created Permission View: can delete on DAG:example_branch_datetime_operator_2
[2025-02-23T10:31:33.599+0000] {logging_mixin.py:190} INFO - [2025-02-23T10:31:33.598+0000] {override.py:1912} INFO - Created Permission View: can edit on DAG:example_branch_datetime_operator_2
[2025-02-23T10:31:33.607+0000] {logging_mixin.py:190} INFO - [2025-02-23T10:31:33.606+0000] {override.py:1912} INFO - Created Permission View: can read on DAG Run:example_branch_datetime_operator_2
[2025-02-23T10:31:33.613+0000] {logging_mixin.py:190} INFO - [2025-02-23T10:31:33.613+0000] {override.py:1912} INFO - Created Permission View: can create on DAG Run:example_branch_datetime_operator_2
[2025-02-23T10:31:33.620+0000] {logging_mixin.py:190} INFO - [2025-02-23T10:31:33.620+0000] {override.py:1912} INFO - Created Permission View: menu access on DAG Run:example_branch_datetime_operator_2
[2025-02-23T10:31:33.627+0000] {logging_mixin.py:190} INFO - [2025-02-23T10:31:33.627+0000] {override.py:1912} INFO - Created Permission View: can delete on DAG Run:example_branch_datetime_operator_2
[2025-02-23T10:31:33.640+0000] {logging_mixin.py:190} INFO - [2025-02-23T10:31:33.640+0000] {override.py:1912} INFO - Created Permission View: can read on DAG:example_branch_datetime_operator
[2025-02-23T10:31:33.648+0000] {logging_mixin.py:190} INFO - [2025-02-23T10:31:33.648+0000] {override.py:1912} INFO - Created Permission View: can delete on DAG:example_branch_datetime_operator
[2025-02-23T10:31:33.656+0000] {logging_mixin.py:190} INFO - [2025-02-23T10:31:33.655+0000] {override.py:1912} INFO - Created Permission View: can edit on DAG:example_branch_datetime_operator
[2025-02-23T10:31:33.665+0000] {logging_mixin.py:190} INFO - [2025-02-23T10:31:33.665+0000] {override.py:1912} INFO - Created Permission View: can read on DAG Run:example_branch_datetime_operator
[2025-02-23T10:31:33.673+0000] {logging_mixin.py:190} INFO - [2025-02-23T10:31:33.673+0000] {override.py:1912} INFO - Created Permission View: can create on DAG Run:example_branch_datetime_operator
[2025-02-23T10:31:33.680+0000] {logging_mixin.py:190} INFO - [2025-02-23T10:31:33.680+0000] {override.py:1912} INFO - Created Permission View: menu access on DAG Run:example_branch_datetime_operator
[2025-02-23T10:31:33.687+0000] {logging_mixin.py:190} INFO - [2025-02-23T10:31:33.687+0000] {override.py:1912} INFO - Created Permission View: can delete on DAG Run:example_branch_datetime_operator
[2025-02-23T10:31:33.700+0000] {logging_mixin.py:190} INFO - [2025-02-23T10:31:33.700+0000] {override.py:1912} INFO - Created Permission View: can read on DAG:example_branch_datetime_operator_3
[2025-02-23T10:31:33.708+0000] {logging_mixin.py:190} INFO - [2025-02-23T10:31:33.707+0000] {override.py:1912} INFO - Created Permission View: can delete on DAG:example_branch_datetime_operator_3
[2025-02-23T10:31:33.715+0000] {logging_mixin.py:190} INFO - [2025-02-23T10:31:33.714+0000] {override.py:1912} INFO - Created Permission View: can edit on DAG:example_branch_datetime_operator_3
[2025-02-23T10:31:33.722+0000] {logging_mixin.py:190} INFO - [2025-02-23T10:31:33.721+0000] {override.py:1912} INFO - Created Permission View: can read on DAG Run:example_branch_datetime_operator_3
[2025-02-23T10:31:33.729+0000] {logging_mixin.py:190} INFO - [2025-02-23T10:31:33.728+0000] {override.py:1912} INFO - Created Permission View: can create on DAG Run:example_branch_datetime_operator_3
[2025-02-23T10:31:33.736+0000] {logging_mixin.py:190} INFO - [2025-02-23T10:31:33.735+0000] {override.py:1912} INFO - Created Permission View: menu access on DAG Run:example_branch_datetime_operator_3
[2025-02-23T10:31:33.742+0000] {logging_mixin.py:190} INFO - [2025-02-23T10:31:33.741+0000] {override.py:1912} INFO - Created Permission View: can delete on DAG Run:example_branch_datetime_operator_3
[2025-02-23T10:31:33.742+0000] {logging_mixin.py:190} INFO - [2025-02-23T10:31:33.742+0000] {dag.py:3239} INFO - Sync 3 DAGs
[2025-02-23T10:31:33.756+0000] {logging_mixin.py:190} INFO - [2025-02-23T10:31:33.755+0000] {dag.py:3262} INFO - Creating ORM DAG for example_branch_datetime_operator_2
[2025-02-23T10:31:33.757+0000] {logging_mixin.py:190} INFO - [2025-02-23T10:31:33.756+0000] {dag.py:3262} INFO - Creating ORM DAG for example_branch_datetime_operator
[2025-02-23T10:31:33.758+0000] {logging_mixin.py:190} INFO - [2025-02-23T10:31:33.757+0000] {dag.py:3262} INFO - Creating ORM DAG for example_branch_datetime_operator_3
[2025-02-23T10:31:33.768+0000] {logging_mixin.py:190} INFO - [2025-02-23T10:31:33.767+0000] {dag.py:4180} INFO - Setting next_dagrun for example_branch_datetime_operator to 2025-02-22 00:00:00+00:00, run_after=2025-02-23 00:00:00+00:00
[2025-02-23T10:31:33.770+0000] {logging_mixin.py:190} INFO - [2025-02-23T10:31:33.769+0000] {dag.py:4180} INFO - Setting next_dagrun for example_branch_datetime_operator_2 to 2025-02-22 00:00:00+00:00, run_after=2025-02-23 00:00:00+00:00
[2025-02-23T10:31:33.771+0000] {logging_mixin.py:190} INFO - [2025-02-23T10:31:33.771+0000] {dag.py:4180} INFO - Setting next_dagrun for example_branch_datetime_operator_3 to 2025-02-22 00:00:00+00:00, run_after=2025-02-23 00:00:00+00:00
[2025-02-23T10:31:33.787+0000] {processor.py:208} INFO - Processing /home/airflow/.local/lib/python3.12/site-packages/airflow/example_dags/example_branch_datetime_operator.py took 0.318 seconds
[2025-02-23T10:32:04.697+0000] {processor.py:186} INFO - Started process (PID=564) to work on /home/airflow/.local/lib/python3.12/site-packages/airflow/example_dags/example_branch_datetime_operator.py
[2025-02-23T10:32:04.698+0000] {processor.py:914} INFO - Processing file /home/airflow/.local/lib/python3.12/site-packages/airflow/example_dags/example_branch_datetime_operator.py for tasks to queue
[2025-02-23T10:32:04.701+0000] {logging_mixin.py:190} INFO - [2025-02-23T10:32:04.700+0000] {dagbag.py:588} INFO - Filling up the DagBag from /home/airflow/.local/lib/python3.12/site-packages/airflow/example_dags/example_branch_datetime_operator.py
[2025-02-23T10:32:04.716+0000] {processor.py:925} INFO - DAG(s) 'example_branch_datetime_operator_3', 'example_branch_datetime_operator', 'example_branch_datetime_operator_2' retrieved from /home/airflow/.local/lib/python3.12/site-packages/airflow/example_dags/example_branch_datetime_operator.py
[2025-02-23T10:32:04.741+0000] {logging_mixin.py:190} INFO - [2025-02-23T10:32:04.741+0000] {dag.py:3239} INFO - Sync 3 DAGs
[2025-02-23T10:32:04.764+0000] {logging_mixin.py:190} INFO - [2025-02-23T10:32:04.763+0000] {dag.py:4180} INFO - Setting next_dagrun for example_branch_datetime_operator to 2025-02-22 00:00:00+00:00, run_after=2025-02-23 00:00:00+00:00
[2025-02-23T10:32:04.768+0000] {logging_mixin.py:190} INFO - [2025-02-23T10:32:04.768+0000] {dag.py:4180} INFO - Setting next_dagrun for example_branch_datetime_operator_2 to 2025-02-22 00:00:00+00:00, run_after=2025-02-23 00:00:00+00:00
[2025-02-23T10:32:04.770+0000] {logging_mixin.py:190} INFO - [2025-02-23T10:32:04.770+0000] {dag.py:4180} INFO - Setting next_dagrun for example_branch_datetime_operator_3 to 2025-02-22 00:00:00+00:00, run_after=2025-02-23 00:00:00+00:00
[2025-02-23T10:32:04.787+0000] {processor.py:208} INFO - Processing /home/airflow/.local/lib/python3.12/site-packages/airflow/example_dags/example_branch_datetime_operator.py took 0.096 seconds
[2025-02-23T10:32:35.301+0000] {processor.py:186} INFO - Started process (PID=855) to work on /home/airflow/.local/lib/python3.12/site-packages/airflow/example_dags/example_branch_datetime_operator.py
[2025-02-23T10:32:35.302+0000] {processor.py:914} INFO - Processing file /home/airflow/.local/lib/python3.12/site-packages/airflow/example_dags/example_branch_datetime_operator.py for tasks to queue
[2025-02-23T10:32:35.304+0000] {logging_mixin.py:190} INFO - [2025-02-23T10:32:35.304+0000] {dagbag.py:588} INFO - Filling up the DagBag from /home/airflow/.local/lib/python3.12/site-packages/airflow/example_dags/example_branch_datetime_operator.py
[2025-02-23T10:32:35.314+0000] {processor.py:925} INFO - DAG(s) 'example_branch_datetime_operator_3', 'example_branch_datetime_operator_2', 'example_branch_datetime_operator' retrieved from /home/airflow/.local/lib/python3.12/site-packages/airflow/example_dags/example_branch_datetime_operator.py
[2025-02-23T10:32:35.339+0000] {logging_mixin.py:190} INFO - [2025-02-23T10:32:35.339+0000] {dag.py:3239} INFO - Sync 3 DAGs
[2025-02-23T10:32:35.362+0000] {logging_mixin.py:190} INFO - [2025-02-23T10:32:35.362+0000] {dag.py:4180} INFO - Setting next_dagrun for example_branch_datetime_operator to 2025-02-22 00:00:00+00:00, run_after=2025-02-23 00:00:00+00:00
[2025-02-23T10:32:35.367+0000] {logging_mixin.py:190} INFO - [2025-02-23T10:32:35.367+0000] {dag.py:4180} INFO - Setting next_dagrun for example_branch_datetime_operator_2 to 2025-02-22 00:00:00+00:00, run_after=2025-02-23 00:00:00+00:00
[2025-02-23T10:32:35.369+0000] {logging_mixin.py:190} INFO - [2025-02-23T10:32:35.369+0000] {dag.py:4180} INFO - Setting next_dagrun for example_branch_datetime_operator_3 to 2025-02-22 00:00:00+00:00, run_after=2025-02-23 00:00:00+00:00
[2025-02-23T10:32:35.385+0000] {processor.py:208} INFO - Processing /home/airflow/.local/lib/python3.12/site-packages/airflow/example_dags/example_branch_datetime_operator.py took 0.090 seconds
[2025-02-23T10:33:06.038+0000] {processor.py:186} INFO - Started process (PID=1146) to work on /home/airflow/.local/lib/python3.12/site-packages/airflow/example_dags/example_branch_datetime_operator.py
[2025-02-23T10:33:06.039+0000] {processor.py:914} INFO - Processing file /home/airflow/.local/lib/python3.12/site-packages/airflow/example_dags/example_branch_datetime_operator.py for tasks to queue
[2025-02-23T10:33:06.041+0000] {logging_mixin.py:190} INFO - [2025-02-23T10:33:06.041+0000] {dagbag.py:588} INFO - Filling up the DagBag from /home/airflow/.local/lib/python3.12/site-packages/airflow/example_dags/example_branch_datetime_operator.py
[2025-02-23T10:33:06.051+0000] {processor.py:925} INFO - DAG(s) 'example_branch_datetime_operator_3', 'example_branch_datetime_operator', 'example_branch_datetime_operator_2' retrieved from /home/airflow/.local/lib/python3.12/site-packages/airflow/example_dags/example_branch_datetime_operator.py
[2025-02-23T10:33:06.077+0000] {logging_mixin.py:190} INFO - [2025-02-23T10:33:06.077+0000] {dag.py:3239} INFO - Sync 3 DAGs
[2025-02-23T10:33:06.098+0000] {logging_mixin.py:190} INFO - [2025-02-23T10:33:06.098+0000] {dag.py:4180} INFO - Setting next_dagrun for example_branch_datetime_operator to 2025-02-22 00:00:00+00:00, run_after=2025-02-23 00:00:00+00:00
[2025-02-23T10:33:06.103+0000] {logging_mixin.py:190} INFO - [2025-02-23T10:33:06.102+0000] {dag.py:4180} INFO - Setting next_dagrun for example_branch_datetime_operator_2 to 2025-02-22 00:00:00+00:00, run_after=2025-02-23 00:00:00+00:00
[2025-02-23T10:33:06.105+0000] {logging_mixin.py:190} INFO - [2025-02-23T10:33:06.105+0000] {dag.py:4180} INFO - Setting next_dagrun for example_branch_datetime_operator_3 to 2025-02-22 00:00:00+00:00, run_after=2025-02-23 00:00:00+00:00
[2025-02-23T10:33:06.121+0000] {processor.py:208} INFO - Processing /home/airflow/.local/lib/python3.12/site-packages/airflow/example_dags/example_branch_datetime_operator.py took 0.088 seconds
[2025-02-23T10:33:36.699+0000] {processor.py:186} INFO - Started process (PID=1437) to work on /home/airflow/.local/lib/python3.12/site-packages/airflow/example_dags/example_branch_datetime_operator.py
[2025-02-23T10:33:36.700+0000] {processor.py:914} INFO - Processing file /home/airflow/.local/lib/python3.12/site-packages/airflow/example_dags/example_branch_datetime_operator.py for tasks to queue
[2025-02-23T10:33:36.702+0000] {logging_mixin.py:190} INFO - [2025-02-23T10:33:36.702+0000] {dagbag.py:588} INFO - Filling up the DagBag from /home/airflow/.local/lib/python3.12/site-packages/airflow/example_dags/example_branch_datetime_operator.py
[2025-02-23T10:33:36.712+0000] {processor.py:925} INFO - DAG(s) 'example_branch_datetime_operator_2', 'example_branch_datetime_operator', 'example_branch_datetime_operator_3' retrieved from /home/airflow/.local/lib/python3.12/site-packages/airflow/example_dags/example_branch_datetime_operator.py
[2025-02-23T10:33:36.736+0000] {logging_mixin.py:190} INFO - [2025-02-23T10:33:36.736+0000] {dag.py:3239} INFO - Sync 3 DAGs
[2025-02-23T10:33:36.757+0000] {logging_mixin.py:190} INFO - [2025-02-23T10:33:36.757+0000] {dag.py:4180} INFO - Setting next_dagrun for example_branch_datetime_operator to 2025-02-22 00:00:00+00:00, run_after=2025-02-23 00:00:00+00:00
[2025-02-23T10:33:36.763+0000] {logging_mixin.py:190} INFO - [2025-02-23T10:33:36.763+0000] {dag.py:4180} INFO - Setting next_dagrun for example_branch_datetime_operator_2 to 2025-02-22 00:00:00+00:00, run_after=2025-02-23 00:00:00+00:00
[2025-02-23T10:33:36.766+0000] {logging_mixin.py:190} INFO - [2025-02-23T10:33:36.766+0000] {dag.py:4180} INFO - Setting next_dagrun for example_branch_datetime_operator_3 to 2025-02-22 00:00:00+00:00, run_after=2025-02-23 00:00:00+00:00
[2025-02-23T10:33:36.782+0000] {processor.py:208} INFO - Processing /home/airflow/.local/lib/python3.12/site-packages/airflow/example_dags/example_branch_datetime_operator.py took 0.088 seconds
