[2025-02-23T10:31:38.351+0000] {processor.py:186} INFO - Started process (PID=381) to work on /home/airflow/.local/lib/python3.12/site-packages/airflow/example_dags/example_bash_operator.py
[2025-02-23T10:31:38.352+0000] {processor.py:914} INFO - Processing file /home/airflow/.local/lib/python3.12/site-packages/airflow/example_dags/example_bash_operator.py for tasks to queue
[2025-02-23T10:31:38.354+0000] {logging_mixin.py:190} INFO - [2025-02-23T10:31:38.354+0000] {dagbag.py:588} INFO - Filling up the DagBag from /home/airflow/.local/lib/python3.12/site-packages/airflow/example_dags/example_bash_operator.py
[2025-02-23T10:31:38.366+0000] {processor.py:925} INFO - DAG(s) 'example_bash_operator' retrieved from /home/airflow/.local/lib/python3.12/site-packages/airflow/example_dags/example_bash_operator.py
[2025-02-23T10:31:38.453+0000] {logging_mixin.py:190} INFO - [2025-02-23T10:31:38.453+0000] {override.py:1912} INFO - Created Permission View: can read on DAG:example_bash_operator
[2025-02-23T10:31:38.464+0000] {logging_mixin.py:190} INFO - [2025-02-23T10:31:38.464+0000] {override.py:1912} INFO - Created Permission View: can delete on DAG:example_bash_operator
[2025-02-23T10:31:38.471+0000] {logging_mixin.py:190} INFO - [2025-02-23T10:31:38.471+0000] {override.py:1912} INFO - Created Permission View: can edit on DAG:example_bash_operator
[2025-02-23T10:31:38.478+0000] {logging_mixin.py:190} INFO - [2025-02-23T10:31:38.478+0000] {override.py:1912} INFO - Created Permission View: can read on DAG Run:example_bash_operator
[2025-02-23T10:31:38.485+0000] {logging_mixin.py:190} INFO - [2025-02-23T10:31:38.484+0000] {override.py:1912} INFO - Created Permission View: can create on DAG Run:example_bash_operator
[2025-02-23T10:31:38.491+0000] {logging_mixin.py:190} INFO - [2025-02-23T10:31:38.491+0000] {override.py:1912} INFO - Created Permission View: menu access on DAG Run:example_bash_operator
[2025-02-23T10:31:38.498+0000] {logging_mixin.py:190} INFO - [2025-02-23T10:31:38.497+0000] {override.py:1912} INFO - Created Permission View: can delete on DAG Run:example_bash_operator
[2025-02-23T10:31:38.498+0000] {logging_mixin.py:190} INFO - [2025-02-23T10:31:38.498+0000] {dag.py:3239} INFO - Sync 1 DAGs
[2025-02-23T10:31:38.510+0000] {logging_mixin.py:190} INFO - [2025-02-23T10:31:38.510+0000] {dag.py:3262} INFO - Creating ORM DAG for example_bash_operator
[2025-02-23T10:31:38.519+0000] {logging_mixin.py:190} INFO - [2025-02-23T10:31:38.519+0000] {dag.py:4180} INFO - Setting next_dagrun for example_bash_operator to 2025-02-22 00:00:00+00:00, run_after=2025-02-23 00:00:00+00:00
[2025-02-23T10:31:38.534+0000] {processor.py:208} INFO - Processing /home/airflow/.local/lib/python3.12/site-packages/airflow/example_dags/example_bash_operator.py took 0.190 seconds
[2025-02-23T10:32:08.842+0000] {processor.py:186} INFO - Started process (PID=672) to work on /home/airflow/.local/lib/python3.12/site-packages/airflow/example_dags/example_bash_operator.py
[2025-02-23T10:32:08.843+0000] {processor.py:914} INFO - Processing file /home/airflow/.local/lib/python3.12/site-packages/airflow/example_dags/example_bash_operator.py for tasks to queue
[2025-02-23T10:32:08.849+0000] {logging_mixin.py:190} INFO - [2025-02-23T10:32:08.848+0000] {dagbag.py:588} INFO - Filling up the DagBag from /home/airflow/.local/lib/python3.12/site-packages/airflow/example_dags/example_bash_operator.py
[2025-02-23T10:32:08.865+0000] {processor.py:925} INFO - DAG(s) 'example_bash_operator' retrieved from /home/airflow/.local/lib/python3.12/site-packages/airflow/example_dags/example_bash_operator.py
[2025-02-23T10:32:08.896+0000] {logging_mixin.py:190} INFO - [2025-02-23T10:32:08.896+0000] {dag.py:3239} INFO - Sync 1 DAGs
[2025-02-23T10:32:08.920+0000] {logging_mixin.py:190} INFO - [2025-02-23T10:32:08.920+0000] {dag.py:4180} INFO - Setting next_dagrun for example_bash_operator to 2025-02-22 00:00:00+00:00, run_after=2025-02-23 00:00:00+00:00
[2025-02-23T10:32:08.940+0000] {processor.py:208} INFO - Processing /home/airflow/.local/lib/python3.12/site-packages/airflow/example_dags/example_bash_operator.py took 0.103 seconds
[2025-02-23T10:32:39.616+0000] {processor.py:186} INFO - Started process (PID=965) to work on /home/airflow/.local/lib/python3.12/site-packages/airflow/example_dags/example_bash_operator.py
[2025-02-23T10:32:39.618+0000] {processor.py:914} INFO - Processing file /home/airflow/.local/lib/python3.12/site-packages/airflow/example_dags/example_bash_operator.py for tasks to queue
[2025-02-23T10:32:39.621+0000] {logging_mixin.py:190} INFO - [2025-02-23T10:32:39.620+0000] {dagbag.py:588} INFO - Filling up the DagBag from /home/airflow/.local/lib/python3.12/site-packages/airflow/example_dags/example_bash_operator.py
[2025-02-23T10:32:39.636+0000] {processor.py:925} INFO - DAG(s) 'example_bash_operator' retrieved from /home/airflow/.local/lib/python3.12/site-packages/airflow/example_dags/example_bash_operator.py
[2025-02-23T10:32:39.665+0000] {logging_mixin.py:190} INFO - [2025-02-23T10:32:39.664+0000] {dag.py:3239} INFO - Sync 1 DAGs
[2025-02-23T10:32:39.690+0000] {logging_mixin.py:190} INFO - [2025-02-23T10:32:39.689+0000] {dag.py:4180} INFO - Setting next_dagrun for example_bash_operator to 2025-02-22 00:00:00+00:00, run_after=2025-02-23 00:00:00+00:00
[2025-02-23T10:32:39.713+0000] {processor.py:208} INFO - Processing /home/airflow/.local/lib/python3.12/site-packages/airflow/example_dags/example_bash_operator.py took 0.103 seconds
[2025-02-23T10:33:10.115+0000] {processor.py:186} INFO - Started process (PID=1254) to work on /home/airflow/.local/lib/python3.12/site-packages/airflow/example_dags/example_bash_operator.py
[2025-02-23T10:33:10.116+0000] {processor.py:914} INFO - Processing file /home/airflow/.local/lib/python3.12/site-packages/airflow/example_dags/example_bash_operator.py for tasks to queue
[2025-02-23T10:33:10.119+0000] {logging_mixin.py:190} INFO - [2025-02-23T10:33:10.119+0000] {dagbag.py:588} INFO - Filling up the DagBag from /home/airflow/.local/lib/python3.12/site-packages/airflow/example_dags/example_bash_operator.py
[2025-02-23T10:33:10.131+0000] {processor.py:925} INFO - DAG(s) 'example_bash_operator' retrieved from /home/airflow/.local/lib/python3.12/site-packages/airflow/example_dags/example_bash_operator.py
[2025-02-23T10:33:10.154+0000] {logging_mixin.py:190} INFO - [2025-02-23T10:33:10.153+0000] {dag.py:3239} INFO - Sync 1 DAGs
[2025-02-23T10:33:10.175+0000] {logging_mixin.py:190} INFO - [2025-02-23T10:33:10.174+0000] {dag.py:4180} INFO - Setting next_dagrun for example_bash_operator to 2025-02-22 00:00:00+00:00, run_after=2025-02-23 00:00:00+00:00
[2025-02-23T10:33:10.192+0000] {processor.py:208} INFO - Processing /home/airflow/.local/lib/python3.12/site-packages/airflow/example_dags/example_bash_operator.py took 0.082 seconds
[2025-02-23T10:33:40.717+0000] {processor.py:186} INFO - Started process (PID=1545) to work on /home/airflow/.local/lib/python3.12/site-packages/airflow/example_dags/example_bash_operator.py
[2025-02-23T10:33:40.718+0000] {processor.py:914} INFO - Processing file /home/airflow/.local/lib/python3.12/site-packages/airflow/example_dags/example_bash_operator.py for tasks to queue
[2025-02-23T10:33:40.720+0000] {logging_mixin.py:190} INFO - [2025-02-23T10:33:40.720+0000] {dagbag.py:588} INFO - Filling up the DagBag from /home/airflow/.local/lib/python3.12/site-packages/airflow/example_dags/example_bash_operator.py
[2025-02-23T10:33:40.731+0000] {processor.py:925} INFO - DAG(s) 'example_bash_operator' retrieved from /home/airflow/.local/lib/python3.12/site-packages/airflow/example_dags/example_bash_operator.py
[2025-02-23T10:33:40.753+0000] {logging_mixin.py:190} INFO - [2025-02-23T10:33:40.753+0000] {dag.py:3239} INFO - Sync 1 DAGs
[2025-02-23T10:33:40.773+0000] {logging_mixin.py:190} INFO - [2025-02-23T10:33:40.773+0000] {dag.py:4180} INFO - Setting next_dagrun for example_bash_operator to 2025-02-22 00:00:00+00:00, run_after=2025-02-23 00:00:00+00:00
[2025-02-23T10:33:40.787+0000] {processor.py:208} INFO - Processing /home/airflow/.local/lib/python3.12/site-packages/airflow/example_dags/example_bash_operator.py took 0.075 seconds
