[2025-02-23T10:31:37.919+0000] {processor.py:186} INFO - Started process (PID=361) to work on /home/airflow/.local/lib/python3.12/site-packages/airflow/example_dags/example_params_trigger_ui.py
[2025-02-23T10:31:37.920+0000] {processor.py:914} INFO - Processing file /home/airflow/.local/lib/python3.12/site-packages/airflow/example_dags/example_params_trigger_ui.py for tasks to queue
[2025-02-23T10:31:37.922+0000] {logging_mixin.py:190} INFO - [2025-02-23T10:31:37.922+0000] {dagbag.py:588} INFO - Filling up the DagBag from /home/airflow/.local/lib/python3.12/site-packages/airflow/example_dags/example_params_trigger_ui.py
[2025-02-23T10:31:37.933+0000] {processor.py:925} INFO - DAG(s) 'example_params_trigger_ui' retrieved from /home/airflow/.local/lib/python3.12/site-packages/airflow/example_dags/example_params_trigger_ui.py
[2025-02-23T10:31:38.035+0000] {logging_mixin.py:190} INFO - [2025-02-23T10:31:38.035+0000] {override.py:1912} INFO - Created Permission View: can read on DAG:example_params_trigger_ui
[2025-02-23T10:31:38.044+0000] {logging_mixin.py:190} INFO - [2025-02-23T10:31:38.044+0000] {override.py:1912} INFO - Created Permission View: can delete on DAG:example_params_trigger_ui
[2025-02-23T10:31:38.050+0000] {logging_mixin.py:190} INFO - [2025-02-23T10:31:38.050+0000] {override.py:1912} INFO - Created Permission View: can edit on DAG:example_params_trigger_ui
[2025-02-23T10:31:38.056+0000] {logging_mixin.py:190} INFO - [2025-02-23T10:31:38.055+0000] {override.py:1912} INFO - Created Permission View: can read on DAG Run:example_params_trigger_ui
[2025-02-23T10:31:38.062+0000] {logging_mixin.py:190} INFO - [2025-02-23T10:31:38.062+0000] {override.py:1912} INFO - Created Permission View: can create on DAG Run:example_params_trigger_ui
[2025-02-23T10:31:38.068+0000] {logging_mixin.py:190} INFO - [2025-02-23T10:31:38.068+0000] {override.py:1912} INFO - Created Permission View: menu access on DAG Run:example_params_trigger_ui
[2025-02-23T10:31:38.074+0000] {logging_mixin.py:190} INFO - [2025-02-23T10:31:38.074+0000] {override.py:1912} INFO - Created Permission View: can delete on DAG Run:example_params_trigger_ui
[2025-02-23T10:31:38.075+0000] {logging_mixin.py:190} INFO - [2025-02-23T10:31:38.075+0000] {dag.py:3239} INFO - Sync 1 DAGs
[2025-02-23T10:31:38.086+0000] {logging_mixin.py:190} INFO - [2025-02-23T10:31:38.086+0000] {dag.py:3262} INFO - Creating ORM DAG for example_params_trigger_ui
[2025-02-23T10:31:38.088+0000] {logging_mixin.py:190} INFO - [2025-02-23T10:31:38.087+0000] {dag.py:4180} INFO - Setting next_dagrun for example_params_trigger_ui to None, run_after=None
[2025-02-23T10:31:38.102+0000] {processor.py:208} INFO - Processing /home/airflow/.local/lib/python3.12/site-packages/airflow/example_dags/example_params_trigger_ui.py took 0.188 seconds
[2025-02-23T10:32:08.618+0000] {processor.py:186} INFO - Started process (PID=652) to work on /home/airflow/.local/lib/python3.12/site-packages/airflow/example_dags/example_params_trigger_ui.py
[2025-02-23T10:32:08.619+0000] {processor.py:914} INFO - Processing file /home/airflow/.local/lib/python3.12/site-packages/airflow/example_dags/example_params_trigger_ui.py for tasks to queue
[2025-02-23T10:32:08.621+0000] {logging_mixin.py:190} INFO - [2025-02-23T10:32:08.621+0000] {dagbag.py:588} INFO - Filling up the DagBag from /home/airflow/.local/lib/python3.12/site-packages/airflow/example_dags/example_params_trigger_ui.py
[2025-02-23T10:32:08.633+0000] {processor.py:925} INFO - DAG(s) 'example_params_trigger_ui' retrieved from /home/airflow/.local/lib/python3.12/site-packages/airflow/example_dags/example_params_trigger_ui.py
[2025-02-23T10:32:08.670+0000] {logging_mixin.py:190} INFO - [2025-02-23T10:32:08.670+0000] {dag.py:3239} INFO - Sync 1 DAGs
[2025-02-23T10:32:08.685+0000] {logging_mixin.py:190} INFO - [2025-02-23T10:32:08.685+0000] {dag.py:4180} INFO - Setting next_dagrun for example_params_trigger_ui to None, run_after=None
[2025-02-23T10:32:08.706+0000] {processor.py:208} INFO - Processing /home/airflow/.local/lib/python3.12/site-packages/airflow/example_dags/example_params_trigger_ui.py took 0.095 seconds
[2025-02-23T10:32:39.258+0000] {processor.py:186} INFO - Started process (PID=943) to work on /home/airflow/.local/lib/python3.12/site-packages/airflow/example_dags/example_params_trigger_ui.py
[2025-02-23T10:32:39.259+0000] {processor.py:914} INFO - Processing file /home/airflow/.local/lib/python3.12/site-packages/airflow/example_dags/example_params_trigger_ui.py for tasks to queue
[2025-02-23T10:32:39.261+0000] {logging_mixin.py:190} INFO - [2025-02-23T10:32:39.261+0000] {dagbag.py:588} INFO - Filling up the DagBag from /home/airflow/.local/lib/python3.12/site-packages/airflow/example_dags/example_params_trigger_ui.py
[2025-02-23T10:32:39.272+0000] {processor.py:925} INFO - DAG(s) 'example_params_trigger_ui' retrieved from /home/airflow/.local/lib/python3.12/site-packages/airflow/example_dags/example_params_trigger_ui.py
[2025-02-23T10:32:39.314+0000] {logging_mixin.py:190} INFO - [2025-02-23T10:32:39.314+0000] {dag.py:3239} INFO - Sync 1 DAGs
[2025-02-23T10:32:39.328+0000] {logging_mixin.py:190} INFO - [2025-02-23T10:32:39.327+0000] {dag.py:4180} INFO - Setting next_dagrun for example_params_trigger_ui to None, run_after=None
[2025-02-23T10:32:39.346+0000] {processor.py:208} INFO - Processing /home/airflow/.local/lib/python3.12/site-packages/airflow/example_dags/example_params_trigger_ui.py took 0.095 seconds
[2025-02-23T10:33:09.862+0000] {processor.py:186} INFO - Started process (PID=1234) to work on /home/airflow/.local/lib/python3.12/site-packages/airflow/example_dags/example_params_trigger_ui.py
[2025-02-23T10:33:09.863+0000] {processor.py:914} INFO - Processing file /home/airflow/.local/lib/python3.12/site-packages/airflow/example_dags/example_params_trigger_ui.py for tasks to queue
[2025-02-23T10:33:09.866+0000] {logging_mixin.py:190} INFO - [2025-02-23T10:33:09.865+0000] {dagbag.py:588} INFO - Filling up the DagBag from /home/airflow/.local/lib/python3.12/site-packages/airflow/example_dags/example_params_trigger_ui.py
[2025-02-23T10:33:09.877+0000] {processor.py:925} INFO - DAG(s) 'example_params_trigger_ui' retrieved from /home/airflow/.local/lib/python3.12/site-packages/airflow/example_dags/example_params_trigger_ui.py
[2025-02-23T10:33:09.914+0000] {logging_mixin.py:190} INFO - [2025-02-23T10:33:09.914+0000] {dag.py:3239} INFO - Sync 1 DAGs
[2025-02-23T10:33:09.926+0000] {logging_mixin.py:190} INFO - [2025-02-23T10:33:09.926+0000] {dag.py:4180} INFO - Setting next_dagrun for example_params_trigger_ui to None, run_after=None
[2025-02-23T10:33:09.944+0000] {processor.py:208} INFO - Processing /home/airflow/.local/lib/python3.12/site-packages/airflow/example_dags/example_params_trigger_ui.py took 0.088 seconds
[2025-02-23T10:33:40.459+0000] {processor.py:186} INFO - Started process (PID=1525) to work on /home/airflow/.local/lib/python3.12/site-packages/airflow/example_dags/example_params_trigger_ui.py
[2025-02-23T10:33:40.460+0000] {processor.py:914} INFO - Processing file /home/airflow/.local/lib/python3.12/site-packages/airflow/example_dags/example_params_trigger_ui.py for tasks to queue
[2025-02-23T10:33:40.462+0000] {logging_mixin.py:190} INFO - [2025-02-23T10:33:40.462+0000] {dagbag.py:588} INFO - Filling up the DagBag from /home/airflow/.local/lib/python3.12/site-packages/airflow/example_dags/example_params_trigger_ui.py
[2025-02-23T10:33:40.472+0000] {processor.py:925} INFO - DAG(s) 'example_params_trigger_ui' retrieved from /home/airflow/.local/lib/python3.12/site-packages/airflow/example_dags/example_params_trigger_ui.py
[2025-02-23T10:33:40.509+0000] {logging_mixin.py:190} INFO - [2025-02-23T10:33:40.509+0000] {dag.py:3239} INFO - Sync 1 DAGs
[2025-02-23T10:33:40.521+0000] {logging_mixin.py:190} INFO - [2025-02-23T10:33:40.521+0000] {dag.py:4180} INFO - Setting next_dagrun for example_params_trigger_ui to None, run_after=None
[2025-02-23T10:33:40.546+0000] {processor.py:208} INFO - Processing /home/airflow/.local/lib/python3.12/site-packages/airflow/example_dags/example_params_trigger_ui.py took 0.092 seconds
