[2025-02-23T10:31:39.775+0000] {processor.py:186} INFO - Started process (PID=431) to work on /home/airflow/.local/lib/python3.12/site-packages/airflow/example_dags/example_setup_teardown.py
[2025-02-23T10:31:39.776+0000] {processor.py:914} INFO - Processing file /home/airflow/.local/lib/python3.12/site-packages/airflow/example_dags/example_setup_teardown.py for tasks to queue
[2025-02-23T10:31:39.778+0000] {logging_mixin.py:190} INFO - [2025-02-23T10:31:39.778+0000] {dagbag.py:588} INFO - Filling up the DagBag from /home/airflow/.local/lib/python3.12/site-packages/airflow/example_dags/example_setup_teardown.py
[2025-02-23T10:31:39.786+0000] {processor.py:925} INFO - DAG(s) 'example_setup_teardown' retrieved from /home/airflow/.local/lib/python3.12/site-packages/airflow/example_dags/example_setup_teardown.py
[2025-02-23T10:31:39.865+0000] {logging_mixin.py:190} INFO - [2025-02-23T10:31:39.864+0000] {override.py:1912} INFO - Created Permission View: can read on DAG:example_setup_teardown
[2025-02-23T10:31:39.875+0000] {logging_mixin.py:190} INFO - [2025-02-23T10:31:39.874+0000] {override.py:1912} INFO - Created Permission View: can delete on DAG:example_setup_teardown
[2025-02-23T10:31:39.892+0000] {logging_mixin.py:190} INFO - [2025-02-23T10:31:39.892+0000] {override.py:1912} INFO - Created Permission View: can edit on DAG:example_setup_teardown
[2025-02-23T10:31:39.899+0000] {logging_mixin.py:190} INFO - [2025-02-23T10:31:39.899+0000] {override.py:1912} INFO - Created Permission View: can read on DAG Run:example_setup_teardown
[2025-02-23T10:31:39.905+0000] {logging_mixin.py:190} INFO - [2025-02-23T10:31:39.904+0000] {override.py:1912} INFO - Created Permission View: can create on DAG Run:example_setup_teardown
[2025-02-23T10:31:39.910+0000] {logging_mixin.py:190} INFO - [2025-02-23T10:31:39.910+0000] {override.py:1912} INFO - Created Permission View: menu access on DAG Run:example_setup_teardown
[2025-02-23T10:31:39.916+0000] {logging_mixin.py:190} INFO - [2025-02-23T10:31:39.915+0000] {override.py:1912} INFO - Created Permission View: can delete on DAG Run:example_setup_teardown
[2025-02-23T10:31:39.916+0000] {logging_mixin.py:190} INFO - [2025-02-23T10:31:39.916+0000] {dag.py:3239} INFO - Sync 1 DAGs
[2025-02-23T10:31:39.927+0000] {logging_mixin.py:190} INFO - [2025-02-23T10:31:39.927+0000] {dag.py:3262} INFO - Creating ORM DAG for example_setup_teardown
[2025-02-23T10:31:39.928+0000] {logging_mixin.py:190} INFO - [2025-02-23T10:31:39.928+0000] {dag.py:4180} INFO - Setting next_dagrun for example_setup_teardown to None, run_after=None
[2025-02-23T10:31:39.942+0000] {processor.py:208} INFO - Processing /home/airflow/.local/lib/python3.12/site-packages/airflow/example_dags/example_setup_teardown.py took 0.172 seconds
[2025-02-23T10:32:10.649+0000] {processor.py:186} INFO - Started process (PID=722) to work on /home/airflow/.local/lib/python3.12/site-packages/airflow/example_dags/example_setup_teardown.py
[2025-02-23T10:32:10.650+0000] {processor.py:914} INFO - Processing file /home/airflow/.local/lib/python3.12/site-packages/airflow/example_dags/example_setup_teardown.py for tasks to queue
[2025-02-23T10:32:10.653+0000] {logging_mixin.py:190} INFO - [2025-02-23T10:32:10.652+0000] {dagbag.py:588} INFO - Filling up the DagBag from /home/airflow/.local/lib/python3.12/site-packages/airflow/example_dags/example_setup_teardown.py
[2025-02-23T10:32:10.660+0000] {processor.py:925} INFO - DAG(s) 'example_setup_teardown' retrieved from /home/airflow/.local/lib/python3.12/site-packages/airflow/example_dags/example_setup_teardown.py
[2025-02-23T10:32:10.678+0000] {logging_mixin.py:190} INFO - [2025-02-23T10:32:10.678+0000] {dag.py:3239} INFO - Sync 1 DAGs
[2025-02-23T10:32:10.693+0000] {logging_mixin.py:190} INFO - [2025-02-23T10:32:10.693+0000] {dag.py:4180} INFO - Setting next_dagrun for example_setup_teardown to None, run_after=None
[2025-02-23T10:32:10.714+0000] {processor.py:208} INFO - Processing /home/airflow/.local/lib/python3.12/site-packages/airflow/example_dags/example_setup_teardown.py took 0.069 seconds
[2025-02-23T10:32:41.285+0000] {processor.py:186} INFO - Started process (PID=1013) to work on /home/airflow/.local/lib/python3.12/site-packages/airflow/example_dags/example_setup_teardown.py
[2025-02-23T10:32:41.287+0000] {processor.py:914} INFO - Processing file /home/airflow/.local/lib/python3.12/site-packages/airflow/example_dags/example_setup_teardown.py for tasks to queue
[2025-02-23T10:32:41.289+0000] {logging_mixin.py:190} INFO - [2025-02-23T10:32:41.288+0000] {dagbag.py:588} INFO - Filling up the DagBag from /home/airflow/.local/lib/python3.12/site-packages/airflow/example_dags/example_setup_teardown.py
[2025-02-23T10:32:41.296+0000] {processor.py:925} INFO - DAG(s) 'example_setup_teardown' retrieved from /home/airflow/.local/lib/python3.12/site-packages/airflow/example_dags/example_setup_teardown.py
[2025-02-23T10:32:41.313+0000] {logging_mixin.py:190} INFO - [2025-02-23T10:32:41.312+0000] {dag.py:3239} INFO - Sync 1 DAGs
[2025-02-23T10:32:41.336+0000] {logging_mixin.py:190} INFO - [2025-02-23T10:32:41.336+0000] {dag.py:4180} INFO - Setting next_dagrun for example_setup_teardown to None, run_after=None
[2025-02-23T10:32:41.353+0000] {processor.py:208} INFO - Processing /home/airflow/.local/lib/python3.12/site-packages/airflow/example_dags/example_setup_teardown.py took 0.072 seconds
[2025-02-23T10:33:11.659+0000] {processor.py:186} INFO - Started process (PID=1304) to work on /home/airflow/.local/lib/python3.12/site-packages/airflow/example_dags/example_setup_teardown.py
[2025-02-23T10:33:11.661+0000] {processor.py:914} INFO - Processing file /home/airflow/.local/lib/python3.12/site-packages/airflow/example_dags/example_setup_teardown.py for tasks to queue
[2025-02-23T10:33:11.663+0000] {logging_mixin.py:190} INFO - [2025-02-23T10:33:11.663+0000] {dagbag.py:588} INFO - Filling up the DagBag from /home/airflow/.local/lib/python3.12/site-packages/airflow/example_dags/example_setup_teardown.py
[2025-02-23T10:33:11.671+0000] {processor.py:925} INFO - DAG(s) 'example_setup_teardown' retrieved from /home/airflow/.local/lib/python3.12/site-packages/airflow/example_dags/example_setup_teardown.py
[2025-02-23T10:33:11.689+0000] {logging_mixin.py:190} INFO - [2025-02-23T10:33:11.689+0000] {dag.py:3239} INFO - Sync 1 DAGs
[2025-02-23T10:33:11.702+0000] {logging_mixin.py:190} INFO - [2025-02-23T10:33:11.701+0000] {dag.py:4180} INFO - Setting next_dagrun for example_setup_teardown to None, run_after=None
[2025-02-23T10:33:11.721+0000] {processor.py:208} INFO - Processing /home/airflow/.local/lib/python3.12/site-packages/airflow/example_dags/example_setup_teardown.py took 0.066 seconds
[2025-02-23T10:33:42.225+0000] {processor.py:186} INFO - Started process (PID=1592) to work on /home/airflow/.local/lib/python3.12/site-packages/airflow/example_dags/example_setup_teardown.py
[2025-02-23T10:33:42.226+0000] {processor.py:914} INFO - Processing file /home/airflow/.local/lib/python3.12/site-packages/airflow/example_dags/example_setup_teardown.py for tasks to queue
[2025-02-23T10:33:42.228+0000] {logging_mixin.py:190} INFO - [2025-02-23T10:33:42.228+0000] {dagbag.py:588} INFO - Filling up the DagBag from /home/airflow/.local/lib/python3.12/site-packages/airflow/example_dags/example_setup_teardown.py
[2025-02-23T10:33:42.237+0000] {processor.py:925} INFO - DAG(s) 'example_setup_teardown' retrieved from /home/airflow/.local/lib/python3.12/site-packages/airflow/example_dags/example_setup_teardown.py
[2025-02-23T10:33:42.253+0000] {logging_mixin.py:190} INFO - [2025-02-23T10:33:42.253+0000] {dag.py:3239} INFO - Sync 1 DAGs
[2025-02-23T10:33:42.265+0000] {logging_mixin.py:190} INFO - [2025-02-23T10:33:42.264+0000] {dag.py:4180} INFO - Setting next_dagrun for example_setup_teardown to None, run_after=None
[2025-02-23T10:33:42.281+0000] {processor.py:208} INFO - Processing /home/airflow/.local/lib/python3.12/site-packages/airflow/example_dags/example_setup_teardown.py took 0.062 seconds
