[2025-02-23T10:31:33.375+0000] {processor.py:186} INFO - Started process (PID=266) to work on /home/airflow/.local/lib/python3.12/site-packages/airflow/example_dags/example_latest_only_with_trigger.py
[2025-02-23T10:31:33.376+0000] {processor.py:914} INFO - Processing file /home/airflow/.local/lib/python3.12/site-packages/airflow/example_dags/example_latest_only_with_trigger.py for tasks to queue
[2025-02-23T10:31:33.379+0000] {logging_mixin.py:190} INFO - [2025-02-23T10:31:33.378+0000] {dagbag.py:588} INFO - Filling up the DagBag from /home/airflow/.local/lib/python3.12/site-packages/airflow/example_dags/example_latest_only_with_trigger.py
[2025-02-23T10:31:33.387+0000] {processor.py:925} INFO - DAG(s) 'latest_only_with_trigger' retrieved from /home/airflow/.local/lib/python3.12/site-packages/airflow/example_dags/example_latest_only_with_trigger.py
[2025-02-23T10:31:33.481+0000] {logging_mixin.py:190} INFO - [2025-02-23T10:31:33.480+0000] {override.py:1912} INFO - Created Permission View: can read on DAG:latest_only_with_trigger
[2025-02-23T10:31:33.491+0000] {logging_mixin.py:190} INFO - [2025-02-23T10:31:33.491+0000] {override.py:1912} INFO - Created Permission View: can delete on DAG:latest_only_with_trigger
[2025-02-23T10:31:33.498+0000] {logging_mixin.py:190} INFO - [2025-02-23T10:31:33.498+0000] {override.py:1912} INFO - Created Permission View: can edit on DAG:latest_only_with_trigger
[2025-02-23T10:31:33.506+0000] {logging_mixin.py:190} INFO - [2025-02-23T10:31:33.506+0000] {override.py:1912} INFO - Created Permission View: can read on DAG Run:latest_only_with_trigger
[2025-02-23T10:31:33.513+0000] {logging_mixin.py:190} INFO - [2025-02-23T10:31:33.512+0000] {override.py:1912} INFO - Created Permission View: can create on DAG Run:latest_only_with_trigger
[2025-02-23T10:31:33.520+0000] {logging_mixin.py:190} INFO - [2025-02-23T10:31:33.520+0000] {override.py:1912} INFO - Created Permission View: menu access on DAG Run:latest_only_with_trigger
[2025-02-23T10:31:33.527+0000] {logging_mixin.py:190} INFO - [2025-02-23T10:31:33.527+0000] {override.py:1912} INFO - Created Permission View: can delete on DAG Run:latest_only_with_trigger
[2025-02-23T10:31:33.528+0000] {logging_mixin.py:190} INFO - [2025-02-23T10:31:33.528+0000] {dag.py:3239} INFO - Sync 1 DAGs
[2025-02-23T10:31:33.539+0000] {logging_mixin.py:190} INFO - [2025-02-23T10:31:33.538+0000] {dag.py:3262} INFO - Creating ORM DAG for latest_only_with_trigger
[2025-02-23T10:31:33.548+0000] {logging_mixin.py:190} INFO - [2025-02-23T10:31:33.548+0000] {dag.py:4180} INFO - Setting next_dagrun for latest_only_with_trigger to 2025-02-23 04:00:00+00:00, run_after=2025-02-23 08:00:00+00:00
[2025-02-23T10:31:33.565+0000] {processor.py:208} INFO - Processing /home/airflow/.local/lib/python3.12/site-packages/airflow/example_dags/example_latest_only_with_trigger.py took 0.195 seconds
[2025-02-23T10:32:03.638+0000] {processor.py:186} INFO - Started process (PID=557) to work on /home/airflow/.local/lib/python3.12/site-packages/airflow/example_dags/example_latest_only_with_trigger.py
[2025-02-23T10:32:03.639+0000] {processor.py:914} INFO - Processing file /home/airflow/.local/lib/python3.12/site-packages/airflow/example_dags/example_latest_only_with_trigger.py for tasks to queue
[2025-02-23T10:32:03.641+0000] {logging_mixin.py:190} INFO - [2025-02-23T10:32:03.641+0000] {dagbag.py:588} INFO - Filling up the DagBag from /home/airflow/.local/lib/python3.12/site-packages/airflow/example_dags/example_latest_only_with_trigger.py
[2025-02-23T10:32:03.648+0000] {processor.py:925} INFO - DAG(s) 'latest_only_with_trigger' retrieved from /home/airflow/.local/lib/python3.12/site-packages/airflow/example_dags/example_latest_only_with_trigger.py
[2025-02-23T10:32:03.665+0000] {logging_mixin.py:190} INFO - [2025-02-23T10:32:03.664+0000] {dag.py:3239} INFO - Sync 1 DAGs
[2025-02-23T10:32:03.683+0000] {logging_mixin.py:190} INFO - [2025-02-23T10:32:03.683+0000] {dag.py:4180} INFO - Setting next_dagrun for latest_only_with_trigger to 2025-02-23 04:00:00+00:00, run_after=2025-02-23 08:00:00+00:00
[2025-02-23T10:32:03.698+0000] {processor.py:208} INFO - Processing /home/airflow/.local/lib/python3.12/site-packages/airflow/example_dags/example_latest_only_with_trigger.py took 0.066 seconds
[2025-02-23T10:32:34.218+0000] {processor.py:186} INFO - Started process (PID=848) to work on /home/airflow/.local/lib/python3.12/site-packages/airflow/example_dags/example_latest_only_with_trigger.py
[2025-02-23T10:32:34.220+0000] {processor.py:914} INFO - Processing file /home/airflow/.local/lib/python3.12/site-packages/airflow/example_dags/example_latest_only_with_trigger.py for tasks to queue
[2025-02-23T10:32:34.222+0000] {logging_mixin.py:190} INFO - [2025-02-23T10:32:34.222+0000] {dagbag.py:588} INFO - Filling up the DagBag from /home/airflow/.local/lib/python3.12/site-packages/airflow/example_dags/example_latest_only_with_trigger.py
[2025-02-23T10:32:34.229+0000] {processor.py:925} INFO - DAG(s) 'latest_only_with_trigger' retrieved from /home/airflow/.local/lib/python3.12/site-packages/airflow/example_dags/example_latest_only_with_trigger.py
[2025-02-23T10:32:34.247+0000] {logging_mixin.py:190} INFO - [2025-02-23T10:32:34.246+0000] {dag.py:3239} INFO - Sync 1 DAGs
[2025-02-23T10:32:34.266+0000] {logging_mixin.py:190} INFO - [2025-02-23T10:32:34.266+0000] {dag.py:4180} INFO - Setting next_dagrun for latest_only_with_trigger to 2025-02-23 04:00:00+00:00, run_after=2025-02-23 08:00:00+00:00
[2025-02-23T10:32:34.283+0000] {processor.py:208} INFO - Processing /home/airflow/.local/lib/python3.12/site-packages/airflow/example_dags/example_latest_only_with_trigger.py took 0.069 seconds
[2025-02-23T10:33:04.943+0000] {processor.py:186} INFO - Started process (PID=1139) to work on /home/airflow/.local/lib/python3.12/site-packages/airflow/example_dags/example_latest_only_with_trigger.py
[2025-02-23T10:33:04.945+0000] {processor.py:914} INFO - Processing file /home/airflow/.local/lib/python3.12/site-packages/airflow/example_dags/example_latest_only_with_trigger.py for tasks to queue
[2025-02-23T10:33:04.947+0000] {logging_mixin.py:190} INFO - [2025-02-23T10:33:04.946+0000] {dagbag.py:588} INFO - Filling up the DagBag from /home/airflow/.local/lib/python3.12/site-packages/airflow/example_dags/example_latest_only_with_trigger.py
[2025-02-23T10:33:04.953+0000] {processor.py:925} INFO - DAG(s) 'latest_only_with_trigger' retrieved from /home/airflow/.local/lib/python3.12/site-packages/airflow/example_dags/example_latest_only_with_trigger.py
[2025-02-23T10:33:04.970+0000] {logging_mixin.py:190} INFO - [2025-02-23T10:33:04.970+0000] {dag.py:3239} INFO - Sync 1 DAGs
[2025-02-23T10:33:04.989+0000] {logging_mixin.py:190} INFO - [2025-02-23T10:33:04.989+0000] {dag.py:4180} INFO - Setting next_dagrun for latest_only_with_trigger to 2025-02-23 04:00:00+00:00, run_after=2025-02-23 08:00:00+00:00
[2025-02-23T10:33:05.005+0000] {processor.py:208} INFO - Processing /home/airflow/.local/lib/python3.12/site-packages/airflow/example_dags/example_latest_only_with_trigger.py took 0.067 seconds
[2025-02-23T10:33:35.646+0000] {processor.py:186} INFO - Started process (PID=1430) to work on /home/airflow/.local/lib/python3.12/site-packages/airflow/example_dags/example_latest_only_with_trigger.py
[2025-02-23T10:33:35.647+0000] {processor.py:914} INFO - Processing file /home/airflow/.local/lib/python3.12/site-packages/airflow/example_dags/example_latest_only_with_trigger.py for tasks to queue
[2025-02-23T10:33:35.649+0000] {logging_mixin.py:190} INFO - [2025-02-23T10:33:35.648+0000] {dagbag.py:588} INFO - Filling up the DagBag from /home/airflow/.local/lib/python3.12/site-packages/airflow/example_dags/example_latest_only_with_trigger.py
[2025-02-23T10:33:35.656+0000] {processor.py:925} INFO - DAG(s) 'latest_only_with_trigger' retrieved from /home/airflow/.local/lib/python3.12/site-packages/airflow/example_dags/example_latest_only_with_trigger.py
[2025-02-23T10:33:35.674+0000] {logging_mixin.py:190} INFO - [2025-02-23T10:33:35.674+0000] {dag.py:3239} INFO - Sync 1 DAGs
[2025-02-23T10:33:35.694+0000] {logging_mixin.py:190} INFO - [2025-02-23T10:33:35.694+0000] {dag.py:4180} INFO - Setting next_dagrun for latest_only_with_trigger to 2025-02-23 04:00:00+00:00, run_after=2025-02-23 08:00:00+00:00
[2025-02-23T10:33:35.712+0000] {processor.py:208} INFO - Processing /home/airflow/.local/lib/python3.12/site-packages/airflow/example_dags/example_latest_only_with_trigger.py took 0.072 seconds
