[2025-02-23T10:31:37.066+0000] {processor.py:186} INFO - Started process (PID=336) to work on /home/airflow/.local/lib/python3.12/site-packages/airflow/example_dags/example_inlet_event_extra.py
[2025-02-23T10:31:37.068+0000] {processor.py:914} INFO - Processing file /home/airflow/.local/lib/python3.12/site-packages/airflow/example_dags/example_inlet_event_extra.py for tasks to queue
[2025-02-23T10:31:37.070+0000] {logging_mixin.py:190} INFO - [2025-02-23T10:31:37.070+0000] {dagbag.py:588} INFO - Filling up the DagBag from /home/airflow/.local/lib/python3.12/site-packages/airflow/example_dags/example_inlet_event_extra.py
[2025-02-23T10:31:37.380+0000] {processor.py:925} INFO - DAG(s) 'read_dataset_event_from_classic', 'read_dataset_event' retrieved from /home/airflow/.local/lib/python3.12/site-packages/airflow/example_dags/example_inlet_event_extra.py
[2025-02-23T10:31:37.621+0000] {logging_mixin.py:190} INFO - [2025-02-23T10:31:37.620+0000] {override.py:1912} INFO - Created Permission View: can read on DAG:read_dataset_event_from_classic
[2025-02-23T10:31:37.630+0000] {logging_mixin.py:190} INFO - [2025-02-23T10:31:37.630+0000] {override.py:1912} INFO - Created Permission View: can delete on DAG:read_dataset_event_from_classic
[2025-02-23T10:31:37.636+0000] {logging_mixin.py:190} INFO - [2025-02-23T10:31:37.636+0000] {override.py:1912} INFO - Created Permission View: can edit on DAG:read_dataset_event_from_classic
[2025-02-23T10:31:37.642+0000] {logging_mixin.py:190} INFO - [2025-02-23T10:31:37.642+0000] {override.py:1912} INFO - Created Permission View: can read on DAG Run:read_dataset_event_from_classic
[2025-02-23T10:31:37.648+0000] {logging_mixin.py:190} INFO - [2025-02-23T10:31:37.648+0000] {override.py:1912} INFO - Created Permission View: can create on DAG Run:read_dataset_event_from_classic
[2025-02-23T10:31:37.654+0000] {logging_mixin.py:190} INFO - [2025-02-23T10:31:37.653+0000] {override.py:1912} INFO - Created Permission View: menu access on DAG Run:read_dataset_event_from_classic
[2025-02-23T10:31:37.669+0000] {logging_mixin.py:190} INFO - [2025-02-23T10:31:37.668+0000] {override.py:1912} INFO - Created Permission View: can delete on DAG Run:read_dataset_event_from_classic
[2025-02-23T10:31:37.683+0000] {logging_mixin.py:190} INFO - [2025-02-23T10:31:37.683+0000] {override.py:1912} INFO - Created Permission View: can read on DAG:read_dataset_event
[2025-02-23T10:31:37.691+0000] {logging_mixin.py:190} INFO - [2025-02-23T10:31:37.691+0000] {override.py:1912} INFO - Created Permission View: can delete on DAG:read_dataset_event
[2025-02-23T10:31:37.701+0000] {logging_mixin.py:190} INFO - [2025-02-23T10:31:37.701+0000] {override.py:1912} INFO - Created Permission View: can edit on DAG:read_dataset_event
[2025-02-23T10:31:37.709+0000] {logging_mixin.py:190} INFO - [2025-02-23T10:31:37.708+0000] {override.py:1912} INFO - Created Permission View: can read on DAG Run:read_dataset_event
[2025-02-23T10:31:37.717+0000] {logging_mixin.py:190} INFO - [2025-02-23T10:31:37.717+0000] {override.py:1912} INFO - Created Permission View: can create on DAG Run:read_dataset_event
[2025-02-23T10:31:37.724+0000] {logging_mixin.py:190} INFO - [2025-02-23T10:31:37.723+0000] {override.py:1912} INFO - Created Permission View: menu access on DAG Run:read_dataset_event
[2025-02-23T10:31:37.732+0000] {logging_mixin.py:190} INFO - [2025-02-23T10:31:37.731+0000] {override.py:1912} INFO - Created Permission View: can delete on DAG Run:read_dataset_event
[2025-02-23T10:31:37.733+0000] {logging_mixin.py:190} INFO - [2025-02-23T10:31:37.733+0000] {dag.py:3239} INFO - Sync 2 DAGs
[2025-02-23T10:31:37.745+0000] {logging_mixin.py:190} INFO - [2025-02-23T10:31:37.744+0000] {dag.py:3262} INFO - Creating ORM DAG for read_dataset_event_from_classic
[2025-02-23T10:31:37.746+0000] {logging_mixin.py:190} INFO - [2025-02-23T10:31:37.746+0000] {dag.py:3262} INFO - Creating ORM DAG for read_dataset_event
[2025-02-23T10:31:37.755+0000] {logging_mixin.py:190} INFO - [2025-02-23T10:31:37.755+0000] {dag.py:4180} INFO - Setting next_dagrun for read_dataset_event to 2025-02-22 00:00:00+00:00, run_after=2025-02-23 00:00:00+00:00
[2025-02-23T10:31:37.757+0000] {logging_mixin.py:190} INFO - [2025-02-23T10:31:37.757+0000] {dag.py:4180} INFO - Setting next_dagrun for read_dataset_event_from_classic to 2025-02-22 00:00:00+00:00, run_after=2025-02-23 00:00:00+00:00
[2025-02-23T10:31:37.774+0000] {processor.py:208} INFO - Processing /home/airflow/.local/lib/python3.12/site-packages/airflow/example_dags/example_inlet_event_extra.py took 0.713 seconds
[2025-02-23T10:32:08.205+0000] {processor.py:186} INFO - Started process (PID=632) to work on /home/airflow/.local/lib/python3.12/site-packages/airflow/example_dags/example_inlet_event_extra.py
[2025-02-23T10:32:08.206+0000] {processor.py:914} INFO - Processing file /home/airflow/.local/lib/python3.12/site-packages/airflow/example_dags/example_inlet_event_extra.py for tasks to queue
[2025-02-23T10:32:08.209+0000] {logging_mixin.py:190} INFO - [2025-02-23T10:32:08.208+0000] {dagbag.py:588} INFO - Filling up the DagBag from /home/airflow/.local/lib/python3.12/site-packages/airflow/example_dags/example_inlet_event_extra.py
[2025-02-23T10:32:08.541+0000] {processor.py:925} INFO - DAG(s) 'read_dataset_event', 'read_dataset_event_from_classic' retrieved from /home/airflow/.local/lib/python3.12/site-packages/airflow/example_dags/example_inlet_event_extra.py
[2025-02-23T10:32:08.563+0000] {logging_mixin.py:190} INFO - [2025-02-23T10:32:08.563+0000] {dag.py:3239} INFO - Sync 2 DAGs
[2025-02-23T10:32:08.588+0000] {logging_mixin.py:190} INFO - [2025-02-23T10:32:08.587+0000] {dag.py:4180} INFO - Setting next_dagrun for read_dataset_event to 2025-02-22 00:00:00+00:00, run_after=2025-02-23 00:00:00+00:00
[2025-02-23T10:32:08.593+0000] {logging_mixin.py:190} INFO - [2025-02-23T10:32:08.593+0000] {dag.py:4180} INFO - Setting next_dagrun for read_dataset_event_from_classic to 2025-02-22 00:00:00+00:00, run_after=2025-02-23 00:00:00+00:00
[2025-02-23T10:32:08.609+0000] {processor.py:208} INFO - Processing /home/airflow/.local/lib/python3.12/site-packages/airflow/example_dags/example_inlet_event_extra.py took 0.409 seconds
[2025-02-23T10:32:38.788+0000] {processor.py:186} INFO - Started process (PID=923) to work on /home/airflow/.local/lib/python3.12/site-packages/airflow/example_dags/example_inlet_event_extra.py
[2025-02-23T10:32:38.789+0000] {processor.py:914} INFO - Processing file /home/airflow/.local/lib/python3.12/site-packages/airflow/example_dags/example_inlet_event_extra.py for tasks to queue
[2025-02-23T10:32:38.791+0000] {logging_mixin.py:190} INFO - [2025-02-23T10:32:38.791+0000] {dagbag.py:588} INFO - Filling up the DagBag from /home/airflow/.local/lib/python3.12/site-packages/airflow/example_dags/example_inlet_event_extra.py
[2025-02-23T10:32:39.125+0000] {processor.py:925} INFO - DAG(s) 'read_dataset_event', 'read_dataset_event_from_classic' retrieved from /home/airflow/.local/lib/python3.12/site-packages/airflow/example_dags/example_inlet_event_extra.py
[2025-02-23T10:32:39.321+0000] {logging_mixin.py:190} INFO - [2025-02-23T10:32:39.321+0000] {dag.py:3239} INFO - Sync 2 DAGs
[2025-02-23T10:32:39.343+0000] {logging_mixin.py:190} INFO - [2025-02-23T10:32:39.343+0000] {dag.py:4180} INFO - Setting next_dagrun for read_dataset_event to 2025-02-22 00:00:00+00:00, run_after=2025-02-23 00:00:00+00:00
[2025-02-23T10:32:39.350+0000] {logging_mixin.py:190} INFO - [2025-02-23T10:32:39.350+0000] {dag.py:4180} INFO - Setting next_dagrun for read_dataset_event_from_classic to 2025-02-22 00:00:00+00:00, run_after=2025-02-23 00:00:00+00:00
[2025-02-23T10:32:39.369+0000] {processor.py:208} INFO - Processing /home/airflow/.local/lib/python3.12/site-packages/airflow/example_dags/example_inlet_event_extra.py took 0.586 seconds
[2025-02-23T10:33:09.454+0000] {processor.py:186} INFO - Started process (PID=1214) to work on /home/airflow/.local/lib/python3.12/site-packages/airflow/example_dags/example_inlet_event_extra.py
[2025-02-23T10:33:09.455+0000] {processor.py:914} INFO - Processing file /home/airflow/.local/lib/python3.12/site-packages/airflow/example_dags/example_inlet_event_extra.py for tasks to queue
[2025-02-23T10:33:09.457+0000] {logging_mixin.py:190} INFO - [2025-02-23T10:33:09.457+0000] {dagbag.py:588} INFO - Filling up the DagBag from /home/airflow/.local/lib/python3.12/site-packages/airflow/example_dags/example_inlet_event_extra.py
[2025-02-23T10:33:09.759+0000] {processor.py:925} INFO - DAG(s) 'read_dataset_event', 'read_dataset_event_from_classic' retrieved from /home/airflow/.local/lib/python3.12/site-packages/airflow/example_dags/example_inlet_event_extra.py
[2025-02-23T10:33:09.780+0000] {logging_mixin.py:190} INFO - [2025-02-23T10:33:09.779+0000] {dag.py:3239} INFO - Sync 2 DAGs
[2025-02-23T10:33:09.969+0000] {logging_mixin.py:190} INFO - [2025-02-23T10:33:09.968+0000] {dag.py:4180} INFO - Setting next_dagrun for read_dataset_event to 2025-02-22 00:00:00+00:00, run_after=2025-02-23 00:00:00+00:00
[2025-02-23T10:33:09.973+0000] {logging_mixin.py:190} INFO - [2025-02-23T10:33:09.973+0000] {dag.py:4180} INFO - Setting next_dagrun for read_dataset_event_from_classic to 2025-02-22 00:00:00+00:00, run_after=2025-02-23 00:00:00+00:00
[2025-02-23T10:33:09.986+0000] {processor.py:208} INFO - Processing /home/airflow/.local/lib/python3.12/site-packages/airflow/example_dags/example_inlet_event_extra.py took 0.537 seconds
[2025-02-23T10:33:40.057+0000] {processor.py:186} INFO - Started process (PID=1505) to work on /home/airflow/.local/lib/python3.12/site-packages/airflow/example_dags/example_inlet_event_extra.py
[2025-02-23T10:33:40.058+0000] {processor.py:914} INFO - Processing file /home/airflow/.local/lib/python3.12/site-packages/airflow/example_dags/example_inlet_event_extra.py for tasks to queue
[2025-02-23T10:33:40.060+0000] {logging_mixin.py:190} INFO - [2025-02-23T10:33:40.060+0000] {dagbag.py:588} INFO - Filling up the DagBag from /home/airflow/.local/lib/python3.12/site-packages/airflow/example_dags/example_inlet_event_extra.py
[2025-02-23T10:33:40.367+0000] {processor.py:925} INFO - DAG(s) 'read_dataset_event_from_classic', 'read_dataset_event' retrieved from /home/airflow/.local/lib/python3.12/site-packages/airflow/example_dags/example_inlet_event_extra.py
[2025-02-23T10:33:40.388+0000] {logging_mixin.py:190} INFO - [2025-02-23T10:33:40.388+0000] {dag.py:3239} INFO - Sync 2 DAGs
[2025-02-23T10:33:40.572+0000] {logging_mixin.py:190} INFO - [2025-02-23T10:33:40.572+0000] {dag.py:4180} INFO - Setting next_dagrun for read_dataset_event to 2025-02-22 00:00:00+00:00, run_after=2025-02-23 00:00:00+00:00
[2025-02-23T10:33:40.577+0000] {logging_mixin.py:190} INFO - [2025-02-23T10:33:40.576+0000] {dag.py:4180} INFO - Setting next_dagrun for read_dataset_event_from_classic to 2025-02-22 00:00:00+00:00, run_after=2025-02-23 00:00:00+00:00
[2025-02-23T10:33:40.591+0000] {processor.py:208} INFO - Processing /home/airflow/.local/lib/python3.12/site-packages/airflow/example_dags/example_inlet_event_extra.py took 0.539 seconds
