[2025-02-23T10:31:37.455+0000] {processor.py:186} INFO - Started process (PID=346) to work on /home/airflow/.local/lib/python3.12/site-packages/airflow/example_dags/example_params_ui_tutorial.py
[2025-02-23T10:31:37.456+0000] {processor.py:914} INFO - Processing file /home/airflow/.local/lib/python3.12/site-packages/airflow/example_dags/example_params_ui_tutorial.py for tasks to queue
[2025-02-23T10:31:37.459+0000] {logging_mixin.py:190} INFO - [2025-02-23T10:31:37.459+0000] {dagbag.py:588} INFO - Filling up the DagBag from /home/airflow/.local/lib/python3.12/site-packages/airflow/example_dags/example_params_ui_tutorial.py
[2025-02-23T10:31:37.471+0000] {processor.py:925} INFO - DAG(s) 'example_params_ui_tutorial' retrieved from /home/airflow/.local/lib/python3.12/site-packages/airflow/example_dags/example_params_ui_tutorial.py
[2025-02-23T10:31:37.578+0000] {logging_mixin.py:190} INFO - [2025-02-23T10:31:37.577+0000] {override.py:1912} INFO - Created Permission View: can read on DAG:example_params_ui_tutorial
[2025-02-23T10:31:37.587+0000] {logging_mixin.py:190} INFO - [2025-02-23T10:31:37.586+0000] {override.py:1912} INFO - Created Permission View: can delete on DAG:example_params_ui_tutorial
[2025-02-23T10:31:37.592+0000] {logging_mixin.py:190} INFO - [2025-02-23T10:31:37.592+0000] {override.py:1912} INFO - Created Permission View: can edit on DAG:example_params_ui_tutorial
[2025-02-23T10:31:37.599+0000] {logging_mixin.py:190} INFO - [2025-02-23T10:31:37.599+0000] {override.py:1912} INFO - Created Permission View: can read on DAG Run:example_params_ui_tutorial
[2025-02-23T10:31:37.604+0000] {logging_mixin.py:190} INFO - [2025-02-23T10:31:37.604+0000] {override.py:1912} INFO - Created Permission View: can create on DAG Run:example_params_ui_tutorial
[2025-02-23T10:31:37.610+0000] {logging_mixin.py:190} INFO - [2025-02-23T10:31:37.610+0000] {override.py:1912} INFO - Created Permission View: menu access on DAG Run:example_params_ui_tutorial
[2025-02-23T10:31:37.615+0000] {logging_mixin.py:190} INFO - [2025-02-23T10:31:37.615+0000] {override.py:1912} INFO - Created Permission View: can delete on DAG Run:example_params_ui_tutorial
[2025-02-23T10:31:37.616+0000] {logging_mixin.py:190} INFO - [2025-02-23T10:31:37.616+0000] {dag.py:3239} INFO - Sync 1 DAGs
[2025-02-23T10:31:37.628+0000] {logging_mixin.py:190} INFO - [2025-02-23T10:31:37.627+0000] {dag.py:3262} INFO - Creating ORM DAG for example_params_ui_tutorial
[2025-02-23T10:31:37.629+0000] {logging_mixin.py:190} INFO - [2025-02-23T10:31:37.629+0000] {dag.py:4180} INFO - Setting next_dagrun for example_params_ui_tutorial to None, run_after=None
[2025-02-23T10:31:37.643+0000] {processor.py:208} INFO - Processing /home/airflow/.local/lib/python3.12/site-packages/airflow/example_dags/example_params_ui_tutorial.py took 0.193 seconds
[2025-02-23T10:32:08.245+0000] {processor.py:186} INFO - Started process (PID=637) to work on /home/airflow/.local/lib/python3.12/site-packages/airflow/example_dags/example_params_ui_tutorial.py
[2025-02-23T10:32:08.246+0000] {processor.py:914} INFO - Processing file /home/airflow/.local/lib/python3.12/site-packages/airflow/example_dags/example_params_ui_tutorial.py for tasks to queue
[2025-02-23T10:32:08.249+0000] {logging_mixin.py:190} INFO - [2025-02-23T10:32:08.249+0000] {dagbag.py:588} INFO - Filling up the DagBag from /home/airflow/.local/lib/python3.12/site-packages/airflow/example_dags/example_params_ui_tutorial.py
[2025-02-23T10:32:08.257+0000] {processor.py:925} INFO - DAG(s) 'example_params_ui_tutorial' retrieved from /home/airflow/.local/lib/python3.12/site-packages/airflow/example_dags/example_params_ui_tutorial.py
[2025-02-23T10:32:08.303+0000] {logging_mixin.py:190} INFO - [2025-02-23T10:32:08.303+0000] {dag.py:3239} INFO - Sync 1 DAGs
[2025-02-23T10:32:08.316+0000] {logging_mixin.py:190} INFO - [2025-02-23T10:32:08.316+0000] {dag.py:4180} INFO - Setting next_dagrun for example_params_ui_tutorial to None, run_after=None
[2025-02-23T10:32:08.337+0000] {processor.py:208} INFO - Processing /home/airflow/.local/lib/python3.12/site-packages/airflow/example_dags/example_params_ui_tutorial.py took 0.098 seconds
[2025-02-23T10:32:38.888+0000] {processor.py:186} INFO - Started process (PID=928) to work on /home/airflow/.local/lib/python3.12/site-packages/airflow/example_dags/example_params_ui_tutorial.py
[2025-02-23T10:32:38.889+0000] {processor.py:914} INFO - Processing file /home/airflow/.local/lib/python3.12/site-packages/airflow/example_dags/example_params_ui_tutorial.py for tasks to queue
[2025-02-23T10:32:38.891+0000] {logging_mixin.py:190} INFO - [2025-02-23T10:32:38.891+0000] {dagbag.py:588} INFO - Filling up the DagBag from /home/airflow/.local/lib/python3.12/site-packages/airflow/example_dags/example_params_ui_tutorial.py
[2025-02-23T10:32:38.900+0000] {processor.py:925} INFO - DAG(s) 'example_params_ui_tutorial' retrieved from /home/airflow/.local/lib/python3.12/site-packages/airflow/example_dags/example_params_ui_tutorial.py
[2025-02-23T10:32:38.941+0000] {logging_mixin.py:190} INFO - [2025-02-23T10:32:38.940+0000] {dag.py:3239} INFO - Sync 1 DAGs
[2025-02-23T10:32:38.955+0000] {logging_mixin.py:190} INFO - [2025-02-23T10:32:38.955+0000] {dag.py:4180} INFO - Setting next_dagrun for example_params_ui_tutorial to None, run_after=None
[2025-02-23T10:32:38.984+0000] {processor.py:208} INFO - Processing /home/airflow/.local/lib/python3.12/site-packages/airflow/example_dags/example_params_ui_tutorial.py took 0.101 seconds
[2025-02-23T10:33:09.522+0000] {processor.py:186} INFO - Started process (PID=1219) to work on /home/airflow/.local/lib/python3.12/site-packages/airflow/example_dags/example_params_ui_tutorial.py
[2025-02-23T10:33:09.523+0000] {processor.py:914} INFO - Processing file /home/airflow/.local/lib/python3.12/site-packages/airflow/example_dags/example_params_ui_tutorial.py for tasks to queue
[2025-02-23T10:33:09.525+0000] {logging_mixin.py:190} INFO - [2025-02-23T10:33:09.524+0000] {dagbag.py:588} INFO - Filling up the DagBag from /home/airflow/.local/lib/python3.12/site-packages/airflow/example_dags/example_params_ui_tutorial.py
[2025-02-23T10:33:09.533+0000] {processor.py:925} INFO - DAG(s) 'example_params_ui_tutorial' retrieved from /home/airflow/.local/lib/python3.12/site-packages/airflow/example_dags/example_params_ui_tutorial.py
[2025-02-23T10:33:09.572+0000] {logging_mixin.py:190} INFO - [2025-02-23T10:33:09.572+0000] {dag.py:3239} INFO - Sync 1 DAGs
[2025-02-23T10:33:09.584+0000] {logging_mixin.py:190} INFO - [2025-02-23T10:33:09.584+0000] {dag.py:4180} INFO - Setting next_dagrun for example_params_ui_tutorial to None, run_after=None
[2025-02-23T10:33:09.611+0000] {processor.py:208} INFO - Processing /home/airflow/.local/lib/python3.12/site-packages/airflow/example_dags/example_params_ui_tutorial.py took 0.094 seconds
[2025-02-23T10:33:40.134+0000] {processor.py:186} INFO - Started process (PID=1510) to work on /home/airflow/.local/lib/python3.12/site-packages/airflow/example_dags/example_params_ui_tutorial.py
[2025-02-23T10:33:40.135+0000] {processor.py:914} INFO - Processing file /home/airflow/.local/lib/python3.12/site-packages/airflow/example_dags/example_params_ui_tutorial.py for tasks to queue
[2025-02-23T10:33:40.137+0000] {logging_mixin.py:190} INFO - [2025-02-23T10:33:40.137+0000] {dagbag.py:588} INFO - Filling up the DagBag from /home/airflow/.local/lib/python3.12/site-packages/airflow/example_dags/example_params_ui_tutorial.py
[2025-02-23T10:33:40.147+0000] {processor.py:925} INFO - DAG(s) 'example_params_ui_tutorial' retrieved from /home/airflow/.local/lib/python3.12/site-packages/airflow/example_dags/example_params_ui_tutorial.py
[2025-02-23T10:33:40.186+0000] {logging_mixin.py:190} INFO - [2025-02-23T10:33:40.185+0000] {dag.py:3239} INFO - Sync 1 DAGs
[2025-02-23T10:33:40.200+0000] {logging_mixin.py:190} INFO - [2025-02-23T10:33:40.200+0000] {dag.py:4180} INFO - Setting next_dagrun for example_params_ui_tutorial to None, run_after=None
[2025-02-23T10:33:40.217+0000] {processor.py:208} INFO - Processing /home/airflow/.local/lib/python3.12/site-packages/airflow/example_dags/example_params_ui_tutorial.py took 0.088 seconds
