[2025-02-23T10:31:31.725+0000] {processor.py:186} INFO - Started process (PID=205) to work on /home/airflow/.local/lib/python3.12/site-packages/airflow/example_dags/example_python_decorator.py
[2025-02-23T10:31:31.727+0000] {processor.py:914} INFO - Processing file /home/airflow/.local/lib/python3.12/site-packages/airflow/example_dags/example_python_decorator.py for tasks to queue
[2025-02-23T10:31:31.729+0000] {logging_mixin.py:190} INFO - [2025-02-23T10:31:31.729+0000] {dagbag.py:588} INFO - Filling up the DagBag from /home/airflow/.local/lib/python3.12/site-packages/airflow/example_dags/example_python_decorator.py
[2025-02-23T10:31:31.751+0000] {processor.py:925} INFO - DAG(s) 'example_python_decorator' retrieved from /home/airflow/.local/lib/python3.12/site-packages/airflow/example_dags/example_python_decorator.py
[2025-02-23T10:31:31.853+0000] {logging_mixin.py:190} INFO - [2025-02-23T10:31:31.852+0000] {override.py:1912} INFO - Created Permission View: can read on DAG:example_python_decorator
[2025-02-23T10:31:31.864+0000] {logging_mixin.py:190} INFO - [2025-02-23T10:31:31.864+0000] {override.py:1912} INFO - Created Permission View: can delete on DAG:example_python_decorator
[2025-02-23T10:31:31.874+0000] {logging_mixin.py:190} INFO - [2025-02-23T10:31:31.874+0000] {override.py:1912} INFO - Created Permission View: can edit on DAG:example_python_decorator
[2025-02-23T10:31:31.884+0000] {logging_mixin.py:190} INFO - [2025-02-23T10:31:31.883+0000] {override.py:1912} INFO - Created Permission View: can read on DAG Run:example_python_decorator
[2025-02-23T10:31:31.892+0000] {logging_mixin.py:190} INFO - [2025-02-23T10:31:31.892+0000] {override.py:1912} INFO - Created Permission View: can create on DAG Run:example_python_decorator
[2025-02-23T10:31:31.901+0000] {logging_mixin.py:190} INFO - [2025-02-23T10:31:31.900+0000] {override.py:1912} INFO - Created Permission View: menu access on DAG Run:example_python_decorator
[2025-02-23T10:31:31.909+0000] {logging_mixin.py:190} INFO - [2025-02-23T10:31:31.909+0000] {override.py:1912} INFO - Created Permission View: can delete on DAG Run:example_python_decorator
[2025-02-23T10:31:31.910+0000] {logging_mixin.py:190} INFO - [2025-02-23T10:31:31.910+0000] {dag.py:3239} INFO - Sync 1 DAGs
[2025-02-23T10:31:31.922+0000] {logging_mixin.py:190} INFO - [2025-02-23T10:31:31.922+0000] {dag.py:3262} INFO - Creating ORM DAG for example_python_decorator
[2025-02-23T10:31:31.923+0000] {logging_mixin.py:190} INFO - [2025-02-23T10:31:31.923+0000] {dag.py:4180} INFO - Setting next_dagrun for example_python_decorator to None, run_after=None
[2025-02-23T10:31:31.943+0000] {processor.py:208} INFO - Processing /home/airflow/.local/lib/python3.12/site-packages/airflow/example_dags/example_python_decorator.py took 0.224 seconds
[2025-02-23T10:32:02.810+0000] {processor.py:186} INFO - Started process (PID=496) to work on /home/airflow/.local/lib/python3.12/site-packages/airflow/example_dags/example_python_decorator.py
[2025-02-23T10:32:02.812+0000] {processor.py:914} INFO - Processing file /home/airflow/.local/lib/python3.12/site-packages/airflow/example_dags/example_python_decorator.py for tasks to queue
[2025-02-23T10:32:02.814+0000] {logging_mixin.py:190} INFO - [2025-02-23T10:32:02.814+0000] {dagbag.py:588} INFO - Filling up the DagBag from /home/airflow/.local/lib/python3.12/site-packages/airflow/example_dags/example_python_decorator.py
[2025-02-23T10:32:02.827+0000] {processor.py:925} INFO - DAG(s) 'example_python_decorator' retrieved from /home/airflow/.local/lib/python3.12/site-packages/airflow/example_dags/example_python_decorator.py
[2025-02-23T10:32:02.847+0000] {logging_mixin.py:190} INFO - [2025-02-23T10:32:02.847+0000] {dag.py:3239} INFO - Sync 1 DAGs
[2025-02-23T10:32:02.859+0000] {logging_mixin.py:190} INFO - [2025-02-23T10:32:02.859+0000] {dag.py:4180} INFO - Setting next_dagrun for example_python_decorator to None, run_after=None
[2025-02-23T10:32:02.888+0000] {processor.py:208} INFO - Processing /home/airflow/.local/lib/python3.12/site-packages/airflow/example_dags/example_python_decorator.py took 0.083 seconds
[2025-02-23T10:32:33.397+0000] {processor.py:186} INFO - Started process (PID=793) to work on /home/airflow/.local/lib/python3.12/site-packages/airflow/example_dags/example_python_decorator.py
[2025-02-23T10:32:33.399+0000] {processor.py:914} INFO - Processing file /home/airflow/.local/lib/python3.12/site-packages/airflow/example_dags/example_python_decorator.py for tasks to queue
[2025-02-23T10:32:33.402+0000] {logging_mixin.py:190} INFO - [2025-02-23T10:32:33.401+0000] {dagbag.py:588} INFO - Filling up the DagBag from /home/airflow/.local/lib/python3.12/site-packages/airflow/example_dags/example_python_decorator.py
[2025-02-23T10:32:33.416+0000] {processor.py:925} INFO - DAG(s) 'example_python_decorator' retrieved from /home/airflow/.local/lib/python3.12/site-packages/airflow/example_dags/example_python_decorator.py
[2025-02-23T10:32:33.436+0000] {logging_mixin.py:190} INFO - [2025-02-23T10:32:33.436+0000] {dag.py:3239} INFO - Sync 1 DAGs
[2025-02-23T10:32:33.448+0000] {logging_mixin.py:190} INFO - [2025-02-23T10:32:33.448+0000] {dag.py:4180} INFO - Setting next_dagrun for example_python_decorator to None, run_after=None
[2025-02-23T10:32:33.473+0000] {processor.py:208} INFO - Processing /home/airflow/.local/lib/python3.12/site-packages/airflow/example_dags/example_python_decorator.py took 0.082 seconds
[2025-02-23T10:33:04.102+0000] {processor.py:186} INFO - Started process (PID=1084) to work on /home/airflow/.local/lib/python3.12/site-packages/airflow/example_dags/example_python_decorator.py
[2025-02-23T10:33:04.103+0000] {processor.py:914} INFO - Processing file /home/airflow/.local/lib/python3.12/site-packages/airflow/example_dags/example_python_decorator.py for tasks to queue
[2025-02-23T10:33:04.105+0000] {logging_mixin.py:190} INFO - [2025-02-23T10:33:04.105+0000] {dagbag.py:588} INFO - Filling up the DagBag from /home/airflow/.local/lib/python3.12/site-packages/airflow/example_dags/example_python_decorator.py
[2025-02-23T10:33:04.118+0000] {processor.py:925} INFO - DAG(s) 'example_python_decorator' retrieved from /home/airflow/.local/lib/python3.12/site-packages/airflow/example_dags/example_python_decorator.py
[2025-02-23T10:33:04.139+0000] {logging_mixin.py:190} INFO - [2025-02-23T10:33:04.139+0000] {dag.py:3239} INFO - Sync 1 DAGs
[2025-02-23T10:33:04.152+0000] {logging_mixin.py:190} INFO - [2025-02-23T10:33:04.152+0000] {dag.py:4180} INFO - Setting next_dagrun for example_python_decorator to None, run_after=None
[2025-02-23T10:33:04.179+0000] {processor.py:208} INFO - Processing /home/airflow/.local/lib/python3.12/site-packages/airflow/example_dags/example_python_decorator.py took 0.083 seconds
[2025-02-23T10:33:34.628+0000] {processor.py:186} INFO - Started process (PID=1375) to work on /home/airflow/.local/lib/python3.12/site-packages/airflow/example_dags/example_python_decorator.py
[2025-02-23T10:33:34.630+0000] {processor.py:914} INFO - Processing file /home/airflow/.local/lib/python3.12/site-packages/airflow/example_dags/example_python_decorator.py for tasks to queue
[2025-02-23T10:33:34.633+0000] {logging_mixin.py:190} INFO - [2025-02-23T10:33:34.632+0000] {dagbag.py:588} INFO - Filling up the DagBag from /home/airflow/.local/lib/python3.12/site-packages/airflow/example_dags/example_python_decorator.py
[2025-02-23T10:33:34.647+0000] {processor.py:925} INFO - DAG(s) 'example_python_decorator' retrieved from /home/airflow/.local/lib/python3.12/site-packages/airflow/example_dags/example_python_decorator.py
[2025-02-23T10:33:34.666+0000] {logging_mixin.py:190} INFO - [2025-02-23T10:33:34.665+0000] {dag.py:3239} INFO - Sync 1 DAGs
[2025-02-23T10:33:34.678+0000] {logging_mixin.py:190} INFO - [2025-02-23T10:33:34.678+0000] {dag.py:4180} INFO - Setting next_dagrun for example_python_decorator to None, run_after=None
[2025-02-23T10:33:34.705+0000] {processor.py:208} INFO - Processing /home/airflow/.local/lib/python3.12/site-packages/airflow/example_dags/example_python_decorator.py took 0.083 seconds
