[2025-02-23T10:31:38.140+0000] {processor.py:186} INFO - Started process (PID=371) to work on /home/airflow/.local/lib/python3.12/site-packages/airflow/example_dags/example_trigger_target_dag.py
[2025-02-23T10:31:38.142+0000] {processor.py:914} INFO - Processing file /home/airflow/.local/lib/python3.12/site-packages/airflow/example_dags/example_trigger_target_dag.py for tasks to queue
[2025-02-23T10:31:38.144+0000] {logging_mixin.py:190} INFO - [2025-02-23T10:31:38.144+0000] {dagbag.py:588} INFO - Filling up the DagBag from /home/airflow/.local/lib/python3.12/site-packages/airflow/example_dags/example_trigger_target_dag.py
[2025-02-23T10:31:38.152+0000] {processor.py:925} INFO - DAG(s) 'example_trigger_target_dag' retrieved from /home/airflow/.local/lib/python3.12/site-packages/airflow/example_dags/example_trigger_target_dag.py
[2025-02-23T10:31:38.237+0000] {logging_mixin.py:190} INFO - [2025-02-23T10:31:38.236+0000] {override.py:1912} INFO - Created Permission View: can read on DAG:example_trigger_target_dag
[2025-02-23T10:31:38.246+0000] {logging_mixin.py:190} INFO - [2025-02-23T10:31:38.246+0000] {override.py:1912} INFO - Created Permission View: can delete on DAG:example_trigger_target_dag
[2025-02-23T10:31:38.254+0000] {logging_mixin.py:190} INFO - [2025-02-23T10:31:38.253+0000] {override.py:1912} INFO - Created Permission View: can edit on DAG:example_trigger_target_dag
[2025-02-23T10:31:38.260+0000] {logging_mixin.py:190} INFO - [2025-02-23T10:31:38.259+0000] {override.py:1912} INFO - Created Permission View: can read on DAG Run:example_trigger_target_dag
[2025-02-23T10:31:38.266+0000] {logging_mixin.py:190} INFO - [2025-02-23T10:31:38.266+0000] {override.py:1912} INFO - Created Permission View: can create on DAG Run:example_trigger_target_dag
[2025-02-23T10:31:38.272+0000] {logging_mixin.py:190} INFO - [2025-02-23T10:31:38.271+0000] {override.py:1912} INFO - Created Permission View: menu access on DAG Run:example_trigger_target_dag
[2025-02-23T10:31:38.277+0000] {logging_mixin.py:190} INFO - [2025-02-23T10:31:38.277+0000] {override.py:1912} INFO - Created Permission View: can delete on DAG Run:example_trigger_target_dag
[2025-02-23T10:31:38.278+0000] {logging_mixin.py:190} INFO - [2025-02-23T10:31:38.277+0000] {dag.py:3239} INFO - Sync 1 DAGs
[2025-02-23T10:31:38.289+0000] {logging_mixin.py:190} INFO - [2025-02-23T10:31:38.289+0000] {dag.py:3262} INFO - Creating ORM DAG for example_trigger_target_dag
[2025-02-23T10:31:38.291+0000] {logging_mixin.py:190} INFO - [2025-02-23T10:31:38.290+0000] {dag.py:4180} INFO - Setting next_dagrun for example_trigger_target_dag to None, run_after=None
[2025-02-23T10:31:38.304+0000] {processor.py:208} INFO - Processing /home/airflow/.local/lib/python3.12/site-packages/airflow/example_dags/example_trigger_target_dag.py took 0.169 seconds
[2025-02-23T10:32:08.742+0000] {processor.py:186} INFO - Started process (PID=662) to work on /home/airflow/.local/lib/python3.12/site-packages/airflow/example_dags/example_trigger_target_dag.py
[2025-02-23T10:32:08.744+0000] {processor.py:914} INFO - Processing file /home/airflow/.local/lib/python3.12/site-packages/airflow/example_dags/example_trigger_target_dag.py for tasks to queue
[2025-02-23T10:32:08.746+0000] {logging_mixin.py:190} INFO - [2025-02-23T10:32:08.746+0000] {dagbag.py:588} INFO - Filling up the DagBag from /home/airflow/.local/lib/python3.12/site-packages/airflow/example_dags/example_trigger_target_dag.py
[2025-02-23T10:32:08.753+0000] {processor.py:925} INFO - DAG(s) 'example_trigger_target_dag' retrieved from /home/airflow/.local/lib/python3.12/site-packages/airflow/example_dags/example_trigger_target_dag.py
[2025-02-23T10:32:08.769+0000] {logging_mixin.py:190} INFO - [2025-02-23T10:32:08.769+0000] {dag.py:3239} INFO - Sync 1 DAGs
[2025-02-23T10:32:08.781+0000] {logging_mixin.py:190} INFO - [2025-02-23T10:32:08.780+0000] {dag.py:4180} INFO - Setting next_dagrun for example_trigger_target_dag to None, run_after=None
[2025-02-23T10:32:08.802+0000] {processor.py:208} INFO - Processing /home/airflow/.local/lib/python3.12/site-packages/airflow/example_dags/example_trigger_target_dag.py took 0.065 seconds
[2025-02-23T10:32:39.411+0000] {processor.py:186} INFO - Started process (PID=953) to work on /home/airflow/.local/lib/python3.12/site-packages/airflow/example_dags/example_trigger_target_dag.py
[2025-02-23T10:32:39.412+0000] {processor.py:914} INFO - Processing file /home/airflow/.local/lib/python3.12/site-packages/airflow/example_dags/example_trigger_target_dag.py for tasks to queue
[2025-02-23T10:32:39.414+0000] {logging_mixin.py:190} INFO - [2025-02-23T10:32:39.414+0000] {dagbag.py:588} INFO - Filling up the DagBag from /home/airflow/.local/lib/python3.12/site-packages/airflow/example_dags/example_trigger_target_dag.py
[2025-02-23T10:32:39.422+0000] {processor.py:925} INFO - DAG(s) 'example_trigger_target_dag' retrieved from /home/airflow/.local/lib/python3.12/site-packages/airflow/example_dags/example_trigger_target_dag.py
[2025-02-23T10:32:39.438+0000] {logging_mixin.py:190} INFO - [2025-02-23T10:32:39.438+0000] {dag.py:3239} INFO - Sync 1 DAGs
[2025-02-23T10:32:39.452+0000] {logging_mixin.py:190} INFO - [2025-02-23T10:32:39.452+0000] {dag.py:4180} INFO - Setting next_dagrun for example_trigger_target_dag to None, run_after=None
[2025-02-23T10:32:39.471+0000] {processor.py:208} INFO - Processing /home/airflow/.local/lib/python3.12/site-packages/airflow/example_dags/example_trigger_target_dag.py took 0.066 seconds
[2025-02-23T10:33:10.023+0000] {processor.py:186} INFO - Started process (PID=1244) to work on /home/airflow/.local/lib/python3.12/site-packages/airflow/example_dags/example_trigger_target_dag.py
[2025-02-23T10:33:10.024+0000] {processor.py:914} INFO - Processing file /home/airflow/.local/lib/python3.12/site-packages/airflow/example_dags/example_trigger_target_dag.py for tasks to queue
[2025-02-23T10:33:10.026+0000] {logging_mixin.py:190} INFO - [2025-02-23T10:33:10.026+0000] {dagbag.py:588} INFO - Filling up the DagBag from /home/airflow/.local/lib/python3.12/site-packages/airflow/example_dags/example_trigger_target_dag.py
[2025-02-23T10:33:10.033+0000] {processor.py:925} INFO - DAG(s) 'example_trigger_target_dag' retrieved from /home/airflow/.local/lib/python3.12/site-packages/airflow/example_dags/example_trigger_target_dag.py
[2025-02-23T10:33:10.051+0000] {logging_mixin.py:190} INFO - [2025-02-23T10:33:10.050+0000] {dag.py:3239} INFO - Sync 1 DAGs
[2025-02-23T10:33:10.064+0000] {logging_mixin.py:190} INFO - [2025-02-23T10:33:10.063+0000] {dag.py:4180} INFO - Setting next_dagrun for example_trigger_target_dag to None, run_after=None
[2025-02-23T10:33:10.083+0000] {processor.py:208} INFO - Processing /home/airflow/.local/lib/python3.12/site-packages/airflow/example_dags/example_trigger_target_dag.py took 0.065 seconds
[2025-02-23T10:33:40.628+0000] {processor.py:186} INFO - Started process (PID=1535) to work on /home/airflow/.local/lib/python3.12/site-packages/airflow/example_dags/example_trigger_target_dag.py
[2025-02-23T10:33:40.630+0000] {processor.py:914} INFO - Processing file /home/airflow/.local/lib/python3.12/site-packages/airflow/example_dags/example_trigger_target_dag.py for tasks to queue
[2025-02-23T10:33:40.632+0000] {logging_mixin.py:190} INFO - [2025-02-23T10:33:40.631+0000] {dagbag.py:588} INFO - Filling up the DagBag from /home/airflow/.local/lib/python3.12/site-packages/airflow/example_dags/example_trigger_target_dag.py
[2025-02-23T10:33:40.638+0000] {processor.py:925} INFO - DAG(s) 'example_trigger_target_dag' retrieved from /home/airflow/.local/lib/python3.12/site-packages/airflow/example_dags/example_trigger_target_dag.py
[2025-02-23T10:33:40.655+0000] {logging_mixin.py:190} INFO - [2025-02-23T10:33:40.655+0000] {dag.py:3239} INFO - Sync 1 DAGs
[2025-02-23T10:33:40.669+0000] {logging_mixin.py:190} INFO - [2025-02-23T10:33:40.668+0000] {dag.py:4180} INFO - Setting next_dagrun for example_trigger_target_dag to None, run_after=None
[2025-02-23T10:33:40.684+0000] {processor.py:208} INFO - Processing /home/airflow/.local/lib/python3.12/site-packages/airflow/example_dags/example_trigger_target_dag.py took 0.061 seconds
