[2025-02-23T10:31:35.943+0000] {processor.py:186} INFO - Started process (PID=306) to work on /home/airflow/.local/lib/python3.12/site-packages/airflow/example_dags/example_workday_timetable.py
[2025-02-23T10:31:35.945+0000] {processor.py:914} INFO - Processing file /home/airflow/.local/lib/python3.12/site-packages/airflow/example_dags/example_workday_timetable.py for tasks to queue
[2025-02-23T10:31:35.947+0000] {logging_mixin.py:190} INFO - [2025-02-23T10:31:35.947+0000] {dagbag.py:588} INFO - Filling up the DagBag from /home/airflow/.local/lib/python3.12/site-packages/airflow/example_dags/example_workday_timetable.py
[2025-02-23T10:31:35.953+0000] {processor.py:925} INFO - DAG(s) 'example_workday_timetable' retrieved from /home/airflow/.local/lib/python3.12/site-packages/airflow/example_dags/example_workday_timetable.py
[2025-02-23T10:31:36.038+0000] {logging_mixin.py:190} INFO - [2025-02-23T10:31:36.037+0000] {override.py:1912} INFO - Created Permission View: can read on DAG:example_workday_timetable
[2025-02-23T10:31:36.046+0000] {logging_mixin.py:190} INFO - [2025-02-23T10:31:36.046+0000] {override.py:1912} INFO - Created Permission View: can delete on DAG:example_workday_timetable
[2025-02-23T10:31:36.051+0000] {logging_mixin.py:190} INFO - [2025-02-23T10:31:36.051+0000] {override.py:1912} INFO - Created Permission View: can edit on DAG:example_workday_timetable
[2025-02-23T10:31:36.057+0000] {logging_mixin.py:190} INFO - [2025-02-23T10:31:36.057+0000] {override.py:1912} INFO - Created Permission View: can read on DAG Run:example_workday_timetable
[2025-02-23T10:31:36.063+0000] {logging_mixin.py:190} INFO - [2025-02-23T10:31:36.063+0000] {override.py:1912} INFO - Created Permission View: can create on DAG Run:example_workday_timetable
[2025-02-23T10:31:36.069+0000] {logging_mixin.py:190} INFO - [2025-02-23T10:31:36.069+0000] {override.py:1912} INFO - Created Permission View: menu access on DAG Run:example_workday_timetable
[2025-02-23T10:31:36.074+0000] {logging_mixin.py:190} INFO - [2025-02-23T10:31:36.074+0000] {override.py:1912} INFO - Created Permission View: can delete on DAG Run:example_workday_timetable
[2025-02-23T10:31:36.075+0000] {logging_mixin.py:190} INFO - [2025-02-23T10:31:36.075+0000] {dag.py:3239} INFO - Sync 1 DAGs
[2025-02-23T10:31:36.086+0000] {logging_mixin.py:190} INFO - [2025-02-23T10:31:36.085+0000] {dag.py:3262} INFO - Creating ORM DAG for example_workday_timetable
[2025-02-23T10:31:36.135+0000] {logging_mixin.py:190} INFO - [2025-02-23T10:31:36.135+0000] {dag.py:4180} INFO - Setting next_dagrun for example_workday_timetable to 2021-01-04 00:00:00+00:00, run_after=2021-01-05 00:00:00+00:00
[2025-02-23T10:31:36.155+0000] {processor.py:208} INFO - Processing /home/airflow/.local/lib/python3.12/site-packages/airflow/example_dags/example_workday_timetable.py took 0.216 seconds
[2025-02-23T10:32:06.482+0000] {processor.py:186} INFO - Started process (PID=592) to work on /home/airflow/.local/lib/python3.12/site-packages/airflow/example_dags/example_workday_timetable.py
[2025-02-23T10:32:06.483+0000] {processor.py:914} INFO - Processing file /home/airflow/.local/lib/python3.12/site-packages/airflow/example_dags/example_workday_timetable.py for tasks to queue
[2025-02-23T10:32:06.485+0000] {logging_mixin.py:190} INFO - [2025-02-23T10:32:06.485+0000] {dagbag.py:588} INFO - Filling up the DagBag from /home/airflow/.local/lib/python3.12/site-packages/airflow/example_dags/example_workday_timetable.py
[2025-02-23T10:32:06.490+0000] {processor.py:925} INFO - DAG(s) 'example_workday_timetable' retrieved from /home/airflow/.local/lib/python3.12/site-packages/airflow/example_dags/example_workday_timetable.py
[2025-02-23T10:32:06.506+0000] {logging_mixin.py:190} INFO - [2025-02-23T10:32:06.505+0000] {dag.py:3239} INFO - Sync 1 DAGs
[2025-02-23T10:32:06.554+0000] {logging_mixin.py:190} INFO - [2025-02-23T10:32:06.554+0000] {dag.py:4180} INFO - Setting next_dagrun for example_workday_timetable to 2021-01-04 00:00:00+00:00, run_after=2021-01-05 00:00:00+00:00
[2025-02-23T10:32:06.570+0000] {processor.py:208} INFO - Processing /home/airflow/.local/lib/python3.12/site-packages/airflow/example_dags/example_workday_timetable.py took 0.093 seconds
[2025-02-23T10:32:37.008+0000] {processor.py:186} INFO - Started process (PID=883) to work on /home/airflow/.local/lib/python3.12/site-packages/airflow/example_dags/example_workday_timetable.py
[2025-02-23T10:32:37.009+0000] {processor.py:914} INFO - Processing file /home/airflow/.local/lib/python3.12/site-packages/airflow/example_dags/example_workday_timetable.py for tasks to queue
[2025-02-23T10:32:37.012+0000] {logging_mixin.py:190} INFO - [2025-02-23T10:32:37.011+0000] {dagbag.py:588} INFO - Filling up the DagBag from /home/airflow/.local/lib/python3.12/site-packages/airflow/example_dags/example_workday_timetable.py
[2025-02-23T10:32:37.017+0000] {processor.py:925} INFO - DAG(s) 'example_workday_timetable' retrieved from /home/airflow/.local/lib/python3.12/site-packages/airflow/example_dags/example_workday_timetable.py
[2025-02-23T10:32:37.033+0000] {logging_mixin.py:190} INFO - [2025-02-23T10:32:37.033+0000] {dag.py:3239} INFO - Sync 1 DAGs
[2025-02-23T10:32:37.082+0000] {logging_mixin.py:190} INFO - [2025-02-23T10:32:37.081+0000] {dag.py:4180} INFO - Setting next_dagrun for example_workday_timetable to 2021-01-04 00:00:00+00:00, run_after=2021-01-05 00:00:00+00:00
[2025-02-23T10:32:37.098+0000] {processor.py:208} INFO - Processing /home/airflow/.local/lib/python3.12/site-packages/airflow/example_dags/example_workday_timetable.py took 0.096 seconds
[2025-02-23T10:33:07.374+0000] {processor.py:186} INFO - Started process (PID=1169) to work on /home/airflow/.local/lib/python3.12/site-packages/airflow/example_dags/example_workday_timetable.py
[2025-02-23T10:33:07.375+0000] {processor.py:914} INFO - Processing file /home/airflow/.local/lib/python3.12/site-packages/airflow/example_dags/example_workday_timetable.py for tasks to queue
[2025-02-23T10:33:07.377+0000] {logging_mixin.py:190} INFO - [2025-02-23T10:33:07.377+0000] {dagbag.py:588} INFO - Filling up the DagBag from /home/airflow/.local/lib/python3.12/site-packages/airflow/example_dags/example_workday_timetable.py
[2025-02-23T10:33:07.382+0000] {processor.py:925} INFO - DAG(s) 'example_workday_timetable' retrieved from /home/airflow/.local/lib/python3.12/site-packages/airflow/example_dags/example_workday_timetable.py
[2025-02-23T10:33:07.398+0000] {logging_mixin.py:190} INFO - [2025-02-23T10:33:07.398+0000] {dag.py:3239} INFO - Sync 1 DAGs
[2025-02-23T10:33:07.447+0000] {logging_mixin.py:190} INFO - [2025-02-23T10:33:07.447+0000] {dag.py:4180} INFO - Setting next_dagrun for example_workday_timetable to 2021-01-04 00:00:00+00:00, run_after=2021-01-05 00:00:00+00:00
[2025-02-23T10:33:07.475+0000] {processor.py:208} INFO - Processing /home/airflow/.local/lib/python3.12/site-packages/airflow/example_dags/example_workday_timetable.py took 0.106 seconds
[2025-02-23T10:33:38.025+0000] {processor.py:186} INFO - Started process (PID=1460) to work on /home/airflow/.local/lib/python3.12/site-packages/airflow/example_dags/example_workday_timetable.py
[2025-02-23T10:33:38.027+0000] {processor.py:914} INFO - Processing file /home/airflow/.local/lib/python3.12/site-packages/airflow/example_dags/example_workday_timetable.py for tasks to queue
[2025-02-23T10:33:38.029+0000] {logging_mixin.py:190} INFO - [2025-02-23T10:33:38.029+0000] {dagbag.py:588} INFO - Filling up the DagBag from /home/airflow/.local/lib/python3.12/site-packages/airflow/example_dags/example_workday_timetable.py
[2025-02-23T10:33:38.034+0000] {processor.py:925} INFO - DAG(s) 'example_workday_timetable' retrieved from /home/airflow/.local/lib/python3.12/site-packages/airflow/example_dags/example_workday_timetable.py
[2025-02-23T10:33:38.052+0000] {logging_mixin.py:190} INFO - [2025-02-23T10:33:38.052+0000] {dag.py:3239} INFO - Sync 1 DAGs
[2025-02-23T10:33:38.100+0000] {logging_mixin.py:190} INFO - [2025-02-23T10:33:38.099+0000] {dag.py:4180} INFO - Setting next_dagrun for example_workday_timetable to 2021-01-04 00:00:00+00:00, run_after=2021-01-05 00:00:00+00:00
[2025-02-23T10:33:38.128+0000] {processor.py:208} INFO - Processing /home/airflow/.local/lib/python3.12/site-packages/airflow/example_dags/example_workday_timetable.py took 0.108 seconds
