[2025-02-23T10:31:32.471+0000] {processor.py:186} INFO - Started process (PID=230) to work on /home/airflow/.local/lib/python3.12/site-packages/airflow/example_dags/example_branch_python_dop_operator_3.py
[2025-02-23T10:31:32.473+0000] {processor.py:914} INFO - Processing file /home/airflow/.local/lib/python3.12/site-packages/airflow/example_dags/example_branch_python_dop_operator_3.py for tasks to queue
[2025-02-23T10:31:32.476+0000] {logging_mixin.py:190} INFO - [2025-02-23T10:31:32.475+0000] {dagbag.py:588} INFO - Filling up the DagBag from /home/airflow/.local/lib/python3.12/site-packages/airflow/example_dags/example_branch_python_dop_operator_3.py
[2025-02-23T10:31:32.488+0000] {processor.py:925} INFO - DAG(s) 'example_branch_dop_operator_v3' retrieved from /home/airflow/.local/lib/python3.12/site-packages/airflow/example_dags/example_branch_python_dop_operator_3.py
[2025-02-23T10:31:32.591+0000] {logging_mixin.py:190} INFO - [2025-02-23T10:31:32.590+0000] {override.py:1912} INFO - Created Permission View: can read on DAG:example_branch_dop_operator_v3
[2025-02-23T10:31:32.603+0000] {logging_mixin.py:190} INFO - [2025-02-23T10:31:32.603+0000] {override.py:1912} INFO - Created Permission View: can delete on DAG:example_branch_dop_operator_v3
[2025-02-23T10:31:32.611+0000] {logging_mixin.py:190} INFO - [2025-02-23T10:31:32.611+0000] {override.py:1912} INFO - Created Permission View: can edit on DAG:example_branch_dop_operator_v3
[2025-02-23T10:31:32.622+0000] {logging_mixin.py:190} INFO - [2025-02-23T10:31:32.622+0000] {override.py:1912} INFO - Created Permission View: can read on DAG Run:example_branch_dop_operator_v3
[2025-02-23T10:31:32.630+0000] {logging_mixin.py:190} INFO - [2025-02-23T10:31:32.629+0000] {override.py:1912} INFO - Created Permission View: can create on DAG Run:example_branch_dop_operator_v3
[2025-02-23T10:31:32.637+0000] {logging_mixin.py:190} INFO - [2025-02-23T10:31:32.636+0000] {override.py:1912} INFO - Created Permission View: menu access on DAG Run:example_branch_dop_operator_v3
[2025-02-23T10:31:32.646+0000] {logging_mixin.py:190} INFO - [2025-02-23T10:31:32.645+0000] {override.py:1912} INFO - Created Permission View: can delete on DAG Run:example_branch_dop_operator_v3
[2025-02-23T10:31:32.646+0000] {logging_mixin.py:190} INFO - [2025-02-23T10:31:32.646+0000] {dag.py:3239} INFO - Sync 1 DAGs
[2025-02-23T10:31:32.659+0000] {logging_mixin.py:190} INFO - [2025-02-23T10:31:32.659+0000] {dag.py:3262} INFO - Creating ORM DAG for example_branch_dop_operator_v3
[2025-02-23T10:31:32.672+0000] {logging_mixin.py:190} INFO - [2025-02-23T10:31:32.672+0000] {dag.py:4180} INFO - Setting next_dagrun for example_branch_dop_operator_v3 to 2025-02-23 10:30:00+00:00, run_after=2025-02-23 10:31:00+00:00
[2025-02-23T10:31:32.691+0000] {processor.py:208} INFO - Processing /home/airflow/.local/lib/python3.12/site-packages/airflow/example_dags/example_branch_python_dop_operator_3.py took 0.226 seconds
[2025-02-23T10:32:03.177+0000] {processor.py:186} INFO - Started process (PID=524) to work on /home/airflow/.local/lib/python3.12/site-packages/airflow/example_dags/example_branch_python_dop_operator_3.py
[2025-02-23T10:32:03.178+0000] {processor.py:914} INFO - Processing file /home/airflow/.local/lib/python3.12/site-packages/airflow/example_dags/example_branch_python_dop_operator_3.py for tasks to queue
[2025-02-23T10:32:03.180+0000] {logging_mixin.py:190} INFO - [2025-02-23T10:32:03.180+0000] {dagbag.py:588} INFO - Filling up the DagBag from /home/airflow/.local/lib/python3.12/site-packages/airflow/example_dags/example_branch_python_dop_operator_3.py
[2025-02-23T10:32:03.190+0000] {processor.py:925} INFO - DAG(s) 'example_branch_dop_operator_v3' retrieved from /home/airflow/.local/lib/python3.12/site-packages/airflow/example_dags/example_branch_python_dop_operator_3.py
[2025-02-23T10:32:03.209+0000] {logging_mixin.py:190} INFO - [2025-02-23T10:32:03.209+0000] {dag.py:3239} INFO - Sync 1 DAGs
[2025-02-23T10:32:03.230+0000] {logging_mixin.py:190} INFO - [2025-02-23T10:32:03.230+0000] {dag.py:4180} INFO - Setting next_dagrun for example_branch_dop_operator_v3 to 2025-02-23 10:31:00+00:00, run_after=2025-02-23 10:32:00+00:00
[2025-02-23T10:32:03.252+0000] {processor.py:208} INFO - Processing /home/airflow/.local/lib/python3.12/site-packages/airflow/example_dags/example_branch_python_dop_operator_3.py took 0.080 seconds
[2025-02-23T10:32:33.758+0000] {processor.py:186} INFO - Started process (PID=815) to work on /home/airflow/.local/lib/python3.12/site-packages/airflow/example_dags/example_branch_python_dop_operator_3.py
[2025-02-23T10:32:33.760+0000] {processor.py:914} INFO - Processing file /home/airflow/.local/lib/python3.12/site-packages/airflow/example_dags/example_branch_python_dop_operator_3.py for tasks to queue
[2025-02-23T10:32:33.762+0000] {logging_mixin.py:190} INFO - [2025-02-23T10:32:33.762+0000] {dagbag.py:588} INFO - Filling up the DagBag from /home/airflow/.local/lib/python3.12/site-packages/airflow/example_dags/example_branch_python_dop_operator_3.py
[2025-02-23T10:32:33.771+0000] {processor.py:925} INFO - DAG(s) 'example_branch_dop_operator_v3' retrieved from /home/airflow/.local/lib/python3.12/site-packages/airflow/example_dags/example_branch_python_dop_operator_3.py
[2025-02-23T10:32:33.787+0000] {logging_mixin.py:190} INFO - [2025-02-23T10:32:33.787+0000] {dag.py:3239} INFO - Sync 1 DAGs
[2025-02-23T10:32:33.809+0000] {logging_mixin.py:190} INFO - [2025-02-23T10:32:33.808+0000] {dag.py:4180} INFO - Setting next_dagrun for example_branch_dop_operator_v3 to 2025-02-23 10:31:00+00:00, run_after=2025-02-23 10:32:00+00:00
[2025-02-23T10:32:33.822+0000] {processor.py:208} INFO - Processing /home/airflow/.local/lib/python3.12/site-packages/airflow/example_dags/example_branch_python_dop_operator_3.py took 0.069 seconds
[2025-02-23T10:33:04.442+0000] {processor.py:186} INFO - Started process (PID=1106) to work on /home/airflow/.local/lib/python3.12/site-packages/airflow/example_dags/example_branch_python_dop_operator_3.py
[2025-02-23T10:33:04.450+0000] {processor.py:914} INFO - Processing file /home/airflow/.local/lib/python3.12/site-packages/airflow/example_dags/example_branch_python_dop_operator_3.py for tasks to queue
[2025-02-23T10:33:04.456+0000] {logging_mixin.py:190} INFO - [2025-02-23T10:33:04.456+0000] {dagbag.py:588} INFO - Filling up the DagBag from /home/airflow/.local/lib/python3.12/site-packages/airflow/example_dags/example_branch_python_dop_operator_3.py
[2025-02-23T10:33:04.466+0000] {processor.py:925} INFO - DAG(s) 'example_branch_dop_operator_v3' retrieved from /home/airflow/.local/lib/python3.12/site-packages/airflow/example_dags/example_branch_python_dop_operator_3.py
[2025-02-23T10:33:04.495+0000] {logging_mixin.py:190} INFO - [2025-02-23T10:33:04.494+0000] {dag.py:3239} INFO - Sync 1 DAGs
[2025-02-23T10:33:04.523+0000] {logging_mixin.py:190} INFO - [2025-02-23T10:33:04.523+0000] {dag.py:4180} INFO - Setting next_dagrun for example_branch_dop_operator_v3 to 2025-02-23 10:32:00+00:00, run_after=2025-02-23 10:33:00+00:00
[2025-02-23T10:33:04.542+0000] {processor.py:208} INFO - Processing /home/airflow/.local/lib/python3.12/site-packages/airflow/example_dags/example_branch_python_dop_operator_3.py took 0.105 seconds
[2025-02-23T10:33:35.048+0000] {processor.py:186} INFO - Started process (PID=1397) to work on /home/airflow/.local/lib/python3.12/site-packages/airflow/example_dags/example_branch_python_dop_operator_3.py
[2025-02-23T10:33:35.050+0000] {processor.py:914} INFO - Processing file /home/airflow/.local/lib/python3.12/site-packages/airflow/example_dags/example_branch_python_dop_operator_3.py for tasks to queue
[2025-02-23T10:33:35.053+0000] {logging_mixin.py:190} INFO - [2025-02-23T10:33:35.052+0000] {dagbag.py:588} INFO - Filling up the DagBag from /home/airflow/.local/lib/python3.12/site-packages/airflow/example_dags/example_branch_python_dop_operator_3.py
[2025-02-23T10:33:35.063+0000] {processor.py:925} INFO - DAG(s) 'example_branch_dop_operator_v3' retrieved from /home/airflow/.local/lib/python3.12/site-packages/airflow/example_dags/example_branch_python_dop_operator_3.py
[2025-02-23T10:33:35.082+0000] {logging_mixin.py:190} INFO - [2025-02-23T10:33:35.081+0000] {dag.py:3239} INFO - Sync 1 DAGs
[2025-02-23T10:33:35.103+0000] {logging_mixin.py:190} INFO - [2025-02-23T10:33:35.103+0000] {dag.py:4180} INFO - Setting next_dagrun for example_branch_dop_operator_v3 to 2025-02-23 10:32:00+00:00, run_after=2025-02-23 10:33:00+00:00
[2025-02-23T10:33:35.130+0000] {processor.py:208} INFO - Processing /home/airflow/.local/lib/python3.12/site-packages/airflow/example_dags/example_branch_python_dop_operator_3.py took 0.089 seconds
