[2025-02-23T10:31:32.294+0000] {processor.py:186} INFO - Started process (PID=225) to work on /home/airflow/.local/lib/python3.12/site-packages/airflow/example_dags/example_dag_decorator.py
[2025-02-23T10:31:32.296+0000] {processor.py:914} INFO - Processing file /home/airflow/.local/lib/python3.12/site-packages/airflow/example_dags/example_dag_decorator.py for tasks to queue
[2025-02-23T10:31:32.298+0000] {logging_mixin.py:190} INFO - [2025-02-23T10:31:32.298+0000] {dagbag.py:588} INFO - Filling up the DagBag from /home/airflow/.local/lib/python3.12/site-packages/airflow/example_dags/example_dag_decorator.py
[2025-02-23T10:31:32.622+0000] {processor.py:925} INFO - DAG(s) 'example_dag_decorator' retrieved from /home/airflow/.local/lib/python3.12/site-packages/airflow/example_dags/example_dag_decorator.py
[2025-02-23T10:31:32.724+0000] {logging_mixin.py:190} INFO - [2025-02-23T10:31:32.723+0000] {override.py:1912} INFO - Created Permission View: can read on DAG:example_dag_decorator
[2025-02-23T10:31:32.736+0000] {logging_mixin.py:190} INFO - [2025-02-23T10:31:32.735+0000] {override.py:1912} INFO - Created Permission View: can delete on DAG:example_dag_decorator
[2025-02-23T10:31:32.744+0000] {logging_mixin.py:190} INFO - [2025-02-23T10:31:32.743+0000] {override.py:1912} INFO - Created Permission View: can edit on DAG:example_dag_decorator
[2025-02-23T10:31:32.754+0000] {logging_mixin.py:190} INFO - [2025-02-23T10:31:32.754+0000] {override.py:1912} INFO - Created Permission View: can read on DAG Run:example_dag_decorator
[2025-02-23T10:31:32.762+0000] {logging_mixin.py:190} INFO - [2025-02-23T10:31:32.761+0000] {override.py:1912} INFO - Created Permission View: can create on DAG Run:example_dag_decorator
[2025-02-23T10:31:32.769+0000] {logging_mixin.py:190} INFO - [2025-02-23T10:31:32.769+0000] {override.py:1912} INFO - Created Permission View: menu access on DAG Run:example_dag_decorator
[2025-02-23T10:31:32.777+0000] {logging_mixin.py:190} INFO - [2025-02-23T10:31:32.777+0000] {override.py:1912} INFO - Created Permission View: can delete on DAG Run:example_dag_decorator
[2025-02-23T10:31:32.778+0000] {logging_mixin.py:190} INFO - [2025-02-23T10:31:32.778+0000] {dag.py:3239} INFO - Sync 1 DAGs
[2025-02-23T10:31:32.790+0000] {logging_mixin.py:190} INFO - [2025-02-23T10:31:32.789+0000] {dag.py:3262} INFO - Creating ORM DAG for example_dag_decorator
[2025-02-23T10:31:32.791+0000] {logging_mixin.py:190} INFO - [2025-02-23T10:31:32.790+0000] {dag.py:4180} INFO - Setting next_dagrun for example_dag_decorator to None, run_after=None
[2025-02-23T10:31:32.809+0000] {processor.py:208} INFO - Processing /home/airflow/.local/lib/python3.12/site-packages/airflow/example_dags/example_dag_decorator.py took 0.520 seconds
[2025-02-23T10:32:03.300+0000] {processor.py:186} INFO - Started process (PID=529) to work on /home/airflow/.local/lib/python3.12/site-packages/airflow/example_dags/example_dag_decorator.py
[2025-02-23T10:32:03.301+0000] {processor.py:914} INFO - Processing file /home/airflow/.local/lib/python3.12/site-packages/airflow/example_dags/example_dag_decorator.py for tasks to queue
[2025-02-23T10:32:03.303+0000] {logging_mixin.py:190} INFO - [2025-02-23T10:32:03.303+0000] {dagbag.py:588} INFO - Filling up the DagBag from /home/airflow/.local/lib/python3.12/site-packages/airflow/example_dags/example_dag_decorator.py
[2025-02-23T10:32:03.387+0000] {processor.py:925} INFO - DAG(s) 'example_dag_decorator' retrieved from /home/airflow/.local/lib/python3.12/site-packages/airflow/example_dags/example_dag_decorator.py
[2025-02-23T10:32:03.475+0000] {logging_mixin.py:190} INFO - [2025-02-23T10:32:03.475+0000] {dag.py:3239} INFO - Sync 1 DAGs
[2025-02-23T10:32:03.486+0000] {logging_mixin.py:190} INFO - [2025-02-23T10:32:03.486+0000] {dag.py:4180} INFO - Setting next_dagrun for example_dag_decorator to None, run_after=None
[2025-02-23T10:32:03.503+0000] {processor.py:208} INFO - Processing /home/airflow/.local/lib/python3.12/site-packages/airflow/example_dags/example_dag_decorator.py took 0.208 seconds
[2025-02-23T10:32:33.868+0000] {processor.py:186} INFO - Started process (PID=820) to work on /home/airflow/.local/lib/python3.12/site-packages/airflow/example_dags/example_dag_decorator.py
[2025-02-23T10:32:33.869+0000] {processor.py:914} INFO - Processing file /home/airflow/.local/lib/python3.12/site-packages/airflow/example_dags/example_dag_decorator.py for tasks to queue
[2025-02-23T10:32:33.871+0000] {logging_mixin.py:190} INFO - [2025-02-23T10:32:33.871+0000] {dagbag.py:588} INFO - Filling up the DagBag from /home/airflow/.local/lib/python3.12/site-packages/airflow/example_dags/example_dag_decorator.py
[2025-02-23T10:32:33.954+0000] {processor.py:925} INFO - DAG(s) 'example_dag_decorator' retrieved from /home/airflow/.local/lib/python3.12/site-packages/airflow/example_dags/example_dag_decorator.py
[2025-02-23T10:32:34.044+0000] {logging_mixin.py:190} INFO - [2025-02-23T10:32:34.044+0000] {dag.py:3239} INFO - Sync 1 DAGs
[2025-02-23T10:32:34.054+0000] {logging_mixin.py:190} INFO - [2025-02-23T10:32:34.054+0000] {dag.py:4180} INFO - Setting next_dagrun for example_dag_decorator to None, run_after=None
[2025-02-23T10:32:34.072+0000] {processor.py:208} INFO - Processing /home/airflow/.local/lib/python3.12/site-packages/airflow/example_dags/example_dag_decorator.py took 0.209 seconds
[2025-02-23T10:33:04.697+0000] {processor.py:186} INFO - Started process (PID=1121) to work on /home/airflow/.local/lib/python3.12/site-packages/airflow/example_dags/example_dag_decorator.py
[2025-02-23T10:33:04.698+0000] {processor.py:914} INFO - Processing file /home/airflow/.local/lib/python3.12/site-packages/airflow/example_dags/example_dag_decorator.py for tasks to queue
[2025-02-23T10:33:04.701+0000] {logging_mixin.py:190} INFO - [2025-02-23T10:33:04.700+0000] {dagbag.py:588} INFO - Filling up the DagBag from /home/airflow/.local/lib/python3.12/site-packages/airflow/example_dags/example_dag_decorator.py
[2025-02-23T10:33:04.787+0000] {processor.py:925} INFO - DAG(s) 'example_dag_decorator' retrieved from /home/airflow/.local/lib/python3.12/site-packages/airflow/example_dags/example_dag_decorator.py
[2025-02-23T10:33:04.878+0000] {logging_mixin.py:190} INFO - [2025-02-23T10:33:04.877+0000] {dag.py:3239} INFO - Sync 1 DAGs
[2025-02-23T10:33:04.890+0000] {logging_mixin.py:190} INFO - [2025-02-23T10:33:04.890+0000] {dag.py:4180} INFO - Setting next_dagrun for example_dag_decorator to None, run_after=None
[2025-02-23T10:33:04.908+0000] {processor.py:208} INFO - Processing /home/airflow/.local/lib/python3.12/site-packages/airflow/example_dags/example_dag_decorator.py took 0.216 seconds
[2025-02-23T10:33:35.317+0000] {processor.py:186} INFO - Started process (PID=1407) to work on /home/airflow/.local/lib/python3.12/site-packages/airflow/example_dags/example_dag_decorator.py
[2025-02-23T10:33:35.319+0000] {processor.py:914} INFO - Processing file /home/airflow/.local/lib/python3.12/site-packages/airflow/example_dags/example_dag_decorator.py for tasks to queue
[2025-02-23T10:33:35.321+0000] {logging_mixin.py:190} INFO - [2025-02-23T10:33:35.321+0000] {dagbag.py:588} INFO - Filling up the DagBag from /home/airflow/.local/lib/python3.12/site-packages/airflow/example_dags/example_dag_decorator.py
[2025-02-23T10:33:35.413+0000] {processor.py:925} INFO - DAG(s) 'example_dag_decorator' retrieved from /home/airflow/.local/lib/python3.12/site-packages/airflow/example_dags/example_dag_decorator.py
[2025-02-23T10:33:35.505+0000] {logging_mixin.py:190} INFO - [2025-02-23T10:33:35.505+0000] {dag.py:3239} INFO - Sync 1 DAGs
[2025-02-23T10:33:35.515+0000] {logging_mixin.py:190} INFO - [2025-02-23T10:33:35.515+0000] {dag.py:4180} INFO - Setting next_dagrun for example_dag_decorator to None, run_after=None
[2025-02-23T10:33:35.536+0000] {processor.py:208} INFO - Processing /home/airflow/.local/lib/python3.12/site-packages/airflow/example_dags/example_dag_decorator.py took 0.225 seconds
