[2025-02-23T10:31:38.458+0000] {processor.py:186} INFO - Started process (PID=386) to work on /home/airflow/.local/lib/python3.12/site-packages/airflow/example_dags/example_sensor_decorator.py
[2025-02-23T10:31:38.460+0000] {processor.py:914} INFO - Processing file /home/airflow/.local/lib/python3.12/site-packages/airflow/example_dags/example_sensor_decorator.py for tasks to queue
[2025-02-23T10:31:38.462+0000] {logging_mixin.py:190} INFO - [2025-02-23T10:31:38.461+0000] {dagbag.py:588} INFO - Filling up the DagBag from /home/airflow/.local/lib/python3.12/site-packages/airflow/example_dags/example_sensor_decorator.py
[2025-02-23T10:31:38.470+0000] {processor.py:925} INFO - DAG(s) 'example_sensor_decorator' retrieved from /home/airflow/.local/lib/python3.12/site-packages/airflow/example_dags/example_sensor_decorator.py
[2025-02-23T10:31:38.551+0000] {logging_mixin.py:190} INFO - [2025-02-23T10:31:38.550+0000] {override.py:1912} INFO - Created Permission View: can read on DAG:example_sensor_decorator
[2025-02-23T10:31:38.561+0000] {logging_mixin.py:190} INFO - [2025-02-23T10:31:38.560+0000] {override.py:1912} INFO - Created Permission View: can delete on DAG:example_sensor_decorator
[2025-02-23T10:31:38.566+0000] {logging_mixin.py:190} INFO - [2025-02-23T10:31:38.566+0000] {override.py:1912} INFO - Created Permission View: can edit on DAG:example_sensor_decorator
[2025-02-23T10:31:38.572+0000] {logging_mixin.py:190} INFO - [2025-02-23T10:31:38.571+0000] {override.py:1912} INFO - Created Permission View: can read on DAG Run:example_sensor_decorator
[2025-02-23T10:31:38.577+0000] {logging_mixin.py:190} INFO - [2025-02-23T10:31:38.576+0000] {override.py:1912} INFO - Created Permission View: can create on DAG Run:example_sensor_decorator
[2025-02-23T10:31:38.582+0000] {logging_mixin.py:190} INFO - [2025-02-23T10:31:38.582+0000] {override.py:1912} INFO - Created Permission View: menu access on DAG Run:example_sensor_decorator
[2025-02-23T10:31:38.587+0000] {logging_mixin.py:190} INFO - [2025-02-23T10:31:38.587+0000] {override.py:1912} INFO - Created Permission View: can delete on DAG Run:example_sensor_decorator
[2025-02-23T10:31:38.588+0000] {logging_mixin.py:190} INFO - [2025-02-23T10:31:38.588+0000] {dag.py:3239} INFO - Sync 1 DAGs
[2025-02-23T10:31:38.599+0000] {logging_mixin.py:190} INFO - [2025-02-23T10:31:38.599+0000] {dag.py:3262} INFO - Creating ORM DAG for example_sensor_decorator
[2025-02-23T10:31:38.600+0000] {logging_mixin.py:190} INFO - [2025-02-23T10:31:38.600+0000] {dag.py:4180} INFO - Setting next_dagrun for example_sensor_decorator to None, run_after=None
[2025-02-23T10:31:38.612+0000] {processor.py:208} INFO - Processing /home/airflow/.local/lib/python3.12/site-packages/airflow/example_dags/example_sensor_decorator.py took 0.159 seconds
[2025-02-23T10:32:08.887+0000] {processor.py:186} INFO - Started process (PID=677) to work on /home/airflow/.local/lib/python3.12/site-packages/airflow/example_dags/example_sensor_decorator.py
[2025-02-23T10:32:08.888+0000] {processor.py:914} INFO - Processing file /home/airflow/.local/lib/python3.12/site-packages/airflow/example_dags/example_sensor_decorator.py for tasks to queue
[2025-02-23T10:32:08.891+0000] {logging_mixin.py:190} INFO - [2025-02-23T10:32:08.890+0000] {dagbag.py:588} INFO - Filling up the DagBag from /home/airflow/.local/lib/python3.12/site-packages/airflow/example_dags/example_sensor_decorator.py
[2025-02-23T10:32:08.899+0000] {processor.py:925} INFO - DAG(s) 'example_sensor_decorator' retrieved from /home/airflow/.local/lib/python3.12/site-packages/airflow/example_dags/example_sensor_decorator.py
[2025-02-23T10:32:08.918+0000] {logging_mixin.py:190} INFO - [2025-02-23T10:32:08.918+0000] {dag.py:3239} INFO - Sync 1 DAGs
[2025-02-23T10:32:08.932+0000] {logging_mixin.py:190} INFO - [2025-02-23T10:32:08.932+0000] {dag.py:4180} INFO - Setting next_dagrun for example_sensor_decorator to None, run_after=None
[2025-02-23T10:32:08.953+0000] {processor.py:208} INFO - Processing /home/airflow/.local/lib/python3.12/site-packages/airflow/example_dags/example_sensor_decorator.py took 0.074 seconds
[2025-02-23T10:32:39.618+0000] {processor.py:186} INFO - Started process (PID=968) to work on /home/airflow/.local/lib/python3.12/site-packages/airflow/example_dags/example_sensor_decorator.py
[2025-02-23T10:32:39.620+0000] {processor.py:914} INFO - Processing file /home/airflow/.local/lib/python3.12/site-packages/airflow/example_dags/example_sensor_decorator.py for tasks to queue
[2025-02-23T10:32:39.622+0000] {logging_mixin.py:190} INFO - [2025-02-23T10:32:39.622+0000] {dagbag.py:588} INFO - Filling up the DagBag from /home/airflow/.local/lib/python3.12/site-packages/airflow/example_dags/example_sensor_decorator.py
[2025-02-23T10:32:39.631+0000] {processor.py:925} INFO - DAG(s) 'example_sensor_decorator' retrieved from /home/airflow/.local/lib/python3.12/site-packages/airflow/example_dags/example_sensor_decorator.py
[2025-02-23T10:32:39.650+0000] {logging_mixin.py:190} INFO - [2025-02-23T10:32:39.650+0000] {dag.py:3239} INFO - Sync 1 DAGs
[2025-02-23T10:32:39.666+0000] {logging_mixin.py:190} INFO - [2025-02-23T10:32:39.666+0000] {dag.py:4180} INFO - Setting next_dagrun for example_sensor_decorator to None, run_after=None
[2025-02-23T10:32:39.686+0000] {processor.py:208} INFO - Processing /home/airflow/.local/lib/python3.12/site-packages/airflow/example_dags/example_sensor_decorator.py took 0.074 seconds
[2025-02-23T10:33:10.171+0000] {processor.py:186} INFO - Started process (PID=1259) to work on /home/airflow/.local/lib/python3.12/site-packages/airflow/example_dags/example_sensor_decorator.py
[2025-02-23T10:33:10.172+0000] {processor.py:914} INFO - Processing file /home/airflow/.local/lib/python3.12/site-packages/airflow/example_dags/example_sensor_decorator.py for tasks to queue
[2025-02-23T10:33:10.174+0000] {logging_mixin.py:190} INFO - [2025-02-23T10:33:10.174+0000] {dagbag.py:588} INFO - Filling up the DagBag from /home/airflow/.local/lib/python3.12/site-packages/airflow/example_dags/example_sensor_decorator.py
[2025-02-23T10:33:10.181+0000] {processor.py:925} INFO - DAG(s) 'example_sensor_decorator' retrieved from /home/airflow/.local/lib/python3.12/site-packages/airflow/example_dags/example_sensor_decorator.py
[2025-02-23T10:33:10.200+0000] {logging_mixin.py:190} INFO - [2025-02-23T10:33:10.199+0000] {dag.py:3239} INFO - Sync 1 DAGs
[2025-02-23T10:33:10.213+0000] {logging_mixin.py:190} INFO - [2025-02-23T10:33:10.213+0000] {dag.py:4180} INFO - Setting next_dagrun for example_sensor_decorator to None, run_after=None
[2025-02-23T10:33:10.231+0000] {processor.py:208} INFO - Processing /home/airflow/.local/lib/python3.12/site-packages/airflow/example_dags/example_sensor_decorator.py took 0.064 seconds
[2025-02-23T10:33:40.772+0000] {processor.py:186} INFO - Started process (PID=1550) to work on /home/airflow/.local/lib/python3.12/site-packages/airflow/example_dags/example_sensor_decorator.py
[2025-02-23T10:33:40.773+0000] {processor.py:914} INFO - Processing file /home/airflow/.local/lib/python3.12/site-packages/airflow/example_dags/example_sensor_decorator.py for tasks to queue
[2025-02-23T10:33:40.775+0000] {logging_mixin.py:190} INFO - [2025-02-23T10:33:40.775+0000] {dagbag.py:588} INFO - Filling up the DagBag from /home/airflow/.local/lib/python3.12/site-packages/airflow/example_dags/example_sensor_decorator.py
[2025-02-23T10:33:40.782+0000] {processor.py:925} INFO - DAG(s) 'example_sensor_decorator' retrieved from /home/airflow/.local/lib/python3.12/site-packages/airflow/example_dags/example_sensor_decorator.py
[2025-02-23T10:33:40.798+0000] {logging_mixin.py:190} INFO - [2025-02-23T10:33:40.798+0000] {dag.py:3239} INFO - Sync 1 DAGs
[2025-02-23T10:33:40.812+0000] {logging_mixin.py:190} INFO - [2025-02-23T10:33:40.812+0000] {dag.py:4180} INFO - Setting next_dagrun for example_sensor_decorator to None, run_after=None
[2025-02-23T10:33:40.827+0000] {processor.py:208} INFO - Processing /home/airflow/.local/lib/python3.12/site-packages/airflow/example_dags/example_sensor_decorator.py took 0.060 seconds
