[2025-02-23T10:31:39.911+0000] {processor.py:186} INFO - Started process (PID=436) to work on /home/airflow/.local/lib/python3.12/site-packages/airflow/example_dags/example_short_circuit_decorator.py
[2025-02-23T10:31:39.912+0000] {processor.py:914} INFO - Processing file /home/airflow/.local/lib/python3.12/site-packages/airflow/example_dags/example_short_circuit_decorator.py for tasks to queue
[2025-02-23T10:31:39.914+0000] {logging_mixin.py:190} INFO - [2025-02-23T10:31:39.914+0000] {dagbag.py:588} INFO - Filling up the DagBag from /home/airflow/.local/lib/python3.12/site-packages/airflow/example_dags/example_short_circuit_decorator.py
[2025-02-23T10:31:39.924+0000] {processor.py:925} INFO - DAG(s) 'example_short_circuit_decorator' retrieved from /home/airflow/.local/lib/python3.12/site-packages/airflow/example_dags/example_short_circuit_decorator.py
[2025-02-23T10:31:40.010+0000] {logging_mixin.py:190} INFO - [2025-02-23T10:31:40.010+0000] {override.py:1912} INFO - Created Permission View: can read on DAG:example_short_circuit_decorator
[2025-02-23T10:31:40.021+0000] {logging_mixin.py:190} INFO - [2025-02-23T10:31:40.020+0000] {override.py:1912} INFO - Created Permission View: can delete on DAG:example_short_circuit_decorator
[2025-02-23T10:31:40.033+0000] {logging_mixin.py:190} INFO - [2025-02-23T10:31:40.033+0000] {override.py:1912} INFO - Created Permission View: can edit on DAG:example_short_circuit_decorator
[2025-02-23T10:31:40.041+0000] {logging_mixin.py:190} INFO - [2025-02-23T10:31:40.041+0000] {override.py:1912} INFO - Created Permission View: can read on DAG Run:example_short_circuit_decorator
[2025-02-23T10:31:40.048+0000] {logging_mixin.py:190} INFO - [2025-02-23T10:31:40.047+0000] {override.py:1912} INFO - Created Permission View: can create on DAG Run:example_short_circuit_decorator
[2025-02-23T10:31:40.055+0000] {logging_mixin.py:190} INFO - [2025-02-23T10:31:40.055+0000] {override.py:1912} INFO - Created Permission View: menu access on DAG Run:example_short_circuit_decorator
[2025-02-23T10:31:40.060+0000] {logging_mixin.py:190} INFO - [2025-02-23T10:31:40.060+0000] {override.py:1912} INFO - Created Permission View: can delete on DAG Run:example_short_circuit_decorator
[2025-02-23T10:31:40.061+0000] {logging_mixin.py:190} INFO - [2025-02-23T10:31:40.061+0000] {dag.py:3239} INFO - Sync 1 DAGs
[2025-02-23T10:31:40.071+0000] {logging_mixin.py:190} INFO - [2025-02-23T10:31:40.071+0000] {dag.py:3262} INFO - Creating ORM DAG for example_short_circuit_decorator
[2025-02-23T10:31:40.073+0000] {logging_mixin.py:190} INFO - [2025-02-23T10:31:40.072+0000] {dag.py:4180} INFO - Setting next_dagrun for example_short_circuit_decorator to None, run_after=None
[2025-02-23T10:31:40.086+0000] {processor.py:208} INFO - Processing /home/airflow/.local/lib/python3.12/site-packages/airflow/example_dags/example_short_circuit_decorator.py took 0.180 seconds
[2025-02-23T10:32:10.724+0000] {processor.py:186} INFO - Started process (PID=727) to work on /home/airflow/.local/lib/python3.12/site-packages/airflow/example_dags/example_short_circuit_decorator.py
[2025-02-23T10:32:10.725+0000] {processor.py:914} INFO - Processing file /home/airflow/.local/lib/python3.12/site-packages/airflow/example_dags/example_short_circuit_decorator.py for tasks to queue
[2025-02-23T10:32:10.727+0000] {logging_mixin.py:190} INFO - [2025-02-23T10:32:10.727+0000] {dagbag.py:588} INFO - Filling up the DagBag from /home/airflow/.local/lib/python3.12/site-packages/airflow/example_dags/example_short_circuit_decorator.py
[2025-02-23T10:32:10.737+0000] {processor.py:925} INFO - DAG(s) 'example_short_circuit_decorator' retrieved from /home/airflow/.local/lib/python3.12/site-packages/airflow/example_dags/example_short_circuit_decorator.py
[2025-02-23T10:32:10.757+0000] {logging_mixin.py:190} INFO - [2025-02-23T10:32:10.757+0000] {dag.py:3239} INFO - Sync 1 DAGs
[2025-02-23T10:32:10.770+0000] {logging_mixin.py:190} INFO - [2025-02-23T10:32:10.769+0000] {dag.py:4180} INFO - Setting next_dagrun for example_short_circuit_decorator to None, run_after=None
[2025-02-23T10:32:10.787+0000] {processor.py:208} INFO - Processing /home/airflow/.local/lib/python3.12/site-packages/airflow/example_dags/example_short_circuit_decorator.py took 0.069 seconds
[2025-02-23T10:32:41.383+0000] {processor.py:186} INFO - Started process (PID=1018) to work on /home/airflow/.local/lib/python3.12/site-packages/airflow/example_dags/example_short_circuit_decorator.py
[2025-02-23T10:32:41.384+0000] {processor.py:914} INFO - Processing file /home/airflow/.local/lib/python3.12/site-packages/airflow/example_dags/example_short_circuit_decorator.py for tasks to queue
[2025-02-23T10:32:41.390+0000] {logging_mixin.py:190} INFO - [2025-02-23T10:32:41.390+0000] {dagbag.py:588} INFO - Filling up the DagBag from /home/airflow/.local/lib/python3.12/site-packages/airflow/example_dags/example_short_circuit_decorator.py
[2025-02-23T10:32:41.399+0000] {processor.py:925} INFO - DAG(s) 'example_short_circuit_decorator' retrieved from /home/airflow/.local/lib/python3.12/site-packages/airflow/example_dags/example_short_circuit_decorator.py
[2025-02-23T10:32:41.423+0000] {logging_mixin.py:190} INFO - [2025-02-23T10:32:41.422+0000] {dag.py:3239} INFO - Sync 1 DAGs
[2025-02-23T10:32:41.436+0000] {logging_mixin.py:190} INFO - [2025-02-23T10:32:41.436+0000] {dag.py:4180} INFO - Setting next_dagrun for example_short_circuit_decorator to None, run_after=None
[2025-02-23T10:32:41.454+0000] {processor.py:208} INFO - Processing /home/airflow/.local/lib/python3.12/site-packages/airflow/example_dags/example_short_circuit_decorator.py took 0.083 seconds
[2025-02-23T10:33:11.756+0000] {processor.py:186} INFO - Started process (PID=1309) to work on /home/airflow/.local/lib/python3.12/site-packages/airflow/example_dags/example_short_circuit_decorator.py
[2025-02-23T10:33:11.757+0000] {processor.py:914} INFO - Processing file /home/airflow/.local/lib/python3.12/site-packages/airflow/example_dags/example_short_circuit_decorator.py for tasks to queue
[2025-02-23T10:33:11.759+0000] {logging_mixin.py:190} INFO - [2025-02-23T10:33:11.758+0000] {dagbag.py:588} INFO - Filling up the DagBag from /home/airflow/.local/lib/python3.12/site-packages/airflow/example_dags/example_short_circuit_decorator.py
[2025-02-23T10:33:11.768+0000] {processor.py:925} INFO - DAG(s) 'example_short_circuit_decorator' retrieved from /home/airflow/.local/lib/python3.12/site-packages/airflow/example_dags/example_short_circuit_decorator.py
[2025-02-23T10:33:11.787+0000] {logging_mixin.py:190} INFO - [2025-02-23T10:33:11.787+0000] {dag.py:3239} INFO - Sync 1 DAGs
[2025-02-23T10:33:11.799+0000] {logging_mixin.py:190} INFO - [2025-02-23T10:33:11.799+0000] {dag.py:4180} INFO - Setting next_dagrun for example_short_circuit_decorator to None, run_after=None
[2025-02-23T10:33:11.816+0000] {processor.py:208} INFO - Processing /home/airflow/.local/lib/python3.12/site-packages/airflow/example_dags/example_short_circuit_decorator.py took 0.065 seconds
[2025-02-23T10:33:42.331+0000] {processor.py:186} INFO - Started process (PID=1597) to work on /home/airflow/.local/lib/python3.12/site-packages/airflow/example_dags/example_short_circuit_decorator.py
[2025-02-23T10:33:42.332+0000] {processor.py:914} INFO - Processing file /home/airflow/.local/lib/python3.12/site-packages/airflow/example_dags/example_short_circuit_decorator.py for tasks to queue
[2025-02-23T10:33:42.335+0000] {logging_mixin.py:190} INFO - [2025-02-23T10:33:42.334+0000] {dagbag.py:588} INFO - Filling up the DagBag from /home/airflow/.local/lib/python3.12/site-packages/airflow/example_dags/example_short_circuit_decorator.py
[2025-02-23T10:33:42.344+0000] {processor.py:925} INFO - DAG(s) 'example_short_circuit_decorator' retrieved from /home/airflow/.local/lib/python3.12/site-packages/airflow/example_dags/example_short_circuit_decorator.py
[2025-02-23T10:33:42.365+0000] {logging_mixin.py:190} INFO - [2025-02-23T10:33:42.365+0000] {dag.py:3239} INFO - Sync 1 DAGs
[2025-02-23T10:33:42.377+0000] {logging_mixin.py:190} INFO - [2025-02-23T10:33:42.377+0000] {dag.py:4180} INFO - Setting next_dagrun for example_short_circuit_decorator to None, run_after=None
[2025-02-23T10:33:42.396+0000] {processor.py:208} INFO - Processing /home/airflow/.local/lib/python3.12/site-packages/airflow/example_dags/example_short_circuit_decorator.py took 0.070 seconds
