[2025-02-23T10:31:36.799+0000] {processor.py:186} INFO - Started process (PID=326) to work on /home/airflow/.local/lib/python3.12/site-packages/airflow/example_dags/example_short_circuit_operator.py
[2025-02-23T10:31:36.801+0000] {processor.py:914} INFO - Processing file /home/airflow/.local/lib/python3.12/site-packages/airflow/example_dags/example_short_circuit_operator.py for tasks to queue
[2025-02-23T10:31:36.803+0000] {logging_mixin.py:190} INFO - [2025-02-23T10:31:36.803+0000] {dagbag.py:588} INFO - Filling up the DagBag from /home/airflow/.local/lib/python3.12/site-packages/airflow/example_dags/example_short_circuit_operator.py
[2025-02-23T10:31:36.816+0000] {processor.py:925} INFO - DAG(s) 'example_short_circuit_operator' retrieved from /home/airflow/.local/lib/python3.12/site-packages/airflow/example_dags/example_short_circuit_operator.py
[2025-02-23T10:31:36.942+0000] {logging_mixin.py:190} INFO - [2025-02-23T10:31:36.942+0000] {override.py:1912} INFO - Created Permission View: can read on DAG:example_short_circuit_operator
[2025-02-23T10:31:36.953+0000] {logging_mixin.py:190} INFO - [2025-02-23T10:31:36.952+0000] {override.py:1912} INFO - Created Permission View: can delete on DAG:example_short_circuit_operator
[2025-02-23T10:31:36.960+0000] {logging_mixin.py:190} INFO - [2025-02-23T10:31:36.959+0000] {override.py:1912} INFO - Created Permission View: can edit on DAG:example_short_circuit_operator
[2025-02-23T10:31:36.967+0000] {logging_mixin.py:190} INFO - [2025-02-23T10:31:36.967+0000] {override.py:1912} INFO - Created Permission View: can read on DAG Run:example_short_circuit_operator
[2025-02-23T10:31:36.974+0000] {logging_mixin.py:190} INFO - [2025-02-23T10:31:36.974+0000] {override.py:1912} INFO - Created Permission View: can create on DAG Run:example_short_circuit_operator
[2025-02-23T10:31:36.982+0000] {logging_mixin.py:190} INFO - [2025-02-23T10:31:36.981+0000] {override.py:1912} INFO - Created Permission View: menu access on DAG Run:example_short_circuit_operator
[2025-02-23T10:31:36.990+0000] {logging_mixin.py:190} INFO - [2025-02-23T10:31:36.989+0000] {override.py:1912} INFO - Created Permission View: can delete on DAG Run:example_short_circuit_operator
[2025-02-23T10:31:36.991+0000] {logging_mixin.py:190} INFO - [2025-02-23T10:31:36.990+0000] {dag.py:3239} INFO - Sync 1 DAGs
[2025-02-23T10:31:37.004+0000] {logging_mixin.py:190} INFO - [2025-02-23T10:31:37.004+0000] {dag.py:3262} INFO - Creating ORM DAG for example_short_circuit_operator
[2025-02-23T10:31:37.005+0000] {logging_mixin.py:190} INFO - [2025-02-23T10:31:37.005+0000] {dag.py:4180} INFO - Setting next_dagrun for example_short_circuit_operator to None, run_after=None
[2025-02-23T10:31:37.024+0000] {processor.py:208} INFO - Processing /home/airflow/.local/lib/python3.12/site-packages/airflow/example_dags/example_short_circuit_operator.py took 0.230 seconds
[2025-02-23T10:32:07.859+0000] {processor.py:186} INFO - Started process (PID=617) to work on /home/airflow/.local/lib/python3.12/site-packages/airflow/example_dags/example_short_circuit_operator.py
[2025-02-23T10:32:07.860+0000] {processor.py:914} INFO - Processing file /home/airflow/.local/lib/python3.12/site-packages/airflow/example_dags/example_short_circuit_operator.py for tasks to queue
[2025-02-23T10:32:07.863+0000] {logging_mixin.py:190} INFO - [2025-02-23T10:32:07.862+0000] {dagbag.py:588} INFO - Filling up the DagBag from /home/airflow/.local/lib/python3.12/site-packages/airflow/example_dags/example_short_circuit_operator.py
[2025-02-23T10:32:07.870+0000] {processor.py:925} INFO - DAG(s) 'example_short_circuit_operator' retrieved from /home/airflow/.local/lib/python3.12/site-packages/airflow/example_dags/example_short_circuit_operator.py
[2025-02-23T10:32:07.891+0000] {logging_mixin.py:190} INFO - [2025-02-23T10:32:07.890+0000] {dag.py:3239} INFO - Sync 1 DAGs
[2025-02-23T10:32:07.903+0000] {logging_mixin.py:190} INFO - [2025-02-23T10:32:07.903+0000] {dag.py:4180} INFO - Setting next_dagrun for example_short_circuit_operator to None, run_after=None
[2025-02-23T10:32:07.921+0000] {processor.py:208} INFO - Processing /home/airflow/.local/lib/python3.12/site-packages/airflow/example_dags/example_short_circuit_operator.py took 0.067 seconds
[2025-02-23T10:32:38.488+0000] {processor.py:186} INFO - Started process (PID=908) to work on /home/airflow/.local/lib/python3.12/site-packages/airflow/example_dags/example_short_circuit_operator.py
[2025-02-23T10:32:38.490+0000] {processor.py:914} INFO - Processing file /home/airflow/.local/lib/python3.12/site-packages/airflow/example_dags/example_short_circuit_operator.py for tasks to queue
[2025-02-23T10:32:38.492+0000] {logging_mixin.py:190} INFO - [2025-02-23T10:32:38.492+0000] {dagbag.py:588} INFO - Filling up the DagBag from /home/airflow/.local/lib/python3.12/site-packages/airflow/example_dags/example_short_circuit_operator.py
[2025-02-23T10:32:38.499+0000] {processor.py:925} INFO - DAG(s) 'example_short_circuit_operator' retrieved from /home/airflow/.local/lib/python3.12/site-packages/airflow/example_dags/example_short_circuit_operator.py
[2025-02-23T10:32:38.520+0000] {logging_mixin.py:190} INFO - [2025-02-23T10:32:38.520+0000] {dag.py:3239} INFO - Sync 1 DAGs
[2025-02-23T10:32:38.533+0000] {logging_mixin.py:190} INFO - [2025-02-23T10:32:38.533+0000] {dag.py:4180} INFO - Setting next_dagrun for example_short_circuit_operator to None, run_after=None
[2025-02-23T10:32:38.554+0000] {processor.py:208} INFO - Processing /home/airflow/.local/lib/python3.12/site-packages/airflow/example_dags/example_short_circuit_operator.py took 0.071 seconds
[2025-02-23T10:33:09.164+0000] {processor.py:186} INFO - Started process (PID=1199) to work on /home/airflow/.local/lib/python3.12/site-packages/airflow/example_dags/example_short_circuit_operator.py
[2025-02-23T10:33:09.165+0000] {processor.py:914} INFO - Processing file /home/airflow/.local/lib/python3.12/site-packages/airflow/example_dags/example_short_circuit_operator.py for tasks to queue
[2025-02-23T10:33:09.167+0000] {logging_mixin.py:190} INFO - [2025-02-23T10:33:09.166+0000] {dagbag.py:588} INFO - Filling up the DagBag from /home/airflow/.local/lib/python3.12/site-packages/airflow/example_dags/example_short_circuit_operator.py
[2025-02-23T10:33:09.174+0000] {processor.py:925} INFO - DAG(s) 'example_short_circuit_operator' retrieved from /home/airflow/.local/lib/python3.12/site-packages/airflow/example_dags/example_short_circuit_operator.py
[2025-02-23T10:33:09.193+0000] {logging_mixin.py:190} INFO - [2025-02-23T10:33:09.192+0000] {dag.py:3239} INFO - Sync 1 DAGs
[2025-02-23T10:33:09.205+0000] {logging_mixin.py:190} INFO - [2025-02-23T10:33:09.204+0000] {dag.py:4180} INFO - Setting next_dagrun for example_short_circuit_operator to None, run_after=None
[2025-02-23T10:33:09.220+0000] {processor.py:208} INFO - Processing /home/airflow/.local/lib/python3.12/site-packages/airflow/example_dags/example_short_circuit_operator.py took 0.062 seconds
[2025-02-23T10:33:39.754+0000] {processor.py:186} INFO - Started process (PID=1490) to work on /home/airflow/.local/lib/python3.12/site-packages/airflow/example_dags/example_short_circuit_operator.py
[2025-02-23T10:33:39.755+0000] {processor.py:914} INFO - Processing file /home/airflow/.local/lib/python3.12/site-packages/airflow/example_dags/example_short_circuit_operator.py for tasks to queue
[2025-02-23T10:33:39.757+0000] {logging_mixin.py:190} INFO - [2025-02-23T10:33:39.757+0000] {dagbag.py:588} INFO - Filling up the DagBag from /home/airflow/.local/lib/python3.12/site-packages/airflow/example_dags/example_short_circuit_operator.py
[2025-02-23T10:33:39.765+0000] {processor.py:925} INFO - DAG(s) 'example_short_circuit_operator' retrieved from /home/airflow/.local/lib/python3.12/site-packages/airflow/example_dags/example_short_circuit_operator.py
[2025-02-23T10:33:39.786+0000] {logging_mixin.py:190} INFO - [2025-02-23T10:33:39.786+0000] {dag.py:3239} INFO - Sync 1 DAGs
[2025-02-23T10:33:39.801+0000] {logging_mixin.py:190} INFO - [2025-02-23T10:33:39.801+0000] {dag.py:4180} INFO - Setting next_dagrun for example_short_circuit_operator to None, run_after=None
[2025-02-23T10:33:39.822+0000] {processor.py:208} INFO - Processing /home/airflow/.local/lib/python3.12/site-packages/airflow/example_dags/example_short_circuit_operator.py took 0.072 seconds
