[2025-02-23T10:31:36.429+0000] {processor.py:186} INFO - Started process (PID=316) to work on /home/airflow/.local/lib/python3.12/site-packages/airflow/example_dags/example_branch_operator.py
[2025-02-23T10:31:36.430+0000] {processor.py:914} INFO - Processing file /home/airflow/.local/lib/python3.12/site-packages/airflow/example_dags/example_branch_operator.py for tasks to queue
[2025-02-23T10:31:36.432+0000] {logging_mixin.py:190} INFO - [2025-02-23T10:31:36.432+0000] {dagbag.py:588} INFO - Filling up the DagBag from /home/airflow/.local/lib/python3.12/site-packages/airflow/example_dags/example_branch_operator.py
[2025-02-23T10:31:36.453+0000] {processor.py:925} INFO - DAG(s) 'example_branch_operator' retrieved from /home/airflow/.local/lib/python3.12/site-packages/airflow/example_dags/example_branch_operator.py
[2025-02-23T10:31:36.581+0000] {logging_mixin.py:190} INFO - [2025-02-23T10:31:36.580+0000] {override.py:1912} INFO - Created Permission View: can read on DAG:example_branch_operator
[2025-02-23T10:31:36.593+0000] {logging_mixin.py:190} INFO - [2025-02-23T10:31:36.593+0000] {override.py:1912} INFO - Created Permission View: can delete on DAG:example_branch_operator
[2025-02-23T10:31:36.602+0000] {logging_mixin.py:190} INFO - [2025-02-23T10:31:36.602+0000] {override.py:1912} INFO - Created Permission View: can edit on DAG:example_branch_operator
[2025-02-23T10:31:36.611+0000] {logging_mixin.py:190} INFO - [2025-02-23T10:31:36.611+0000] {override.py:1912} INFO - Created Permission View: can read on DAG Run:example_branch_operator
[2025-02-23T10:31:36.619+0000] {logging_mixin.py:190} INFO - [2025-02-23T10:31:36.619+0000] {override.py:1912} INFO - Created Permission View: can create on DAG Run:example_branch_operator
[2025-02-23T10:31:36.627+0000] {logging_mixin.py:190} INFO - [2025-02-23T10:31:36.627+0000] {override.py:1912} INFO - Created Permission View: menu access on DAG Run:example_branch_operator
[2025-02-23T10:31:36.636+0000] {logging_mixin.py:190} INFO - [2025-02-23T10:31:36.636+0000] {override.py:1912} INFO - Created Permission View: can delete on DAG Run:example_branch_operator
[2025-02-23T10:31:36.637+0000] {logging_mixin.py:190} INFO - [2025-02-23T10:31:36.637+0000] {dag.py:3239} INFO - Sync 1 DAGs
[2025-02-23T10:31:36.650+0000] {logging_mixin.py:190} INFO - [2025-02-23T10:31:36.650+0000] {dag.py:3262} INFO - Creating ORM DAG for example_branch_operator
[2025-02-23T10:31:36.659+0000] {logging_mixin.py:190} INFO - [2025-02-23T10:31:36.659+0000] {dag.py:4180} INFO - Setting next_dagrun for example_branch_operator to 2025-02-22 00:00:00+00:00, run_after=2025-02-23 00:00:00+00:00
[2025-02-23T10:31:36.677+0000] {processor.py:208} INFO - Processing /home/airflow/.local/lib/python3.12/site-packages/airflow/example_dags/example_branch_operator.py took 0.253 seconds
[2025-02-23T10:32:07.625+0000] {processor.py:186} INFO - Started process (PID=607) to work on /home/airflow/.local/lib/python3.12/site-packages/airflow/example_dags/example_branch_operator.py
[2025-02-23T10:32:07.627+0000] {processor.py:914} INFO - Processing file /home/airflow/.local/lib/python3.12/site-packages/airflow/example_dags/example_branch_operator.py for tasks to queue
[2025-02-23T10:32:07.630+0000] {logging_mixin.py:190} INFO - [2025-02-23T10:32:07.629+0000] {dagbag.py:588} INFO - Filling up the DagBag from /home/airflow/.local/lib/python3.12/site-packages/airflow/example_dags/example_branch_operator.py
[2025-02-23T10:32:07.646+0000] {processor.py:925} INFO - DAG(s) 'example_branch_operator' retrieved from /home/airflow/.local/lib/python3.12/site-packages/airflow/example_dags/example_branch_operator.py
[2025-02-23T10:32:07.673+0000] {logging_mixin.py:190} INFO - [2025-02-23T10:32:07.673+0000] {dag.py:3239} INFO - Sync 1 DAGs
[2025-02-23T10:32:07.696+0000] {logging_mixin.py:190} INFO - [2025-02-23T10:32:07.696+0000] {dag.py:4180} INFO - Setting next_dagrun for example_branch_operator to 2025-02-22 00:00:00+00:00, run_after=2025-02-23 00:00:00+00:00
[2025-02-23T10:32:07.725+0000] {processor.py:208} INFO - Processing /home/airflow/.local/lib/python3.12/site-packages/airflow/example_dags/example_branch_operator.py took 0.106 seconds
[2025-02-23T10:32:38.258+0000] {processor.py:186} INFO - Started process (PID=898) to work on /home/airflow/.local/lib/python3.12/site-packages/airflow/example_dags/example_branch_operator.py
[2025-02-23T10:32:38.259+0000] {processor.py:914} INFO - Processing file /home/airflow/.local/lib/python3.12/site-packages/airflow/example_dags/example_branch_operator.py for tasks to queue
[2025-02-23T10:32:38.261+0000] {logging_mixin.py:190} INFO - [2025-02-23T10:32:38.261+0000] {dagbag.py:588} INFO - Filling up the DagBag from /home/airflow/.local/lib/python3.12/site-packages/airflow/example_dags/example_branch_operator.py
[2025-02-23T10:32:38.276+0000] {processor.py:925} INFO - DAG(s) 'example_branch_operator' retrieved from /home/airflow/.local/lib/python3.12/site-packages/airflow/example_dags/example_branch_operator.py
[2025-02-23T10:32:38.305+0000] {logging_mixin.py:190} INFO - [2025-02-23T10:32:38.305+0000] {dag.py:3239} INFO - Sync 1 DAGs
[2025-02-23T10:32:38.326+0000] {logging_mixin.py:190} INFO - [2025-02-23T10:32:38.326+0000] {dag.py:4180} INFO - Setting next_dagrun for example_branch_operator to 2025-02-22 00:00:00+00:00, run_after=2025-02-23 00:00:00+00:00
[2025-02-23T10:32:38.356+0000] {processor.py:208} INFO - Processing /home/airflow/.local/lib/python3.12/site-packages/airflow/example_dags/example_branch_operator.py took 0.103 seconds
[2025-02-23T10:33:08.932+0000] {processor.py:186} INFO - Started process (PID=1189) to work on /home/airflow/.local/lib/python3.12/site-packages/airflow/example_dags/example_branch_operator.py
[2025-02-23T10:33:08.933+0000] {processor.py:914} INFO - Processing file /home/airflow/.local/lib/python3.12/site-packages/airflow/example_dags/example_branch_operator.py for tasks to queue
[2025-02-23T10:33:08.936+0000] {logging_mixin.py:190} INFO - [2025-02-23T10:33:08.935+0000] {dagbag.py:588} INFO - Filling up the DagBag from /home/airflow/.local/lib/python3.12/site-packages/airflow/example_dags/example_branch_operator.py
[2025-02-23T10:33:08.954+0000] {processor.py:925} INFO - DAG(s) 'example_branch_operator' retrieved from /home/airflow/.local/lib/python3.12/site-packages/airflow/example_dags/example_branch_operator.py
[2025-02-23T10:33:08.980+0000] {logging_mixin.py:190} INFO - [2025-02-23T10:33:08.979+0000] {dag.py:3239} INFO - Sync 1 DAGs
[2025-02-23T10:33:09.000+0000] {logging_mixin.py:190} INFO - [2025-02-23T10:33:09.000+0000] {dag.py:4180} INFO - Setting next_dagrun for example_branch_operator to 2025-02-22 00:00:00+00:00, run_after=2025-02-23 00:00:00+00:00
[2025-02-23T10:33:09.030+0000] {processor.py:208} INFO - Processing /home/airflow/.local/lib/python3.12/site-packages/airflow/example_dags/example_branch_operator.py took 0.103 seconds
[2025-02-23T10:33:39.546+0000] {processor.py:186} INFO - Started process (PID=1480) to work on /home/airflow/.local/lib/python3.12/site-packages/airflow/example_dags/example_branch_operator.py
[2025-02-23T10:33:39.547+0000] {processor.py:914} INFO - Processing file /home/airflow/.local/lib/python3.12/site-packages/airflow/example_dags/example_branch_operator.py for tasks to queue
[2025-02-23T10:33:39.549+0000] {logging_mixin.py:190} INFO - [2025-02-23T10:33:39.549+0000] {dagbag.py:588} INFO - Filling up the DagBag from /home/airflow/.local/lib/python3.12/site-packages/airflow/example_dags/example_branch_operator.py
[2025-02-23T10:33:39.564+0000] {processor.py:925} INFO - DAG(s) 'example_branch_operator' retrieved from /home/airflow/.local/lib/python3.12/site-packages/airflow/example_dags/example_branch_operator.py
[2025-02-23T10:33:39.589+0000] {logging_mixin.py:190} INFO - [2025-02-23T10:33:39.588+0000] {dag.py:3239} INFO - Sync 1 DAGs
[2025-02-23T10:33:39.609+0000] {logging_mixin.py:190} INFO - [2025-02-23T10:33:39.608+0000] {dag.py:4180} INFO - Setting next_dagrun for example_branch_operator to 2025-02-22 00:00:00+00:00, run_after=2025-02-23 00:00:00+00:00
[2025-02-23T10:33:39.625+0000] {processor.py:208} INFO - Processing /home/airflow/.local/lib/python3.12/site-packages/airflow/example_dags/example_branch_operator.py took 0.084 seconds
