[2025-02-23T10:31:39.560+0000] {processor.py:186} INFO - Started process (PID=421) to work on /home/airflow/.local/lib/python3.12/site-packages/airflow/example_dags/example_setup_teardown_taskflow.py
[2025-02-23T10:31:39.562+0000] {processor.py:914} INFO - Processing file /home/airflow/.local/lib/python3.12/site-packages/airflow/example_dags/example_setup_teardown_taskflow.py for tasks to queue
[2025-02-23T10:31:39.569+0000] {logging_mixin.py:190} INFO - [2025-02-23T10:31:39.568+0000] {dagbag.py:588} INFO - Filling up the DagBag from /home/airflow/.local/lib/python3.12/site-packages/airflow/example_dags/example_setup_teardown_taskflow.py
[2025-02-23T10:31:39.581+0000] {processor.py:925} INFO - DAG(s) 'example_setup_teardown_taskflow' retrieved from /home/airflow/.local/lib/python3.12/site-packages/airflow/example_dags/example_setup_teardown_taskflow.py
[2025-02-23T10:31:39.666+0000] {logging_mixin.py:190} INFO - [2025-02-23T10:31:39.665+0000] {override.py:1912} INFO - Created Permission View: can read on DAG:example_setup_teardown_taskflow
[2025-02-23T10:31:39.677+0000] {logging_mixin.py:190} INFO - [2025-02-23T10:31:39.676+0000] {override.py:1912} INFO - Created Permission View: can delete on DAG:example_setup_teardown_taskflow
[2025-02-23T10:31:39.684+0000] {logging_mixin.py:190} INFO - [2025-02-23T10:31:39.683+0000] {override.py:1912} INFO - Created Permission View: can edit on DAG:example_setup_teardown_taskflow
[2025-02-23T10:31:39.691+0000] {logging_mixin.py:190} INFO - [2025-02-23T10:31:39.691+0000] {override.py:1912} INFO - Created Permission View: can read on DAG Run:example_setup_teardown_taskflow
[2025-02-23T10:31:39.699+0000] {logging_mixin.py:190} INFO - [2025-02-23T10:31:39.699+0000] {override.py:1912} INFO - Created Permission View: can create on DAG Run:example_setup_teardown_taskflow
[2025-02-23T10:31:39.705+0000] {logging_mixin.py:190} INFO - [2025-02-23T10:31:39.705+0000] {override.py:1912} INFO - Created Permission View: menu access on DAG Run:example_setup_teardown_taskflow
[2025-02-23T10:31:39.712+0000] {logging_mixin.py:190} INFO - [2025-02-23T10:31:39.712+0000] {override.py:1912} INFO - Created Permission View: can delete on DAG Run:example_setup_teardown_taskflow
[2025-02-23T10:31:39.713+0000] {logging_mixin.py:190} INFO - [2025-02-23T10:31:39.712+0000] {dag.py:3239} INFO - Sync 1 DAGs
[2025-02-23T10:31:39.723+0000] {logging_mixin.py:190} INFO - [2025-02-23T10:31:39.723+0000] {dag.py:3262} INFO - Creating ORM DAG for example_setup_teardown_taskflow
[2025-02-23T10:31:39.724+0000] {logging_mixin.py:190} INFO - [2025-02-23T10:31:39.724+0000] {dag.py:4180} INFO - Setting next_dagrun for example_setup_teardown_taskflow to None, run_after=None
[2025-02-23T10:31:39.738+0000] {processor.py:208} INFO - Processing /home/airflow/.local/lib/python3.12/site-packages/airflow/example_dags/example_setup_teardown_taskflow.py took 0.183 seconds
[2025-02-23T10:32:10.452+0000] {processor.py:186} INFO - Started process (PID=712) to work on /home/airflow/.local/lib/python3.12/site-packages/airflow/example_dags/example_setup_teardown_taskflow.py
[2025-02-23T10:32:10.453+0000] {processor.py:914} INFO - Processing file /home/airflow/.local/lib/python3.12/site-packages/airflow/example_dags/example_setup_teardown_taskflow.py for tasks to queue
[2025-02-23T10:32:10.456+0000] {logging_mixin.py:190} INFO - [2025-02-23T10:32:10.455+0000] {dagbag.py:588} INFO - Filling up the DagBag from /home/airflow/.local/lib/python3.12/site-packages/airflow/example_dags/example_setup_teardown_taskflow.py
[2025-02-23T10:32:10.464+0000] {processor.py:925} INFO - DAG(s) 'example_setup_teardown_taskflow' retrieved from /home/airflow/.local/lib/python3.12/site-packages/airflow/example_dags/example_setup_teardown_taskflow.py
[2025-02-23T10:32:10.482+0000] {logging_mixin.py:190} INFO - [2025-02-23T10:32:10.481+0000] {dag.py:3239} INFO - Sync 1 DAGs
[2025-02-23T10:32:10.493+0000] {logging_mixin.py:190} INFO - [2025-02-23T10:32:10.493+0000] {dag.py:4180} INFO - Setting next_dagrun for example_setup_teardown_taskflow to None, run_after=None
[2025-02-23T10:32:10.509+0000] {processor.py:208} INFO - Processing /home/airflow/.local/lib/python3.12/site-packages/airflow/example_dags/example_setup_teardown_taskflow.py took 0.062 seconds
[2025-02-23T10:32:41.091+0000] {processor.py:186} INFO - Started process (PID=1003) to work on /home/airflow/.local/lib/python3.12/site-packages/airflow/example_dags/example_setup_teardown_taskflow.py
[2025-02-23T10:32:41.093+0000] {processor.py:914} INFO - Processing file /home/airflow/.local/lib/python3.12/site-packages/airflow/example_dags/example_setup_teardown_taskflow.py for tasks to queue
[2025-02-23T10:32:41.095+0000] {logging_mixin.py:190} INFO - [2025-02-23T10:32:41.094+0000] {dagbag.py:588} INFO - Filling up the DagBag from /home/airflow/.local/lib/python3.12/site-packages/airflow/example_dags/example_setup_teardown_taskflow.py
[2025-02-23T10:32:41.104+0000] {processor.py:925} INFO - DAG(s) 'example_setup_teardown_taskflow' retrieved from /home/airflow/.local/lib/python3.12/site-packages/airflow/example_dags/example_setup_teardown_taskflow.py
[2025-02-23T10:32:41.121+0000] {logging_mixin.py:190} INFO - [2025-02-23T10:32:41.121+0000] {dag.py:3239} INFO - Sync 1 DAGs
[2025-02-23T10:32:41.133+0000] {logging_mixin.py:190} INFO - [2025-02-23T10:32:41.133+0000] {dag.py:4180} INFO - Setting next_dagrun for example_setup_teardown_taskflow to None, run_after=None
[2025-02-23T10:32:41.150+0000] {processor.py:208} INFO - Processing /home/airflow/.local/lib/python3.12/site-packages/airflow/example_dags/example_setup_teardown_taskflow.py took 0.064 seconds
[2025-02-23T10:33:11.461+0000] {processor.py:186} INFO - Started process (PID=1289) to work on /home/airflow/.local/lib/python3.12/site-packages/airflow/example_dags/example_setup_teardown_taskflow.py
[2025-02-23T10:33:11.462+0000] {processor.py:914} INFO - Processing file /home/airflow/.local/lib/python3.12/site-packages/airflow/example_dags/example_setup_teardown_taskflow.py for tasks to queue
[2025-02-23T10:33:11.464+0000] {logging_mixin.py:190} INFO - [2025-02-23T10:33:11.464+0000] {dagbag.py:588} INFO - Filling up the DagBag from /home/airflow/.local/lib/python3.12/site-packages/airflow/example_dags/example_setup_teardown_taskflow.py
[2025-02-23T10:33:11.473+0000] {processor.py:925} INFO - DAG(s) 'example_setup_teardown_taskflow' retrieved from /home/airflow/.local/lib/python3.12/site-packages/airflow/example_dags/example_setup_teardown_taskflow.py
[2025-02-23T10:33:11.494+0000] {logging_mixin.py:190} INFO - [2025-02-23T10:33:11.494+0000] {dag.py:3239} INFO - Sync 1 DAGs
[2025-02-23T10:33:11.507+0000] {logging_mixin.py:190} INFO - [2025-02-23T10:33:11.507+0000] {dag.py:4180} INFO - Setting next_dagrun for example_setup_teardown_taskflow to None, run_after=None
[2025-02-23T10:33:11.524+0000] {processor.py:208} INFO - Processing /home/airflow/.local/lib/python3.12/site-packages/airflow/example_dags/example_setup_teardown_taskflow.py took 0.068 seconds
[2025-02-23T10:33:42.131+0000] {processor.py:186} INFO - Started process (PID=1582) to work on /home/airflow/.local/lib/python3.12/site-packages/airflow/example_dags/example_setup_teardown_taskflow.py
[2025-02-23T10:33:42.132+0000] {processor.py:914} INFO - Processing file /home/airflow/.local/lib/python3.12/site-packages/airflow/example_dags/example_setup_teardown_taskflow.py for tasks to queue
[2025-02-23T10:33:42.134+0000] {logging_mixin.py:190} INFO - [2025-02-23T10:33:42.134+0000] {dagbag.py:588} INFO - Filling up the DagBag from /home/airflow/.local/lib/python3.12/site-packages/airflow/example_dags/example_setup_teardown_taskflow.py
[2025-02-23T10:33:42.143+0000] {processor.py:925} INFO - DAG(s) 'example_setup_teardown_taskflow' retrieved from /home/airflow/.local/lib/python3.12/site-packages/airflow/example_dags/example_setup_teardown_taskflow.py
[2025-02-23T10:33:42.161+0000] {logging_mixin.py:190} INFO - [2025-02-23T10:33:42.161+0000] {dag.py:3239} INFO - Sync 1 DAGs
[2025-02-23T10:33:42.173+0000] {logging_mixin.py:190} INFO - [2025-02-23T10:33:42.172+0000] {dag.py:4180} INFO - Setting next_dagrun for example_setup_teardown_taskflow to None, run_after=None
[2025-02-23T10:33:42.188+0000] {processor.py:208} INFO - Processing /home/airflow/.local/lib/python3.12/site-packages/airflow/example_dags/example_setup_teardown_taskflow.py took 0.062 seconds
