[2025-02-23T10:31:31.990+0000] {processor.py:186} INFO - Started process (PID=215) to work on /home/airflow/.local/lib/python3.12/site-packages/airflow/example_dags/example_python_operator.py
[2025-02-23T10:31:31.992+0000] {processor.py:914} INFO - Processing file /home/airflow/.local/lib/python3.12/site-packages/airflow/example_dags/example_python_operator.py for tasks to queue
[2025-02-23T10:31:31.994+0000] {logging_mixin.py:190} INFO - [2025-02-23T10:31:31.994+0000] {dagbag.py:588} INFO - Filling up the DagBag from /home/airflow/.local/lib/python3.12/site-packages/airflow/example_dags/example_python_operator.py
[2025-02-23T10:31:32.010+0000] {processor.py:925} INFO - DAG(s) 'example_python_operator' retrieved from /home/airflow/.local/lib/python3.12/site-packages/airflow/example_dags/example_python_operator.py
[2025-02-23T10:31:32.104+0000] {logging_mixin.py:190} INFO - [2025-02-23T10:31:32.104+0000] {override.py:1912} INFO - Created Permission View: can read on DAG:example_python_operator
[2025-02-23T10:31:32.115+0000] {logging_mixin.py:190} INFO - [2025-02-23T10:31:32.115+0000] {override.py:1912} INFO - Created Permission View: can delete on DAG:example_python_operator
[2025-02-23T10:31:32.123+0000] {logging_mixin.py:190} INFO - [2025-02-23T10:31:32.122+0000] {override.py:1912} INFO - Created Permission View: can edit on DAG:example_python_operator
[2025-02-23T10:31:32.130+0000] {logging_mixin.py:190} INFO - [2025-02-23T10:31:32.130+0000] {override.py:1912} INFO - Created Permission View: can read on DAG Run:example_python_operator
[2025-02-23T10:31:32.137+0000] {logging_mixin.py:190} INFO - [2025-02-23T10:31:32.137+0000] {override.py:1912} INFO - Created Permission View: can create on DAG Run:example_python_operator
[2025-02-23T10:31:32.145+0000] {logging_mixin.py:190} INFO - [2025-02-23T10:31:32.144+0000] {override.py:1912} INFO - Created Permission View: menu access on DAG Run:example_python_operator
[2025-02-23T10:31:32.151+0000] {logging_mixin.py:190} INFO - [2025-02-23T10:31:32.151+0000] {override.py:1912} INFO - Created Permission View: can delete on DAG Run:example_python_operator
[2025-02-23T10:31:32.152+0000] {logging_mixin.py:190} INFO - [2025-02-23T10:31:32.152+0000] {dag.py:3239} INFO - Sync 1 DAGs
[2025-02-23T10:31:32.164+0000] {logging_mixin.py:190} INFO - [2025-02-23T10:31:32.163+0000] {dag.py:3262} INFO - Creating ORM DAG for example_python_operator
[2025-02-23T10:31:32.165+0000] {logging_mixin.py:190} INFO - [2025-02-23T10:31:32.165+0000] {dag.py:4180} INFO - Setting next_dagrun for example_python_operator to None, run_after=None
[2025-02-23T10:31:32.180+0000] {processor.py:208} INFO - Processing /home/airflow/.local/lib/python3.12/site-packages/airflow/example_dags/example_python_operator.py took 0.197 seconds
[2025-02-23T10:32:02.935+0000] {processor.py:186} INFO - Started process (PID=506) to work on /home/airflow/.local/lib/python3.12/site-packages/airflow/example_dags/example_python_operator.py
[2025-02-23T10:32:02.936+0000] {processor.py:914} INFO - Processing file /home/airflow/.local/lib/python3.12/site-packages/airflow/example_dags/example_python_operator.py for tasks to queue
[2025-02-23T10:32:02.939+0000] {logging_mixin.py:190} INFO - [2025-02-23T10:32:02.938+0000] {dagbag.py:588} INFO - Filling up the DagBag from /home/airflow/.local/lib/python3.12/site-packages/airflow/example_dags/example_python_operator.py
[2025-02-23T10:32:02.949+0000] {processor.py:925} INFO - DAG(s) 'example_python_operator' retrieved from /home/airflow/.local/lib/python3.12/site-packages/airflow/example_dags/example_python_operator.py
[2025-02-23T10:32:02.971+0000] {logging_mixin.py:190} INFO - [2025-02-23T10:32:02.971+0000] {dag.py:3239} INFO - Sync 1 DAGs
[2025-02-23T10:32:02.989+0000] {logging_mixin.py:190} INFO - [2025-02-23T10:32:02.989+0000] {dag.py:4180} INFO - Setting next_dagrun for example_python_operator to None, run_after=None
[2025-02-23T10:32:03.006+0000] {processor.py:208} INFO - Processing /home/airflow/.local/lib/python3.12/site-packages/airflow/example_dags/example_python_operator.py took 0.076 seconds
[2025-02-23T10:32:33.657+0000] {processor.py:186} INFO - Started process (PID=805) to work on /home/airflow/.local/lib/python3.12/site-packages/airflow/example_dags/example_python_operator.py
[2025-02-23T10:32:33.659+0000] {processor.py:914} INFO - Processing file /home/airflow/.local/lib/python3.12/site-packages/airflow/example_dags/example_python_operator.py for tasks to queue
[2025-02-23T10:32:33.661+0000] {logging_mixin.py:190} INFO - [2025-02-23T10:32:33.661+0000] {dagbag.py:588} INFO - Filling up the DagBag from /home/airflow/.local/lib/python3.12/site-packages/airflow/example_dags/example_python_operator.py
[2025-02-23T10:32:33.672+0000] {processor.py:925} INFO - DAG(s) 'example_python_operator' retrieved from /home/airflow/.local/lib/python3.12/site-packages/airflow/example_dags/example_python_operator.py
[2025-02-23T10:32:33.692+0000] {logging_mixin.py:190} INFO - [2025-02-23T10:32:33.692+0000] {dag.py:3239} INFO - Sync 1 DAGs
[2025-02-23T10:32:33.704+0000] {logging_mixin.py:190} INFO - [2025-02-23T10:32:33.704+0000] {dag.py:4180} INFO - Setting next_dagrun for example_python_operator to None, run_after=None
[2025-02-23T10:32:33.721+0000] {processor.py:208} INFO - Processing /home/airflow/.local/lib/python3.12/site-packages/airflow/example_dags/example_python_operator.py took 0.069 seconds
[2025-02-23T10:33:04.337+0000] {processor.py:186} INFO - Started process (PID=1096) to work on /home/airflow/.local/lib/python3.12/site-packages/airflow/example_dags/example_python_operator.py
[2025-02-23T10:33:04.338+0000] {processor.py:914} INFO - Processing file /home/airflow/.local/lib/python3.12/site-packages/airflow/example_dags/example_python_operator.py for tasks to queue
[2025-02-23T10:33:04.340+0000] {logging_mixin.py:190} INFO - [2025-02-23T10:33:04.340+0000] {dagbag.py:588} INFO - Filling up the DagBag from /home/airflow/.local/lib/python3.12/site-packages/airflow/example_dags/example_python_operator.py
[2025-02-23T10:33:04.351+0000] {processor.py:925} INFO - DAG(s) 'example_python_operator' retrieved from /home/airflow/.local/lib/python3.12/site-packages/airflow/example_dags/example_python_operator.py
[2025-02-23T10:33:04.372+0000] {logging_mixin.py:190} INFO - [2025-02-23T10:33:04.371+0000] {dag.py:3239} INFO - Sync 1 DAGs
[2025-02-23T10:33:04.384+0000] {logging_mixin.py:190} INFO - [2025-02-23T10:33:04.384+0000] {dag.py:4180} INFO - Setting next_dagrun for example_python_operator to None, run_after=None
[2025-02-23T10:33:04.401+0000] {processor.py:208} INFO - Processing /home/airflow/.local/lib/python3.12/site-packages/airflow/example_dags/example_python_operator.py took 0.070 seconds
[2025-02-23T10:33:34.907+0000] {processor.py:186} INFO - Started process (PID=1387) to work on /home/airflow/.local/lib/python3.12/site-packages/airflow/example_dags/example_python_operator.py
[2025-02-23T10:33:34.908+0000] {processor.py:914} INFO - Processing file /home/airflow/.local/lib/python3.12/site-packages/airflow/example_dags/example_python_operator.py for tasks to queue
[2025-02-23T10:33:34.910+0000] {logging_mixin.py:190} INFO - [2025-02-23T10:33:34.910+0000] {dagbag.py:588} INFO - Filling up the DagBag from /home/airflow/.local/lib/python3.12/site-packages/airflow/example_dags/example_python_operator.py
[2025-02-23T10:33:34.920+0000] {processor.py:925} INFO - DAG(s) 'example_python_operator' retrieved from /home/airflow/.local/lib/python3.12/site-packages/airflow/example_dags/example_python_operator.py
[2025-02-23T10:33:34.941+0000] {logging_mixin.py:190} INFO - [2025-02-23T10:33:34.940+0000] {dag.py:3239} INFO - Sync 1 DAGs
[2025-02-23T10:33:34.952+0000] {logging_mixin.py:190} INFO - [2025-02-23T10:33:34.952+0000] {dag.py:4180} INFO - Setting next_dagrun for example_python_operator to None, run_after=None
[2025-02-23T10:33:34.971+0000] {processor.py:208} INFO - Processing /home/airflow/.local/lib/python3.12/site-packages/airflow/example_dags/example_python_operator.py took 0.069 seconds
