[2025-02-23T10:31:37.231+0000] {processor.py:186} INFO - Started process (PID=341) to work on /home/airflow/.local/lib/python3.12/site-packages/airflow/example_dags/example_skip_dag.py
[2025-02-23T10:31:37.232+0000] {processor.py:914} INFO - Processing file /home/airflow/.local/lib/python3.12/site-packages/airflow/example_dags/example_skip_dag.py for tasks to queue
[2025-02-23T10:31:37.235+0000] {logging_mixin.py:190} INFO - [2025-02-23T10:31:37.235+0000] {dagbag.py:588} INFO - Filling up the DagBag from /home/airflow/.local/lib/python3.12/site-packages/airflow/example_dags/example_skip_dag.py
[2025-02-23T10:31:37.243+0000] {processor.py:925} INFO - DAG(s) 'example_skip_dag' retrieved from /home/airflow/.local/lib/python3.12/site-packages/airflow/example_dags/example_skip_dag.py
[2025-02-23T10:31:37.334+0000] {logging_mixin.py:190} INFO - [2025-02-23T10:31:37.334+0000] {override.py:1912} INFO - Created Permission View: can read on DAG:example_skip_dag
[2025-02-23T10:31:37.343+0000] {logging_mixin.py:190} INFO - [2025-02-23T10:31:37.342+0000] {override.py:1912} INFO - Created Permission View: can delete on DAG:example_skip_dag
[2025-02-23T10:31:37.348+0000] {logging_mixin.py:190} INFO - [2025-02-23T10:31:37.348+0000] {override.py:1912} INFO - Created Permission View: can edit on DAG:example_skip_dag
[2025-02-23T10:31:37.354+0000] {logging_mixin.py:190} INFO - [2025-02-23T10:31:37.353+0000] {override.py:1912} INFO - Created Permission View: can read on DAG Run:example_skip_dag
[2025-02-23T10:31:37.359+0000] {logging_mixin.py:190} INFO - [2025-02-23T10:31:37.359+0000] {override.py:1912} INFO - Created Permission View: can create on DAG Run:example_skip_dag
[2025-02-23T10:31:37.365+0000] {logging_mixin.py:190} INFO - [2025-02-23T10:31:37.365+0000] {override.py:1912} INFO - Created Permission View: menu access on DAG Run:example_skip_dag
[2025-02-23T10:31:37.370+0000] {logging_mixin.py:190} INFO - [2025-02-23T10:31:37.370+0000] {override.py:1912} INFO - Created Permission View: can delete on DAG Run:example_skip_dag
[2025-02-23T10:31:37.371+0000] {logging_mixin.py:190} INFO - [2025-02-23T10:31:37.371+0000] {dag.py:3239} INFO - Sync 1 DAGs
[2025-02-23T10:31:37.383+0000] {logging_mixin.py:190} INFO - [2025-02-23T10:31:37.382+0000] {dag.py:3262} INFO - Creating ORM DAG for example_skip_dag
[2025-02-23T10:31:37.390+0000] {logging_mixin.py:190} INFO - [2025-02-23T10:31:37.390+0000] {dag.py:4180} INFO - Setting next_dagrun for example_skip_dag to 2025-02-22 00:00:00+00:00, run_after=2025-02-23 00:00:00+00:00
[2025-02-23T10:31:37.403+0000] {processor.py:208} INFO - Processing /home/airflow/.local/lib/python3.12/site-packages/airflow/example_dags/example_skip_dag.py took 0.177 seconds
[2025-02-23T10:32:08.083+0000] {processor.py:186} INFO - Started process (PID=627) to work on /home/airflow/.local/lib/python3.12/site-packages/airflow/example_dags/example_skip_dag.py
[2025-02-23T10:32:08.085+0000] {processor.py:914} INFO - Processing file /home/airflow/.local/lib/python3.12/site-packages/airflow/example_dags/example_skip_dag.py for tasks to queue
[2025-02-23T10:32:08.088+0000] {logging_mixin.py:190} INFO - [2025-02-23T10:32:08.087+0000] {dagbag.py:588} INFO - Filling up the DagBag from /home/airflow/.local/lib/python3.12/site-packages/airflow/example_dags/example_skip_dag.py
[2025-02-23T10:32:08.095+0000] {processor.py:925} INFO - DAG(s) 'example_skip_dag' retrieved from /home/airflow/.local/lib/python3.12/site-packages/airflow/example_dags/example_skip_dag.py
[2025-02-23T10:32:08.114+0000] {logging_mixin.py:190} INFO - [2025-02-23T10:32:08.113+0000] {dag.py:3239} INFO - Sync 1 DAGs
[2025-02-23T10:32:08.139+0000] {logging_mixin.py:190} INFO - [2025-02-23T10:32:08.139+0000] {dag.py:4180} INFO - Setting next_dagrun for example_skip_dag to 2025-02-22 00:00:00+00:00, run_after=2025-02-23 00:00:00+00:00
[2025-02-23T10:32:08.166+0000] {processor.py:208} INFO - Processing /home/airflow/.local/lib/python3.12/site-packages/airflow/example_dags/example_skip_dag.py took 0.088 seconds
[2025-02-23T10:32:38.679+0000] {processor.py:186} INFO - Started process (PID=918) to work on /home/airflow/.local/lib/python3.12/site-packages/airflow/example_dags/example_skip_dag.py
[2025-02-23T10:32:38.680+0000] {processor.py:914} INFO - Processing file /home/airflow/.local/lib/python3.12/site-packages/airflow/example_dags/example_skip_dag.py for tasks to queue
[2025-02-23T10:32:38.683+0000] {logging_mixin.py:190} INFO - [2025-02-23T10:32:38.683+0000] {dagbag.py:588} INFO - Filling up the DagBag from /home/airflow/.local/lib/python3.12/site-packages/airflow/example_dags/example_skip_dag.py
[2025-02-23T10:32:38.691+0000] {processor.py:925} INFO - DAG(s) 'example_skip_dag' retrieved from /home/airflow/.local/lib/python3.12/site-packages/airflow/example_dags/example_skip_dag.py
[2025-02-23T10:32:38.712+0000] {logging_mixin.py:190} INFO - [2025-02-23T10:32:38.712+0000] {dag.py:3239} INFO - Sync 1 DAGs
[2025-02-23T10:32:38.735+0000] {logging_mixin.py:190} INFO - [2025-02-23T10:32:38.735+0000] {dag.py:4180} INFO - Setting next_dagrun for example_skip_dag to 2025-02-22 00:00:00+00:00, run_after=2025-02-23 00:00:00+00:00
[2025-02-23T10:32:38.753+0000] {processor.py:208} INFO - Processing /home/airflow/.local/lib/python3.12/site-packages/airflow/example_dags/example_skip_dag.py took 0.080 seconds
[2025-02-23T10:33:09.343+0000] {processor.py:186} INFO - Started process (PID=1209) to work on /home/airflow/.local/lib/python3.12/site-packages/airflow/example_dags/example_skip_dag.py
[2025-02-23T10:33:09.344+0000] {processor.py:914} INFO - Processing file /home/airflow/.local/lib/python3.12/site-packages/airflow/example_dags/example_skip_dag.py for tasks to queue
[2025-02-23T10:33:09.347+0000] {logging_mixin.py:190} INFO - [2025-02-23T10:33:09.346+0000] {dagbag.py:588} INFO - Filling up the DagBag from /home/airflow/.local/lib/python3.12/site-packages/airflow/example_dags/example_skip_dag.py
[2025-02-23T10:33:09.354+0000] {processor.py:925} INFO - DAG(s) 'example_skip_dag' retrieved from /home/airflow/.local/lib/python3.12/site-packages/airflow/example_dags/example_skip_dag.py
[2025-02-23T10:33:09.375+0000] {logging_mixin.py:190} INFO - [2025-02-23T10:33:09.375+0000] {dag.py:3239} INFO - Sync 1 DAGs
[2025-02-23T10:33:09.400+0000] {logging_mixin.py:190} INFO - [2025-02-23T10:33:09.400+0000] {dag.py:4180} INFO - Setting next_dagrun for example_skip_dag to 2025-02-22 00:00:00+00:00, run_after=2025-02-23 00:00:00+00:00
[2025-02-23T10:33:09.417+0000] {processor.py:208} INFO - Processing /home/airflow/.local/lib/python3.12/site-packages/airflow/example_dags/example_skip_dag.py took 0.079 seconds
[2025-02-23T10:33:39.953+0000] {processor.py:186} INFO - Started process (PID=1500) to work on /home/airflow/.local/lib/python3.12/site-packages/airflow/example_dags/example_skip_dag.py
[2025-02-23T10:33:39.954+0000] {processor.py:914} INFO - Processing file /home/airflow/.local/lib/python3.12/site-packages/airflow/example_dags/example_skip_dag.py for tasks to queue
[2025-02-23T10:33:39.956+0000] {logging_mixin.py:190} INFO - [2025-02-23T10:33:39.956+0000] {dagbag.py:588} INFO - Filling up the DagBag from /home/airflow/.local/lib/python3.12/site-packages/airflow/example_dags/example_skip_dag.py
[2025-02-23T10:33:39.964+0000] {processor.py:925} INFO - DAG(s) 'example_skip_dag' retrieved from /home/airflow/.local/lib/python3.12/site-packages/airflow/example_dags/example_skip_dag.py
[2025-02-23T10:33:39.984+0000] {logging_mixin.py:190} INFO - [2025-02-23T10:33:39.984+0000] {dag.py:3239} INFO - Sync 1 DAGs
[2025-02-23T10:33:40.005+0000] {logging_mixin.py:190} INFO - [2025-02-23T10:33:40.005+0000] {dag.py:4180} INFO - Setting next_dagrun for example_skip_dag to 2025-02-22 00:00:00+00:00, run_after=2025-02-23 00:00:00+00:00
[2025-02-23T10:33:40.022+0000] {processor.py:208} INFO - Processing /home/airflow/.local/lib/python3.12/site-packages/airflow/example_dags/example_skip_dag.py took 0.074 seconds
