[2025-02-23T10:31:39.983+0000] {processor.py:186} INFO - Started process (PID=441) to work on /home/airflow/.local/lib/python3.12/site-packages/airflow/example_dags/example_task_group.py
[2025-02-23T10:31:39.984+0000] {processor.py:914} INFO - Processing file /home/airflow/.local/lib/python3.12/site-packages/airflow/example_dags/example_task_group.py for tasks to queue
[2025-02-23T10:31:39.987+0000] {logging_mixin.py:190} INFO - [2025-02-23T10:31:39.986+0000] {dagbag.py:588} INFO - Filling up the DagBag from /home/airflow/.local/lib/python3.12/site-packages/airflow/example_dags/example_task_group.py
[2025-02-23T10:31:39.996+0000] {processor.py:925} INFO - DAG(s) 'example_task_group' retrieved from /home/airflow/.local/lib/python3.12/site-packages/airflow/example_dags/example_task_group.py
[2025-02-23T10:31:40.084+0000] {logging_mixin.py:190} INFO - [2025-02-23T10:31:40.083+0000] {override.py:1912} INFO - Created Permission View: can read on DAG:example_task_group
[2025-02-23T10:31:40.094+0000] {logging_mixin.py:190} INFO - [2025-02-23T10:31:40.094+0000] {override.py:1912} INFO - Created Permission View: can delete on DAG:example_task_group
[2025-02-23T10:31:40.102+0000] {logging_mixin.py:190} INFO - [2025-02-23T10:31:40.101+0000] {override.py:1912} INFO - Created Permission View: can edit on DAG:example_task_group
[2025-02-23T10:31:40.109+0000] {logging_mixin.py:190} INFO - [2025-02-23T10:31:40.109+0000] {override.py:1912} INFO - Created Permission View: can read on DAG Run:example_task_group
[2025-02-23T10:31:40.116+0000] {logging_mixin.py:190} INFO - [2025-02-23T10:31:40.116+0000] {override.py:1912} INFO - Created Permission View: can create on DAG Run:example_task_group
[2025-02-23T10:31:40.122+0000] {logging_mixin.py:190} INFO - [2025-02-23T10:31:40.121+0000] {override.py:1912} INFO - Created Permission View: menu access on DAG Run:example_task_group
[2025-02-23T10:31:40.127+0000] {logging_mixin.py:190} INFO - [2025-02-23T10:31:40.127+0000] {override.py:1912} INFO - Created Permission View: can delete on DAG Run:example_task_group
[2025-02-23T10:31:40.128+0000] {logging_mixin.py:190} INFO - [2025-02-23T10:31:40.128+0000] {dag.py:3239} INFO - Sync 1 DAGs
[2025-02-23T10:31:40.138+0000] {logging_mixin.py:190} INFO - [2025-02-23T10:31:40.138+0000] {dag.py:3262} INFO - Creating ORM DAG for example_task_group
[2025-02-23T10:31:40.139+0000] {logging_mixin.py:190} INFO - [2025-02-23T10:31:40.139+0000] {dag.py:4180} INFO - Setting next_dagrun for example_task_group to None, run_after=None
[2025-02-23T10:31:40.154+0000] {processor.py:208} INFO - Processing /home/airflow/.local/lib/python3.12/site-packages/airflow/example_dags/example_task_group.py took 0.177 seconds
[2025-02-23T10:32:10.750+0000] {processor.py:186} INFO - Started process (PID=732) to work on /home/airflow/.local/lib/python3.12/site-packages/airflow/example_dags/example_task_group.py
[2025-02-23T10:32:10.751+0000] {processor.py:914} INFO - Processing file /home/airflow/.local/lib/python3.12/site-packages/airflow/example_dags/example_task_group.py for tasks to queue
[2025-02-23T10:32:10.753+0000] {logging_mixin.py:190} INFO - [2025-02-23T10:32:10.752+0000] {dagbag.py:588} INFO - Filling up the DagBag from /home/airflow/.local/lib/python3.12/site-packages/airflow/example_dags/example_task_group.py
[2025-02-23T10:32:10.760+0000] {processor.py:925} INFO - DAG(s) 'example_task_group' retrieved from /home/airflow/.local/lib/python3.12/site-packages/airflow/example_dags/example_task_group.py
[2025-02-23T10:32:10.779+0000] {logging_mixin.py:190} INFO - [2025-02-23T10:32:10.779+0000] {dag.py:3239} INFO - Sync 1 DAGs
[2025-02-23T10:32:10.792+0000] {logging_mixin.py:190} INFO - [2025-02-23T10:32:10.791+0000] {dag.py:4180} INFO - Setting next_dagrun for example_task_group to None, run_after=None
[2025-02-23T10:32:10.814+0000] {processor.py:208} INFO - Processing /home/airflow/.local/lib/python3.12/site-packages/airflow/example_dags/example_task_group.py took 0.070 seconds
[2025-02-23T10:32:41.414+0000] {processor.py:186} INFO - Started process (PID=1023) to work on /home/airflow/.local/lib/python3.12/site-packages/airflow/example_dags/example_task_group.py
[2025-02-23T10:32:41.415+0000] {processor.py:914} INFO - Processing file /home/airflow/.local/lib/python3.12/site-packages/airflow/example_dags/example_task_group.py for tasks to queue
[2025-02-23T10:32:41.421+0000] {logging_mixin.py:190} INFO - [2025-02-23T10:32:41.420+0000] {dagbag.py:588} INFO - Filling up the DagBag from /home/airflow/.local/lib/python3.12/site-packages/airflow/example_dags/example_task_group.py
[2025-02-23T10:32:41.431+0000] {processor.py:925} INFO - DAG(s) 'example_task_group' retrieved from /home/airflow/.local/lib/python3.12/site-packages/airflow/example_dags/example_task_group.py
[2025-02-23T10:32:41.451+0000] {logging_mixin.py:190} INFO - [2025-02-23T10:32:41.451+0000] {dag.py:3239} INFO - Sync 1 DAGs
[2025-02-23T10:32:41.465+0000] {logging_mixin.py:190} INFO - [2025-02-23T10:32:41.465+0000] {dag.py:4180} INFO - Setting next_dagrun for example_task_group to None, run_after=None
[2025-02-23T10:32:41.484+0000] {processor.py:208} INFO - Processing /home/airflow/.local/lib/python3.12/site-packages/airflow/example_dags/example_task_group.py took 0.076 seconds
[2025-02-23T10:33:11.854+0000] {processor.py:186} INFO - Started process (PID=1314) to work on /home/airflow/.local/lib/python3.12/site-packages/airflow/example_dags/example_task_group.py
[2025-02-23T10:33:11.855+0000] {processor.py:914} INFO - Processing file /home/airflow/.local/lib/python3.12/site-packages/airflow/example_dags/example_task_group.py for tasks to queue
[2025-02-23T10:33:11.858+0000] {logging_mixin.py:190} INFO - [2025-02-23T10:33:11.857+0000] {dagbag.py:588} INFO - Filling up the DagBag from /home/airflow/.local/lib/python3.12/site-packages/airflow/example_dags/example_task_group.py
[2025-02-23T10:33:11.865+0000] {processor.py:925} INFO - DAG(s) 'example_task_group' retrieved from /home/airflow/.local/lib/python3.12/site-packages/airflow/example_dags/example_task_group.py
[2025-02-23T10:33:11.886+0000] {logging_mixin.py:190} INFO - [2025-02-23T10:33:11.885+0000] {dag.py:3239} INFO - Sync 1 DAGs
[2025-02-23T10:33:11.898+0000] {logging_mixin.py:190} INFO - [2025-02-23T10:33:11.897+0000] {dag.py:4180} INFO - Setting next_dagrun for example_task_group to None, run_after=None
[2025-02-23T10:33:11.914+0000] {processor.py:208} INFO - Processing /home/airflow/.local/lib/python3.12/site-packages/airflow/example_dags/example_task_group.py took 0.065 seconds
[2025-02-23T10:33:42.436+0000] {processor.py:186} INFO - Started process (PID=1605) to work on /home/airflow/.local/lib/python3.12/site-packages/airflow/example_dags/example_task_group.py
[2025-02-23T10:33:42.438+0000] {processor.py:914} INFO - Processing file /home/airflow/.local/lib/python3.12/site-packages/airflow/example_dags/example_task_group.py for tasks to queue
[2025-02-23T10:33:42.440+0000] {logging_mixin.py:190} INFO - [2025-02-23T10:33:42.440+0000] {dagbag.py:588} INFO - Filling up the DagBag from /home/airflow/.local/lib/python3.12/site-packages/airflow/example_dags/example_task_group.py
[2025-02-23T10:33:42.447+0000] {processor.py:925} INFO - DAG(s) 'example_task_group' retrieved from /home/airflow/.local/lib/python3.12/site-packages/airflow/example_dags/example_task_group.py
[2025-02-23T10:33:42.467+0000] {logging_mixin.py:190} INFO - [2025-02-23T10:33:42.467+0000] {dag.py:3239} INFO - Sync 1 DAGs
[2025-02-23T10:33:42.479+0000] {logging_mixin.py:190} INFO - [2025-02-23T10:33:42.479+0000] {dag.py:4180} INFO - Setting next_dagrun for example_task_group to None, run_after=None
[2025-02-23T10:33:42.498+0000] {processor.py:208} INFO - Processing /home/airflow/.local/lib/python3.12/site-packages/airflow/example_dags/example_task_group.py took 0.067 seconds
