[2025-02-23T10:31:36.730+0000] {processor.py:186} INFO - Started process (PID=321) to work on /home/airflow/.local/lib/python3.12/site-packages/airflow/example_dags/tutorial_dag.py
[2025-02-23T10:31:36.731+0000] {processor.py:914} INFO - Processing file /home/airflow/.local/lib/python3.12/site-packages/airflow/example_dags/tutorial_dag.py for tasks to queue
[2025-02-23T10:31:36.733+0000] {logging_mixin.py:190} INFO - [2025-02-23T10:31:36.733+0000] {dagbag.py:588} INFO - Filling up the DagBag from /home/airflow/.local/lib/python3.12/site-packages/airflow/example_dags/tutorial_dag.py
[2025-02-23T10:31:36.741+0000] {processor.py:925} INFO - DAG(s) 'tutorial_dag' retrieved from /home/airflow/.local/lib/python3.12/site-packages/airflow/example_dags/tutorial_dag.py
[2025-02-23T10:31:36.855+0000] {logging_mixin.py:190} INFO - [2025-02-23T10:31:36.854+0000] {override.py:1912} INFO - Created Permission View: can read on DAG:tutorial_dag
[2025-02-23T10:31:36.875+0000] {logging_mixin.py:190} INFO - [2025-02-23T10:31:36.875+0000] {override.py:1912} INFO - Created Permission View: can delete on DAG:tutorial_dag
[2025-02-23T10:31:36.887+0000] {logging_mixin.py:190} INFO - [2025-02-23T10:31:36.886+0000] {override.py:1912} INFO - Created Permission View: can edit on DAG:tutorial_dag
[2025-02-23T10:31:36.896+0000] {logging_mixin.py:190} INFO - [2025-02-23T10:31:36.896+0000] {override.py:1912} INFO - Created Permission View: can read on DAG Run:tutorial_dag
[2025-02-23T10:31:36.905+0000] {logging_mixin.py:190} INFO - [2025-02-23T10:31:36.905+0000] {override.py:1912} INFO - Created Permission View: can create on DAG Run:tutorial_dag
[2025-02-23T10:31:36.914+0000] {logging_mixin.py:190} INFO - [2025-02-23T10:31:36.914+0000] {override.py:1912} INFO - Created Permission View: menu access on DAG Run:tutorial_dag
[2025-02-23T10:31:36.922+0000] {logging_mixin.py:190} INFO - [2025-02-23T10:31:36.922+0000] {override.py:1912} INFO - Created Permission View: can delete on DAG Run:tutorial_dag
[2025-02-23T10:31:36.923+0000] {logging_mixin.py:190} INFO - [2025-02-23T10:31:36.923+0000] {dag.py:3239} INFO - Sync 1 DAGs
[2025-02-23T10:31:36.935+0000] {logging_mixin.py:190} INFO - [2025-02-23T10:31:36.935+0000] {dag.py:3262} INFO - Creating ORM DAG for tutorial_dag
[2025-02-23T10:31:36.936+0000] {logging_mixin.py:190} INFO - [2025-02-23T10:31:36.936+0000] {dag.py:4180} INFO - Setting next_dagrun for tutorial_dag to None, run_after=None
[2025-02-23T10:31:36.952+0000] {processor.py:208} INFO - Processing /home/airflow/.local/lib/python3.12/site-packages/airflow/example_dags/tutorial_dag.py took 0.228 seconds
[2025-02-23T10:32:07.766+0000] {processor.py:186} INFO - Started process (PID=612) to work on /home/airflow/.local/lib/python3.12/site-packages/airflow/example_dags/tutorial_dag.py
[2025-02-23T10:32:07.767+0000] {processor.py:914} INFO - Processing file /home/airflow/.local/lib/python3.12/site-packages/airflow/example_dags/tutorial_dag.py for tasks to queue
[2025-02-23T10:32:07.769+0000] {logging_mixin.py:190} INFO - [2025-02-23T10:32:07.769+0000] {dagbag.py:588} INFO - Filling up the DagBag from /home/airflow/.local/lib/python3.12/site-packages/airflow/example_dags/tutorial_dag.py
[2025-02-23T10:32:07.776+0000] {processor.py:925} INFO - DAG(s) 'tutorial_dag' retrieved from /home/airflow/.local/lib/python3.12/site-packages/airflow/example_dags/tutorial_dag.py
[2025-02-23T10:32:07.794+0000] {logging_mixin.py:190} INFO - [2025-02-23T10:32:07.793+0000] {dag.py:3239} INFO - Sync 1 DAGs
[2025-02-23T10:32:07.806+0000] {logging_mixin.py:190} INFO - [2025-02-23T10:32:07.806+0000] {dag.py:4180} INFO - Setting next_dagrun for tutorial_dag to None, run_after=None
[2025-02-23T10:32:07.822+0000] {processor.py:208} INFO - Processing /home/airflow/.local/lib/python3.12/site-packages/airflow/example_dags/tutorial_dag.py took 0.061 seconds
[2025-02-23T10:32:38.388+0000] {processor.py:186} INFO - Started process (PID=903) to work on /home/airflow/.local/lib/python3.12/site-packages/airflow/example_dags/tutorial_dag.py
[2025-02-23T10:32:38.389+0000] {processor.py:914} INFO - Processing file /home/airflow/.local/lib/python3.12/site-packages/airflow/example_dags/tutorial_dag.py for tasks to queue
[2025-02-23T10:32:38.391+0000] {logging_mixin.py:190} INFO - [2025-02-23T10:32:38.391+0000] {dagbag.py:588} INFO - Filling up the DagBag from /home/airflow/.local/lib/python3.12/site-packages/airflow/example_dags/tutorial_dag.py
[2025-02-23T10:32:38.398+0000] {processor.py:925} INFO - DAG(s) 'tutorial_dag' retrieved from /home/airflow/.local/lib/python3.12/site-packages/airflow/example_dags/tutorial_dag.py
[2025-02-23T10:32:38.417+0000] {logging_mixin.py:190} INFO - [2025-02-23T10:32:38.416+0000] {dag.py:3239} INFO - Sync 1 DAGs
[2025-02-23T10:32:38.432+0000] {logging_mixin.py:190} INFO - [2025-02-23T10:32:38.431+0000] {dag.py:4180} INFO - Setting next_dagrun for tutorial_dag to None, run_after=None
[2025-02-23T10:32:38.452+0000] {processor.py:208} INFO - Processing /home/airflow/.local/lib/python3.12/site-packages/airflow/example_dags/tutorial_dag.py took 0.068 seconds
[2025-02-23T10:33:09.074+0000] {processor.py:186} INFO - Started process (PID=1194) to work on /home/airflow/.local/lib/python3.12/site-packages/airflow/example_dags/tutorial_dag.py
[2025-02-23T10:33:09.075+0000] {processor.py:914} INFO - Processing file /home/airflow/.local/lib/python3.12/site-packages/airflow/example_dags/tutorial_dag.py for tasks to queue
[2025-02-23T10:33:09.078+0000] {logging_mixin.py:190} INFO - [2025-02-23T10:33:09.077+0000] {dagbag.py:588} INFO - Filling up the DagBag from /home/airflow/.local/lib/python3.12/site-packages/airflow/example_dags/tutorial_dag.py
[2025-02-23T10:33:09.084+0000] {processor.py:925} INFO - DAG(s) 'tutorial_dag' retrieved from /home/airflow/.local/lib/python3.12/site-packages/airflow/example_dags/tutorial_dag.py
[2025-02-23T10:33:09.102+0000] {logging_mixin.py:190} INFO - [2025-02-23T10:33:09.102+0000] {dag.py:3239} INFO - Sync 1 DAGs
[2025-02-23T10:33:09.116+0000] {logging_mixin.py:190} INFO - [2025-02-23T10:33:09.115+0000] {dag.py:4180} INFO - Setting next_dagrun for tutorial_dag to None, run_after=None
[2025-02-23T10:33:09.134+0000] {processor.py:208} INFO - Processing /home/airflow/.local/lib/python3.12/site-packages/airflow/example_dags/tutorial_dag.py took 0.065 seconds
[2025-02-23T10:33:39.661+0000] {processor.py:186} INFO - Started process (PID=1485) to work on /home/airflow/.local/lib/python3.12/site-packages/airflow/example_dags/tutorial_dag.py
[2025-02-23T10:33:39.662+0000] {processor.py:914} INFO - Processing file /home/airflow/.local/lib/python3.12/site-packages/airflow/example_dags/tutorial_dag.py for tasks to queue
[2025-02-23T10:33:39.664+0000] {logging_mixin.py:190} INFO - [2025-02-23T10:33:39.664+0000] {dagbag.py:588} INFO - Filling up the DagBag from /home/airflow/.local/lib/python3.12/site-packages/airflow/example_dags/tutorial_dag.py
[2025-02-23T10:33:39.671+0000] {processor.py:925} INFO - DAG(s) 'tutorial_dag' retrieved from /home/airflow/.local/lib/python3.12/site-packages/airflow/example_dags/tutorial_dag.py
[2025-02-23T10:33:39.688+0000] {logging_mixin.py:190} INFO - [2025-02-23T10:33:39.688+0000] {dag.py:3239} INFO - Sync 1 DAGs
[2025-02-23T10:33:39.700+0000] {logging_mixin.py:190} INFO - [2025-02-23T10:33:39.700+0000] {dag.py:4180} INFO - Setting next_dagrun for tutorial_dag to None, run_after=None
[2025-02-23T10:33:39.716+0000] {processor.py:208} INFO - Processing /home/airflow/.local/lib/python3.12/site-packages/airflow/example_dags/tutorial_dag.py took 0.062 seconds
