[2025-02-23T10:31:37.822+0000] {processor.py:186} INFO - Started process (PID=356) to work on /home/airflow/.local/lib/python3.12/site-packages/airflow/example_dags/tutorial_objectstorage.py
[2025-02-23T10:31:37.824+0000] {processor.py:914} INFO - Processing file /home/airflow/.local/lib/python3.12/site-packages/airflow/example_dags/tutorial_objectstorage.py for tasks to queue
[2025-02-23T10:31:37.826+0000] {logging_mixin.py:190} INFO - [2025-02-23T10:31:37.825+0000] {dagbag.py:588} INFO - Filling up the DagBag from /home/airflow/.local/lib/python3.12/site-packages/airflow/example_dags/tutorial_objectstorage.py
[2025-02-23T10:31:37.834+0000] {processor.py:925} INFO - DAG(s) 'tutorial_objectstorage' retrieved from /home/airflow/.local/lib/python3.12/site-packages/airflow/example_dags/tutorial_objectstorage.py
[2025-02-23T10:31:37.922+0000] {logging_mixin.py:190} INFO - [2025-02-23T10:31:37.922+0000] {override.py:1912} INFO - Created Permission View: can read on DAG:tutorial_objectstorage
[2025-02-23T10:31:37.931+0000] {logging_mixin.py:190} INFO - [2025-02-23T10:31:37.931+0000] {override.py:1912} INFO - Created Permission View: can delete on DAG:tutorial_objectstorage
[2025-02-23T10:31:37.937+0000] {logging_mixin.py:190} INFO - [2025-02-23T10:31:37.936+0000] {override.py:1912} INFO - Created Permission View: can edit on DAG:tutorial_objectstorage
[2025-02-23T10:31:37.942+0000] {logging_mixin.py:190} INFO - [2025-02-23T10:31:37.942+0000] {override.py:1912} INFO - Created Permission View: can read on DAG Run:tutorial_objectstorage
[2025-02-23T10:31:37.949+0000] {logging_mixin.py:190} INFO - [2025-02-23T10:31:37.948+0000] {override.py:1912} INFO - Created Permission View: can create on DAG Run:tutorial_objectstorage
[2025-02-23T10:31:37.954+0000] {logging_mixin.py:190} INFO - [2025-02-23T10:31:37.954+0000] {override.py:1912} INFO - Created Permission View: menu access on DAG Run:tutorial_objectstorage
[2025-02-23T10:31:37.959+0000] {logging_mixin.py:190} INFO - [2025-02-23T10:31:37.959+0000] {override.py:1912} INFO - Created Permission View: can delete on DAG Run:tutorial_objectstorage
[2025-02-23T10:31:37.960+0000] {logging_mixin.py:190} INFO - [2025-02-23T10:31:37.960+0000] {dag.py:3239} INFO - Sync 1 DAGs
[2025-02-23T10:31:37.973+0000] {logging_mixin.py:190} INFO - [2025-02-23T10:31:37.973+0000] {dag.py:3262} INFO - Creating ORM DAG for tutorial_objectstorage
[2025-02-23T10:31:37.974+0000] {logging_mixin.py:190} INFO - [2025-02-23T10:31:37.974+0000] {dag.py:4180} INFO - Setting next_dagrun for tutorial_objectstorage to None, run_after=None
[2025-02-23T10:31:37.989+0000] {processor.py:208} INFO - Processing /home/airflow/.local/lib/python3.12/site-packages/airflow/example_dags/tutorial_objectstorage.py took 0.172 seconds
[2025-02-23T10:32:08.517+0000] {processor.py:186} INFO - Started process (PID=647) to work on /home/airflow/.local/lib/python3.12/site-packages/airflow/example_dags/tutorial_objectstorage.py
[2025-02-23T10:32:08.519+0000] {processor.py:914} INFO - Processing file /home/airflow/.local/lib/python3.12/site-packages/airflow/example_dags/tutorial_objectstorage.py for tasks to queue
[2025-02-23T10:32:08.521+0000] {logging_mixin.py:190} INFO - [2025-02-23T10:32:08.521+0000] {dagbag.py:588} INFO - Filling up the DagBag from /home/airflow/.local/lib/python3.12/site-packages/airflow/example_dags/tutorial_objectstorage.py
[2025-02-23T10:32:08.530+0000] {processor.py:925} INFO - DAG(s) 'tutorial_objectstorage' retrieved from /home/airflow/.local/lib/python3.12/site-packages/airflow/example_dags/tutorial_objectstorage.py
[2025-02-23T10:32:08.551+0000] {logging_mixin.py:190} INFO - [2025-02-23T10:32:08.551+0000] {dag.py:3239} INFO - Sync 1 DAGs
[2025-02-23T10:32:08.564+0000] {logging_mixin.py:190} INFO - [2025-02-23T10:32:08.564+0000] {dag.py:4180} INFO - Setting next_dagrun for tutorial_objectstorage to None, run_after=None
[2025-02-23T10:32:08.581+0000] {processor.py:208} INFO - Processing /home/airflow/.local/lib/python3.12/site-packages/airflow/example_dags/tutorial_objectstorage.py took 0.070 seconds
[2025-02-23T10:32:39.144+0000] {processor.py:186} INFO - Started process (PID=938) to work on /home/airflow/.local/lib/python3.12/site-packages/airflow/example_dags/tutorial_objectstorage.py
[2025-02-23T10:32:39.145+0000] {processor.py:914} INFO - Processing file /home/airflow/.local/lib/python3.12/site-packages/airflow/example_dags/tutorial_objectstorage.py for tasks to queue
[2025-02-23T10:32:39.148+0000] {logging_mixin.py:190} INFO - [2025-02-23T10:32:39.147+0000] {dagbag.py:588} INFO - Filling up the DagBag from /home/airflow/.local/lib/python3.12/site-packages/airflow/example_dags/tutorial_objectstorage.py
[2025-02-23T10:32:39.159+0000] {processor.py:925} INFO - DAG(s) 'tutorial_objectstorage' retrieved from /home/airflow/.local/lib/python3.12/site-packages/airflow/example_dags/tutorial_objectstorage.py
[2025-02-23T10:32:39.186+0000] {logging_mixin.py:190} INFO - [2025-02-23T10:32:39.186+0000] {dag.py:3239} INFO - Sync 1 DAGs
[2025-02-23T10:32:39.200+0000] {logging_mixin.py:190} INFO - [2025-02-23T10:32:39.200+0000] {dag.py:4180} INFO - Setting next_dagrun for tutorial_objectstorage to None, run_after=None
[2025-02-23T10:32:39.220+0000] {processor.py:208} INFO - Processing /home/airflow/.local/lib/python3.12/site-packages/airflow/example_dags/tutorial_objectstorage.py took 0.081 seconds
[2025-02-23T10:33:09.757+0000] {processor.py:186} INFO - Started process (PID=1229) to work on /home/airflow/.local/lib/python3.12/site-packages/airflow/example_dags/tutorial_objectstorage.py
[2025-02-23T10:33:09.758+0000] {processor.py:914} INFO - Processing file /home/airflow/.local/lib/python3.12/site-packages/airflow/example_dags/tutorial_objectstorage.py for tasks to queue
[2025-02-23T10:33:09.760+0000] {logging_mixin.py:190} INFO - [2025-02-23T10:33:09.760+0000] {dagbag.py:588} INFO - Filling up the DagBag from /home/airflow/.local/lib/python3.12/site-packages/airflow/example_dags/tutorial_objectstorage.py
[2025-02-23T10:33:09.768+0000] {processor.py:925} INFO - DAG(s) 'tutorial_objectstorage' retrieved from /home/airflow/.local/lib/python3.12/site-packages/airflow/example_dags/tutorial_objectstorage.py
[2025-02-23T10:33:09.790+0000] {logging_mixin.py:190} INFO - [2025-02-23T10:33:09.789+0000] {dag.py:3239} INFO - Sync 1 DAGs
[2025-02-23T10:33:09.804+0000] {logging_mixin.py:190} INFO - [2025-02-23T10:33:09.804+0000] {dag.py:4180} INFO - Setting next_dagrun for tutorial_objectstorage to None, run_after=None
[2025-02-23T10:33:09.827+0000] {processor.py:208} INFO - Processing /home/airflow/.local/lib/python3.12/site-packages/airflow/example_dags/tutorial_objectstorage.py took 0.075 seconds
[2025-02-23T10:33:40.370+0000] {processor.py:186} INFO - Started process (PID=1520) to work on /home/airflow/.local/lib/python3.12/site-packages/airflow/example_dags/tutorial_objectstorage.py
[2025-02-23T10:33:40.371+0000] {processor.py:914} INFO - Processing file /home/airflow/.local/lib/python3.12/site-packages/airflow/example_dags/tutorial_objectstorage.py for tasks to queue
[2025-02-23T10:33:40.373+0000] {logging_mixin.py:190} INFO - [2025-02-23T10:33:40.373+0000] {dagbag.py:588} INFO - Filling up the DagBag from /home/airflow/.local/lib/python3.12/site-packages/airflow/example_dags/tutorial_objectstorage.py
[2025-02-23T10:33:40.381+0000] {processor.py:925} INFO - DAG(s) 'tutorial_objectstorage' retrieved from /home/airflow/.local/lib/python3.12/site-packages/airflow/example_dags/tutorial_objectstorage.py
[2025-02-23T10:33:40.397+0000] {logging_mixin.py:190} INFO - [2025-02-23T10:33:40.397+0000] {dag.py:3239} INFO - Sync 1 DAGs
[2025-02-23T10:33:40.410+0000] {logging_mixin.py:190} INFO - [2025-02-23T10:33:40.410+0000] {dag.py:4180} INFO - Setting next_dagrun for tutorial_objectstorage to None, run_after=None
[2025-02-23T10:33:40.426+0000] {processor.py:208} INFO - Processing /home/airflow/.local/lib/python3.12/site-packages/airflow/example_dags/tutorial_objectstorage.py took 0.061 seconds
