[2025-02-23T10:31:38.254+0000] {processor.py:186} INFO - Started process (PID=376) to work on /home/airflow/.local/lib/python3.12/site-packages/airflow/example_dags/tutorial_taskflow_api_virtualenv.py
[2025-02-23T10:31:38.255+0000] {processor.py:914} INFO - Processing file /home/airflow/.local/lib/python3.12/site-packages/airflow/example_dags/tutorial_taskflow_api_virtualenv.py for tasks to queue
[2025-02-23T10:31:38.257+0000] {logging_mixin.py:190} INFO - [2025-02-23T10:31:38.257+0000] {dagbag.py:588} INFO - Filling up the DagBag from /home/airflow/.local/lib/python3.12/site-packages/airflow/example_dags/tutorial_taskflow_api_virtualenv.py
[2025-02-23T10:31:38.269+0000] {processor.py:925} INFO - DAG(s) 'tutorial_taskflow_api_virtualenv' retrieved from /home/airflow/.local/lib/python3.12/site-packages/airflow/example_dags/tutorial_taskflow_api_virtualenv.py
[2025-02-23T10:31:38.357+0000] {logging_mixin.py:190} INFO - [2025-02-23T10:31:38.356+0000] {override.py:1912} INFO - Created Permission View: can read on DAG:tutorial_taskflow_api_virtualenv
[2025-02-23T10:31:38.366+0000] {logging_mixin.py:190} INFO - [2025-02-23T10:31:38.365+0000] {override.py:1912} INFO - Created Permission View: can delete on DAG:tutorial_taskflow_api_virtualenv
[2025-02-23T10:31:38.371+0000] {logging_mixin.py:190} INFO - [2025-02-23T10:31:38.371+0000] {override.py:1912} INFO - Created Permission View: can edit on DAG:tutorial_taskflow_api_virtualenv
[2025-02-23T10:31:38.378+0000] {logging_mixin.py:190} INFO - [2025-02-23T10:31:38.377+0000] {override.py:1912} INFO - Created Permission View: can read on DAG Run:tutorial_taskflow_api_virtualenv
[2025-02-23T10:31:38.383+0000] {logging_mixin.py:190} INFO - [2025-02-23T10:31:38.383+0000] {override.py:1912} INFO - Created Permission View: can create on DAG Run:tutorial_taskflow_api_virtualenv
[2025-02-23T10:31:38.388+0000] {logging_mixin.py:190} INFO - [2025-02-23T10:31:38.388+0000] {override.py:1912} INFO - Created Permission View: menu access on DAG Run:tutorial_taskflow_api_virtualenv
[2025-02-23T10:31:38.394+0000] {logging_mixin.py:190} INFO - [2025-02-23T10:31:38.393+0000] {override.py:1912} INFO - Created Permission View: can delete on DAG Run:tutorial_taskflow_api_virtualenv
[2025-02-23T10:31:38.395+0000] {logging_mixin.py:190} INFO - [2025-02-23T10:31:38.394+0000] {dag.py:3239} INFO - Sync 1 DAGs
[2025-02-23T10:31:38.406+0000] {logging_mixin.py:190} INFO - [2025-02-23T10:31:38.406+0000] {dag.py:3262} INFO - Creating ORM DAG for tutorial_taskflow_api_virtualenv
[2025-02-23T10:31:38.407+0000] {logging_mixin.py:190} INFO - [2025-02-23T10:31:38.407+0000] {dag.py:4180} INFO - Setting next_dagrun for tutorial_taskflow_api_virtualenv to None, run_after=None
[2025-02-23T10:31:38.420+0000] {processor.py:208} INFO - Processing /home/airflow/.local/lib/python3.12/site-packages/airflow/example_dags/tutorial_taskflow_api_virtualenv.py took 0.171 seconds
[2025-02-23T10:32:08.768+0000] {processor.py:186} INFO - Started process (PID=667) to work on /home/airflow/.local/lib/python3.12/site-packages/airflow/example_dags/tutorial_taskflow_api_virtualenv.py
[2025-02-23T10:32:08.769+0000] {processor.py:914} INFO - Processing file /home/airflow/.local/lib/python3.12/site-packages/airflow/example_dags/tutorial_taskflow_api_virtualenv.py for tasks to queue
[2025-02-23T10:32:08.771+0000] {logging_mixin.py:190} INFO - [2025-02-23T10:32:08.771+0000] {dagbag.py:588} INFO - Filling up the DagBag from /home/airflow/.local/lib/python3.12/site-packages/airflow/example_dags/tutorial_taskflow_api_virtualenv.py
[2025-02-23T10:32:08.782+0000] {processor.py:925} INFO - DAG(s) 'tutorial_taskflow_api_virtualenv' retrieved from /home/airflow/.local/lib/python3.12/site-packages/airflow/example_dags/tutorial_taskflow_api_virtualenv.py
[2025-02-23T10:32:08.802+0000] {logging_mixin.py:190} INFO - [2025-02-23T10:32:08.801+0000] {dag.py:3239} INFO - Sync 1 DAGs
[2025-02-23T10:32:08.819+0000] {logging_mixin.py:190} INFO - [2025-02-23T10:32:08.819+0000] {dag.py:4180} INFO - Setting next_dagrun for tutorial_taskflow_api_virtualenv to None, run_after=None
[2025-02-23T10:32:08.841+0000] {processor.py:208} INFO - Processing /home/airflow/.local/lib/python3.12/site-packages/airflow/example_dags/tutorial_taskflow_api_virtualenv.py took 0.079 seconds
[2025-02-23T10:32:39.517+0000] {processor.py:186} INFO - Started process (PID=960) to work on /home/airflow/.local/lib/python3.12/site-packages/airflow/example_dags/tutorial_taskflow_api_virtualenv.py
[2025-02-23T10:32:39.518+0000] {processor.py:914} INFO - Processing file /home/airflow/.local/lib/python3.12/site-packages/airflow/example_dags/tutorial_taskflow_api_virtualenv.py for tasks to queue
[2025-02-23T10:32:39.520+0000] {logging_mixin.py:190} INFO - [2025-02-23T10:32:39.520+0000] {dagbag.py:588} INFO - Filling up the DagBag from /home/airflow/.local/lib/python3.12/site-packages/airflow/example_dags/tutorial_taskflow_api_virtualenv.py
[2025-02-23T10:32:39.532+0000] {processor.py:925} INFO - DAG(s) 'tutorial_taskflow_api_virtualenv' retrieved from /home/airflow/.local/lib/python3.12/site-packages/airflow/example_dags/tutorial_taskflow_api_virtualenv.py
[2025-02-23T10:32:39.551+0000] {logging_mixin.py:190} INFO - [2025-02-23T10:32:39.550+0000] {dag.py:3239} INFO - Sync 1 DAGs
[2025-02-23T10:32:39.564+0000] {logging_mixin.py:190} INFO - [2025-02-23T10:32:39.564+0000] {dag.py:4180} INFO - Setting next_dagrun for tutorial_taskflow_api_virtualenv to None, run_after=None
[2025-02-23T10:32:39.579+0000] {processor.py:208} INFO - Processing /home/airflow/.local/lib/python3.12/site-packages/airflow/example_dags/tutorial_taskflow_api_virtualenv.py took 0.069 seconds
[2025-02-23T10:33:10.075+0000] {processor.py:186} INFO - Started process (PID=1249) to work on /home/airflow/.local/lib/python3.12/site-packages/airflow/example_dags/tutorial_taskflow_api_virtualenv.py
[2025-02-23T10:33:10.076+0000] {processor.py:914} INFO - Processing file /home/airflow/.local/lib/python3.12/site-packages/airflow/example_dags/tutorial_taskflow_api_virtualenv.py for tasks to queue
[2025-02-23T10:33:10.079+0000] {logging_mixin.py:190} INFO - [2025-02-23T10:33:10.078+0000] {dagbag.py:588} INFO - Filling up the DagBag from /home/airflow/.local/lib/python3.12/site-packages/airflow/example_dags/tutorial_taskflow_api_virtualenv.py
[2025-02-23T10:33:10.089+0000] {processor.py:925} INFO - DAG(s) 'tutorial_taskflow_api_virtualenv' retrieved from /home/airflow/.local/lib/python3.12/site-packages/airflow/example_dags/tutorial_taskflow_api_virtualenv.py
[2025-02-23T10:33:10.108+0000] {logging_mixin.py:190} INFO - [2025-02-23T10:33:10.108+0000] {dag.py:3239} INFO - Sync 1 DAGs
[2025-02-23T10:33:10.121+0000] {logging_mixin.py:190} INFO - [2025-02-23T10:33:10.121+0000] {dag.py:4180} INFO - Setting next_dagrun for tutorial_taskflow_api_virtualenv to None, run_after=None
[2025-02-23T10:33:10.139+0000] {processor.py:208} INFO - Processing /home/airflow/.local/lib/python3.12/site-packages/airflow/example_dags/tutorial_taskflow_api_virtualenv.py took 0.069 seconds
[2025-02-23T10:33:40.680+0000] {processor.py:186} INFO - Started process (PID=1540) to work on /home/airflow/.local/lib/python3.12/site-packages/airflow/example_dags/tutorial_taskflow_api_virtualenv.py
[2025-02-23T10:33:40.681+0000] {processor.py:914} INFO - Processing file /home/airflow/.local/lib/python3.12/site-packages/airflow/example_dags/tutorial_taskflow_api_virtualenv.py for tasks to queue
[2025-02-23T10:33:40.683+0000] {logging_mixin.py:190} INFO - [2025-02-23T10:33:40.683+0000] {dagbag.py:588} INFO - Filling up the DagBag from /home/airflow/.local/lib/python3.12/site-packages/airflow/example_dags/tutorial_taskflow_api_virtualenv.py
[2025-02-23T10:33:40.693+0000] {processor.py:925} INFO - DAG(s) 'tutorial_taskflow_api_virtualenv' retrieved from /home/airflow/.local/lib/python3.12/site-packages/airflow/example_dags/tutorial_taskflow_api_virtualenv.py
[2025-02-23T10:33:40.712+0000] {logging_mixin.py:190} INFO - [2025-02-23T10:33:40.712+0000] {dag.py:3239} INFO - Sync 1 DAGs
[2025-02-23T10:33:40.723+0000] {logging_mixin.py:190} INFO - [2025-02-23T10:33:40.723+0000] {dag.py:4180} INFO - Setting next_dagrun for tutorial_taskflow_api_virtualenv to None, run_after=None
[2025-02-23T10:33:40.740+0000] {processor.py:208} INFO - Processing /home/airflow/.local/lib/python3.12/site-packages/airflow/example_dags/tutorial_taskflow_api_virtualenv.py took 0.066 seconds
