[2025-02-23T10:31:38.573+0000] {processor.py:186} INFO - Started process (PID=391) to work on /home/airflow/.local/lib/python3.12/site-packages/airflow/example_dags/tutorial_taskflow_api.py
[2025-02-23T10:31:38.574+0000] {processor.py:914} INFO - Processing file /home/airflow/.local/lib/python3.12/site-packages/airflow/example_dags/tutorial_taskflow_api.py for tasks to queue
[2025-02-23T10:31:38.577+0000] {logging_mixin.py:190} INFO - [2025-02-23T10:31:38.576+0000] {dagbag.py:588} INFO - Filling up the DagBag from /home/airflow/.local/lib/python3.12/site-packages/airflow/example_dags/tutorial_taskflow_api.py
[2025-02-23T10:31:38.584+0000] {processor.py:925} INFO - DAG(s) 'tutorial_taskflow_api' retrieved from /home/airflow/.local/lib/python3.12/site-packages/airflow/example_dags/tutorial_taskflow_api.py
[2025-02-23T10:31:38.666+0000] {logging_mixin.py:190} INFO - [2025-02-23T10:31:38.665+0000] {override.py:1912} INFO - Created Permission View: can read on DAG:tutorial_taskflow_api
[2025-02-23T10:31:38.675+0000] {logging_mixin.py:190} INFO - [2025-02-23T10:31:38.674+0000] {override.py:1912} INFO - Created Permission View: can delete on DAG:tutorial_taskflow_api
[2025-02-23T10:31:38.680+0000] {logging_mixin.py:190} INFO - [2025-02-23T10:31:38.680+0000] {override.py:1912} INFO - Created Permission View: can edit on DAG:tutorial_taskflow_api
[2025-02-23T10:31:38.685+0000] {logging_mixin.py:190} INFO - [2025-02-23T10:31:38.685+0000] {override.py:1912} INFO - Created Permission View: can read on DAG Run:tutorial_taskflow_api
[2025-02-23T10:31:38.691+0000] {logging_mixin.py:190} INFO - [2025-02-23T10:31:38.691+0000] {override.py:1912} INFO - Created Permission View: can create on DAG Run:tutorial_taskflow_api
[2025-02-23T10:31:38.697+0000] {logging_mixin.py:190} INFO - [2025-02-23T10:31:38.697+0000] {override.py:1912} INFO - Created Permission View: menu access on DAG Run:tutorial_taskflow_api
[2025-02-23T10:31:38.702+0000] {logging_mixin.py:190} INFO - [2025-02-23T10:31:38.702+0000] {override.py:1912} INFO - Created Permission View: can delete on DAG Run:tutorial_taskflow_api
[2025-02-23T10:31:38.703+0000] {logging_mixin.py:190} INFO - [2025-02-23T10:31:38.703+0000] {dag.py:3239} INFO - Sync 1 DAGs
[2025-02-23T10:31:38.715+0000] {logging_mixin.py:190} INFO - [2025-02-23T10:31:38.715+0000] {dag.py:3262} INFO - Creating ORM DAG for tutorial_taskflow_api
[2025-02-23T10:31:38.717+0000] {logging_mixin.py:190} INFO - [2025-02-23T10:31:38.716+0000] {dag.py:4180} INFO - Setting next_dagrun for tutorial_taskflow_api to None, run_after=None
[2025-02-23T10:31:38.730+0000] {processor.py:208} INFO - Processing /home/airflow/.local/lib/python3.12/site-packages/airflow/example_dags/tutorial_taskflow_api.py took 0.162 seconds
[2025-02-23T10:32:08.989+0000] {processor.py:186} INFO - Started process (PID=684) to work on /home/airflow/.local/lib/python3.12/site-packages/airflow/example_dags/tutorial_taskflow_api.py
[2025-02-23T10:32:08.990+0000] {processor.py:914} INFO - Processing file /home/airflow/.local/lib/python3.12/site-packages/airflow/example_dags/tutorial_taskflow_api.py for tasks to queue
[2025-02-23T10:32:08.992+0000] {logging_mixin.py:190} INFO - [2025-02-23T10:32:08.992+0000] {dagbag.py:588} INFO - Filling up the DagBag from /home/airflow/.local/lib/python3.12/site-packages/airflow/example_dags/tutorial_taskflow_api.py
[2025-02-23T10:32:09.000+0000] {processor.py:925} INFO - DAG(s) 'tutorial_taskflow_api' retrieved from /home/airflow/.local/lib/python3.12/site-packages/airflow/example_dags/tutorial_taskflow_api.py
[2025-02-23T10:32:09.019+0000] {logging_mixin.py:190} INFO - [2025-02-23T10:32:09.018+0000] {dag.py:3239} INFO - Sync 1 DAGs
[2025-02-23T10:32:09.031+0000] {logging_mixin.py:190} INFO - [2025-02-23T10:32:09.031+0000] {dag.py:4180} INFO - Setting next_dagrun for tutorial_taskflow_api to None, run_after=None
[2025-02-23T10:32:09.050+0000] {processor.py:208} INFO - Processing /home/airflow/.local/lib/python3.12/site-packages/airflow/example_dags/tutorial_taskflow_api.py took 0.066 seconds
[2025-02-23T10:32:39.724+0000] {processor.py:186} INFO - Started process (PID=973) to work on /home/airflow/.local/lib/python3.12/site-packages/airflow/example_dags/tutorial_taskflow_api.py
[2025-02-23T10:32:39.725+0000] {processor.py:914} INFO - Processing file /home/airflow/.local/lib/python3.12/site-packages/airflow/example_dags/tutorial_taskflow_api.py for tasks to queue
[2025-02-23T10:32:39.728+0000] {logging_mixin.py:190} INFO - [2025-02-23T10:32:39.728+0000] {dagbag.py:588} INFO - Filling up the DagBag from /home/airflow/.local/lib/python3.12/site-packages/airflow/example_dags/tutorial_taskflow_api.py
[2025-02-23T10:32:39.739+0000] {processor.py:925} INFO - DAG(s) 'tutorial_taskflow_api' retrieved from /home/airflow/.local/lib/python3.12/site-packages/airflow/example_dags/tutorial_taskflow_api.py
[2025-02-23T10:32:39.759+0000] {logging_mixin.py:190} INFO - [2025-02-23T10:32:39.758+0000] {dag.py:3239} INFO - Sync 1 DAGs
[2025-02-23T10:32:39.781+0000] {logging_mixin.py:190} INFO - [2025-02-23T10:32:39.781+0000] {dag.py:4180} INFO - Setting next_dagrun for tutorial_taskflow_api to None, run_after=None
[2025-02-23T10:32:39.858+0000] {processor.py:208} INFO - Processing /home/airflow/.local/lib/python3.12/site-packages/airflow/example_dags/tutorial_taskflow_api.py took 0.140 seconds
[2025-02-23T10:33:10.225+0000] {processor.py:186} INFO - Started process (PID=1264) to work on /home/airflow/.local/lib/python3.12/site-packages/airflow/example_dags/tutorial_taskflow_api.py
[2025-02-23T10:33:10.226+0000] {processor.py:914} INFO - Processing file /home/airflow/.local/lib/python3.12/site-packages/airflow/example_dags/tutorial_taskflow_api.py for tasks to queue
[2025-02-23T10:33:10.228+0000] {logging_mixin.py:190} INFO - [2025-02-23T10:33:10.228+0000] {dagbag.py:588} INFO - Filling up the DagBag from /home/airflow/.local/lib/python3.12/site-packages/airflow/example_dags/tutorial_taskflow_api.py
[2025-02-23T10:33:10.235+0000] {processor.py:925} INFO - DAG(s) 'tutorial_taskflow_api' retrieved from /home/airflow/.local/lib/python3.12/site-packages/airflow/example_dags/tutorial_taskflow_api.py
[2025-02-23T10:33:10.252+0000] {logging_mixin.py:190} INFO - [2025-02-23T10:33:10.252+0000] {dag.py:3239} INFO - Sync 1 DAGs
[2025-02-23T10:33:10.264+0000] {logging_mixin.py:190} INFO - [2025-02-23T10:33:10.264+0000] {dag.py:4180} INFO - Setting next_dagrun for tutorial_taskflow_api to None, run_after=None
[2025-02-23T10:33:10.281+0000] {processor.py:208} INFO - Processing /home/airflow/.local/lib/python3.12/site-packages/airflow/example_dags/tutorial_taskflow_api.py took 0.062 seconds
[2025-02-23T10:33:40.817+0000] {processor.py:186} INFO - Started process (PID=1555) to work on /home/airflow/.local/lib/python3.12/site-packages/airflow/example_dags/tutorial_taskflow_api.py
[2025-02-23T10:33:40.818+0000] {processor.py:914} INFO - Processing file /home/airflow/.local/lib/python3.12/site-packages/airflow/example_dags/tutorial_taskflow_api.py for tasks to queue
[2025-02-23T10:33:40.820+0000] {logging_mixin.py:190} INFO - [2025-02-23T10:33:40.820+0000] {dagbag.py:588} INFO - Filling up the DagBag from /home/airflow/.local/lib/python3.12/site-packages/airflow/example_dags/tutorial_taskflow_api.py
[2025-02-23T10:33:40.827+0000] {processor.py:925} INFO - DAG(s) 'tutorial_taskflow_api' retrieved from /home/airflow/.local/lib/python3.12/site-packages/airflow/example_dags/tutorial_taskflow_api.py
[2025-02-23T10:33:40.844+0000] {logging_mixin.py:190} INFO - [2025-02-23T10:33:40.844+0000] {dag.py:3239} INFO - Sync 1 DAGs
[2025-02-23T10:33:40.856+0000] {logging_mixin.py:190} INFO - [2025-02-23T10:33:40.856+0000] {dag.py:4180} INFO - Setting next_dagrun for tutorial_taskflow_api to None, run_after=None
[2025-02-23T10:33:40.872+0000] {processor.py:208} INFO - Processing /home/airflow/.local/lib/python3.12/site-packages/airflow/example_dags/tutorial_taskflow_api.py took 0.060 seconds
