[2025-02-23T15:52:42.824+0000] {local_task_job_runner.py:123} INFO - ::group::Pre task execution logs
[2025-02-23T15:52:42.844+0000] {taskinstance.py:2614} INFO - Dependencies all met for dep_context=non-requeueable deps ti=<TaskInstance: my_first_dag.first_task scheduled__2025-02-18T00:00:00+00:00 [queued]>
[2025-02-23T15:52:42.855+0000] {taskinstance.py:2614} INFO - Dependencies all met for dep_context=requeueable deps ti=<TaskInstance: my_first_dag.first_task scheduled__2025-02-18T00:00:00+00:00 [queued]>
[2025-02-23T15:52:42.856+0000] {taskinstance.py:2867} INFO - Starting attempt 1 of 6
[2025-02-23T15:52:42.898+0000] {taskinstance.py:2890} INFO - Executing <Task(BashOperator): first_task> on 2025-02-18 00:00:00+00:00
[2025-02-23T15:52:42.906+0000] {logging_mixin.py:190} WARNING - /home/***/.local/lib/python3.12/site-packages/***/task/task_runner/standard_task_runner.py:70 DeprecationWarning: This process (pid=1539) is multi-threaded, use of fork() may lead to deadlocks in the child.
[2025-02-23T15:52:42.908+0000] {standard_task_runner.py:72} INFO - Started process 1544 to run task
[2025-02-23T15:52:42.907+0000] {standard_task_runner.py:104} INFO - Running: ['***', 'tasks', 'run', 'my_first_dag', 'first_task', 'scheduled__2025-02-18T00:00:00+00:00', '--job-id', '52', '--raw', '--subdir', 'DAGS_FOLDER/my_first_dags.py', '--cfg-path', '/tmp/tmpf0uierk0']
[2025-02-23T15:52:42.909+0000] {standard_task_runner.py:105} INFO - Job 52: Subtask first_task
[2025-02-23T15:52:42.966+0000] {task_command.py:467} INFO - Running <TaskInstance: my_first_dag.first_task scheduled__2025-02-18T00:00:00+00:00 [running]> on host 2cebbf768e94
[2025-02-23T15:52:43.077+0000] {taskinstance.py:3134} INFO - Exporting env vars: AIRFLOW_CTX_DAG_OWNER='gzang' AIRFLOW_CTX_DAG_ID='my_first_dag' AIRFLOW_CTX_TASK_ID='first_task' AIRFLOW_CTX_EXECUTION_DATE='2025-02-18T00:00:00+00:00' AIRFLOW_CTX_TRY_NUMBER='1' AIRFLOW_CTX_DAG_RUN_ID='scheduled__2025-02-18T00:00:00+00:00'
[2025-02-23T15:52:43.079+0000] {taskinstance.py:732} INFO - ::endgroup::
[2025-02-23T15:52:43.100+0000] {subprocess.py:78} INFO - Tmp dir root location: /tmp
[2025-02-23T15:52:43.101+0000] {subprocess.py:88} INFO - Running command: ['/usr/bin/bash', '-c', 'echo hello world! the first task is defined!!!']
[2025-02-23T15:52:43.112+0000] {subprocess.py:99} INFO - Output:
[2025-02-23T15:52:43.116+0000] {subprocess.py:106} INFO - hello world! the first task is defined!!!
[2025-02-23T15:52:43.117+0000] {subprocess.py:110} INFO - Command exited with return code 0
[2025-02-23T15:52:43.147+0000] {taskinstance.py:341} INFO - ::group::Post task execution logs
[2025-02-23T15:52:43.148+0000] {taskinstance.py:353} INFO - Marking task as SUCCESS. dag_id=my_first_dag, task_id=first_task, run_id=scheduled__2025-02-18T00:00:00+00:00, execution_date=20250218T000000, start_date=20250223T155242, end_date=20250223T155243
[2025-02-23T15:52:43.207+0000] {local_task_job_runner.py:266} INFO - Task exited with return code 0
[2025-02-23T15:52:43.242+0000] {taskinstance.py:3901} INFO - 1 downstream tasks scheduled from follow-on schedule check
[2025-02-23T15:52:43.245+0000] {local_task_job_runner.py:245} INFO - ::endgroup::
[2025-02-24T04:47:21.680+0000] {local_task_job_runner.py:123} INFO - ::group::Pre task execution logs
[2025-02-24T04:47:21.699+0000] {taskinstance.py:2614} INFO - Dependencies all met for dep_context=non-requeueable deps ti=<TaskInstance: my_first_dag.first_task scheduled__2025-02-18T00:00:00+00:00 [queued]>
[2025-02-24T04:47:21.708+0000] {taskinstance.py:2614} INFO - Dependencies all met for dep_context=requeueable deps ti=<TaskInstance: my_first_dag.first_task scheduled__2025-02-18T00:00:00+00:00 [queued]>
[2025-02-24T04:47:21.709+0000] {taskinstance.py:2867} INFO - Starting attempt 1 of 6
[2025-02-24T04:47:21.760+0000] {taskinstance.py:2890} INFO - Executing <Task(BashOperator): first_task> on 2025-02-18 00:00:00+00:00
[2025-02-24T04:47:21.767+0000] {logging_mixin.py:190} WARNING - /home/***/.local/lib/python3.12/site-packages/***/task/task_runner/standard_task_runner.py:70 DeprecationWarning: This process (pid=1090) is multi-threaded, use of fork() may lead to deadlocks in the child.
[2025-02-24T04:47:21.769+0000] {standard_task_runner.py:72} INFO - Started process 1096 to run task
[2025-02-24T04:47:21.768+0000] {standard_task_runner.py:104} INFO - Running: ['***', 'tasks', 'run', 'my_first_dag', 'first_task', 'scheduled__2025-02-18T00:00:00+00:00', '--job-id', '86', '--raw', '--subdir', 'DAGS_FOLDER/my_first_dags.py', '--cfg-path', '/tmp/tmple5i21u_']
[2025-02-24T04:47:21.770+0000] {standard_task_runner.py:105} INFO - Job 86: Subtask first_task
[2025-02-24T04:47:21.823+0000] {task_command.py:467} INFO - Running <TaskInstance: my_first_dag.first_task scheduled__2025-02-18T00:00:00+00:00 [running]> on host 79e0cb3ed452
[2025-02-24T04:47:21.918+0000] {taskinstance.py:3134} INFO - Exporting env vars: AIRFLOW_CTX_DAG_OWNER='gzang' AIRFLOW_CTX_DAG_ID='my_first_dag' AIRFLOW_CTX_TASK_ID='first_task' AIRFLOW_CTX_EXECUTION_DATE='2025-02-18T00:00:00+00:00' AIRFLOW_CTX_TRY_NUMBER='1' AIRFLOW_CTX_DAG_RUN_ID='scheduled__2025-02-18T00:00:00+00:00'
[2025-02-24T04:47:21.919+0000] {taskinstance.py:732} INFO - ::endgroup::
[2025-02-24T04:47:21.935+0000] {subprocess.py:78} INFO - Tmp dir root location: /tmp
[2025-02-24T04:47:21.936+0000] {subprocess.py:88} INFO - Running command: ['/usr/bin/bash', '-c', 'echo hello world! the first task is defined!!!']
[2025-02-24T04:47:21.947+0000] {subprocess.py:99} INFO - Output:
[2025-02-24T04:47:21.949+0000] {subprocess.py:106} INFO - hello world! the first task is defined!!!
[2025-02-24T04:47:21.950+0000] {subprocess.py:110} INFO - Command exited with return code 0
[2025-02-24T04:47:21.980+0000] {taskinstance.py:341} INFO - ::group::Post task execution logs
[2025-02-24T04:47:21.981+0000] {taskinstance.py:353} INFO - Marking task as SUCCESS. dag_id=my_first_dag, task_id=first_task, run_id=scheduled__2025-02-18T00:00:00+00:00, execution_date=20250218T000000, start_date=20250224T044721, end_date=20250224T044721
[2025-02-24T04:47:22.025+0000] {local_task_job_runner.py:266} INFO - Task exited with return code 0
[2025-02-24T04:47:22.069+0000] {taskinstance.py:3901} INFO - 2 downstream tasks scheduled from follow-on schedule check
[2025-02-24T04:47:22.074+0000] {local_task_job_runner.py:245} INFO - ::endgroup::
