[2025-02-23T15:52:36.324+0000] {local_task_job_runner.py:123} INFO - ::group::Pre task execution logs
[2025-02-23T15:52:36.345+0000] {taskinstance.py:2614} INFO - Dependencies all met for dep_context=non-requeueable deps ti=<TaskInstance: my_first_dag.first_task scheduled__2025-02-04T00:00:00+00:00 [queued]>
[2025-02-23T15:52:36.359+0000] {taskinstance.py:2614} INFO - Dependencies all met for dep_context=requeueable deps ti=<TaskInstance: my_first_dag.first_task scheduled__2025-02-04T00:00:00+00:00 [queued]>
[2025-02-23T15:52:36.360+0000] {taskinstance.py:2867} INFO - Starting attempt 1 of 6
[2025-02-23T15:52:36.378+0000] {taskinstance.py:2890} INFO - Executing <Task(BashOperator): first_task> on 2025-02-04 00:00:00+00:00
[2025-02-23T15:52:36.388+0000] {standard_task_runner.py:104} INFO - Running: ['***', 'tasks', 'run', 'my_first_dag', 'first_task', 'scheduled__2025-02-04T00:00:00+00:00', '--job-id', '6', '--raw', '--subdir', 'DAGS_FOLDER/my_first_dags.py', '--cfg-path', '/tmp/tmp4711mciu']
[2025-02-23T15:52:36.392+0000] {logging_mixin.py:190} WARNING - /home/***/.local/lib/python3.12/site-packages/***/task/task_runner/standard_task_runner.py:70 DeprecationWarning: This process (pid=1343) is multi-threaded, use of fork() may lead to deadlocks in the child.
[2025-02-23T15:52:36.392+0000] {standard_task_runner.py:105} INFO - Job 6: Subtask first_task
[2025-02-23T15:52:36.393+0000] {standard_task_runner.py:72} INFO - Started process 1355 to run task
[2025-02-23T15:52:36.437+0000] {task_command.py:467} INFO - Running <TaskInstance: my_first_dag.first_task scheduled__2025-02-04T00:00:00+00:00 [running]> on host 2cebbf768e94
[2025-02-23T15:52:36.553+0000] {taskinstance.py:3134} INFO - Exporting env vars: AIRFLOW_CTX_DAG_OWNER='gzang' AIRFLOW_CTX_DAG_ID='my_first_dag' AIRFLOW_CTX_TASK_ID='first_task' AIRFLOW_CTX_EXECUTION_DATE='2025-02-04T00:00:00+00:00' AIRFLOW_CTX_TRY_NUMBER='1' AIRFLOW_CTX_DAG_RUN_ID='scheduled__2025-02-04T00:00:00+00:00'
[2025-02-23T15:52:36.555+0000] {taskinstance.py:732} INFO - ::endgroup::
[2025-02-23T15:52:36.577+0000] {subprocess.py:78} INFO - Tmp dir root location: /tmp
[2025-02-23T15:52:36.579+0000] {subprocess.py:88} INFO - Running command: ['/usr/bin/bash', '-c', 'echo hello world! the first task is defined!!!']
[2025-02-23T15:52:36.588+0000] {subprocess.py:99} INFO - Output:
[2025-02-23T15:52:36.589+0000] {subprocess.py:106} INFO - hello world! the first task is defined!!!
[2025-02-23T15:52:36.590+0000] {subprocess.py:110} INFO - Command exited with return code 0
[2025-02-23T15:52:36.621+0000] {taskinstance.py:341} INFO - ::group::Post task execution logs
[2025-02-23T15:52:36.622+0000] {taskinstance.py:353} INFO - Marking task as SUCCESS. dag_id=my_first_dag, task_id=first_task, run_id=scheduled__2025-02-04T00:00:00+00:00, execution_date=20250204T000000, start_date=20250223T155236, end_date=20250223T155236
[2025-02-23T15:52:36.688+0000] {local_task_job_runner.py:266} INFO - Task exited with return code 0
[2025-02-23T15:52:36.700+0000] {local_task_job_runner.py:245} INFO - ::endgroup::
[2025-02-24T04:47:12.808+0000] {local_task_job_runner.py:123} INFO - ::group::Pre task execution logs
[2025-02-24T04:47:12.831+0000] {taskinstance.py:2614} INFO - Dependencies all met for dep_context=non-requeueable deps ti=<TaskInstance: my_first_dag.first_task scheduled__2025-02-04T00:00:00+00:00 [queued]>
[2025-02-24T04:47:12.841+0000] {taskinstance.py:2614} INFO - Dependencies all met for dep_context=requeueable deps ti=<TaskInstance: my_first_dag.first_task scheduled__2025-02-04T00:00:00+00:00 [queued]>
[2025-02-24T04:47:12.842+0000] {taskinstance.py:2867} INFO - Starting attempt 1 of 6
[2025-02-24T04:47:12.858+0000] {taskinstance.py:2890} INFO - Executing <Task(BashOperator): first_task> on 2025-02-04 00:00:00+00:00
[2025-02-24T04:47:12.868+0000] {standard_task_runner.py:104} INFO - Running: ['***', 'tasks', 'run', 'my_first_dag', 'first_task', 'scheduled__2025-02-04T00:00:00+00:00', '--job-id', '6', '--raw', '--subdir', 'DAGS_FOLDER/my_first_dags.py', '--cfg-path', '/tmp/tmpggv5d_v1']
[2025-02-24T04:47:12.871+0000] {standard_task_runner.py:105} INFO - Job 6: Subtask first_task
[2025-02-24T04:47:12.873+0000] {logging_mixin.py:190} WARNING - /home/***/.local/lib/python3.12/site-packages/***/task/task_runner/standard_task_runner.py:70 DeprecationWarning: This process (pid=801) is multi-threaded, use of fork() may lead to deadlocks in the child.
[2025-02-24T04:47:12.874+0000] {standard_task_runner.py:72} INFO - Started process 810 to run task
[2025-02-24T04:47:12.923+0000] {task_command.py:467} INFO - Running <TaskInstance: my_first_dag.first_task scheduled__2025-02-04T00:00:00+00:00 [running]> on host 79e0cb3ed452
[2025-02-24T04:47:13.017+0000] {taskinstance.py:3134} INFO - Exporting env vars: AIRFLOW_CTX_DAG_OWNER='gzang' AIRFLOW_CTX_DAG_ID='my_first_dag' AIRFLOW_CTX_TASK_ID='first_task' AIRFLOW_CTX_EXECUTION_DATE='2025-02-04T00:00:00+00:00' AIRFLOW_CTX_TRY_NUMBER='1' AIRFLOW_CTX_DAG_RUN_ID='scheduled__2025-02-04T00:00:00+00:00'
[2025-02-24T04:47:13.018+0000] {taskinstance.py:732} INFO - ::endgroup::
[2025-02-24T04:47:13.035+0000] {subprocess.py:78} INFO - Tmp dir root location: /tmp
[2025-02-24T04:47:13.036+0000] {subprocess.py:88} INFO - Running command: ['/usr/bin/bash', '-c', 'echo hello world! the first task is defined!!!']
[2025-02-24T04:47:13.045+0000] {subprocess.py:99} INFO - Output:
[2025-02-24T04:47:13.047+0000] {subprocess.py:106} INFO - hello world! the first task is defined!!!
[2025-02-24T04:47:13.047+0000] {subprocess.py:110} INFO - Command exited with return code 0
[2025-02-24T04:47:13.072+0000] {taskinstance.py:341} INFO - ::group::Post task execution logs
[2025-02-24T04:47:13.073+0000] {taskinstance.py:353} INFO - Marking task as SUCCESS. dag_id=my_first_dag, task_id=first_task, run_id=scheduled__2025-02-04T00:00:00+00:00, execution_date=20250204T000000, start_date=20250224T044712, end_date=20250224T044713
[2025-02-24T04:47:13.130+0000] {local_task_job_runner.py:266} INFO - Task exited with return code 0
[2025-02-24T04:47:13.170+0000] {taskinstance.py:3901} INFO - 2 downstream tasks scheduled from follow-on schedule check
[2025-02-24T04:47:13.172+0000] {local_task_job_runner.py:245} INFO - ::endgroup::
