[2025-02-23T15:52:40.827+0000] {local_task_job_runner.py:123} INFO - ::group::Pre task execution logs
[2025-02-23T15:52:40.859+0000] {taskinstance.py:2614} INFO - Dependencies all met for dep_context=non-requeueable deps ti=<TaskInstance: my_first_dag.third_task scheduled__2025-02-16T00:00:00+00:00 [queued]>
[2025-02-23T15:52:40.875+0000] {taskinstance.py:2614} INFO - Dependencies all met for dep_context=requeueable deps ti=<TaskInstance: my_first_dag.third_task scheduled__2025-02-16T00:00:00+00:00 [queued]>
[2025-02-23T15:52:40.876+0000] {taskinstance.py:2867} INFO - Starting attempt 1 of 6
[2025-02-23T15:52:40.897+0000] {taskinstance.py:2890} INFO - Executing <Task(BashOperator): third_task> on 2025-02-16 00:00:00+00:00
[2025-02-23T15:52:40.908+0000] {logging_mixin.py:190} WARNING - /home/***/.local/lib/python3.12/site-packages/***/task/task_runner/standard_task_runner.py:70 DeprecationWarning: This process (pid=1524) is multi-threaded, use of fork() may lead to deadlocks in the child.
[2025-02-23T15:52:40.908+0000] {standard_task_runner.py:104} INFO - Running: ['***', 'tasks', 'run', 'my_first_dag', 'third_task', 'scheduled__2025-02-16T00:00:00+00:00', '--job-id', '50', '--raw', '--subdir', 'DAGS_FOLDER/my_first_dags.py', '--cfg-path', '/tmp/tmp0h8cnuoz']
[2025-02-23T15:52:40.910+0000] {standard_task_runner.py:72} INFO - Started process 1530 to run task
[2025-02-23T15:52:40.910+0000] {standard_task_runner.py:105} INFO - Job 50: Subtask third_task
[2025-02-23T15:52:40.958+0000] {task_command.py:467} INFO - Running <TaskInstance: my_first_dag.third_task scheduled__2025-02-16T00:00:00+00:00 [running]> on host 2cebbf768e94
[2025-02-23T15:52:41.039+0000] {taskinstance.py:3134} INFO - Exporting env vars: AIRFLOW_CTX_DAG_OWNER='gzang' AIRFLOW_CTX_DAG_ID='my_first_dag' AIRFLOW_CTX_TASK_ID='third_task' AIRFLOW_CTX_EXECUTION_DATE='2025-02-16T00:00:00+00:00' AIRFLOW_CTX_TRY_NUMBER='1' AIRFLOW_CTX_DAG_RUN_ID='scheduled__2025-02-16T00:00:00+00:00'
[2025-02-23T15:52:41.041+0000] {taskinstance.py:732} INFO - ::endgroup::
[2025-02-23T15:52:41.055+0000] {subprocess.py:78} INFO - Tmp dir root location: /tmp
[2025-02-23T15:52:41.056+0000] {subprocess.py:88} INFO - Running command: ['/usr/bin/bash', '-c', 'echo finally, it will be done!!!']
[2025-02-23T15:52:41.064+0000] {subprocess.py:99} INFO - Output:
[2025-02-23T15:52:41.065+0000] {subprocess.py:106} INFO - finally, it will be done!!!
[2025-02-23T15:52:41.065+0000] {subprocess.py:110} INFO - Command exited with return code 0
[2025-02-23T15:52:41.085+0000] {taskinstance.py:341} INFO - ::group::Post task execution logs
[2025-02-23T15:52:41.086+0000] {taskinstance.py:353} INFO - Marking task as SUCCESS. dag_id=my_first_dag, task_id=third_task, run_id=scheduled__2025-02-16T00:00:00+00:00, execution_date=20250216T000000, start_date=20250223T155240, end_date=20250223T155241
[2025-02-23T15:52:41.128+0000] {local_task_job_runner.py:266} INFO - Task exited with return code 0
[2025-02-23T15:52:41.142+0000] {taskinstance.py:3901} INFO - 0 downstream tasks scheduled from follow-on schedule check
[2025-02-23T15:52:41.144+0000] {local_task_job_runner.py:245} INFO - ::endgroup::
[2025-02-24T04:47:17.299+0000] {local_task_job_runner.py:123} INFO - ::group::Pre task execution logs
[2025-02-24T04:47:17.331+0000] {taskinstance.py:2614} INFO - Dependencies all met for dep_context=non-requeueable deps ti=<TaskInstance: my_first_dag.third_task scheduled__2025-02-16T00:00:00+00:00 [queued]>
[2025-02-24T04:47:17.350+0000] {taskinstance.py:2614} INFO - Dependencies all met for dep_context=requeueable deps ti=<TaskInstance: my_first_dag.third_task scheduled__2025-02-16T00:00:00+00:00 [queued]>
[2025-02-24T04:47:17.351+0000] {taskinstance.py:2867} INFO - Starting attempt 1 of 6
[2025-02-24T04:47:17.508+0000] {taskinstance.py:2890} INFO - Executing <Task(BashOperator): third_task> on 2025-02-16 00:00:00+00:00
[2025-02-24T04:47:17.518+0000] {logging_mixin.py:190} WARNING - /home/***/.local/lib/python3.12/site-packages/***/task/task_runner/standard_task_runner.py:70 DeprecationWarning: This process (pid=1027) is multi-threaded, use of fork() may lead to deadlocks in the child.
[2025-02-24T04:47:17.520+0000] {standard_task_runner.py:72} INFO - Started process 1051 to run task
[2025-02-24T04:47:17.523+0000] {standard_task_runner.py:104} INFO - Running: ['***', 'tasks', 'run', 'my_first_dag', 'third_task', 'scheduled__2025-02-16T00:00:00+00:00', '--job-id', '70', '--raw', '--subdir', 'DAGS_FOLDER/my_first_dags.py', '--cfg-path', '/tmp/tmpsy1gu0l1']
[2025-02-24T04:47:17.527+0000] {standard_task_runner.py:105} INFO - Job 70: Subtask third_task
[2025-02-24T04:47:17.617+0000] {task_command.py:467} INFO - Running <TaskInstance: my_first_dag.third_task scheduled__2025-02-16T00:00:00+00:00 [running]> on host 79e0cb3ed452
[2025-02-24T04:47:17.729+0000] {taskinstance.py:3134} INFO - Exporting env vars: AIRFLOW_CTX_DAG_OWNER='gzang' AIRFLOW_CTX_DAG_ID='my_first_dag' AIRFLOW_CTX_TASK_ID='third_task' AIRFLOW_CTX_EXECUTION_DATE='2025-02-16T00:00:00+00:00' AIRFLOW_CTX_TRY_NUMBER='1' AIRFLOW_CTX_DAG_RUN_ID='scheduled__2025-02-16T00:00:00+00:00'
[2025-02-24T04:47:17.731+0000] {taskinstance.py:732} INFO - ::endgroup::
[2025-02-24T04:47:17.750+0000] {subprocess.py:78} INFO - Tmp dir root location: /tmp
[2025-02-24T04:47:17.751+0000] {subprocess.py:88} INFO - Running command: ['/usr/bin/bash', '-c', 'echo finally, it will be done!!!']
[2025-02-24T04:47:17.761+0000] {subprocess.py:99} INFO - Output:
[2025-02-24T04:47:17.762+0000] {subprocess.py:106} INFO - finally, it will be done!!!
[2025-02-24T04:47:17.763+0000] {subprocess.py:110} INFO - Command exited with return code 0
[2025-02-24T04:47:17.791+0000] {taskinstance.py:341} INFO - ::group::Post task execution logs
[2025-02-24T04:47:17.792+0000] {taskinstance.py:353} INFO - Marking task as SUCCESS. dag_id=my_first_dag, task_id=third_task, run_id=scheduled__2025-02-16T00:00:00+00:00, execution_date=20250216T000000, start_date=20250224T044717, end_date=20250224T044717
[2025-02-24T04:47:17.857+0000] {local_task_job_runner.py:266} INFO - Task exited with return code 0
[2025-02-24T04:47:17.868+0000] {local_task_job_runner.py:245} INFO - ::endgroup::
