[2025-02-23T15:52:38.264+0000] {local_task_job_runner.py:123} INFO - ::group::Pre task execution logs
[2025-02-23T15:52:38.286+0000] {taskinstance.py:2614} INFO - Dependencies all met for dep_context=non-requeueable deps ti=<TaskInstance: my_first_dag.first_task scheduled__2025-02-15T00:00:00+00:00 [queued]>
[2025-02-23T15:52:38.299+0000] {taskinstance.py:2614} INFO - Dependencies all met for dep_context=requeueable deps ti=<TaskInstance: my_first_dag.first_task scheduled__2025-02-15T00:00:00+00:00 [queued]>
[2025-02-23T15:52:38.300+0000] {taskinstance.py:2867} INFO - Starting attempt 1 of 6
[2025-02-23T15:52:38.330+0000] {taskinstance.py:2890} INFO - Executing <Task(BashOperator): first_task> on 2025-02-15 00:00:00+00:00
[2025-02-23T15:52:38.346+0000] {logging_mixin.py:190} WARNING - /home/***/.local/lib/python3.12/site-packages/***/task/task_runner/standard_task_runner.py:70 DeprecationWarning: This process (pid=1428) is multi-threaded, use of fork() may lead to deadlocks in the child.
[2025-02-23T15:52:38.351+0000] {standard_task_runner.py:72} INFO - Started process 1453 to run task
[2025-02-23T15:52:38.350+0000] {standard_task_runner.py:104} INFO - Running: ['***', 'tasks', 'run', 'my_first_dag', 'first_task', 'scheduled__2025-02-15T00:00:00+00:00', '--job-id', '31', '--raw', '--subdir', 'DAGS_FOLDER/my_first_dags.py', '--cfg-path', '/tmp/tmp2v4ua7q7']
[2025-02-23T15:52:38.360+0000] {standard_task_runner.py:105} INFO - Job 31: Subtask first_task
[2025-02-23T15:52:38.471+0000] {task_command.py:467} INFO - Running <TaskInstance: my_first_dag.first_task scheduled__2025-02-15T00:00:00+00:00 [running]> on host 2cebbf768e94
[2025-02-23T15:52:38.603+0000] {taskinstance.py:3134} INFO - Exporting env vars: AIRFLOW_CTX_DAG_OWNER='gzang' AIRFLOW_CTX_DAG_ID='my_first_dag' AIRFLOW_CTX_TASK_ID='first_task' AIRFLOW_CTX_EXECUTION_DATE='2025-02-15T00:00:00+00:00' AIRFLOW_CTX_TRY_NUMBER='1' AIRFLOW_CTX_DAG_RUN_ID='scheduled__2025-02-15T00:00:00+00:00'
[2025-02-23T15:52:38.609+0000] {taskinstance.py:732} INFO - ::endgroup::
[2025-02-23T15:52:38.634+0000] {subprocess.py:78} INFO - Tmp dir root location: /tmp
[2025-02-23T15:52:38.640+0000] {subprocess.py:88} INFO - Running command: ['/usr/bin/bash', '-c', 'echo hello world! the first task is defined!!!']
[2025-02-23T15:52:38.656+0000] {subprocess.py:99} INFO - Output:
[2025-02-23T15:52:38.658+0000] {subprocess.py:106} INFO - hello world! the first task is defined!!!
[2025-02-23T15:52:38.659+0000] {subprocess.py:110} INFO - Command exited with return code 0
[2025-02-23T15:52:38.704+0000] {taskinstance.py:341} INFO - ::group::Post task execution logs
[2025-02-23T15:52:38.705+0000] {taskinstance.py:353} INFO - Marking task as SUCCESS. dag_id=my_first_dag, task_id=first_task, run_id=scheduled__2025-02-15T00:00:00+00:00, execution_date=20250215T000000, start_date=20250223T155238, end_date=20250223T155238
[2025-02-23T15:52:38.816+0000] {local_task_job_runner.py:266} INFO - Task exited with return code 0
[2025-02-23T15:52:38.859+0000] {taskinstance.py:3901} INFO - 1 downstream tasks scheduled from follow-on schedule check
[2025-02-23T15:52:38.863+0000] {local_task_job_runner.py:245} INFO - ::endgroup::
[2025-02-24T04:47:15.564+0000] {local_task_job_runner.py:123} INFO - ::group::Pre task execution logs
[2025-02-24T04:47:15.603+0000] {taskinstance.py:2614} INFO - Dependencies all met for dep_context=non-requeueable deps ti=<TaskInstance: my_first_dag.first_task scheduled__2025-02-15T00:00:00+00:00 [queued]>
[2025-02-24T04:47:15.619+0000] {taskinstance.py:2614} INFO - Dependencies all met for dep_context=requeueable deps ti=<TaskInstance: my_first_dag.first_task scheduled__2025-02-15T00:00:00+00:00 [queued]>
[2025-02-24T04:47:15.621+0000] {taskinstance.py:2867} INFO - Starting attempt 1 of 6
[2025-02-24T04:47:15.646+0000] {taskinstance.py:2890} INFO - Executing <Task(BashOperator): first_task> on 2025-02-15 00:00:00+00:00
[2025-02-24T04:47:15.659+0000] {logging_mixin.py:190} WARNING - /home/***/.local/lib/python3.12/site-packages/***/task/task_runner/standard_task_runner.py:70 DeprecationWarning: This process (pid=943) is multi-threaded, use of fork() may lead to deadlocks in the child.
[2025-02-24T04:47:15.665+0000] {standard_task_runner.py:72} INFO - Started process 954 to run task
[2025-02-24T04:47:15.662+0000] {standard_task_runner.py:104} INFO - Running: ['***', 'tasks', 'run', 'my_first_dag', 'first_task', 'scheduled__2025-02-15T00:00:00+00:00', '--job-id', '42', '--raw', '--subdir', 'DAGS_FOLDER/my_first_dags.py', '--cfg-path', '/tmp/tmp9g8zgecx']
[2025-02-24T04:47:15.676+0000] {standard_task_runner.py:105} INFO - Job 42: Subtask first_task
[2025-02-24T04:47:15.777+0000] {task_command.py:467} INFO - Running <TaskInstance: my_first_dag.first_task scheduled__2025-02-15T00:00:00+00:00 [running]> on host 79e0cb3ed452
[2025-02-24T04:47:15.927+0000] {taskinstance.py:3134} INFO - Exporting env vars: AIRFLOW_CTX_DAG_OWNER='gzang' AIRFLOW_CTX_DAG_ID='my_first_dag' AIRFLOW_CTX_TASK_ID='first_task' AIRFLOW_CTX_EXECUTION_DATE='2025-02-15T00:00:00+00:00' AIRFLOW_CTX_TRY_NUMBER='1' AIRFLOW_CTX_DAG_RUN_ID='scheduled__2025-02-15T00:00:00+00:00'
[2025-02-24T04:47:15.929+0000] {taskinstance.py:732} INFO - ::endgroup::
[2025-02-24T04:47:15.950+0000] {subprocess.py:78} INFO - Tmp dir root location: /tmp
[2025-02-24T04:47:15.952+0000] {subprocess.py:88} INFO - Running command: ['/usr/bin/bash', '-c', 'echo hello world! the first task is defined!!!']
[2025-02-24T04:47:15.969+0000] {subprocess.py:99} INFO - Output:
[2025-02-24T04:47:15.972+0000] {subprocess.py:106} INFO - hello world! the first task is defined!!!
[2025-02-24T04:47:15.973+0000] {subprocess.py:110} INFO - Command exited with return code 0
[2025-02-24T04:47:16.017+0000] {taskinstance.py:341} INFO - ::group::Post task execution logs
[2025-02-24T04:47:16.018+0000] {taskinstance.py:353} INFO - Marking task as SUCCESS. dag_id=my_first_dag, task_id=first_task, run_id=scheduled__2025-02-15T00:00:00+00:00, execution_date=20250215T000000, start_date=20250224T044715, end_date=20250224T044716
[2025-02-24T04:47:16.088+0000] {local_task_job_runner.py:266} INFO - Task exited with return code 0
[2025-02-24T04:47:16.133+0000] {taskinstance.py:3901} INFO - 2 downstream tasks scheduled from follow-on schedule check
[2025-02-24T04:47:16.137+0000] {local_task_job_runner.py:245} INFO - ::endgroup::
