[2025-02-23T15:52:37.956+0000] {local_task_job_runner.py:123} INFO - ::group::Pre task execution logs
[2025-02-23T15:52:37.987+0000] {taskinstance.py:2614} INFO - Dependencies all met for dep_context=non-requeueable deps ti=<TaskInstance: my_first_dag.second_task scheduled__2025-02-09T00:00:00+00:00 [queued]>
[2025-02-23T15:52:38.022+0000] {taskinstance.py:2614} INFO - Dependencies all met for dep_context=requeueable deps ti=<TaskInstance: my_first_dag.second_task scheduled__2025-02-09T00:00:00+00:00 [queued]>
[2025-02-23T15:52:38.025+0000] {taskinstance.py:2867} INFO - Starting attempt 1 of 6
[2025-02-23T15:52:38.049+0000] {taskinstance.py:2890} INFO - Executing <Task(BashOperator): second_task> on 2025-02-09 00:00:00+00:00
[2025-02-23T15:52:38.062+0000] {logging_mixin.py:190} WARNING - /home/***/.local/lib/python3.12/site-packages/***/task/task_runner/standard_task_runner.py:70 DeprecationWarning: This process (pid=1416) is multi-threaded, use of fork() may lead to deadlocks in the child.
[2025-02-23T15:52:38.065+0000] {standard_task_runner.py:72} INFO - Started process 1436 to run task
[2025-02-23T15:52:38.069+0000] {standard_task_runner.py:104} INFO - Running: ['***', 'tasks', 'run', 'my_first_dag', 'second_task', 'scheduled__2025-02-09T00:00:00+00:00', '--job-id', '27', '--raw', '--subdir', 'DAGS_FOLDER/my_first_dags.py', '--cfg-path', '/tmp/tmp1ue7mufx']
[2025-02-23T15:52:38.074+0000] {standard_task_runner.py:105} INFO - Job 27: Subtask second_task
[2025-02-23T15:52:38.163+0000] {task_command.py:467} INFO - Running <TaskInstance: my_first_dag.second_task scheduled__2025-02-09T00:00:00+00:00 [running]> on host 2cebbf768e94
[2025-02-23T15:52:38.282+0000] {taskinstance.py:3134} INFO - Exporting env vars: AIRFLOW_CTX_DAG_OWNER='gzang' AIRFLOW_CTX_DAG_ID='my_first_dag' AIRFLOW_CTX_TASK_ID='second_task' AIRFLOW_CTX_EXECUTION_DATE='2025-02-09T00:00:00+00:00' AIRFLOW_CTX_TRY_NUMBER='1' AIRFLOW_CTX_DAG_RUN_ID='scheduled__2025-02-09T00:00:00+00:00'
[2025-02-23T15:52:38.284+0000] {taskinstance.py:732} INFO - ::endgroup::
[2025-02-23T15:52:38.307+0000] {subprocess.py:78} INFO - Tmp dir root location: /tmp
[2025-02-23T15:52:38.313+0000] {subprocess.py:88} INFO - Running command: ['/usr/bin/bash', '-c', 'echo hey, this is task 2, and will be run after task 1.']
[2025-02-23T15:52:38.330+0000] {subprocess.py:99} INFO - Output:
[2025-02-23T15:52:38.333+0000] {subprocess.py:106} INFO - hey, this is task 2, and will be run after task 1.
[2025-02-23T15:52:38.335+0000] {subprocess.py:110} INFO - Command exited with return code 0
[2025-02-23T15:52:38.396+0000] {taskinstance.py:341} INFO - ::group::Post task execution logs
[2025-02-23T15:52:38.398+0000] {taskinstance.py:353} INFO - Marking task as SUCCESS. dag_id=my_first_dag, task_id=second_task, run_id=scheduled__2025-02-09T00:00:00+00:00, execution_date=20250209T000000, start_date=20250223T155238, end_date=20250223T155238
[2025-02-23T15:52:38.583+0000] {local_task_job_runner.py:266} INFO - Task exited with return code 0
[2025-02-23T15:52:38.628+0000] {taskinstance.py:3901} INFO - 1 downstream tasks scheduled from follow-on schedule check
[2025-02-23T15:52:38.635+0000] {local_task_job_runner.py:245} INFO - ::endgroup::
[2025-02-24T04:47:15.036+0000] {local_task_job_runner.py:123} INFO - ::group::Pre task execution logs
[2025-02-24T04:47:15.078+0000] {taskinstance.py:2614} INFO - Dependencies all met for dep_context=non-requeueable deps ti=<TaskInstance: my_first_dag.second_task scheduled__2025-02-09T00:00:00+00:00 [queued]>
[2025-02-24T04:47:15.095+0000] {taskinstance.py:2614} INFO - Dependencies all met for dep_context=requeueable deps ti=<TaskInstance: my_first_dag.second_task scheduled__2025-02-09T00:00:00+00:00 [queued]>
[2025-02-24T04:47:15.096+0000] {taskinstance.py:2867} INFO - Starting attempt 1 of 6
[2025-02-24T04:47:15.120+0000] {taskinstance.py:2890} INFO - Executing <Task(BashOperator): second_task> on 2025-02-09 00:00:00+00:00
[2025-02-24T04:47:15.130+0000] {logging_mixin.py:190} WARNING - /home/***/.local/lib/python3.12/site-packages/***/task/task_runner/standard_task_runner.py:70 DeprecationWarning: This process (pid=905) is multi-threaded, use of fork() may lead to deadlocks in the child.
[2025-02-24T04:47:15.132+0000] {standard_task_runner.py:72} INFO - Started process 930 to run task
[2025-02-24T04:47:15.132+0000] {standard_task_runner.py:104} INFO - Running: ['***', 'tasks', 'run', 'my_first_dag', 'second_task', 'scheduled__2025-02-09T00:00:00+00:00', '--job-id', '35', '--raw', '--subdir', 'DAGS_FOLDER/my_first_dags.py', '--cfg-path', '/tmp/tmp6krk38iu']
[2025-02-24T04:47:15.141+0000] {standard_task_runner.py:105} INFO - Job 35: Subtask second_task
[2025-02-24T04:47:15.226+0000] {task_command.py:467} INFO - Running <TaskInstance: my_first_dag.second_task scheduled__2025-02-09T00:00:00+00:00 [running]> on host 79e0cb3ed452
[2025-02-24T04:47:15.413+0000] {taskinstance.py:3134} INFO - Exporting env vars: AIRFLOW_CTX_DAG_OWNER='gzang' AIRFLOW_CTX_DAG_ID='my_first_dag' AIRFLOW_CTX_TASK_ID='second_task' AIRFLOW_CTX_EXECUTION_DATE='2025-02-09T00:00:00+00:00' AIRFLOW_CTX_TRY_NUMBER='1' AIRFLOW_CTX_DAG_RUN_ID='scheduled__2025-02-09T00:00:00+00:00'
[2025-02-24T04:47:15.417+0000] {taskinstance.py:732} INFO - ::endgroup::
[2025-02-24T04:47:15.441+0000] {subprocess.py:78} INFO - Tmp dir root location: /tmp
[2025-02-24T04:47:15.445+0000] {subprocess.py:88} INFO - Running command: ['/usr/bin/bash', '-c', 'echo hey, this is task 2, and will be run after task 1.']
[2025-02-24T04:47:15.461+0000] {subprocess.py:99} INFO - Output:
[2025-02-24T04:47:15.463+0000] {subprocess.py:106} INFO - hey, this is task 2, and will be run after task 1.
[2025-02-24T04:47:15.464+0000] {subprocess.py:110} INFO - Command exited with return code 0
[2025-02-24T04:47:15.508+0000] {taskinstance.py:341} INFO - ::group::Post task execution logs
[2025-02-24T04:47:15.512+0000] {taskinstance.py:353} INFO - Marking task as SUCCESS. dag_id=my_first_dag, task_id=second_task, run_id=scheduled__2025-02-09T00:00:00+00:00, execution_date=20250209T000000, start_date=20250224T044715, end_date=20250224T044715
[2025-02-24T04:47:15.598+0000] {local_task_job_runner.py:266} INFO - Task exited with return code 0
[2025-02-24T04:47:15.615+0000] {local_task_job_runner.py:245} INFO - ::endgroup::
