[2025-02-23T15:52:38.728+0000] {local_task_job_runner.py:123} INFO - ::group::Pre task execution logs
[2025-02-23T15:52:38.751+0000] {taskinstance.py:2614} INFO - Dependencies all met for dep_context=non-requeueable deps ti=<TaskInstance: my_first_dag.second_task scheduled__2025-02-12T00:00:00+00:00 [queued]>
[2025-02-23T15:52:38.761+0000] {taskinstance.py:2614} INFO - Dependencies all met for dep_context=requeueable deps ti=<TaskInstance: my_first_dag.second_task scheduled__2025-02-12T00:00:00+00:00 [queued]>
[2025-02-23T15:52:38.762+0000] {taskinstance.py:2867} INFO - Starting attempt 1 of 6
[2025-02-23T15:52:38.801+0000] {taskinstance.py:2890} INFO - Executing <Task(BashOperator): second_task> on 2025-02-12 00:00:00+00:00
[2025-02-23T15:52:38.813+0000] {standard_task_runner.py:104} INFO - Running: ['***', 'tasks', 'run', 'my_first_dag', 'second_task', 'scheduled__2025-02-12T00:00:00+00:00', '--job-id', '38', '--raw', '--subdir', 'DAGS_FOLDER/my_first_dags.py', '--cfg-path', '/tmp/tmpow9sdswy']
[2025-02-23T15:52:38.817+0000] {standard_task_runner.py:105} INFO - Job 38: Subtask second_task
[2025-02-23T15:52:38.820+0000] {logging_mixin.py:190} WARNING - /home/***/.local/lib/python3.12/site-packages/***/task/task_runner/standard_task_runner.py:70 DeprecationWarning: This process (pid=1452) is multi-threaded, use of fork() may lead to deadlocks in the child.
[2025-02-23T15:52:38.821+0000] {standard_task_runner.py:72} INFO - Started process 1469 to run task
[2025-02-23T15:52:38.889+0000] {task_command.py:467} INFO - Running <TaskInstance: my_first_dag.second_task scheduled__2025-02-12T00:00:00+00:00 [running]> on host 2cebbf768e94
[2025-02-23T15:52:39.007+0000] {taskinstance.py:3134} INFO - Exporting env vars: AIRFLOW_CTX_DAG_OWNER='gzang' AIRFLOW_CTX_DAG_ID='my_first_dag' AIRFLOW_CTX_TASK_ID='second_task' AIRFLOW_CTX_EXECUTION_DATE='2025-02-12T00:00:00+00:00' AIRFLOW_CTX_TRY_NUMBER='1' AIRFLOW_CTX_DAG_RUN_ID='scheduled__2025-02-12T00:00:00+00:00'
[2025-02-23T15:52:39.010+0000] {taskinstance.py:732} INFO - ::endgroup::
[2025-02-23T15:52:39.030+0000] {subprocess.py:78} INFO - Tmp dir root location: /tmp
[2025-02-23T15:52:39.032+0000] {subprocess.py:88} INFO - Running command: ['/usr/bin/bash', '-c', 'echo hey, this is task 2, and will be run after task 1.']
[2025-02-23T15:52:39.043+0000] {subprocess.py:99} INFO - Output:
[2025-02-23T15:52:39.045+0000] {subprocess.py:106} INFO - hey, this is task 2, and will be run after task 1.
[2025-02-23T15:52:39.046+0000] {subprocess.py:110} INFO - Command exited with return code 0
[2025-02-23T15:52:39.081+0000] {taskinstance.py:341} INFO - ::group::Post task execution logs
[2025-02-23T15:52:39.082+0000] {taskinstance.py:353} INFO - Marking task as SUCCESS. dag_id=my_first_dag, task_id=second_task, run_id=scheduled__2025-02-12T00:00:00+00:00, execution_date=20250212T000000, start_date=20250223T155238, end_date=20250223T155239
[2025-02-23T15:52:39.241+0000] {local_task_job_runner.py:266} INFO - Task exited with return code 0
[2025-02-23T15:52:39.256+0000] {local_task_job_runner.py:245} INFO - ::endgroup::
[2025-02-24T04:47:15.568+0000] {local_task_job_runner.py:123} INFO - ::group::Pre task execution logs
[2025-02-24T04:47:15.602+0000] {taskinstance.py:2614} INFO - Dependencies all met for dep_context=non-requeueable deps ti=<TaskInstance: my_first_dag.second_task scheduled__2025-02-12T00:00:00+00:00 [queued]>
[2025-02-24T04:47:15.622+0000] {taskinstance.py:2614} INFO - Dependencies all met for dep_context=requeueable deps ti=<TaskInstance: my_first_dag.second_task scheduled__2025-02-12T00:00:00+00:00 [queued]>
[2025-02-24T04:47:15.626+0000] {taskinstance.py:2867} INFO - Starting attempt 1 of 6
[2025-02-24T04:47:15.655+0000] {taskinstance.py:2890} INFO - Executing <Task(BashOperator): second_task> on 2025-02-12 00:00:00+00:00
[2025-02-24T04:47:15.666+0000] {standard_task_runner.py:104} INFO - Running: ['***', 'tasks', 'run', 'my_first_dag', 'second_task', 'scheduled__2025-02-12T00:00:00+00:00', '--job-id', '44', '--raw', '--subdir', 'DAGS_FOLDER/my_first_dags.py', '--cfg-path', '/tmp/tmp82us_nai']
[2025-02-24T04:47:15.668+0000] {logging_mixin.py:190} WARNING - /home/***/.local/lib/python3.12/site-packages/***/task/task_runner/standard_task_runner.py:70 DeprecationWarning: This process (pid=944) is multi-threaded, use of fork() may lead to deadlocks in the child.
[2025-02-24T04:47:15.675+0000] {standard_task_runner.py:72} INFO - Started process 956 to run task
[2025-02-24T04:47:15.671+0000] {standard_task_runner.py:105} INFO - Job 44: Subtask second_task
[2025-02-24T04:47:15.778+0000] {task_command.py:467} INFO - Running <TaskInstance: my_first_dag.second_task scheduled__2025-02-12T00:00:00+00:00 [running]> on host 79e0cb3ed452
[2025-02-24T04:47:16.084+0000] {taskinstance.py:3134} INFO - Exporting env vars: AIRFLOW_CTX_DAG_OWNER='gzang' AIRFLOW_CTX_DAG_ID='my_first_dag' AIRFLOW_CTX_TASK_ID='second_task' AIRFLOW_CTX_EXECUTION_DATE='2025-02-12T00:00:00+00:00' AIRFLOW_CTX_TRY_NUMBER='1' AIRFLOW_CTX_DAG_RUN_ID='scheduled__2025-02-12T00:00:00+00:00'
[2025-02-24T04:47:16.088+0000] {taskinstance.py:732} INFO - ::endgroup::
[2025-02-24T04:47:16.117+0000] {subprocess.py:78} INFO - Tmp dir root location: /tmp
[2025-02-24T04:47:16.119+0000] {subprocess.py:88} INFO - Running command: ['/usr/bin/bash', '-c', 'echo hey, this is task 2, and will be run after task 1.']
[2025-02-24T04:47:16.135+0000] {subprocess.py:99} INFO - Output:
[2025-02-24T04:47:16.136+0000] {subprocess.py:106} INFO - hey, this is task 2, and will be run after task 1.
[2025-02-24T04:47:16.138+0000] {subprocess.py:110} INFO - Command exited with return code 0
[2025-02-24T04:47:16.183+0000] {taskinstance.py:341} INFO - ::group::Post task execution logs
[2025-02-24T04:47:16.185+0000] {taskinstance.py:353} INFO - Marking task as SUCCESS. dag_id=my_first_dag, task_id=second_task, run_id=scheduled__2025-02-12T00:00:00+00:00, execution_date=20250212T000000, start_date=20250224T044715, end_date=20250224T044716
[2025-02-24T04:47:16.260+0000] {local_task_job_runner.py:266} INFO - Task exited with return code 0
[2025-02-24T04:47:16.275+0000] {local_task_job_runner.py:245} INFO - ::endgroup::
