[2025-02-23T15:52:38.257+0000] {local_task_job_runner.py:123} INFO - ::group::Pre task execution logs
[2025-02-23T15:52:38.291+0000] {taskinstance.py:2614} INFO - Dependencies all met for dep_context=non-requeueable deps ti=<TaskInstance: my_first_dag.third_task scheduled__2025-02-05T00:00:00+00:00 [queued]>
[2025-02-23T15:52:38.311+0000] {taskinstance.py:2614} INFO - Dependencies all met for dep_context=requeueable deps ti=<TaskInstance: my_first_dag.third_task scheduled__2025-02-05T00:00:00+00:00 [queued]>
[2025-02-23T15:52:38.312+0000] {taskinstance.py:2867} INFO - Starting attempt 1 of 6
[2025-02-23T15:52:38.344+0000] {taskinstance.py:2890} INFO - Executing <Task(BashOperator): third_task> on 2025-02-05 00:00:00+00:00
[2025-02-23T15:52:38.369+0000] {logging_mixin.py:190} WARNING - /home/***/.local/lib/python3.12/site-packages/***/task/task_runner/standard_task_runner.py:70 DeprecationWarning: This process (pid=1429) is multi-threaded, use of fork() may lead to deadlocks in the child.
[2025-02-23T15:52:38.361+0000] {standard_task_runner.py:104} INFO - Running: ['***', 'tasks', 'run', 'my_first_dag', 'third_task', 'scheduled__2025-02-05T00:00:00+00:00', '--job-id', '30', '--raw', '--subdir', 'DAGS_FOLDER/my_first_dags.py', '--cfg-path', '/tmp/tmplkockff9']
[2025-02-23T15:52:38.377+0000] {standard_task_runner.py:105} INFO - Job 30: Subtask third_task
[2025-02-23T15:52:38.374+0000] {standard_task_runner.py:72} INFO - Started process 1456 to run task
[2025-02-23T15:52:38.470+0000] {task_command.py:467} INFO - Running <TaskInstance: my_first_dag.third_task scheduled__2025-02-05T00:00:00+00:00 [running]> on host 2cebbf768e94
[2025-02-23T15:52:38.590+0000] {taskinstance.py:3134} INFO - Exporting env vars: AIRFLOW_CTX_DAG_OWNER='gzang' AIRFLOW_CTX_DAG_ID='my_first_dag' AIRFLOW_CTX_TASK_ID='third_task' AIRFLOW_CTX_EXECUTION_DATE='2025-02-05T00:00:00+00:00' AIRFLOW_CTX_TRY_NUMBER='1' AIRFLOW_CTX_DAG_RUN_ID='scheduled__2025-02-05T00:00:00+00:00'
[2025-02-23T15:52:38.593+0000] {taskinstance.py:732} INFO - ::endgroup::
[2025-02-23T15:52:38.618+0000] {subprocess.py:78} INFO - Tmp dir root location: /tmp
[2025-02-23T15:52:38.620+0000] {subprocess.py:88} INFO - Running command: ['/usr/bin/bash', '-c', 'echo finally, it will be done!!!']
[2025-02-23T15:52:38.632+0000] {subprocess.py:99} INFO - Output:
[2025-02-23T15:52:38.634+0000] {subprocess.py:106} INFO - finally, it will be done!!!
[2025-02-23T15:52:38.634+0000] {subprocess.py:110} INFO - Command exited with return code 0
[2025-02-23T15:52:38.699+0000] {taskinstance.py:341} INFO - ::group::Post task execution logs
[2025-02-23T15:52:38.700+0000] {taskinstance.py:353} INFO - Marking task as SUCCESS. dag_id=my_first_dag, task_id=third_task, run_id=scheduled__2025-02-05T00:00:00+00:00, execution_date=20250205T000000, start_date=20250223T155238, end_date=20250223T155238
[2025-02-23T15:52:38.852+0000] {local_task_job_runner.py:266} INFO - Task exited with return code 0
[2025-02-23T15:52:38.881+0000] {taskinstance.py:3901} INFO - 0 downstream tasks scheduled from follow-on schedule check
[2025-02-23T15:52:38.885+0000] {local_task_job_runner.py:245} INFO - ::endgroup::
[2025-02-24T04:47:13.848+0000] {local_task_job_runner.py:123} INFO - ::group::Pre task execution logs
[2025-02-24T04:47:13.876+0000] {taskinstance.py:2614} INFO - Dependencies all met for dep_context=non-requeueable deps ti=<TaskInstance: my_first_dag.third_task scheduled__2025-02-05T00:00:00+00:00 [queued]>
[2025-02-24T04:47:13.893+0000] {taskinstance.py:2614} INFO - Dependencies all met for dep_context=requeueable deps ti=<TaskInstance: my_first_dag.third_task scheduled__2025-02-05T00:00:00+00:00 [queued]>
[2025-02-24T04:47:13.897+0000] {taskinstance.py:2867} INFO - Starting attempt 1 of 6
[2025-02-24T04:47:14.020+0000] {taskinstance.py:2890} INFO - Executing <Task(BashOperator): third_task> on 2025-02-05 00:00:00+00:00
[2025-02-24T04:47:14.028+0000] {standard_task_runner.py:104} INFO - Running: ['***', 'tasks', 'run', 'my_first_dag', 'third_task', 'scheduled__2025-02-05T00:00:00+00:00', '--job-id', '21', '--raw', '--subdir', 'DAGS_FOLDER/my_first_dags.py', '--cfg-path', '/tmp/tmp0jso9wpu']
[2025-02-24T04:47:14.033+0000] {standard_task_runner.py:105} INFO - Job 21: Subtask third_task
[2025-02-24T04:47:14.035+0000] {logging_mixin.py:190} WARNING - /home/***/.local/lib/python3.12/site-packages/***/task/task_runner/standard_task_runner.py:70 DeprecationWarning: This process (pid=846) is multi-threaded, use of fork() may lead to deadlocks in the child.
[2025-02-24T04:47:14.038+0000] {standard_task_runner.py:72} INFO - Started process 868 to run task
[2025-02-24T04:47:14.119+0000] {task_command.py:467} INFO - Running <TaskInstance: my_first_dag.third_task scheduled__2025-02-05T00:00:00+00:00 [running]> on host 79e0cb3ed452
[2025-02-24T04:47:14.232+0000] {taskinstance.py:3134} INFO - Exporting env vars: AIRFLOW_CTX_DAG_OWNER='gzang' AIRFLOW_CTX_DAG_ID='my_first_dag' AIRFLOW_CTX_TASK_ID='third_task' AIRFLOW_CTX_EXECUTION_DATE='2025-02-05T00:00:00+00:00' AIRFLOW_CTX_TRY_NUMBER='1' AIRFLOW_CTX_DAG_RUN_ID='scheduled__2025-02-05T00:00:00+00:00'
[2025-02-24T04:47:14.233+0000] {taskinstance.py:732} INFO - ::endgroup::
[2025-02-24T04:47:14.246+0000] {subprocess.py:78} INFO - Tmp dir root location: /tmp
[2025-02-24T04:47:14.247+0000] {subprocess.py:88} INFO - Running command: ['/usr/bin/bash', '-c', 'echo finally, it will be done!!!']
[2025-02-24T04:47:14.256+0000] {subprocess.py:99} INFO - Output:
[2025-02-24T04:47:14.257+0000] {subprocess.py:106} INFO - finally, it will be done!!!
[2025-02-24T04:47:14.257+0000] {subprocess.py:110} INFO - Command exited with return code 0
[2025-02-24T04:47:14.280+0000] {taskinstance.py:341} INFO - ::group::Post task execution logs
[2025-02-24T04:47:14.281+0000] {taskinstance.py:353} INFO - Marking task as SUCCESS. dag_id=my_first_dag, task_id=third_task, run_id=scheduled__2025-02-05T00:00:00+00:00, execution_date=20250205T000000, start_date=20250224T044713, end_date=20250224T044714
[2025-02-24T04:47:14.343+0000] {local_task_job_runner.py:266} INFO - Task exited with return code 0
[2025-02-24T04:47:14.415+0000] {taskinstance.py:3901} INFO - 1 downstream tasks scheduled from follow-on schedule check
[2025-02-24T04:47:14.419+0000] {local_task_job_runner.py:245} INFO - ::endgroup::
