[2025-02-23T15:52:44.424+0000] {local_task_job_runner.py:123} INFO - ::group::Pre task execution logs
[2025-02-23T15:52:44.446+0000] {taskinstance.py:2614} INFO - Dependencies all met for dep_context=non-requeueable deps ti=<TaskInstance: my_first_dag.second_task scheduled__2025-02-20T00:00:00+00:00 [queued]>
[2025-02-23T15:52:44.458+0000] {taskinstance.py:2614} INFO - Dependencies all met for dep_context=requeueable deps ti=<TaskInstance: my_first_dag.second_task scheduled__2025-02-20T00:00:00+00:00 [queued]>
[2025-02-23T15:52:44.458+0000] {taskinstance.py:2867} INFO - Starting attempt 1 of 6
[2025-02-23T15:52:44.472+0000] {taskinstance.py:2890} INFO - Executing <Task(BashOperator): second_task> on 2025-02-20 00:00:00+00:00
[2025-02-23T15:52:44.481+0000] {logging_mixin.py:190} WARNING - /home/***/.local/lib/python3.12/site-packages/***/task/task_runner/standard_task_runner.py:70 DeprecationWarning: This process (pid=1565) is multi-threaded, use of fork() may lead to deadlocks in the child.
[2025-02-23T15:52:44.483+0000] {standard_task_runner.py:72} INFO - Started process 1575 to run task
[2025-02-23T15:52:44.484+0000] {standard_task_runner.py:104} INFO - Running: ['***', 'tasks', 'run', 'my_first_dag', 'second_task', 'scheduled__2025-02-20T00:00:00+00:00', '--job-id', '59', '--raw', '--subdir', 'DAGS_FOLDER/my_first_dags.py', '--cfg-path', '/tmp/tmpc2ory742']
[2025-02-23T15:52:44.487+0000] {standard_task_runner.py:105} INFO - Job 59: Subtask second_task
[2025-02-23T15:52:44.539+0000] {task_command.py:467} INFO - Running <TaskInstance: my_first_dag.second_task scheduled__2025-02-20T00:00:00+00:00 [running]> on host 2cebbf768e94
[2025-02-23T15:52:44.641+0000] {taskinstance.py:3134} INFO - Exporting env vars: AIRFLOW_CTX_DAG_OWNER='gzang' AIRFLOW_CTX_DAG_ID='my_first_dag' AIRFLOW_CTX_TASK_ID='second_task' AIRFLOW_CTX_EXECUTION_DATE='2025-02-20T00:00:00+00:00' AIRFLOW_CTX_TRY_NUMBER='1' AIRFLOW_CTX_DAG_RUN_ID='scheduled__2025-02-20T00:00:00+00:00'
[2025-02-23T15:52:44.641+0000] {taskinstance.py:732} INFO - ::endgroup::
[2025-02-23T15:52:44.660+0000] {subprocess.py:78} INFO - Tmp dir root location: /tmp
[2025-02-23T15:52:44.662+0000] {subprocess.py:88} INFO - Running command: ['/usr/bin/bash', '-c', 'echo hey, this is task 2, and will be run after task 1.']
[2025-02-23T15:52:44.671+0000] {subprocess.py:99} INFO - Output:
[2025-02-23T15:52:44.672+0000] {subprocess.py:106} INFO - hey, this is task 2, and will be run after task 1.
[2025-02-23T15:52:44.673+0000] {subprocess.py:110} INFO - Command exited with return code 0
[2025-02-23T15:52:44.701+0000] {taskinstance.py:341} INFO - ::group::Post task execution logs
[2025-02-23T15:52:44.702+0000] {taskinstance.py:353} INFO - Marking task as SUCCESS. dag_id=my_first_dag, task_id=second_task, run_id=scheduled__2025-02-20T00:00:00+00:00, execution_date=20250220T000000, start_date=20250223T155244, end_date=20250223T155244
[2025-02-23T15:52:44.741+0000] {local_task_job_runner.py:266} INFO - Task exited with return code 0
[2025-02-23T15:52:44.774+0000] {taskinstance.py:3901} INFO - 1 downstream tasks scheduled from follow-on schedule check
[2025-02-23T15:52:44.777+0000] {local_task_job_runner.py:245} INFO - ::endgroup::
[2025-02-24T04:47:22.766+0000] {local_task_job_runner.py:123} INFO - ::group::Pre task execution logs
[2025-02-24T04:47:22.815+0000] {taskinstance.py:2614} INFO - Dependencies all met for dep_context=non-requeueable deps ti=<TaskInstance: my_first_dag.second_task scheduled__2025-02-20T00:00:00+00:00 [queued]>
[2025-02-24T04:47:22.831+0000] {taskinstance.py:2614} INFO - Dependencies all met for dep_context=requeueable deps ti=<TaskInstance: my_first_dag.second_task scheduled__2025-02-20T00:00:00+00:00 [queued]>
[2025-02-24T04:47:22.832+0000] {taskinstance.py:2867} INFO - Starting attempt 1 of 6
[2025-02-24T04:47:22.879+0000] {taskinstance.py:2890} INFO - Executing <Task(BashOperator): second_task> on 2025-02-20 00:00:00+00:00
[2025-02-24T04:47:22.890+0000] {logging_mixin.py:190} WARNING - /home/***/.local/lib/python3.12/site-packages/***/task/task_runner/standard_task_runner.py:70 DeprecationWarning: This process (pid=1128) is multi-threaded, use of fork() may lead to deadlocks in the child.
[2025-02-24T04:47:22.892+0000] {standard_task_runner.py:72} INFO - Started process 1150 to run task
[2025-02-24T04:47:22.891+0000] {standard_task_runner.py:104} INFO - Running: ['***', 'tasks', 'run', 'my_first_dag', 'second_task', 'scheduled__2025-02-20T00:00:00+00:00', '--job-id', '100', '--raw', '--subdir', 'DAGS_FOLDER/my_first_dags.py', '--cfg-path', '/tmp/tmp_ew1tm02']
[2025-02-24T04:47:22.894+0000] {standard_task_runner.py:105} INFO - Job 100: Subtask second_task
[2025-02-24T04:47:22.963+0000] {task_command.py:467} INFO - Running <TaskInstance: my_first_dag.second_task scheduled__2025-02-20T00:00:00+00:00 [running]> on host 79e0cb3ed452
[2025-02-24T04:47:23.081+0000] {taskinstance.py:3134} INFO - Exporting env vars: AIRFLOW_CTX_DAG_OWNER='gzang' AIRFLOW_CTX_DAG_ID='my_first_dag' AIRFLOW_CTX_TASK_ID='second_task' AIRFLOW_CTX_EXECUTION_DATE='2025-02-20T00:00:00+00:00' AIRFLOW_CTX_TRY_NUMBER='1' AIRFLOW_CTX_DAG_RUN_ID='scheduled__2025-02-20T00:00:00+00:00'
[2025-02-24T04:47:23.083+0000] {taskinstance.py:732} INFO - ::endgroup::
[2025-02-24T04:47:23.102+0000] {subprocess.py:78} INFO - Tmp dir root location: /tmp
[2025-02-24T04:47:23.103+0000] {subprocess.py:88} INFO - Running command: ['/usr/bin/bash', '-c', 'echo hey, this is task 2, and will be run after task 1.']
[2025-02-24T04:47:23.111+0000] {subprocess.py:99} INFO - Output:
[2025-02-24T04:47:23.112+0000] {subprocess.py:106} INFO - hey, this is task 2, and will be run after task 1.
[2025-02-24T04:47:23.113+0000] {subprocess.py:110} INFO - Command exited with return code 0
[2025-02-24T04:47:23.137+0000] {taskinstance.py:341} INFO - ::group::Post task execution logs
[2025-02-24T04:47:23.138+0000] {taskinstance.py:353} INFO - Marking task as SUCCESS. dag_id=my_first_dag, task_id=second_task, run_id=scheduled__2025-02-20T00:00:00+00:00, execution_date=20250220T000000, start_date=20250224T044722, end_date=20250224T044723
[2025-02-24T04:47:23.190+0000] {local_task_job_runner.py:266} INFO - Task exited with return code 0
[2025-02-24T04:47:23.212+0000] {local_task_job_runner.py:245} INFO - ::endgroup::
