[2025-02-23T15:52:37.937+0000] {local_task_job_runner.py:123} INFO - ::group::Pre task execution logs
[2025-02-23T15:52:37.974+0000] {taskinstance.py:2614} INFO - Dependencies all met for dep_context=non-requeueable deps ti=<TaskInstance: my_first_dag.third_task scheduled__2025-02-03T00:00:00+00:00 [queued]>
[2025-02-23T15:52:38.007+0000] {taskinstance.py:2614} INFO - Dependencies all met for dep_context=requeueable deps ti=<TaskInstance: my_first_dag.third_task scheduled__2025-02-03T00:00:00+00:00 [queued]>
[2025-02-23T15:52:38.009+0000] {taskinstance.py:2867} INFO - Starting attempt 1 of 6
[2025-02-23T15:52:38.037+0000] {taskinstance.py:2890} INFO - Executing <Task(BashOperator): third_task> on 2025-02-03 00:00:00+00:00
[2025-02-23T15:52:38.048+0000] {standard_task_runner.py:104} INFO - Running: ['***', 'tasks', 'run', 'my_first_dag', 'third_task', 'scheduled__2025-02-03T00:00:00+00:00', '--job-id', '24', '--raw', '--subdir', 'DAGS_FOLDER/my_first_dags.py', '--cfg-path', '/tmp/tmp5ywelcwt']
[2025-02-23T15:52:38.051+0000] {standard_task_runner.py:105} INFO - Job 24: Subtask third_task
[2025-02-23T15:52:38.053+0000] {logging_mixin.py:190} WARNING - /home/***/.local/lib/python3.12/site-packages/***/task/task_runner/standard_task_runner.py:70 DeprecationWarning: This process (pid=1420) is multi-threaded, use of fork() may lead to deadlocks in the child.
[2025-02-23T15:52:38.054+0000] {standard_task_runner.py:72} INFO - Started process 1433 to run task
[2025-02-23T15:52:38.149+0000] {task_command.py:467} INFO - Running <TaskInstance: my_first_dag.third_task scheduled__2025-02-03T00:00:00+00:00 [running]> on host 2cebbf768e94
[2025-02-23T15:52:38.282+0000] {taskinstance.py:3134} INFO - Exporting env vars: AIRFLOW_CTX_DAG_OWNER='gzang' AIRFLOW_CTX_DAG_ID='my_first_dag' AIRFLOW_CTX_TASK_ID='third_task' AIRFLOW_CTX_EXECUTION_DATE='2025-02-03T00:00:00+00:00' AIRFLOW_CTX_TRY_NUMBER='1' AIRFLOW_CTX_DAG_RUN_ID='scheduled__2025-02-03T00:00:00+00:00'
[2025-02-23T15:52:38.285+0000] {taskinstance.py:732} INFO - ::endgroup::
[2025-02-23T15:52:38.308+0000] {subprocess.py:78} INFO - Tmp dir root location: /tmp
[2025-02-23T15:52:38.310+0000] {subprocess.py:88} INFO - Running command: ['/usr/bin/bash', '-c', 'echo finally, it will be done!!!']
[2025-02-23T15:52:38.331+0000] {subprocess.py:99} INFO - Output:
[2025-02-23T15:52:38.333+0000] {subprocess.py:106} INFO - finally, it will be done!!!
[2025-02-23T15:52:38.334+0000] {subprocess.py:110} INFO - Command exited with return code 0
[2025-02-23T15:52:38.409+0000] {taskinstance.py:341} INFO - ::group::Post task execution logs
[2025-02-23T15:52:38.410+0000] {taskinstance.py:353} INFO - Marking task as SUCCESS. dag_id=my_first_dag, task_id=third_task, run_id=scheduled__2025-02-03T00:00:00+00:00, execution_date=20250203T000000, start_date=20250223T155237, end_date=20250223T155238
[2025-02-23T15:52:38.576+0000] {local_task_job_runner.py:266} INFO - Task exited with return code 0
[2025-02-23T15:52:38.597+0000] {taskinstance.py:3901} INFO - 0 downstream tasks scheduled from follow-on schedule check
[2025-02-23T15:52:38.600+0000] {local_task_job_runner.py:245} INFO - ::endgroup::
[2025-02-24T04:47:13.549+0000] {local_task_job_runner.py:123} INFO - ::group::Pre task execution logs
[2025-02-24T04:47:13.594+0000] {taskinstance.py:2614} INFO - Dependencies all met for dep_context=non-requeueable deps ti=<TaskInstance: my_first_dag.third_task scheduled__2025-02-03T00:00:00+00:00 [queued]>
[2025-02-24T04:47:13.618+0000] {taskinstance.py:2614} INFO - Dependencies all met for dep_context=requeueable deps ti=<TaskInstance: my_first_dag.third_task scheduled__2025-02-03T00:00:00+00:00 [queued]>
[2025-02-24T04:47:13.624+0000] {taskinstance.py:2867} INFO - Starting attempt 1 of 6
[2025-02-24T04:47:13.760+0000] {taskinstance.py:2890} INFO - Executing <Task(BashOperator): third_task> on 2025-02-03 00:00:00+00:00
[2025-02-24T04:47:13.776+0000] {logging_mixin.py:190} WARNING - /home/***/.local/lib/python3.12/site-packages/***/task/task_runner/standard_task_runner.py:70 DeprecationWarning: This process (pid=831) is multi-threaded, use of fork() may lead to deadlocks in the child.
[2025-02-24T04:47:13.779+0000] {standard_task_runner.py:72} INFO - Started process 854 to run task
[2025-02-24T04:47:13.781+0000] {standard_task_runner.py:104} INFO - Running: ['***', 'tasks', 'run', 'my_first_dag', 'third_task', 'scheduled__2025-02-03T00:00:00+00:00', '--job-id', '15', '--raw', '--subdir', 'DAGS_FOLDER/my_first_dags.py', '--cfg-path', '/tmp/tmpi2tlgvd9']
[2025-02-24T04:47:13.784+0000] {standard_task_runner.py:105} INFO - Job 15: Subtask third_task
[2025-02-24T04:47:13.889+0000] {task_command.py:467} INFO - Running <TaskInstance: my_first_dag.third_task scheduled__2025-02-03T00:00:00+00:00 [running]> on host 79e0cb3ed452
[2025-02-24T04:47:13.997+0000] {taskinstance.py:3134} INFO - Exporting env vars: AIRFLOW_CTX_DAG_OWNER='gzang' AIRFLOW_CTX_DAG_ID='my_first_dag' AIRFLOW_CTX_TASK_ID='third_task' AIRFLOW_CTX_EXECUTION_DATE='2025-02-03T00:00:00+00:00' AIRFLOW_CTX_TRY_NUMBER='1' AIRFLOW_CTX_DAG_RUN_ID='scheduled__2025-02-03T00:00:00+00:00'
[2025-02-24T04:47:13.999+0000] {taskinstance.py:732} INFO - ::endgroup::
[2025-02-24T04:47:14.016+0000] {subprocess.py:78} INFO - Tmp dir root location: /tmp
[2025-02-24T04:47:14.017+0000] {subprocess.py:88} INFO - Running command: ['/usr/bin/bash', '-c', 'echo finally, it will be done!!!']
[2025-02-24T04:47:14.029+0000] {subprocess.py:99} INFO - Output:
[2025-02-24T04:47:14.030+0000] {subprocess.py:106} INFO - finally, it will be done!!!
[2025-02-24T04:47:14.031+0000] {subprocess.py:110} INFO - Command exited with return code 0
[2025-02-24T04:47:14.083+0000] {taskinstance.py:341} INFO - ::group::Post task execution logs
[2025-02-24T04:47:14.084+0000] {taskinstance.py:353} INFO - Marking task as SUCCESS. dag_id=my_first_dag, task_id=third_task, run_id=scheduled__2025-02-03T00:00:00+00:00, execution_date=20250203T000000, start_date=20250224T044713, end_date=20250224T044714
[2025-02-24T04:47:14.169+0000] {local_task_job_runner.py:266} INFO - Task exited with return code 0
[2025-02-24T04:47:14.181+0000] {local_task_job_runner.py:245} INFO - ::endgroup::
