[2025-02-23T15:52:37.950+0000] {local_task_job_runner.py:123} INFO - ::group::Pre task execution logs
[2025-02-23T15:52:37.981+0000] {taskinstance.py:2614} INFO - Dependencies all met for dep_context=non-requeueable deps ti=<TaskInstance: my_first_dag.third_task scheduled__2025-02-02T00:00:00+00:00 [queued]>
[2025-02-23T15:52:37.995+0000] {taskinstance.py:2614} INFO - Dependencies all met for dep_context=requeueable deps ti=<TaskInstance: my_first_dag.third_task scheduled__2025-02-02T00:00:00+00:00 [queued]>
[2025-02-23T15:52:37.997+0000] {taskinstance.py:2867} INFO - Starting attempt 1 of 6
[2025-02-23T15:52:38.019+0000] {taskinstance.py:2890} INFO - Executing <Task(BashOperator): third_task> on 2025-02-02 00:00:00+00:00
[2025-02-23T15:52:38.033+0000] {standard_task_runner.py:104} INFO - Running: ['***', 'tasks', 'run', 'my_first_dag', 'third_task', 'scheduled__2025-02-02T00:00:00+00:00', '--job-id', '26', '--raw', '--subdir', 'DAGS_FOLDER/my_first_dags.py', '--cfg-path', '/tmp/tmpub9jvhpq']
[2025-02-23T15:52:38.036+0000] {standard_task_runner.py:105} INFO - Job 26: Subtask third_task
[2025-02-23T15:52:38.043+0000] {logging_mixin.py:190} WARNING - /home/***/.local/lib/python3.12/site-packages/***/task/task_runner/standard_task_runner.py:70 DeprecationWarning: This process (pid=1418) is multi-threaded, use of fork() may lead to deadlocks in the child.
[2025-02-23T15:52:38.045+0000] {standard_task_runner.py:72} INFO - Started process 1432 to run task
[2025-02-23T15:52:38.117+0000] {task_command.py:467} INFO - Running <TaskInstance: my_first_dag.third_task scheduled__2025-02-02T00:00:00+00:00 [running]> on host 2cebbf768e94
[2025-02-23T15:52:38.237+0000] {taskinstance.py:3134} INFO - Exporting env vars: AIRFLOW_CTX_DAG_OWNER='gzang' AIRFLOW_CTX_DAG_ID='my_first_dag' AIRFLOW_CTX_TASK_ID='third_task' AIRFLOW_CTX_EXECUTION_DATE='2025-02-02T00:00:00+00:00' AIRFLOW_CTX_TRY_NUMBER='1' AIRFLOW_CTX_DAG_RUN_ID='scheduled__2025-02-02T00:00:00+00:00'
[2025-02-23T15:52:38.240+0000] {taskinstance.py:732} INFO - ::endgroup::
[2025-02-23T15:52:38.265+0000] {subprocess.py:78} INFO - Tmp dir root location: /tmp
[2025-02-23T15:52:38.267+0000] {subprocess.py:88} INFO - Running command: ['/usr/bin/bash', '-c', 'echo finally, it will be done!!!']
[2025-02-23T15:52:38.277+0000] {subprocess.py:99} INFO - Output:
[2025-02-23T15:52:38.279+0000] {subprocess.py:106} INFO - finally, it will be done!!!
[2025-02-23T15:52:38.281+0000] {subprocess.py:110} INFO - Command exited with return code 0
[2025-02-23T15:52:38.319+0000] {taskinstance.py:341} INFO - ::group::Post task execution logs
[2025-02-23T15:52:38.321+0000] {taskinstance.py:353} INFO - Marking task as SUCCESS. dag_id=my_first_dag, task_id=third_task, run_id=scheduled__2025-02-02T00:00:00+00:00, execution_date=20250202T000000, start_date=20250223T155237, end_date=20250223T155238
[2025-02-23T15:52:38.595+0000] {local_task_job_runner.py:266} INFO - Task exited with return code 0
[2025-02-23T15:52:38.622+0000] {taskinstance.py:3901} INFO - 0 downstream tasks scheduled from follow-on schedule check
[2025-02-23T15:52:38.629+0000] {local_task_job_runner.py:245} INFO - ::endgroup::
[2025-02-24T04:47:13.363+0000] {local_task_job_runner.py:123} INFO - ::group::Pre task execution logs
[2025-02-24T04:47:13.393+0000] {taskinstance.py:2614} INFO - Dependencies all met for dep_context=non-requeueable deps ti=<TaskInstance: my_first_dag.third_task scheduled__2025-02-02T00:00:00+00:00 [queued]>
[2025-02-24T04:47:13.409+0000] {taskinstance.py:2614} INFO - Dependencies all met for dep_context=requeueable deps ti=<TaskInstance: my_first_dag.third_task scheduled__2025-02-02T00:00:00+00:00 [queued]>
[2025-02-24T04:47:13.413+0000] {taskinstance.py:2867} INFO - Starting attempt 1 of 6
[2025-02-24T04:47:13.522+0000] {taskinstance.py:2890} INFO - Executing <Task(BashOperator): third_task> on 2025-02-02 00:00:00+00:00
[2025-02-24T04:47:13.531+0000] {standard_task_runner.py:104} INFO - Running: ['***', 'tasks', 'run', 'my_first_dag', 'third_task', 'scheduled__2025-02-02T00:00:00+00:00', '--job-id', '14', '--raw', '--subdir', 'DAGS_FOLDER/my_first_dags.py', '--cfg-path', '/tmp/tmp18rk939v']
[2025-02-24T04:47:13.535+0000] {standard_task_runner.py:105} INFO - Job 14: Subtask third_task
[2025-02-24T04:47:13.550+0000] {logging_mixin.py:190} WARNING - /home/***/.local/lib/python3.12/site-packages/***/task/task_runner/standard_task_runner.py:70 DeprecationWarning: This process (pid=822) is multi-threaded, use of fork() may lead to deadlocks in the child.
[2025-02-24T04:47:13.553+0000] {standard_task_runner.py:72} INFO - Started process 842 to run task
[2025-02-24T04:47:13.610+0000] {task_command.py:467} INFO - Running <TaskInstance: my_first_dag.third_task scheduled__2025-02-02T00:00:00+00:00 [running]> on host 79e0cb3ed452
[2025-02-24T04:47:13.719+0000] {taskinstance.py:3134} INFO - Exporting env vars: AIRFLOW_CTX_DAG_OWNER='gzang' AIRFLOW_CTX_DAG_ID='my_first_dag' AIRFLOW_CTX_TASK_ID='third_task' AIRFLOW_CTX_EXECUTION_DATE='2025-02-02T00:00:00+00:00' AIRFLOW_CTX_TRY_NUMBER='1' AIRFLOW_CTX_DAG_RUN_ID='scheduled__2025-02-02T00:00:00+00:00'
[2025-02-24T04:47:13.721+0000] {taskinstance.py:732} INFO - ::endgroup::
[2025-02-24T04:47:13.734+0000] {subprocess.py:78} INFO - Tmp dir root location: /tmp
[2025-02-24T04:47:13.736+0000] {subprocess.py:88} INFO - Running command: ['/usr/bin/bash', '-c', 'echo finally, it will be done!!!']
[2025-02-24T04:47:13.747+0000] {subprocess.py:99} INFO - Output:
[2025-02-24T04:47:13.749+0000] {subprocess.py:106} INFO - finally, it will be done!!!
[2025-02-24T04:47:13.752+0000] {subprocess.py:110} INFO - Command exited with return code 0
[2025-02-24T04:47:13.844+0000] {taskinstance.py:341} INFO - ::group::Post task execution logs
[2025-02-24T04:47:13.845+0000] {taskinstance.py:353} INFO - Marking task as SUCCESS. dag_id=my_first_dag, task_id=third_task, run_id=scheduled__2025-02-02T00:00:00+00:00, execution_date=20250202T000000, start_date=20250224T044713, end_date=20250224T044713
[2025-02-24T04:47:14.030+0000] {local_task_job_runner.py:266} INFO - Task exited with return code 0
[2025-02-24T04:47:14.076+0000] {taskinstance.py:3901} INFO - 1 downstream tasks scheduled from follow-on schedule check
[2025-02-24T04:47:14.084+0000] {local_task_job_runner.py:245} INFO - ::endgroup::
