[2025-02-23T15:52:39.089+0000] {local_task_job_runner.py:123} INFO - ::group::Pre task execution logs
[2025-02-23T15:52:39.120+0000] {taskinstance.py:2614} INFO - Dependencies all met for dep_context=non-requeueable deps ti=<TaskInstance: my_first_dag.third_task scheduled__2025-02-09T00:00:00+00:00 [queued]>
[2025-02-23T15:52:39.134+0000] {taskinstance.py:2614} INFO - Dependencies all met for dep_context=requeueable deps ti=<TaskInstance: my_first_dag.third_task scheduled__2025-02-09T00:00:00+00:00 [queued]>
[2025-02-23T15:52:39.135+0000] {taskinstance.py:2867} INFO - Starting attempt 1 of 6
[2025-02-23T15:52:39.207+0000] {taskinstance.py:2890} INFO - Executing <Task(BashOperator): third_task> on 2025-02-09 00:00:00+00:00
[2025-02-23T15:52:39.227+0000] {logging_mixin.py:190} WARNING - /home/***/.local/lib/python3.12/site-packages/***/task/task_runner/standard_task_runner.py:70 DeprecationWarning: This process (pid=1480) is multi-threaded, use of fork() may lead to deadlocks in the child.
[2025-02-23T15:52:39.228+0000] {standard_task_runner.py:72} INFO - Started process 1494 to run task
[2025-02-23T15:52:39.227+0000] {standard_task_runner.py:104} INFO - Running: ['***', 'tasks', 'run', 'my_first_dag', 'third_task', 'scheduled__2025-02-09T00:00:00+00:00', '--job-id', '41', '--raw', '--subdir', 'DAGS_FOLDER/my_first_dags.py', '--cfg-path', '/tmp/tmpjtfoi2zi']
[2025-02-23T15:52:39.230+0000] {standard_task_runner.py:105} INFO - Job 41: Subtask third_task
[2025-02-23T15:52:39.300+0000] {task_command.py:467} INFO - Running <TaskInstance: my_first_dag.third_task scheduled__2025-02-09T00:00:00+00:00 [running]> on host 2cebbf768e94
[2025-02-23T15:52:39.396+0000] {taskinstance.py:3134} INFO - Exporting env vars: AIRFLOW_CTX_DAG_OWNER='gzang' AIRFLOW_CTX_DAG_ID='my_first_dag' AIRFLOW_CTX_TASK_ID='third_task' AIRFLOW_CTX_EXECUTION_DATE='2025-02-09T00:00:00+00:00' AIRFLOW_CTX_TRY_NUMBER='1' AIRFLOW_CTX_DAG_RUN_ID='scheduled__2025-02-09T00:00:00+00:00'
[2025-02-23T15:52:39.398+0000] {taskinstance.py:732} INFO - ::endgroup::
[2025-02-23T15:52:39.418+0000] {subprocess.py:78} INFO - Tmp dir root location: /tmp
[2025-02-23T15:52:39.419+0000] {subprocess.py:88} INFO - Running command: ['/usr/bin/bash', '-c', 'echo finally, it will be done!!!']
[2025-02-23T15:52:39.430+0000] {subprocess.py:99} INFO - Output:
[2025-02-23T15:52:39.432+0000] {subprocess.py:106} INFO - finally, it will be done!!!
[2025-02-23T15:52:39.433+0000] {subprocess.py:110} INFO - Command exited with return code 0
[2025-02-23T15:52:39.463+0000] {taskinstance.py:341} INFO - ::group::Post task execution logs
[2025-02-23T15:52:39.464+0000] {taskinstance.py:353} INFO - Marking task as SUCCESS. dag_id=my_first_dag, task_id=third_task, run_id=scheduled__2025-02-09T00:00:00+00:00, execution_date=20250209T000000, start_date=20250223T155239, end_date=20250223T155239
[2025-02-23T15:52:39.524+0000] {local_task_job_runner.py:266} INFO - Task exited with return code 0
[2025-02-23T15:52:39.542+0000] {taskinstance.py:3901} INFO - 0 downstream tasks scheduled from follow-on schedule check
[2025-02-23T15:52:39.544+0000] {local_task_job_runner.py:245} INFO - ::endgroup::
[2025-02-24T04:47:15.038+0000] {local_task_job_runner.py:123} INFO - ::group::Pre task execution logs
[2025-02-24T04:47:15.087+0000] {taskinstance.py:2614} INFO - Dependencies all met for dep_context=non-requeueable deps ti=<TaskInstance: my_first_dag.third_task scheduled__2025-02-09T00:00:00+00:00 [queued]>
[2025-02-24T04:47:15.102+0000] {taskinstance.py:2614} INFO - Dependencies all met for dep_context=requeueable deps ti=<TaskInstance: my_first_dag.third_task scheduled__2025-02-09T00:00:00+00:00 [queued]>
[2025-02-24T04:47:15.104+0000] {taskinstance.py:2867} INFO - Starting attempt 1 of 6
[2025-02-24T04:47:15.126+0000] {taskinstance.py:2890} INFO - Executing <Task(BashOperator): third_task> on 2025-02-09 00:00:00+00:00
[2025-02-24T04:47:15.135+0000] {logging_mixin.py:190} WARNING - /home/***/.local/lib/python3.12/site-packages/***/task/task_runner/standard_task_runner.py:70 DeprecationWarning: This process (pid=906) is multi-threaded, use of fork() may lead to deadlocks in the child.
[2025-02-24T04:47:15.136+0000] {standard_task_runner.py:72} INFO - Started process 931 to run task
[2025-02-24T04:47:15.137+0000] {standard_task_runner.py:104} INFO - Running: ['***', 'tasks', 'run', 'my_first_dag', 'third_task', 'scheduled__2025-02-09T00:00:00+00:00', '--job-id', '37', '--raw', '--subdir', 'DAGS_FOLDER/my_first_dags.py', '--cfg-path', '/tmp/tmpvqymv21y']
[2025-02-24T04:47:15.140+0000] {standard_task_runner.py:105} INFO - Job 37: Subtask third_task
[2025-02-24T04:47:15.232+0000] {task_command.py:467} INFO - Running <TaskInstance: my_first_dag.third_task scheduled__2025-02-09T00:00:00+00:00 [running]> on host 79e0cb3ed452
[2025-02-24T04:47:15.404+0000] {taskinstance.py:3134} INFO - Exporting env vars: AIRFLOW_CTX_DAG_OWNER='gzang' AIRFLOW_CTX_DAG_ID='my_first_dag' AIRFLOW_CTX_TASK_ID='third_task' AIRFLOW_CTX_EXECUTION_DATE='2025-02-09T00:00:00+00:00' AIRFLOW_CTX_TRY_NUMBER='1' AIRFLOW_CTX_DAG_RUN_ID='scheduled__2025-02-09T00:00:00+00:00'
[2025-02-24T04:47:15.407+0000] {taskinstance.py:732} INFO - ::endgroup::
[2025-02-24T04:47:15.429+0000] {subprocess.py:78} INFO - Tmp dir root location: /tmp
[2025-02-24T04:47:15.431+0000] {subprocess.py:88} INFO - Running command: ['/usr/bin/bash', '-c', 'echo finally, it will be done!!!']
[2025-02-24T04:47:15.453+0000] {subprocess.py:99} INFO - Output:
[2025-02-24T04:47:15.456+0000] {subprocess.py:106} INFO - finally, it will be done!!!
[2025-02-24T04:47:15.461+0000] {subprocess.py:110} INFO - Command exited with return code 0
[2025-02-24T04:47:15.522+0000] {taskinstance.py:341} INFO - ::group::Post task execution logs
[2025-02-24T04:47:15.525+0000] {taskinstance.py:353} INFO - Marking task as SUCCESS. dag_id=my_first_dag, task_id=third_task, run_id=scheduled__2025-02-09T00:00:00+00:00, execution_date=20250209T000000, start_date=20250224T044715, end_date=20250224T044715
[2025-02-24T04:47:15.604+0000] {local_task_job_runner.py:266} INFO - Task exited with return code 0
[2025-02-24T04:47:15.625+0000] {local_task_job_runner.py:245} INFO - ::endgroup::
