[2025-02-23T15:52:44.423+0000] {local_task_job_runner.py:123} INFO - ::group::Pre task execution logs
[2025-02-23T15:52:44.445+0000] {taskinstance.py:2614} INFO - Dependencies all met for dep_context=non-requeueable deps ti=<TaskInstance: my_first_dag.second_task scheduled__2025-02-17T00:00:00+00:00 [queued]>
[2025-02-23T15:52:44.458+0000] {taskinstance.py:2614} INFO - Dependencies all met for dep_context=requeueable deps ti=<TaskInstance: my_first_dag.second_task scheduled__2025-02-17T00:00:00+00:00 [queued]>
[2025-02-23T15:52:44.458+0000] {taskinstance.py:2867} INFO - Starting attempt 1 of 6
[2025-02-23T15:52:44.473+0000] {taskinstance.py:2890} INFO - Executing <Task(BashOperator): second_task> on 2025-02-17 00:00:00+00:00
[2025-02-23T15:52:44.481+0000] {logging_mixin.py:190} WARNING - /home/***/.local/lib/python3.12/site-packages/***/task/task_runner/standard_task_runner.py:70 DeprecationWarning: This process (pid=1562) is multi-threaded, use of fork() may lead to deadlocks in the child.
[2025-02-23T15:52:44.486+0000] {standard_task_runner.py:72} INFO - Started process 1577 to run task
[2025-02-23T15:52:44.484+0000] {standard_task_runner.py:104} INFO - Running: ['***', 'tasks', 'run', 'my_first_dag', 'second_task', 'scheduled__2025-02-17T00:00:00+00:00', '--job-id', '58', '--raw', '--subdir', 'DAGS_FOLDER/my_first_dags.py', '--cfg-path', '/tmp/tmpwwoqmhu8']
[2025-02-23T15:52:44.489+0000] {standard_task_runner.py:105} INFO - Job 58: Subtask second_task
[2025-02-23T15:52:44.535+0000] {task_command.py:467} INFO - Running <TaskInstance: my_first_dag.second_task scheduled__2025-02-17T00:00:00+00:00 [running]> on host 2cebbf768e94
[2025-02-23T15:52:44.632+0000] {taskinstance.py:3134} INFO - Exporting env vars: AIRFLOW_CTX_DAG_OWNER='gzang' AIRFLOW_CTX_DAG_ID='my_first_dag' AIRFLOW_CTX_TASK_ID='second_task' AIRFLOW_CTX_EXECUTION_DATE='2025-02-17T00:00:00+00:00' AIRFLOW_CTX_TRY_NUMBER='1' AIRFLOW_CTX_DAG_RUN_ID='scheduled__2025-02-17T00:00:00+00:00'
[2025-02-23T15:52:44.634+0000] {taskinstance.py:732} INFO - ::endgroup::
[2025-02-23T15:52:44.653+0000] {subprocess.py:78} INFO - Tmp dir root location: /tmp
[2025-02-23T15:52:44.654+0000] {subprocess.py:88} INFO - Running command: ['/usr/bin/bash', '-c', 'echo hey, this is task 2, and will be run after task 1.']
[2025-02-23T15:52:44.662+0000] {subprocess.py:99} INFO - Output:
[2025-02-23T15:52:44.663+0000] {subprocess.py:106} INFO - hey, this is task 2, and will be run after task 1.
[2025-02-23T15:52:44.664+0000] {subprocess.py:110} INFO - Command exited with return code 0
[2025-02-23T15:52:44.690+0000] {taskinstance.py:341} INFO - ::group::Post task execution logs
[2025-02-23T15:52:44.691+0000] {taskinstance.py:353} INFO - Marking task as SUCCESS. dag_id=my_first_dag, task_id=second_task, run_id=scheduled__2025-02-17T00:00:00+00:00, execution_date=20250217T000000, start_date=20250223T155244, end_date=20250223T155244
[2025-02-23T15:52:44.743+0000] {local_task_job_runner.py:266} INFO - Task exited with return code 0
[2025-02-23T15:52:44.771+0000] {taskinstance.py:3901} INFO - 1 downstream tasks scheduled from follow-on schedule check
[2025-02-23T15:52:44.774+0000] {local_task_job_runner.py:245} INFO - ::endgroup::
[2025-02-24T04:47:21.671+0000] {local_task_job_runner.py:123} INFO - ::group::Pre task execution logs
[2025-02-24T04:47:21.694+0000] {taskinstance.py:2614} INFO - Dependencies all met for dep_context=non-requeueable deps ti=<TaskInstance: my_first_dag.second_task scheduled__2025-02-17T00:00:00+00:00 [queued]>
[2025-02-24T04:47:21.708+0000] {taskinstance.py:2614} INFO - Dependencies all met for dep_context=requeueable deps ti=<TaskInstance: my_first_dag.second_task scheduled__2025-02-17T00:00:00+00:00 [queued]>
[2025-02-24T04:47:21.708+0000] {taskinstance.py:2867} INFO - Starting attempt 1 of 6
[2025-02-24T04:47:21.766+0000] {taskinstance.py:2890} INFO - Executing <Task(BashOperator): second_task> on 2025-02-17 00:00:00+00:00
[2025-02-24T04:47:21.774+0000] {logging_mixin.py:190} WARNING - /home/***/.local/lib/python3.12/site-packages/***/task/task_runner/standard_task_runner.py:70 DeprecationWarning: This process (pid=1092) is multi-threaded, use of fork() may lead to deadlocks in the child.
[2025-02-24T04:47:21.776+0000] {standard_task_runner.py:72} INFO - Started process 1098 to run task
[2025-02-24T04:47:21.774+0000] {standard_task_runner.py:104} INFO - Running: ['***', 'tasks', 'run', 'my_first_dag', 'second_task', 'scheduled__2025-02-17T00:00:00+00:00', '--job-id', '85', '--raw', '--subdir', 'DAGS_FOLDER/my_first_dags.py', '--cfg-path', '/tmp/tmplizn2y94']
[2025-02-24T04:47:21.777+0000] {standard_task_runner.py:105} INFO - Job 85: Subtask second_task
[2025-02-24T04:47:21.827+0000] {task_command.py:467} INFO - Running <TaskInstance: my_first_dag.second_task scheduled__2025-02-17T00:00:00+00:00 [running]> on host 79e0cb3ed452
[2025-02-24T04:47:21.925+0000] {taskinstance.py:3134} INFO - Exporting env vars: AIRFLOW_CTX_DAG_OWNER='gzang' AIRFLOW_CTX_DAG_ID='my_first_dag' AIRFLOW_CTX_TASK_ID='second_task' AIRFLOW_CTX_EXECUTION_DATE='2025-02-17T00:00:00+00:00' AIRFLOW_CTX_TRY_NUMBER='1' AIRFLOW_CTX_DAG_RUN_ID='scheduled__2025-02-17T00:00:00+00:00'
[2025-02-24T04:47:21.927+0000] {taskinstance.py:732} INFO - ::endgroup::
[2025-02-24T04:47:21.945+0000] {subprocess.py:78} INFO - Tmp dir root location: /tmp
[2025-02-24T04:47:21.947+0000] {subprocess.py:88} INFO - Running command: ['/usr/bin/bash', '-c', 'echo hey, this is task 2, and will be run after task 1.']
[2025-02-24T04:47:21.957+0000] {subprocess.py:99} INFO - Output:
[2025-02-24T04:47:21.958+0000] {subprocess.py:106} INFO - hey, this is task 2, and will be run after task 1.
[2025-02-24T04:47:21.959+0000] {subprocess.py:110} INFO - Command exited with return code 0
[2025-02-24T04:47:21.988+0000] {taskinstance.py:341} INFO - ::group::Post task execution logs
[2025-02-24T04:47:21.988+0000] {taskinstance.py:353} INFO - Marking task as SUCCESS. dag_id=my_first_dag, task_id=second_task, run_id=scheduled__2025-02-17T00:00:00+00:00, execution_date=20250217T000000, start_date=20250224T044721, end_date=20250224T044721
[2025-02-24T04:47:22.031+0000] {local_task_job_runner.py:266} INFO - Task exited with return code 0
[2025-02-24T04:47:22.044+0000] {local_task_job_runner.py:245} INFO - ::endgroup::
